2019/05/15 10:48:53 AM:INFO:Qt version:5.11.1
2019/05/15 10:48:53 AM:INFO:PyQt version:5.11.2
2019/05/15 10:48:53 AM:INFO:SIP version:4.19.7
2019/05/15 10:48:55 :DEBUG:8240: gpg --status-fd 2 --no-tty --no-verbose --fixed-list-mode --batch --with-colons --homedir gpg --version
2019/05/15 10:48:55 :DEBUG:stderr reader: <Thread(Thread-1, initial daemon)>
2019/05/15 10:48:55 :DEBUG:stdout reader: <Thread(Thread-2, initial daemon)>
2019/05/15 10:48:55 :DEBUG:chunk: b'gpg (GnuPG) 2.2.4\nlibgcrypt 1.8.1\nCopyright (C) 2017 Free Software Foundation, Inc.\nLicense GPLv3+: GNU GPL version 3 or later <https://gnu.org/licenses/gpl.html>\nThis is free software: you are free to change and redistribute it.\nThere is NO WARRANTY, to t'
2019/05/15 10:48:55 :DEBUG:gpg: WARNING: unsafe permissions on homedir '/home/jfk422/Projects/Code/Arcanum/arcanum/gpg'
2019/05/15 10:48:55 :INFO:Connection to database established
2019/05/15 10:48:55 :INFO:Created table passTable: 
2019/05/15 10:48:55 :INFO:Created table configs: 
2019/05/15 10:48:55 :INFO:Created table email: 
2019/05/15 10:48:55 :INFO:Created table keys: 
2019/05/15 10:48:55 :INFO:All tables were created/exist!
2019/05/15 10:48:55 :INFO:Getting row: 0 from table: configs
2019/05/15 10:48:55 :INFO:Returning nothing from row 0 from table: configs
2019/05/15 10:48:55 :DEBUG:8243: gpg --pinentry-mode loopback --status-fd 2 --no-tty --no-verbose --fixed-list-mode --batch --with-colons --homedir gpg --passphrase-fd 0 --symmetric --armor
2019/05/15 10:48:55 :DEBUG:Wrote passphrase
2019/05/15 10:48:55 :DEBUG:data copier: <Thread(Thread-3, initial daemon)>, <_io.BytesIO object at 0x7fcee9872fc0>, <_io.BufferedWriter name=27>
2019/05/15 10:48:55 :DEBUG:stderr reader: <Thread(Thread-4, initial daemon)>
2019/05/15 10:48:55 :DEBUG:closed output, 16 bytes sent
2019/05/15 10:48:55 :DEBUG:stdout reader: <Thread(Thread-5, initial daemon)>
2019/05/15 10:48:55 :DEBUG:chunk: b'-----BEGIN PGP MESSAGE-----\n\njA0ECQMCSm1cwygeJj//0kUB1HQuBRfK+vUogJcE8McFxp8cQ1qDDUHznwNf7D1o\nIowaFACpeV9H3gMr+f4up5XjkGM7t8K1i7V4ejaFH+IIbqfABYM=\n=VpWt\n-----END PGP MESSAGE-----\n'
2019/05/15 10:48:55 :DEBUG:gpg: WARNING: unsafe permissions on homedir '/home/jfk422/Projects/Code/Arcanum/arcanum/gpg'
2019/05/15 10:48:55 :DEBUG:[GNUPG:] NEED_PASSPHRASE_SYM 9 3 2
2019/05/15 10:48:55 :DEBUG:[GNUPG:] BEGIN_ENCRYPTION 2 9
2019/05/15 10:48:55 :DEBUG:[GNUPG:] END_ENCRYPTION
2019/05/15 10:48:55 :DEBUG:encrypt result: b'-----BEGIN PGP MESSAGE-----\n\njA0ECQMCSm1cwygeJj//0kUB1HQuBRfK+vUogJcE8McFxp8cQ1qDDUHznwNf7D1o\nIowaFACpeV9H3gMr+f4up5XjkGM7t8K1i7V4ejaFH+IIbqfABYM=\n=VpWt\n-----END PGP MESSAGE-----\n'
2019/05/15 10:48:55 :CRITICAL:1064 (42000): You have an error in your SQL syntax; check the manual that corresponds to your MariaDB server version for the right syntax to use near '%(emailAdd)s, '-----BEGIN PGP MESSAGE-----\n\njA0ECQMCSm1cwygeJj//0kUB1HQuBRfK+v' at line 1
