2019/05/15 10:50:43 AM:INFO:Qt version:5.11.1
2019/05/15 10:50:43 AM:INFO:PyQt version:5.11.2
2019/05/15 10:50:43 AM:INFO:SIP version:4.19.7
2019/05/15 10:50:45 :DEBUG:8428: gpg --status-fd 2 --no-tty --no-verbose --fixed-list-mode --batch --with-colons --homedir gpg --version
2019/05/15 10:50:45 :DEBUG:stderr reader: <Thread(Thread-1, initial daemon)>
2019/05/15 10:50:45 :DEBUG:stdout reader: <Thread(Thread-2, initial daemon)>
2019/05/15 10:50:45 :DEBUG:gpg: WARNING: unsafe permissions on homedir '/home/jfk422/Projects/Code/Arcanum/arcanum/gpg'
2019/05/15 10:50:45 :DEBUG:chunk: b'gpg (GnuPG) 2.2.4\nlibgcrypt 1.8.1\nCopyright (C) 2017 Free Software Foundation, Inc.\nLicense GPLv3+: GNU GPL version 3 or later <https://gnu.org/licenses/gpl.html>\nThis is free software: you are free to change and redistribute it.\nThere is NO WARRANTY, to t'
2019/05/15 10:50:45 :INFO:Connection to database established
2019/05/15 10:50:45 :INFO:Created table passTable: 
2019/05/15 10:50:45 :INFO:Created table configs: 
2019/05/15 10:50:45 :INFO:Created table email: 
2019/05/15 10:50:45 :INFO:Created table keys: 
2019/05/15 10:50:45 :INFO:All tables were created/exist!
2019/05/15 10:50:45 :INFO:Getting row: 0 from table: configs
2019/05/15 10:50:45 :INFO:Returning nothing from row 0 from table: configs
2019/05/15 10:50:45 :DEBUG:8433: gpg --pinentry-mode loopback --status-fd 2 --no-tty --no-verbose --fixed-list-mode --batch --with-colons --homedir gpg --passphrase-fd 0 --symmetric --armor
2019/05/15 10:50:45 :DEBUG:Wrote passphrase
2019/05/15 10:50:45 :DEBUG:data copier: <Thread(Thread-3, initial daemon)>, <_io.BytesIO object at 0x7f3822b3dfc0>, <_io.BufferedWriter name=27>
2019/05/15 10:50:45 :DEBUG:stderr reader: <Thread(Thread-4, initial daemon)>
2019/05/15 10:50:45 :DEBUG:closed output, 16 bytes sent
2019/05/15 10:50:45 :DEBUG:stdout reader: <Thread(Thread-5, initial daemon)>
2019/05/15 10:50:46 :DEBUG:gpg: WARNING: unsafe permissions on homedir '/home/jfk422/Projects/Code/Arcanum/arcanum/gpg'
2019/05/15 10:50:46 :DEBUG:chunk: b'-----BEGIN PGP MESSAGE-----\n\njA0ECQMCCQGc+VI//tf/0kUBBNTaB1cVpO3Fbd7pd95I/b3BJXrjv34RkLUbQOZT\n4m97ey7ReZKZ6dPI0LRx3uaEwDzaqbG8RbNfczJjCsUNtOHxyHM=\n=aU7H\n-----END PGP MESSAGE-----\n'
2019/05/15 10:50:46 :DEBUG:[GNUPG:] NEED_PASSPHRASE_SYM 9 3 2
2019/05/15 10:50:46 :DEBUG:[GNUPG:] BEGIN_ENCRYPTION 2 9
2019/05/15 10:50:46 :DEBUG:[GNUPG:] END_ENCRYPTION
2019/05/15 10:50:46 :DEBUG:encrypt result: b'-----BEGIN PGP MESSAGE-----\n\njA0ECQMCCQGc+VI//tf/0kUBBNTaB1cVpO3Fbd7pd95I/b3BJXrjv34RkLUbQOZT\n4m97ey7ReZKZ6dPI0LRx3uaEwDzaqbG8RbNfczJjCsUNtOHxyHM=\n=aU7H\n-----END PGP MESSAGE-----\n'
2019/05/15 10:50:46 :CRITICAL:1136 (21S01): Column count doesn't match value count at row 1
