2019/05/15 11:38:56 AM:INFO:Qt version:5.11.1
2019/05/15 11:38:56 AM:INFO:PyQt version:5.11.2
2019/05/15 11:38:56 AM:INFO:SIP version:4.19.7
2019/05/15 11:38:57 :DEBUG:12691: gpg --status-fd 2 --no-tty --no-verbose --fixed-list-mode --batch --with-colons --homedir gpg --version
2019/05/15 11:38:57 :DEBUG:stderr reader: <Thread(Thread-1, initial daemon)>
2019/05/15 11:38:57 :DEBUG:stdout reader: <Thread(Thread-2, initial daemon)>
2019/05/15 11:38:57 :DEBUG:gpg: WARNING: unsafe permissions on homedir '/home/jfk422/Projects/Code/Arcanum/arcanum/gpg'
2019/05/15 11:38:57 :DEBUG:chunk: b'gpg (GnuPG) 2.2.4\nlibgcrypt 1.8.1\nCopyright (C) 2017 Free Software Foundation, Inc.\nLicense GPLv3+: GNU GPL version 3 or later <https://gnu.org/licenses/gpl.html>\nThis is free software: you are free to change and redistribute it.\nThere is NO WARRANTY, to t'
2019/05/15 11:38:57 :INFO:Connection to database established
2019/05/15 11:38:57 :INFO:Created table passTable: 
2019/05/15 11:38:57 :INFO:Created table configs: 
2019/05/15 11:38:57 :INFO:Created table email: 
2019/05/15 11:38:57 :INFO:Created table keys: 
2019/05/15 11:38:57 :INFO:All tables were created/exist!
2019/05/15 11:38:57 :INFO:Getting row: 1 from table: configs
2019/05/15 11:38:57 :INFO:Getting row: 1 from table: configs
2019/05/15 11:38:57 :DEBUG:12694: gpg --pinentry-mode loopback --status-fd 2 --no-tty --no-verbose --fixed-list-mode --batch --with-colons --homedir gpg --passphrase-fd 0 --decrypt
2019/05/15 11:38:57 :DEBUG:Wrote passphrase
2019/05/15 11:38:57 :DEBUG:data copier: <Thread(Thread-3, initial daemon)>, <_io.BytesIO object at 0x7f8771340048>, <_io.BufferedWriter name=27>
2019/05/15 11:38:57 :DEBUG:stderr reader: <Thread(Thread-4, initial daemon)>
2019/05/15 11:38:57 :DEBUG:closed output, 179 bytes sent
2019/05/15 11:38:57 :DEBUG:stdout reader: <Thread(Thread-5, initial daemon)>
2019/05/15 11:38:58 :DEBUG:gpg: WARNING: unsafe permissions on homedir '/home/jfk422/Projects/Code/Arcanum/arcanum/gpg'
2019/05/15 11:38:58 :DEBUG:gpg: AES256 encrypted data
2019/05/15 11:38:58 :DEBUG:[GNUPG:] NEED_PASSPHRASE_SYM 9 3 2
2019/05/15 11:38:58 :DEBUG:chunk: b'OQwAjBBLVkeaWCEs'
2019/05/15 11:38:58 :DEBUG:gpg: encrypted with 1 passphrase
2019/05/15 11:38:58 :DEBUG:[GNUPG:] BEGIN_DECRYPTION
2019/05/15 11:38:58 :DEBUG:[GNUPG:] DECRYPTION_COMPLIANCE_MODE 23
2019/05/15 11:38:58 :DEBUG:message ignored: DECRYPTION_COMPLIANCE_MODE, 23
2019/05/15 11:38:58 :DEBUG:[GNUPG:] DECRYPTION_INFO 2 9
2019/05/15 11:38:58 :DEBUG:[GNUPG:] PLAINTEXT 62 1557911496
2019/05/15 11:38:58 :DEBUG:[GNUPG:] PLAINTEXT_LENGTH 16
2019/05/15 11:38:58 :DEBUG:[GNUPG:] DECRYPTION_OKAY
2019/05/15 11:38:58 :DEBUG:[GNUPG:] GOODMDC
2019/05/15 11:38:58 :DEBUG:[GNUPG:] END_DECRYPTION
2019/05/15 11:38:58 :DEBUG:decrypt result: b'OQwAjBBLVkeaWCEs'
2019/05/15 11:38:58 :INFO:Getting everything from passTable
2019/05/15 11:38:58 :DEBUG:12698: gpg --pinentry-mode loopback --status-fd 2 --no-tty --no-verbose --fixed-list-mode --batch --with-colons --homedir gpg --passphrase-fd 0 --decrypt
2019/05/15 11:38:58 :DEBUG:Wrote passphrase
2019/05/15 11:38:58 :DEBUG:data copier: <Thread(Thread-6, initial daemon)>, <_io.BytesIO object at 0x7f87713450a0>, <_io.BufferedWriter name=27>
2019/05/15 11:38:58 :DEBUG:stderr reader: <Thread(Thread-7, initial daemon)>
2019/05/15 11:38:58 :DEBUG:closed output, 1 bytes sent
2019/05/15 11:38:58 :DEBUG:stdout reader: <Thread(Thread-8, initial daemon)>
2019/05/15 11:38:58 :DEBUG:gpg: WARNING: unsafe permissions on homedir '/home/jfk422/Projects/Code/Arcanum/arcanum/gpg'
2019/05/15 11:38:58 :DEBUG:gpg: [don't know]: invalid packet (ctb=31)
2019/05/15 11:38:58 :DEBUG:[GNUPG:] NODATA 3
2019/05/15 11:38:58 :DEBUG:decrypt result: b''
2019/05/15 11:38:58 :DEBUG:12702: gpg --pinentry-mode loopback --status-fd 2 --no-tty --no-verbose --fixed-list-mode --batch --with-colons --homedir gpg --passphrase-fd 0 --decrypt
2019/05/15 11:38:58 :DEBUG:Wrote passphrase
2019/05/15 11:38:58 :DEBUG:data copier: <Thread(Thread-9, initial daemon)>, <_io.BytesIO object at 0x7f87713450a0>, <_io.BufferedWriter name=27>
2019/05/15 11:38:58 :DEBUG:stderr reader: <Thread(Thread-10, initial daemon)>
2019/05/15 11:38:58 :DEBUG:closed output, 163 bytes sent
2019/05/15 11:38:58 :DEBUG:stdout reader: <Thread(Thread-11, initial daemon)>
2019/05/15 11:38:59 :DEBUG:gpg: WARNING: unsafe permissions on homedir '/home/jfk422/Projects/Code/Arcanum/arcanum/gpg'
2019/05/15 11:38:59 :DEBUG:gpg: AES256 encrypted data
2019/05/15 11:38:59 :DEBUG:chunk: b'test'
2019/05/15 11:38:59 :DEBUG:[GNUPG:] NEED_PASSPHRASE_SYM 9 3 2
2019/05/15 11:38:59 :DEBUG:gpg: encrypted with 1 passphrase
2019/05/15 11:38:59 :DEBUG:[GNUPG:] BEGIN_DECRYPTION
2019/05/15 11:38:59 :DEBUG:[GNUPG:] DECRYPTION_COMPLIANCE_MODE 23
2019/05/15 11:38:59 :DEBUG:message ignored: DECRYPTION_COMPLIANCE_MODE, 23
2019/05/15 11:38:59 :DEBUG:[GNUPG:] DECRYPTION_INFO 2 9
2019/05/15 11:38:59 :DEBUG:[GNUPG:] PLAINTEXT 62 1557912096
2019/05/15 11:38:59 :DEBUG:[GNUPG:] PLAINTEXT_LENGTH 4
2019/05/15 11:38:59 :DEBUG:[GNUPG:] DECRYPTION_OKAY
2019/05/15 11:38:59 :DEBUG:[GNUPG:] GOODMDC
2019/05/15 11:38:59 :DEBUG:[GNUPG:] END_DECRYPTION
2019/05/15 11:38:59 :DEBUG:decrypt result: b'test'
2019/05/15 11:38:59 :DEBUG:12706: gpg --pinentry-mode loopback --status-fd 2 --no-tty --no-verbose --fixed-list-mode --batch --with-colons --homedir gpg --passphrase-fd 0 --decrypt
2019/05/15 11:38:59 :DEBUG:Wrote passphrase
2019/05/15 11:38:59 :DEBUG:data copier: <Thread(Thread-12, initial daemon)>, <_io.BytesIO object at 0x7f87713450a0>, <_io.BufferedWriter name=27>
2019/05/15 11:38:59 :DEBUG:stderr reader: <Thread(Thread-13, initial daemon)>
2019/05/15 11:38:59 :DEBUG:closed output, 26 bytes sent
2019/05/15 11:38:59 :DEBUG:gpg: WARNING: unsafe permissions on homedir '/home/jfk422/Projects/Code/Arcanum/arcanum/gpg'
2019/05/15 11:38:59 :DEBUG:stdout reader: <Thread(Thread-14, initial daemon)>
2019/05/15 11:38:59 :DEBUG:gpg: no valid OpenPGP data found.
2019/05/15 11:38:59 :DEBUG:[GNUPG:] NODATA 1
2019/05/15 11:38:59 :DEBUG:[GNUPG:] NODATA 2
2019/05/15 11:38:59 :DEBUG:[GNUPG:] FAILURE decrypt 4294967295
2019/05/15 11:38:59 :DEBUG:gpg: decrypt_message failed: Unknown system error
2019/05/15 11:38:59 :DEBUG:decrypt result: b''
2019/05/15 11:38:59 :DEBUG:12710: gpg --pinentry-mode loopback --status-fd 2 --no-tty --no-verbose --fixed-list-mode --batch --with-colons --homedir gpg --passphrase-fd 0 --decrypt
2019/05/15 11:38:59 :DEBUG:Wrote passphrase
2019/05/15 11:38:59 :DEBUG:data copier: <Thread(Thread-15, initial daemon)>, <_io.BytesIO object at 0x7f87713450a0>, <_io.BufferedWriter name=27>
2019/05/15 11:38:59 :DEBUG:stderr reader: <Thread(Thread-16, initial daemon)>
2019/05/15 11:38:59 :DEBUG:closed output, 4 bytes sent
2019/05/15 11:38:59 :DEBUG:stdout reader: <Thread(Thread-17, initial daemon)>
2019/05/15 11:38:59 :DEBUG:gpg: WARNING: unsafe permissions on homedir '/home/jfk422/Projects/Code/Arcanum/arcanum/gpg'
2019/05/15 11:38:59 :DEBUG:gpg: no valid OpenPGP data found.
2019/05/15 11:38:59 :DEBUG:[GNUPG:] NODATA 1
2019/05/15 11:38:59 :DEBUG:[GNUPG:] NODATA 2
2019/05/15 11:38:59 :DEBUG:[GNUPG:] FAILURE decrypt 4294967295
2019/05/15 11:38:59 :DEBUG:gpg: decrypt_message failed: Unknown system error
2019/05/15 11:38:59 :DEBUG:decrypt result: b''
2019/05/15 11:38:59 :DEBUG:12714: gpg --pinentry-mode loopback --status-fd 2 --no-tty --no-verbose --fixed-list-mode --batch --with-colons --homedir gpg --passphrase-fd 0 --decrypt
2019/05/15 11:38:59 :DEBUG:Wrote passphrase
2019/05/15 11:38:59 :DEBUG:data copier: <Thread(Thread-18, initial daemon)>, <_io.BytesIO object at 0x7f87713450a0>, <_io.BufferedWriter name=27>
2019/05/15 11:38:59 :DEBUG:stderr reader: <Thread(Thread-19, initial daemon)>
2019/05/15 11:38:59 :DEBUG:closed output, 13 bytes sent
2019/05/15 11:38:59 :DEBUG:stdout reader: <Thread(Thread-20, initial daemon)>
2019/05/15 11:38:59 :DEBUG:gpg: WARNING: unsafe permissions on homedir '/home/jfk422/Projects/Code/Arcanum/arcanum/gpg'
2019/05/15 11:38:59 :DEBUG:gpg: no valid OpenPGP data found.
2019/05/15 11:38:59 :DEBUG:[GNUPG:] NODATA 1
2019/05/15 11:38:59 :DEBUG:[GNUPG:] NODATA 2
2019/05/15 11:38:59 :DEBUG:[GNUPG:] FAILURE decrypt 4294967295
2019/05/15 11:38:59 :DEBUG:gpg: decrypt_message failed: Unknown system error
2019/05/15 11:38:59 :DEBUG:decrypt result: b''
2019/05/15 11:38:59 :DEBUG:12718: gpg --pinentry-mode loopback --status-fd 2 --no-tty --no-verbose --fixed-list-mode --batch --with-colons --homedir gpg --passphrase-fd 0 --decrypt
2019/05/15 11:38:59 :DEBUG:Wrote passphrase
2019/05/15 11:38:59 :DEBUG:data copier: <Thread(Thread-21, initial daemon)>, <_io.BytesIO object at 0x7f87713450a0>, <_io.BufferedWriter name=27>
2019/05/15 11:38:59 :DEBUG:stderr reader: <Thread(Thread-22, initial daemon)>
2019/05/15 11:38:59 :DEBUG:closed output, 4 bytes sent
2019/05/15 11:38:59 :DEBUG:stdout reader: <Thread(Thread-23, initial daemon)>
2019/05/15 11:38:59 :DEBUG:gpg: WARNING: unsafe permissions on homedir '/home/jfk422/Projects/Code/Arcanum/arcanum/gpg'
2019/05/15 11:38:59 :DEBUG:gpg: no valid OpenPGP data found.
2019/05/15 11:38:59 :DEBUG:[GNUPG:] NODATA 1
2019/05/15 11:38:59 :DEBUG:[GNUPG:] NODATA 2
2019/05/15 11:38:59 :DEBUG:[GNUPG:] FAILURE decrypt 4294967295
2019/05/15 11:38:59 :DEBUG:gpg: decrypt_message failed: Unknown system error
2019/05/15 11:38:59 :DEBUG:decrypt result: b''
2019/05/15 11:38:59 :DEBUG:12722: gpg --pinentry-mode loopback --status-fd 2 --no-tty --no-verbose --fixed-list-mode --batch --with-colons --homedir gpg --passphrase-fd 0 --decrypt
2019/05/15 11:38:59 :DEBUG:Wrote passphrase
2019/05/15 11:38:59 :DEBUG:data copier: <Thread(Thread-24, initial daemon)>, <_io.BytesIO object at 0x7f87713450a0>, <_io.BufferedWriter name=27>
2019/05/15 11:38:59 :DEBUG:closed output, 4 bytes sent
2019/05/15 11:38:59 :DEBUG:stderr reader: <Thread(Thread-25, initial daemon)>
2019/05/15 11:38:59 :DEBUG:stdout reader: <Thread(Thread-26, initial daemon)>
2019/05/15 11:38:59 :DEBUG:gpg: WARNING: unsafe permissions on homedir '/home/jfk422/Projects/Code/Arcanum/arcanum/gpg'
2019/05/15 11:38:59 :DEBUG:gpg: no valid OpenPGP data found.
2019/05/15 11:38:59 :DEBUG:[GNUPG:] NODATA 1
2019/05/15 11:38:59 :DEBUG:[GNUPG:] NODATA 2
2019/05/15 11:38:59 :DEBUG:[GNUPG:] FAILURE decrypt 4294967295
2019/05/15 11:38:59 :DEBUG:gpg: decrypt_message failed: Unknown system error
2019/05/15 11:38:59 :DEBUG:decrypt result: b''
2019/05/15 11:38:59 :DEBUG:12726: gpg --pinentry-mode loopback --status-fd 2 --no-tty --no-verbose --fixed-list-mode --batch --with-colons --homedir gpg --passphrase-fd 0 --decrypt
2019/05/15 11:38:59 :DEBUG:Wrote passphrase
2019/05/15 11:38:59 :DEBUG:data copier: <Thread(Thread-27, initial daemon)>, <_io.BytesIO object at 0x7f87713450a0>, <_io.BufferedWriter name=27>
2019/05/15 11:38:59 :DEBUG:stderr reader: <Thread(Thread-28, initial daemon)>
2019/05/15 11:38:59 :DEBUG:closed output, 4 bytes sent
2019/05/15 11:38:59 :DEBUG:stdout reader: <Thread(Thread-29, initial daemon)>
2019/05/15 11:38:59 :DEBUG:gpg: WARNING: unsafe permissions on homedir '/home/jfk422/Projects/Code/Arcanum/arcanum/gpg'
2019/05/15 11:38:59 :DEBUG:gpg: no valid OpenPGP data found.
2019/05/15 11:38:59 :DEBUG:[GNUPG:] NODATA 1
2019/05/15 11:38:59 :DEBUG:[GNUPG:] NODATA 2
2019/05/15 11:38:59 :DEBUG:[GNUPG:] FAILURE decrypt 4294967295
2019/05/15 11:38:59 :DEBUG:gpg: decrypt_message failed: Unknown system error
2019/05/15 11:38:59 :DEBUG:decrypt result: b''
2019/05/15 11:39:08 :INFO:Getting everything from email
2019/05/15 11:39:08 :DEBUG:12736: gpg --pinentry-mode loopback --status-fd 2 --no-tty --no-verbose --fixed-list-mode --batch --with-colons --homedir gpg --passphrase-fd 0 --symmetric --armor
2019/05/15 11:39:08 :DEBUG:Wrote passphrase
2019/05/15 11:39:08 :DEBUG:data copier: <Thread(Thread-30, initial daemon)>, <_io.BytesIO object at 0x7f87628d5150>, <_io.BufferedWriter name=27>
2019/05/15 11:39:08 :DEBUG:closed output, 15 bytes sent
2019/05/15 11:39:08 :DEBUG:stderr reader: <Thread(Thread-31, initial daemon)>
2019/05/15 11:39:08 :DEBUG:stdout reader: <Thread(Thread-32, initial daemon)>
2019/05/15 11:39:09 :DEBUG:gpg: WARNING: unsafe permissions on homedir '/home/jfk422/Projects/Code/Arcanum/arcanum/gpg'
2019/05/15 11:39:09 :DEBUG:chunk: b'-----BEGIN PGP MESSAGE-----\n\njA0ECQMC/QJ3R3aCQET/0kQBYrj0oNsT2dBGFcfyqQXlBu6/2dkoOvcZ+dTCfLFY\nVjzxTOdjRoRd1M9bYOkGwZzyL8WtO3zqgLuVKL1uaMm17X6VUQ==\n=BMpv\n-----END PGP MESSAGE-----\n'
2019/05/15 11:39:09 :DEBUG:[GNUPG:] NEED_PASSPHRASE_SYM 9 3 2
2019/05/15 11:39:09 :DEBUG:[GNUPG:] BEGIN_ENCRYPTION 2 9
2019/05/15 11:39:09 :DEBUG:[GNUPG:] END_ENCRYPTION
2019/05/15 11:39:09 :DEBUG:encrypt result: b'-----BEGIN PGP MESSAGE-----\n\njA0ECQMC/QJ3R3aCQET/0kQBYrj0oNsT2dBGFcfyqQXlBu6/2dkoOvcZ+dTCfLFY\nVjzxTOdjRoRd1M9bYOkGwZzyL8WtO3zqgLuVKL1uaMm17X6VUQ==\n=BMpv\n-----END PGP MESSAGE-----\n'
2019/05/15 11:39:09 :DEBUG:12741: gpg --pinentry-mode loopback --status-fd 2 --no-tty --no-verbose --fixed-list-mode --batch --with-colons --homedir gpg --passphrase-fd 0 --symmetric --armor
2019/05/15 11:39:09 :DEBUG:Wrote passphrase
2019/05/15 11:39:09 :DEBUG:data copier: <Thread(Thread-33, initial daemon)>, <_io.BytesIO object at 0x7f87628d5150>, <_io.BufferedWriter name=27>
2019/05/15 11:39:09 :DEBUG:stderr reader: <Thread(Thread-34, initial daemon)>
2019/05/15 11:39:09 :DEBUG:closed output, 15 bytes sent
2019/05/15 11:39:09 :DEBUG:stdout reader: <Thread(Thread-35, initial daemon)>
2019/05/15 11:39:09 :DEBUG:chunk: b'-----BEGIN PGP MESSAGE-----\n\njA0ECQMCErsolPnlBbn/0kQBLwPBY+Dw3V9tjPI3Cs2MlLsJfgpW+ztKRHQ6OzCX\nFtGMfrwjoMwUCyceWQFU+r2AhdFJSwzk3kABS9TUhsANJnKctA==\n=/Wcr\n-----END PGP MESSAGE-----\n'
2019/05/15 11:39:09 :DEBUG:gpg: WARNING: unsafe permissions on homedir '/home/jfk422/Projects/Code/Arcanum/arcanum/gpg'
2019/05/15 11:39:09 :DEBUG:[GNUPG:] NEED_PASSPHRASE_SYM 9 3 2
2019/05/15 11:39:09 :DEBUG:[GNUPG:] BEGIN_ENCRYPTION 2 9
2019/05/15 11:39:09 :DEBUG:[GNUPG:] END_ENCRYPTION
2019/05/15 11:39:09 :DEBUG:encrypt result: b'-----BEGIN PGP MESSAGE-----\n\njA0ECQMCErsolPnlBbn/0kQBLwPBY+Dw3V9tjPI3Cs2MlLsJfgpW+ztKRHQ6OzCX\nFtGMfrwjoMwUCyceWQFU+r2AhdFJSwzk3kABS9TUhsANJnKctA==\n=/Wcr\n-----END PGP MESSAGE-----\n'
2019/05/15 11:39:09 :INFO:Inserted data into configs table
2019/05/15 11:39:09 :DEBUG:12746: gpg --pinentry-mode loopback --status-fd 2 --no-tty --no-verbose --fixed-list-mode --batch --with-colons --homedir gpg --passphrase-fd 0 --symmetric --armor
2019/05/15 11:39:09 :DEBUG:Wrote passphrase
2019/05/15 11:39:09 :DEBUG:data copier: <Thread(Thread-36, initial daemon)>, <_io.BytesIO object at 0x7f87628d5150>, <_io.BufferedWriter name=27>
2019/05/15 11:39:09 :DEBUG:stderr reader: <Thread(Thread-37, initial daemon)>
2019/05/15 11:39:09 :DEBUG:closed output, 11 bytes sent
2019/05/15 11:39:09 :DEBUG:stdout reader: <Thread(Thread-38, initial daemon)>
2019/05/15 11:39:09 :DEBUG:gpg: WARNING: unsafe permissions on homedir '/home/jfk422/Projects/Code/Arcanum/arcanum/gpg'
2019/05/15 11:39:09 :DEBUG:chunk: b'-----BEGIN PGP MESSAGE-----\n\njA0ECQMCSlgl5zNpvBj/0j8BmENSLkzXo8NZ/BeW9X5B4N+OWlaC2puWHKDxF6D9\nod4zeAZzagX2yJeCeWOVMPr8UYojPYc9cGjblFAUcoI=\n=sA58\n-----END PGP MESSAGE-----\n'
2019/05/15 11:39:09 :DEBUG:[GNUPG:] NEED_PASSPHRASE_SYM 9 3 2
2019/05/15 11:39:09 :DEBUG:[GNUPG:] BEGIN_ENCRYPTION 2 9
2019/05/15 11:39:09 :DEBUG:[GNUPG:] END_ENCRYPTION
2019/05/15 11:39:09 :DEBUG:encrypt result: b'-----BEGIN PGP MESSAGE-----\n\njA0ECQMCSlgl5zNpvBj/0j8BmENSLkzXo8NZ/BeW9X5B4N+OWlaC2puWHKDxF6D9\nod4zeAZzagX2yJeCeWOVMPr8UYojPYc9cGjblFAUcoI=\n=sA58\n-----END PGP MESSAGE-----\n'
2019/05/15 11:39:09 :DEBUG:12753: gpg --pinentry-mode loopback --status-fd 2 --no-tty --no-verbose --fixed-list-mode --batch --with-colons --homedir gpg --passphrase-fd 0 --symmetric --armor
2019/05/15 11:39:09 :DEBUG:Wrote passphrase
2019/05/15 11:39:09 :DEBUG:data copier: <Thread(Thread-39, initial daemon)>, <_io.BytesIO object at 0x7f87628d5150>, <_io.BufferedWriter name=27>
2019/05/15 11:39:09 :DEBUG:stderr reader: <Thread(Thread-40, initial daemon)>
2019/05/15 11:39:09 :DEBUG:closed output, 7 bytes sent
2019/05/15 11:39:09 :DEBUG:stdout reader: <Thread(Thread-41, initial daemon)>
2019/05/15 11:39:10 :DEBUG:gpg: WARNING: unsafe permissions on homedir '/home/jfk422/Projects/Code/Arcanum/arcanum/gpg'
2019/05/15 11:39:10 :DEBUG:chunk: b'-----BEGIN PGP MESSAGE-----\n\njA0ECQMCkBzrT0+61KD/0jwBpa0NTSo5potAFNsixtIU1aatR9bNfNHM9Z059gTh\nFuh/YvSSu7HzpgQwHT50r8uTrnnOv9e5YjTKxzk=\n=3LjB\n-----END PGP MESSAGE-----\n'
2019/05/15 11:39:10 :DEBUG:[GNUPG:] NEED_PASSPHRASE_SYM 9 3 2
2019/05/15 11:39:10 :DEBUG:[GNUPG:] BEGIN_ENCRYPTION 2 9
2019/05/15 11:39:10 :DEBUG:[GNUPG:] END_ENCRYPTION
2019/05/15 11:39:10 :DEBUG:encrypt result: b'-----BEGIN PGP MESSAGE-----\n\njA0ECQMCkBzrT0+61KD/0jwBpa0NTSo5potAFNsixtIU1aatR9bNfNHM9Z059gTh\nFuh/YvSSu7HzpgQwHT50r8uTrnnOv9e5YjTKxzk=\n=3LjB\n-----END PGP MESSAGE-----\n'
2019/05/15 11:39:10 :DEBUG:12758: gpg --pinentry-mode loopback --status-fd 2 --no-tty --no-verbose --fixed-list-mode --batch --with-colons --homedir gpg --passphrase-fd 0 --symmetric --armor
2019/05/15 11:39:10 :DEBUG:Wrote passphrase
2019/05/15 11:39:10 :DEBUG:data copier: <Thread(Thread-42, initial daemon)>, <_io.BytesIO object at 0x7f87628d5150>, <_io.BufferedWriter name=27>
2019/05/15 11:39:10 :DEBUG:stderr reader: <Thread(Thread-43, initial daemon)>
2019/05/15 11:39:10 :DEBUG:closed output, 0 bytes sent
2019/05/15 11:39:10 :DEBUG:stdout reader: <Thread(Thread-44, initial daemon)>
2019/05/15 11:39:10 :DEBUG:gpg: WARNING: unsafe permissions on homedir '/home/jfk422/Projects/Code/Arcanum/arcanum/gpg'
2019/05/15 11:39:10 :DEBUG:chunk: b'-----BEGIN PGP MESSAGE-----\n\njA0ECQMCW6jpwO41/Lf/0jUBdJ+8K5ANBwqQzqSCgRFJ0F/r+34nxy+XjTYXUyPb\nTXFrHhcNO7YVVyGwTEyyATEThI1UIQ==\n=CtJG\n-----END PGP MESSAGE-----\n'
2019/05/15 11:39:10 :DEBUG:[GNUPG:] NEED_PASSPHRASE_SYM 9 3 2
2019/05/15 11:39:10 :DEBUG:[GNUPG:] BEGIN_ENCRYPTION 2 9
2019/05/15 11:39:10 :DEBUG:[GNUPG:] END_ENCRYPTION
2019/05/15 11:39:10 :DEBUG:encrypt result: b'-----BEGIN PGP MESSAGE-----\n\njA0ECQMCW6jpwO41/Lf/0jUBdJ+8K5ANBwqQzqSCgRFJ0F/r+34nxy+XjTYXUyPb\nTXFrHhcNO7YVVyGwTEyyATEThI1UIQ==\n=CtJG\n-----END PGP MESSAGE-----\n'
2019/05/15 11:39:10 :INFO:Password is being inserted
2019/05/15 11:39:10 :INFO:Inserted data into passwords table
2019/05/15 11:39:10 :INFO:Getting everything from passTable
2019/05/15 11:39:10 :DEBUG:12763: gpg --pinentry-mode loopback --status-fd 2 --no-tty --no-verbose --fixed-list-mode --batch --with-colons --homedir gpg --passphrase-fd 0 --decrypt
2019/05/15 11:39:10 :DEBUG:Wrote passphrase
2019/05/15 11:39:10 :DEBUG:data copier: <Thread(Thread-45, initial daemon)>, <_io.BytesIO object at 0x7f87628d5258>, <_io.BufferedWriter name=27>
2019/05/15 11:39:10 :DEBUG:stderr reader: <Thread(Thread-46, initial daemon)>
2019/05/15 11:39:10 :DEBUG:closed output, 1 bytes sent
2019/05/15 11:39:10 :DEBUG:stdout reader: <Thread(Thread-47, initial daemon)>
2019/05/15 11:39:10 :DEBUG:gpg: WARNING: unsafe permissions on homedir '/home/jfk422/Projects/Code/Arcanum/arcanum/gpg'
2019/05/15 11:39:10 :DEBUG:gpg: [don't know]: invalid packet (ctb=31)
2019/05/15 11:39:10 :DEBUG:[GNUPG:] NODATA 3
2019/05/15 11:39:10 :DEBUG:decrypt result: b''
2019/05/15 11:39:10 :DEBUG:12767: gpg --pinentry-mode loopback --status-fd 2 --no-tty --no-verbose --fixed-list-mode --batch --with-colons --homedir gpg --passphrase-fd 0 --decrypt
2019/05/15 11:39:10 :DEBUG:Wrote passphrase
2019/05/15 11:39:10 :DEBUG:data copier: <Thread(Thread-48, initial daemon)>, <_io.BytesIO object at 0x7f87628d5258>, <_io.BufferedWriter name=27>
2019/05/15 11:39:10 :DEBUG:closed output, 163 bytes sent
2019/05/15 11:39:10 :DEBUG:stderr reader: <Thread(Thread-49, initial daemon)>
2019/05/15 11:39:10 :DEBUG:stdout reader: <Thread(Thread-50, initial daemon)>
2019/05/15 11:39:10 :DEBUG:gpg: WARNING: unsafe permissions on homedir '/home/jfk422/Projects/Code/Arcanum/arcanum/gpg'
2019/05/15 11:39:10 :DEBUG:gpg: AES256 encrypted data
2019/05/15 11:39:10 :DEBUG:[GNUPG:] NEED_PASSPHRASE_SYM 9 3 2
2019/05/15 11:39:10 :DEBUG:gpg: encrypted with 1 passphrase
2019/05/15 11:39:10 :DEBUG:chunk: b'test'
2019/05/15 11:39:10 :DEBUG:[GNUPG:] BEGIN_DECRYPTION
2019/05/15 11:39:10 :DEBUG:[GNUPG:] DECRYPTION_COMPLIANCE_MODE 23
2019/05/15 11:39:10 :DEBUG:message ignored: DECRYPTION_COMPLIANCE_MODE, 23
2019/05/15 11:39:10 :DEBUG:[GNUPG:] DECRYPTION_INFO 2 9
2019/05/15 11:39:10 :DEBUG:[GNUPG:] PLAINTEXT 62 1557912096
2019/05/15 11:39:10 :DEBUG:[GNUPG:] PLAINTEXT_LENGTH 4
2019/05/15 11:39:10 :DEBUG:[GNUPG:] DECRYPTION_OKAY
2019/05/15 11:39:10 :DEBUG:[GNUPG:] GOODMDC
2019/05/15 11:39:10 :DEBUG:[GNUPG:] END_DECRYPTION
2019/05/15 11:39:10 :DEBUG:decrypt result: b'test'
2019/05/15 11:39:10 :DEBUG:12771: gpg --pinentry-mode loopback --status-fd 2 --no-tty --no-verbose --fixed-list-mode --batch --with-colons --homedir gpg --passphrase-fd 0 --decrypt
2019/05/15 11:39:10 :DEBUG:Wrote passphrase
2019/05/15 11:39:10 :DEBUG:data copier: <Thread(Thread-51, initial daemon)>, <_io.BytesIO object at 0x7f87628d5258>, <_io.BufferedWriter name=27>
2019/05/15 11:39:10 :DEBUG:stderr reader: <Thread(Thread-52, initial daemon)>
2019/05/15 11:39:10 :DEBUG:closed output, 26 bytes sent
2019/05/15 11:39:10 :DEBUG:stdout reader: <Thread(Thread-53, initial daemon)>
2019/05/15 11:39:10 :DEBUG:gpg: WARNING: unsafe permissions on homedir '/home/jfk422/Projects/Code/Arcanum/arcanum/gpg'
2019/05/15 11:39:10 :DEBUG:gpg: no valid OpenPGP data found.
2019/05/15 11:39:10 :DEBUG:[GNUPG:] NODATA 1
2019/05/15 11:39:10 :DEBUG:[GNUPG:] NODATA 2
2019/05/15 11:39:10 :DEBUG:[GNUPG:] FAILURE decrypt 4294967295
2019/05/15 11:39:10 :DEBUG:gpg: decrypt_message failed: Unknown system error
2019/05/15 11:39:10 :DEBUG:decrypt result: b''
2019/05/15 11:39:10 :DEBUG:12775: gpg --pinentry-mode loopback --status-fd 2 --no-tty --no-verbose --fixed-list-mode --batch --with-colons --homedir gpg --passphrase-fd 0 --decrypt
2019/05/15 11:39:10 :DEBUG:Wrote passphrase
2019/05/15 11:39:10 :DEBUG:data copier: <Thread(Thread-54, initial daemon)>, <_io.BytesIO object at 0x7f87628d5258>, <_io.BufferedWriter name=27>
2019/05/15 11:39:10 :DEBUG:stderr reader: <Thread(Thread-55, initial daemon)>
2019/05/15 11:39:10 :DEBUG:closed output, 4 bytes sent
2019/05/15 11:39:11 :DEBUG:stdout reader: <Thread(Thread-56, initial daemon)>
2019/05/15 11:39:11 :DEBUG:gpg: WARNING: unsafe permissions on homedir '/home/jfk422/Projects/Code/Arcanum/arcanum/gpg'
2019/05/15 11:39:11 :DEBUG:gpg: no valid OpenPGP data found.
2019/05/15 11:39:11 :DEBUG:[GNUPG:] NODATA 1
2019/05/15 11:39:11 :DEBUG:[GNUPG:] NODATA 2
2019/05/15 11:39:11 :DEBUG:[GNUPG:] FAILURE decrypt 4294967295
2019/05/15 11:39:11 :DEBUG:gpg: decrypt_message failed: Unknown system error
2019/05/15 11:39:11 :DEBUG:decrypt result: b''
2019/05/15 11:39:11 :DEBUG:12779: gpg --pinentry-mode loopback --status-fd 2 --no-tty --no-verbose --fixed-list-mode --batch --with-colons --homedir gpg --passphrase-fd 0 --decrypt
2019/05/15 11:39:11 :DEBUG:Wrote passphrase
2019/05/15 11:39:11 :DEBUG:data copier: <Thread(Thread-57, initial daemon)>, <_io.BytesIO object at 0x7f87628d5258>, <_io.BufferedWriter name=27>
2019/05/15 11:39:11 :DEBUG:stderr reader: <Thread(Thread-58, initial daemon)>
2019/05/15 11:39:11 :DEBUG:closed output, 13 bytes sent
2019/05/15 11:39:11 :DEBUG:stdout reader: <Thread(Thread-59, initial daemon)>
2019/05/15 11:39:11 :DEBUG:gpg: WARNING: unsafe permissions on homedir '/home/jfk422/Projects/Code/Arcanum/arcanum/gpg'
2019/05/15 11:39:11 :DEBUG:gpg: no valid OpenPGP data found.
2019/05/15 11:39:11 :DEBUG:[GNUPG:] NODATA 1
2019/05/15 11:39:11 :DEBUG:[GNUPG:] NODATA 2
2019/05/15 11:39:11 :DEBUG:[GNUPG:] FAILURE decrypt 4294967295
2019/05/15 11:39:11 :DEBUG:gpg: decrypt_message failed: Unknown system error
2019/05/15 11:39:11 :DEBUG:decrypt result: b''
2019/05/15 11:39:11 :DEBUG:12783: gpg --pinentry-mode loopback --status-fd 2 --no-tty --no-verbose --fixed-list-mode --batch --with-colons --homedir gpg --passphrase-fd 0 --decrypt
2019/05/15 11:39:11 :DEBUG:Wrote passphrase
2019/05/15 11:39:11 :DEBUG:data copier: <Thread(Thread-60, initial daemon)>, <_io.BytesIO object at 0x7f87628d5258>, <_io.BufferedWriter name=27>
2019/05/15 11:39:11 :DEBUG:closed output, 4 bytes sent
2019/05/15 11:39:11 :DEBUG:stderr reader: <Thread(Thread-61, initial daemon)>
2019/05/15 11:39:11 :DEBUG:stdout reader: <Thread(Thread-62, initial daemon)>
2019/05/15 11:39:11 :DEBUG:gpg: WARNING: unsafe permissions on homedir '/home/jfk422/Projects/Code/Arcanum/arcanum/gpg'
2019/05/15 11:39:11 :DEBUG:gpg: no valid OpenPGP data found.
2019/05/15 11:39:11 :DEBUG:[GNUPG:] NODATA 1
2019/05/15 11:39:11 :DEBUG:[GNUPG:] NODATA 2
2019/05/15 11:39:11 :DEBUG:[GNUPG:] FAILURE decrypt 4294967295
2019/05/15 11:39:11 :DEBUG:gpg: decrypt_message failed: Unknown system error
2019/05/15 11:39:11 :DEBUG:decrypt result: b''
2019/05/15 11:39:11 :DEBUG:12787: gpg --pinentry-mode loopback --status-fd 2 --no-tty --no-verbose --fixed-list-mode --batch --with-colons --homedir gpg --passphrase-fd 0 --decrypt
2019/05/15 11:39:11 :DEBUG:Wrote passphrase
2019/05/15 11:39:11 :DEBUG:data copier: <Thread(Thread-63, initial daemon)>, <_io.BytesIO object at 0x7f87628d5258>, <_io.BufferedWriter name=27>
2019/05/15 11:39:11 :DEBUG:stderr reader: <Thread(Thread-64, initial daemon)>
2019/05/15 11:39:11 :DEBUG:closed output, 4 bytes sent
2019/05/15 11:39:11 :DEBUG:stdout reader: <Thread(Thread-65, initial daemon)>
2019/05/15 11:39:11 :DEBUG:gpg: WARNING: unsafe permissions on homedir '/home/jfk422/Projects/Code/Arcanum/arcanum/gpg'
2019/05/15 11:39:11 :DEBUG:gpg: no valid OpenPGP data found.
2019/05/15 11:39:11 :DEBUG:[GNUPG:] NODATA 1
2019/05/15 11:39:11 :DEBUG:[GNUPG:] NODATA 2
2019/05/15 11:39:11 :DEBUG:[GNUPG:] FAILURE decrypt 4294967295
2019/05/15 11:39:11 :DEBUG:gpg: decrypt_message failed: Unknown system error
2019/05/15 11:39:11 :DEBUG:decrypt result: b''
2019/05/15 11:39:11 :DEBUG:12791: gpg --pinentry-mode loopback --status-fd 2 --no-tty --no-verbose --fixed-list-mode --batch --with-colons --homedir gpg --passphrase-fd 0 --decrypt
2019/05/15 11:39:11 :DEBUG:Wrote passphrase
2019/05/15 11:39:11 :DEBUG:data copier: <Thread(Thread-66, initial daemon)>, <_io.BytesIO object at 0x7f87628d5258>, <_io.BufferedWriter name=27>
2019/05/15 11:39:11 :DEBUG:closed output, 4 bytes sent
2019/05/15 11:39:11 :DEBUG:stderr reader: <Thread(Thread-67, initial daemon)>
2019/05/15 11:39:11 :DEBUG:stdout reader: <Thread(Thread-68, initial daemon)>
2019/05/15 11:39:11 :DEBUG:gpg: WARNING: unsafe permissions on homedir '/home/jfk422/Projects/Code/Arcanum/arcanum/gpg'
2019/05/15 11:39:11 :DEBUG:gpg: no valid OpenPGP data found.
2019/05/15 11:39:11 :DEBUG:[GNUPG:] NODATA 1
2019/05/15 11:39:11 :DEBUG:[GNUPG:] NODATA 2
2019/05/15 11:39:11 :DEBUG:[GNUPG:] FAILURE decrypt 4294967295
2019/05/15 11:39:11 :DEBUG:gpg: decrypt_message failed: Unknown system error
2019/05/15 11:39:11 :DEBUG:decrypt result: b''
