2019/05/15 11:34:37 AM:INFO:Qt version:5.11.1
2019/05/15 11:34:37 AM:INFO:PyQt version:5.11.2
2019/05/15 11:34:37 AM:INFO:SIP version:4.19.7
2019/05/15 11:34:38 :DEBUG:12091: gpg --status-fd 2 --no-tty --no-verbose --fixed-list-mode --batch --with-colons --homedir gpg --version
2019/05/15 11:34:38 :DEBUG:stderr reader: <Thread(Thread-1, initial daemon)>
2019/05/15 11:34:38 :DEBUG:stdout reader: <Thread(Thread-2, initial daemon)>
2019/05/15 11:34:38 :DEBUG:gpg: WARNING: unsafe permissions on homedir '/home/jfk422/Projects/Code/Arcanum/arcanum/gpg'
2019/05/15 11:34:38 :DEBUG:chunk: b'gpg (GnuPG) 2.2.4\nlibgcrypt 1.8.1\nCopyright (C) 2017 Free Software Foundation, Inc.\nLicense GPLv3+: GNU GPL version 3 or later <https://gnu.org/licenses/gpl.html>\nThis is free software: you are free to change and redistribute it.\nThere is NO WARRANTY, to t'
2019/05/15 11:34:39 :INFO:Connection to database established
2019/05/15 11:34:39 :INFO:Created table passTable: 
2019/05/15 11:34:39 :INFO:Created table configs: 
2019/05/15 11:34:39 :INFO:Created table email: 
2019/05/15 11:34:39 :INFO:Created table keys: 
2019/05/15 11:34:39 :INFO:All tables were created/exist!
2019/05/15 11:34:39 :INFO:Getting row: 1 from table: configs
2019/05/15 11:34:39 :INFO:Getting row: 1 from table: configs
2019/05/15 11:34:39 :DEBUG:12094: gpg --pinentry-mode loopback --status-fd 2 --no-tty --no-verbose --fixed-list-mode --batch --with-colons --homedir gpg --passphrase-fd 0 --decrypt
2019/05/15 11:34:39 :DEBUG:Wrote passphrase
2019/05/15 11:34:39 :DEBUG:data copier: <Thread(Thread-3, initial daemon)>, <_io.BytesIO object at 0x7f0c903cef10>, <_io.BufferedWriter name=27>
2019/05/15 11:34:39 :DEBUG:stderr reader: <Thread(Thread-4, initial daemon)>
2019/05/15 11:34:39 :DEBUG:closed output, 179 bytes sent
2019/05/15 11:34:39 :DEBUG:stdout reader: <Thread(Thread-5, initial daemon)>
2019/05/15 11:34:39 :DEBUG:gpg: WARNING: unsafe permissions on homedir '/home/jfk422/Projects/Code/Arcanum/arcanum/gpg'
2019/05/15 11:34:39 :DEBUG:gpg: AES256 encrypted data
2019/05/15 11:34:39 :DEBUG:[GNUPG:] NEED_PASSPHRASE_SYM 9 3 2
2019/05/15 11:34:39 :DEBUG:chunk: b'OQwAjBBLVkeaWCEs'
2019/05/15 11:34:39 :DEBUG:gpg: encrypted with 1 passphrase
2019/05/15 11:34:39 :DEBUG:[GNUPG:] BEGIN_DECRYPTION
2019/05/15 11:34:39 :DEBUG:[GNUPG:] DECRYPTION_COMPLIANCE_MODE 23
2019/05/15 11:34:39 :DEBUG:message ignored: DECRYPTION_COMPLIANCE_MODE, 23
2019/05/15 11:34:39 :DEBUG:[GNUPG:] DECRYPTION_INFO 2 9
2019/05/15 11:34:39 :DEBUG:[GNUPG:] PLAINTEXT 62 1557911496
2019/05/15 11:34:39 :DEBUG:[GNUPG:] PLAINTEXT_LENGTH 16
2019/05/15 11:34:39 :DEBUG:[GNUPG:] DECRYPTION_OKAY
2019/05/15 11:34:39 :DEBUG:[GNUPG:] GOODMDC
2019/05/15 11:34:39 :DEBUG:[GNUPG:] END_DECRYPTION
2019/05/15 11:34:39 :DEBUG:decrypt result: b'OQwAjBBLVkeaWCEs'
2019/05/15 11:34:39 :INFO:Getting everything from passTable
2019/05/15 11:34:39 :DEBUG:12100: gpg --pinentry-mode loopback --status-fd 2 --no-tty --no-verbose --fixed-list-mode --batch --with-colons --homedir gpg --passphrase-fd 0 --decrypt
2019/05/15 11:34:39 :DEBUG:Wrote passphrase
2019/05/15 11:34:39 :DEBUG:data copier: <Thread(Thread-6, initial daemon)>, <_io.BytesIO object at 0x7f0c903cefc0>, <_io.BufferedWriter name=27>
2019/05/15 11:34:39 :DEBUG:stderr reader: <Thread(Thread-7, initial daemon)>
2019/05/15 11:34:39 :DEBUG:closed output, 1 bytes sent
2019/05/15 11:34:39 :DEBUG:stdout reader: <Thread(Thread-8, initial daemon)>
2019/05/15 11:34:39 :DEBUG:gpg: WARNING: unsafe permissions on homedir '/home/jfk422/Projects/Code/Arcanum/arcanum/gpg'
2019/05/15 11:34:39 :DEBUG:gpg: [don't know]: invalid packet (ctb=31)
2019/05/15 11:34:39 :DEBUG:[GNUPG:] NODATA 3
2019/05/15 11:34:39 :DEBUG:decrypt result: b''
2019/05/15 11:34:39 :DEBUG:12104: gpg --pinentry-mode loopback --status-fd 2 --no-tty --no-verbose --fixed-list-mode --batch --with-colons --homedir gpg --passphrase-fd 0 --decrypt
2019/05/15 11:34:39 :DEBUG:Wrote passphrase
2019/05/15 11:34:39 :DEBUG:data copier: <Thread(Thread-9, initial daemon)>, <_io.BytesIO object at 0x7f0c903cefc0>, <_io.BufferedWriter name=27>
2019/05/15 11:34:39 :DEBUG:closed output, 163 bytes sent
2019/05/15 11:34:39 :DEBUG:stderr reader: <Thread(Thread-10, initial daemon)>
2019/05/15 11:34:39 :DEBUG:stdout reader: <Thread(Thread-11, initial daemon)>
2019/05/15 11:34:40 :DEBUG:gpg: WARNING: unsafe permissions on homedir '/home/jfk422/Projects/Code/Arcanum/arcanum/gpg'
2019/05/15 11:34:40 :DEBUG:gpg: AES256 encrypted data
2019/05/15 11:34:40 :DEBUG:[GNUPG:] NEED_PASSPHRASE_SYM 9 3 2
2019/05/15 11:34:40 :DEBUG:gpg: encrypted with 1 passphrase
2019/05/15 11:34:40 :DEBUG:[GNUPG:] BEGIN_DECRYPTION
2019/05/15 11:34:40 :DEBUG:chunk: b'test'
2019/05/15 11:34:40 :DEBUG:[GNUPG:] DECRYPTION_COMPLIANCE_MODE 23
2019/05/15 11:34:40 :DEBUG:message ignored: DECRYPTION_COMPLIANCE_MODE, 23
2019/05/15 11:34:40 :DEBUG:[GNUPG:] DECRYPTION_INFO 2 9
2019/05/15 11:34:40 :DEBUG:[GNUPG:] PLAINTEXT 62 1557912096
2019/05/15 11:34:40 :DEBUG:[GNUPG:] PLAINTEXT_LENGTH 4
2019/05/15 11:34:40 :DEBUG:[GNUPG:] DECRYPTION_OKAY
2019/05/15 11:34:40 :DEBUG:[GNUPG:] GOODMDC
2019/05/15 11:34:40 :DEBUG:[GNUPG:] END_DECRYPTION
2019/05/15 11:34:40 :DEBUG:decrypt result: b'test'
2019/05/15 11:34:40 :DEBUG:12108: gpg --pinentry-mode loopback --status-fd 2 --no-tty --no-verbose --fixed-list-mode --batch --with-colons --homedir gpg --passphrase-fd 0 --decrypt
2019/05/15 11:34:40 :DEBUG:Wrote passphrase
2019/05/15 11:34:40 :DEBUG:data copier: <Thread(Thread-12, initial daemon)>, <_io.BytesIO object at 0x7f0c903cefc0>, <_io.BufferedWriter name=27>
2019/05/15 11:34:40 :DEBUG:stderr reader: <Thread(Thread-13, initial daemon)>
2019/05/15 11:34:40 :DEBUG:closed output, 26 bytes sent
2019/05/15 11:34:40 :DEBUG:stdout reader: <Thread(Thread-14, initial daemon)>
2019/05/15 11:34:40 :DEBUG:gpg: WARNING: unsafe permissions on homedir '/home/jfk422/Projects/Code/Arcanum/arcanum/gpg'
2019/05/15 11:34:40 :DEBUG:gpg: no valid OpenPGP data found.
2019/05/15 11:34:40 :DEBUG:[GNUPG:] NODATA 1
2019/05/15 11:34:40 :DEBUG:[GNUPG:] NODATA 2
2019/05/15 11:34:40 :DEBUG:[GNUPG:] FAILURE decrypt 4294967295
2019/05/15 11:34:40 :DEBUG:gpg: decrypt_message failed: Unknown system error
2019/05/15 11:34:40 :DEBUG:decrypt result: b''
2019/05/15 11:34:40 :DEBUG:12112: gpg --pinentry-mode loopback --status-fd 2 --no-tty --no-verbose --fixed-list-mode --batch --with-colons --homedir gpg --passphrase-fd 0 --decrypt
2019/05/15 11:34:40 :DEBUG:Wrote passphrase
2019/05/15 11:34:40 :DEBUG:data copier: <Thread(Thread-15, initial daemon)>, <_io.BytesIO object at 0x7f0c903cefc0>, <_io.BufferedWriter name=27>
2019/05/15 11:34:40 :DEBUG:stderr reader: <Thread(Thread-16, initial daemon)>
2019/05/15 11:34:40 :DEBUG:closed output, 4 bytes sent
2019/05/15 11:34:40 :DEBUG:stdout reader: <Thread(Thread-17, initial daemon)>
2019/05/15 11:34:40 :DEBUG:gpg: WARNING: unsafe permissions on homedir '/home/jfk422/Projects/Code/Arcanum/arcanum/gpg'
2019/05/15 11:34:40 :DEBUG:gpg: no valid OpenPGP data found.
2019/05/15 11:34:40 :DEBUG:[GNUPG:] NODATA 1
2019/05/15 11:34:40 :DEBUG:[GNUPG:] NODATA 2
2019/05/15 11:34:40 :DEBUG:[GNUPG:] FAILURE decrypt 4294967295
2019/05/15 11:34:40 :DEBUG:gpg: decrypt_message failed: Unknown system error
2019/05/15 11:34:40 :DEBUG:decrypt result: b''
2019/05/15 11:34:40 :DEBUG:12116: gpg --pinentry-mode loopback --status-fd 2 --no-tty --no-verbose --fixed-list-mode --batch --with-colons --homedir gpg --passphrase-fd 0 --decrypt
2019/05/15 11:34:40 :DEBUG:Wrote passphrase
2019/05/15 11:34:40 :DEBUG:data copier: <Thread(Thread-18, initial daemon)>, <_io.BytesIO object at 0x7f0c903cefc0>, <_io.BufferedWriter name=27>
2019/05/15 11:34:40 :DEBUG:stderr reader: <Thread(Thread-19, initial daemon)>
2019/05/15 11:34:40 :DEBUG:closed output, 13 bytes sent
2019/05/15 11:34:40 :DEBUG:gpg: WARNING: unsafe permissions on homedir '/home/jfk422/Projects/Code/Arcanum/arcanum/gpg'
2019/05/15 11:34:40 :DEBUG:stdout reader: <Thread(Thread-20, initial daemon)>
2019/05/15 11:34:40 :DEBUG:gpg: no valid OpenPGP data found.
2019/05/15 11:34:40 :DEBUG:[GNUPG:] NODATA 1
2019/05/15 11:34:40 :DEBUG:[GNUPG:] NODATA 2
2019/05/15 11:34:40 :DEBUG:[GNUPG:] FAILURE decrypt 4294967295
2019/05/15 11:34:40 :DEBUG:gpg: decrypt_message failed: Unknown system error
2019/05/15 11:34:40 :DEBUG:decrypt result: b''
2019/05/15 11:34:40 :DEBUG:12120: gpg --pinentry-mode loopback --status-fd 2 --no-tty --no-verbose --fixed-list-mode --batch --with-colons --homedir gpg --passphrase-fd 0 --decrypt
2019/05/15 11:34:40 :DEBUG:Wrote passphrase
2019/05/15 11:34:40 :DEBUG:data copier: <Thread(Thread-21, initial daemon)>, <_io.BytesIO object at 0x7f0c903cefc0>, <_io.BufferedWriter name=27>
2019/05/15 11:34:40 :DEBUG:stderr reader: <Thread(Thread-22, initial daemon)>
2019/05/15 11:34:40 :DEBUG:closed output, 4 bytes sent
2019/05/15 11:34:40 :DEBUG:stdout reader: <Thread(Thread-23, initial daemon)>
2019/05/15 11:34:40 :DEBUG:gpg: WARNING: unsafe permissions on homedir '/home/jfk422/Projects/Code/Arcanum/arcanum/gpg'
2019/05/15 11:34:40 :DEBUG:gpg: no valid OpenPGP data found.
2019/05/15 11:34:40 :DEBUG:[GNUPG:] NODATA 1
2019/05/15 11:34:40 :DEBUG:[GNUPG:] NODATA 2
2019/05/15 11:34:40 :DEBUG:[GNUPG:] FAILURE decrypt 4294967295
2019/05/15 11:34:40 :DEBUG:gpg: decrypt_message failed: Unknown system error
2019/05/15 11:34:40 :DEBUG:decrypt result: b''
2019/05/15 11:34:40 :DEBUG:12124: gpg --pinentry-mode loopback --status-fd 2 --no-tty --no-verbose --fixed-list-mode --batch --with-colons --homedir gpg --passphrase-fd 0 --decrypt
2019/05/15 11:34:40 :DEBUG:Wrote passphrase
2019/05/15 11:34:40 :DEBUG:data copier: <Thread(Thread-24, initial daemon)>, <_io.BytesIO object at 0x7f0c903cefc0>, <_io.BufferedWriter name=27>
2019/05/15 11:34:40 :DEBUG:closed output, 4 bytes sent
2019/05/15 11:34:40 :DEBUG:stderr reader: <Thread(Thread-25, initial daemon)>
2019/05/15 11:34:40 :DEBUG:stdout reader: <Thread(Thread-26, initial daemon)>
2019/05/15 11:34:40 :DEBUG:gpg: WARNING: unsafe permissions on homedir '/home/jfk422/Projects/Code/Arcanum/arcanum/gpg'
2019/05/15 11:34:40 :DEBUG:gpg: no valid OpenPGP data found.
2019/05/15 11:34:40 :DEBUG:[GNUPG:] NODATA 1
2019/05/15 11:34:40 :DEBUG:[GNUPG:] NODATA 2
2019/05/15 11:34:40 :DEBUG:[GNUPG:] FAILURE decrypt 4294967295
2019/05/15 11:34:40 :DEBUG:gpg: decrypt_message failed: Unknown system error
2019/05/15 11:34:40 :DEBUG:decrypt result: b''
2019/05/15 11:34:40 :DEBUG:12128: gpg --pinentry-mode loopback --status-fd 2 --no-tty --no-verbose --fixed-list-mode --batch --with-colons --homedir gpg --passphrase-fd 0 --decrypt
2019/05/15 11:34:40 :DEBUG:Wrote passphrase
2019/05/15 11:34:40 :DEBUG:data copier: <Thread(Thread-27, initial daemon)>, <_io.BytesIO object at 0x7f0c903cefc0>, <_io.BufferedWriter name=27>
2019/05/15 11:34:40 :DEBUG:stderr reader: <Thread(Thread-28, initial daemon)>
2019/05/15 11:34:40 :DEBUG:closed output, 4 bytes sent
2019/05/15 11:34:40 :DEBUG:stdout reader: <Thread(Thread-29, initial daemon)>
2019/05/15 11:34:40 :DEBUG:gpg: WARNING: unsafe permissions on homedir '/home/jfk422/Projects/Code/Arcanum/arcanum/gpg'
2019/05/15 11:34:40 :DEBUG:gpg: no valid OpenPGP data found.
2019/05/15 11:34:40 :DEBUG:[GNUPG:] NODATA 1
2019/05/15 11:34:40 :DEBUG:[GNUPG:] NODATA 2
2019/05/15 11:34:40 :DEBUG:[GNUPG:] FAILURE decrypt 4294967295
2019/05/15 11:34:40 :DEBUG:gpg: decrypt_message failed: Unknown system error
2019/05/15 11:34:40 :DEBUG:decrypt result: b''
2019/05/15 11:34:59 :INFO:Getting everything from email
2019/05/15 11:34:59 :DEBUG:12146: gpg --pinentry-mode loopback --status-fd 2 --no-tty --no-verbose --fixed-list-mode --batch --with-colons --homedir gpg --passphrase-fd 0 --symmetric --armor
2019/05/15 11:34:59 :DEBUG:Wrote passphrase
2019/05/15 11:34:59 :DEBUG:data copier: <Thread(Thread-30, initial daemon)>, <_io.BytesIO object at 0x7f0c8410e0a0>, <_io.BufferedWriter name=27>
2019/05/15 11:34:59 :DEBUG:stderr reader: <Thread(Thread-31, initial daemon)>
2019/05/15 11:34:59 :DEBUG:closed output, 15 bytes sent
2019/05/15 11:34:59 :DEBUG:stdout reader: <Thread(Thread-32, initial daemon)>
2019/05/15 11:35:00 :DEBUG:gpg: WARNING: unsafe permissions on homedir '/home/jfk422/Projects/Code/Arcanum/arcanum/gpg'
2019/05/15 11:35:00 :DEBUG:[GNUPG:] NEED_PASSPHRASE_SYM 9 3 2
2019/05/15 11:35:00 :DEBUG:[GNUPG:] BEGIN_ENCRYPTION 2 9
2019/05/15 11:35:00 :DEBUG:[GNUPG:] END_ENCRYPTION
2019/05/15 11:35:00 :DEBUG:chunk: b'-----BEGIN PGP MESSAGE-----\n\njA0ECQMCJ5V5CKuQDx//0kQBVJS4dGW67Gjspn7W6bDWdZqZoQIKvLIR8ot22KrG\n/EfsV30ielz1mJQjabLlkWDNlV3p+z6lUCRatPYhBZXcOI6TRg==\n=Q7EF\n-----END PGP MESSAGE-----\n'
2019/05/15 11:35:00 :DEBUG:encrypt result: b'-----BEGIN PGP MESSAGE-----\n\njA0ECQMCJ5V5CKuQDx//0kQBVJS4dGW67Gjspn7W6bDWdZqZoQIKvLIR8ot22KrG\n/EfsV30ielz1mJQjabLlkWDNlV3p+z6lUCRatPYhBZXcOI6TRg==\n=Q7EF\n-----END PGP MESSAGE-----\n'
2019/05/15 11:35:00 :DEBUG:12151: gpg --pinentry-mode loopback --status-fd 2 --no-tty --no-verbose --fixed-list-mode --batch --with-colons --homedir gpg --passphrase-fd 0 --symmetric --armor
2019/05/15 11:35:00 :DEBUG:Wrote passphrase
2019/05/15 11:35:00 :DEBUG:data copier: <Thread(Thread-33, initial daemon)>, <_io.BytesIO object at 0x7f0c8410e0a0>, <_io.BufferedWriter name=27>
2019/05/15 11:35:00 :DEBUG:stderr reader: <Thread(Thread-34, initial daemon)>
2019/05/15 11:35:00 :DEBUG:closed output, 4 bytes sent
2019/05/15 11:35:00 :DEBUG:stdout reader: <Thread(Thread-35, initial daemon)>
2019/05/15 11:35:00 :DEBUG:gpg: WARNING: unsafe permissions on homedir '/home/jfk422/Projects/Code/Arcanum/arcanum/gpg'
2019/05/15 11:35:00 :DEBUG:chunk: b'-----BEGIN PGP MESSAGE-----\n\njA0ECQMC3lRGf4ABcRn/0jkBBnLEjui4ldSKZ2K0CPnfAL3luCpJQTYdyA/S6mfC\nA+oqWOLuDNoGOrrN6zVBrIorOWG7U0zk+vo=\n=yRsH\n-----END PGP MESSAGE-----\n'
2019/05/15 11:35:00 :DEBUG:[GNUPG:] NEED_PASSPHRASE_SYM 9 3 2
2019/05/15 11:35:00 :DEBUG:[GNUPG:] BEGIN_ENCRYPTION 2 9
2019/05/15 11:35:00 :DEBUG:[GNUPG:] END_ENCRYPTION
2019/05/15 11:35:00 :DEBUG:encrypt result: b'-----BEGIN PGP MESSAGE-----\n\njA0ECQMC3lRGf4ABcRn/0jkBBnLEjui4ldSKZ2K0CPnfAL3luCpJQTYdyA/S6mfC\nA+oqWOLuDNoGOrrN6zVBrIorOWG7U0zk+vo=\n=yRsH\n-----END PGP MESSAGE-----\n'
2019/05/15 11:35:00 :DEBUG:12156: gpg --pinentry-mode loopback --status-fd 2 --no-tty --no-verbose --fixed-list-mode --batch --with-colons --homedir gpg --passphrase-fd 0 --symmetric --armor
2019/05/15 11:35:00 :DEBUG:Wrote passphrase
2019/05/15 11:35:00 :DEBUG:data copier: <Thread(Thread-36, initial daemon)>, <_io.BytesIO object at 0x7f0c8410e0a0>, <_io.BufferedWriter name=27>
2019/05/15 11:35:00 :DEBUG:stderr reader: <Thread(Thread-37, initial daemon)>
2019/05/15 11:35:00 :DEBUG:closed output, 4 bytes sent
2019/05/15 11:35:00 :DEBUG:stdout reader: <Thread(Thread-38, initial daemon)>
2019/05/15 11:35:00 :DEBUG:gpg: WARNING: unsafe permissions on homedir '/home/jfk422/Projects/Code/Arcanum/arcanum/gpg'
2019/05/15 11:35:00 :DEBUG:chunk: b'-----BEGIN PGP MESSAGE-----\n\njA0ECQMCSXYhAhywVxz/0jkBxFbaWe5YhJVkGzGNQrWlXAPUfTvrfNgmvOpxGBUR\nIvmsPAf4neNw1vVc5D/nOhqFaR0LNbnEfDg=\n=j5kR\n-----END PGP MESSAGE-----\n'
2019/05/15 11:35:00 :DEBUG:[GNUPG:] NEED_PASSPHRASE_SYM 9 3 2
2019/05/15 11:35:00 :DEBUG:[GNUPG:] BEGIN_ENCRYPTION 2 9
2019/05/15 11:35:00 :DEBUG:[GNUPG:] END_ENCRYPTION
2019/05/15 11:35:00 :DEBUG:encrypt result: b'-----BEGIN PGP MESSAGE-----\n\njA0ECQMCSXYhAhywVxz/0jkBxFbaWe5YhJVkGzGNQrWlXAPUfTvrfNgmvOpxGBUR\nIvmsPAf4neNw1vVc5D/nOhqFaR0LNbnEfDg=\n=j5kR\n-----END PGP MESSAGE-----\n'
2019/05/15 11:35:00 :DEBUG:12163: gpg --pinentry-mode loopback --status-fd 2 --no-tty --no-verbose --fixed-list-mode --batch --with-colons --homedir gpg --passphrase-fd 0 --symmetric --armor
2019/05/15 11:35:00 :DEBUG:Wrote passphrase
2019/05/15 11:35:00 :DEBUG:data copier: <Thread(Thread-39, initial daemon)>, <_io.BytesIO object at 0x7f0c84119048>, <_io.BufferedWriter name=27>
2019/05/15 11:35:00 :DEBUG:stderr reader: <Thread(Thread-40, initial daemon)>
2019/05/15 11:35:00 :DEBUG:closed output, 2 bytes sent
2019/05/15 11:35:00 :DEBUG:stdout reader: <Thread(Thread-41, initial daemon)>
2019/05/15 11:35:01 :DEBUG:gpg: WARNING: unsafe permissions on homedir '/home/jfk422/Projects/Code/Arcanum/arcanum/gpg'
2019/05/15 11:35:01 :DEBUG:chunk: b'-----BEGIN PGP MESSAGE-----\n\njA0ECQMCkQAvTd+PW+7/0jcBCTQ4vZxaFo6IrvDjB5vkYP+L5zVPNjqMPXjI5K6y\nhfMrj8edj7tvdWTUoUJ0egENuSdOCrUH\n=rR+/\n-----END PGP MESSAGE-----\n'
2019/05/15 11:35:01 :DEBUG:[GNUPG:] NEED_PASSPHRASE_SYM 9 3 2
2019/05/15 11:35:01 :DEBUG:[GNUPG:] BEGIN_ENCRYPTION 2 9
2019/05/15 11:35:01 :DEBUG:[GNUPG:] END_ENCRYPTION
2019/05/15 11:35:01 :DEBUG:encrypt result: b'-----BEGIN PGP MESSAGE-----\n\njA0ECQMCkQAvTd+PW+7/0jcBCTQ4vZxaFo6IrvDjB5vkYP+L5zVPNjqMPXjI5K6y\nhfMrj8edj7tvdWTUoUJ0egENuSdOCrUH\n=rR+/\n-----END PGP MESSAGE-----\n'
2019/05/15 11:35:01 :INFO:Password is being inserted
2019/05/15 11:35:01 :INFO:Inserted data into passwords table
2019/05/15 11:35:01 :INFO:Getting everything from passTable
2019/05/15 11:35:01 :DEBUG:12168: gpg --pinentry-mode loopback --status-fd 2 --no-tty --no-verbose --fixed-list-mode --batch --with-colons --homedir gpg --passphrase-fd 0 --decrypt
2019/05/15 11:35:01 :DEBUG:Wrote passphrase
2019/05/15 11:35:01 :DEBUG:data copier: <Thread(Thread-42, initial daemon)>, <_io.BytesIO object at 0x7f0c8411c048>, <_io.BufferedWriter name=27>
2019/05/15 11:35:01 :DEBUG:stderr reader: <Thread(Thread-43, initial daemon)>
2019/05/15 11:35:01 :DEBUG:closed output, 1 bytes sent
2019/05/15 11:35:01 :DEBUG:stdout reader: <Thread(Thread-44, initial daemon)>
2019/05/15 11:35:01 :DEBUG:gpg: WARNING: unsafe permissions on homedir '/home/jfk422/Projects/Code/Arcanum/arcanum/gpg'
2019/05/15 11:35:01 :DEBUG:gpg: [don't know]: invalid packet (ctb=31)
2019/05/15 11:35:01 :DEBUG:[GNUPG:] NODATA 3
2019/05/15 11:35:01 :DEBUG:decrypt result: b''
2019/05/15 11:35:01 :DEBUG:12172: gpg --pinentry-mode loopback --status-fd 2 --no-tty --no-verbose --fixed-list-mode --batch --with-colons --homedir gpg --passphrase-fd 0 --decrypt
2019/05/15 11:35:01 :DEBUG:Wrote passphrase
2019/05/15 11:35:01 :DEBUG:data copier: <Thread(Thread-45, initial daemon)>, <_io.BytesIO object at 0x7f0c8411c048>, <_io.BufferedWriter name=27>
2019/05/15 11:35:01 :DEBUG:stderr reader: <Thread(Thread-46, initial daemon)>
2019/05/15 11:35:01 :DEBUG:closed output, 163 bytes sent
2019/05/15 11:35:01 :DEBUG:stdout reader: <Thread(Thread-47, initial daemon)>
2019/05/15 11:35:01 :DEBUG:gpg: WARNING: unsafe permissions on homedir '/home/jfk422/Projects/Code/Arcanum/arcanum/gpg'
2019/05/15 11:35:01 :DEBUG:gpg: AES256 encrypted data
2019/05/15 11:35:01 :DEBUG:[GNUPG:] NEED_PASSPHRASE_SYM 9 3 2
2019/05/15 11:35:01 :DEBUG:gpg: encrypted with 1 passphrase
2019/05/15 11:35:01 :DEBUG:[GNUPG:] BEGIN_DECRYPTION
2019/05/15 11:35:01 :DEBUG:[GNUPG:] DECRYPTION_COMPLIANCE_MODE 23
2019/05/15 11:35:01 :DEBUG:chunk: b'test'
2019/05/15 11:35:01 :DEBUG:message ignored: DECRYPTION_COMPLIANCE_MODE, 23
2019/05/15 11:35:01 :DEBUG:[GNUPG:] DECRYPTION_INFO 2 9
2019/05/15 11:35:01 :DEBUG:[GNUPG:] PLAINTEXT 62 1557912096
2019/05/15 11:35:01 :DEBUG:[GNUPG:] PLAINTEXT_LENGTH 4
2019/05/15 11:35:01 :DEBUG:[GNUPG:] DECRYPTION_OKAY
2019/05/15 11:35:01 :DEBUG:[GNUPG:] GOODMDC
2019/05/15 11:35:01 :DEBUG:[GNUPG:] END_DECRYPTION
2019/05/15 11:35:01 :DEBUG:decrypt result: b'test'
2019/05/15 11:35:01 :DEBUG:12176: gpg --pinentry-mode loopback --status-fd 2 --no-tty --no-verbose --fixed-list-mode --batch --with-colons --homedir gpg --passphrase-fd 0 --decrypt
2019/05/15 11:35:01 :DEBUG:Wrote passphrase
2019/05/15 11:35:01 :DEBUG:data copier: <Thread(Thread-48, initial daemon)>, <_io.BytesIO object at 0x7f0c8411c048>, <_io.BufferedWriter name=27>
2019/05/15 11:35:01 :DEBUG:stderr reader: <Thread(Thread-49, initial daemon)>
2019/05/15 11:35:01 :DEBUG:closed output, 26 bytes sent
2019/05/15 11:35:01 :DEBUG:stdout reader: <Thread(Thread-50, initial daemon)>
2019/05/15 11:35:01 :DEBUG:gpg: WARNING: unsafe permissions on homedir '/home/jfk422/Projects/Code/Arcanum/arcanum/gpg'
2019/05/15 11:35:01 :DEBUG:gpg: no valid OpenPGP data found.
2019/05/15 11:35:01 :DEBUG:[GNUPG:] NODATA 1
2019/05/15 11:35:01 :DEBUG:[GNUPG:] NODATA 2
2019/05/15 11:35:01 :DEBUG:[GNUPG:] FAILURE decrypt 4294967295
2019/05/15 11:35:01 :DEBUG:gpg: decrypt_message failed: Unknown system error
2019/05/15 11:35:01 :DEBUG:decrypt result: b''
2019/05/15 11:35:01 :DEBUG:12180: gpg --pinentry-mode loopback --status-fd 2 --no-tty --no-verbose --fixed-list-mode --batch --with-colons --homedir gpg --passphrase-fd 0 --decrypt
2019/05/15 11:35:01 :DEBUG:Wrote passphrase
2019/05/15 11:35:01 :DEBUG:data copier: <Thread(Thread-51, initial daemon)>, <_io.BytesIO object at 0x7f0c8411c048>, <_io.BufferedWriter name=27>
2019/05/15 11:35:01 :DEBUG:stderr reader: <Thread(Thread-52, initial daemon)>
2019/05/15 11:35:01 :DEBUG:closed output, 4 bytes sent
2019/05/15 11:35:01 :DEBUG:stdout reader: <Thread(Thread-53, initial daemon)>
2019/05/15 11:35:01 :DEBUG:gpg: WARNING: unsafe permissions on homedir '/home/jfk422/Projects/Code/Arcanum/arcanum/gpg'
2019/05/15 11:35:01 :DEBUG:gpg: no valid OpenPGP data found.
2019/05/15 11:35:01 :DEBUG:[GNUPG:] NODATA 1
2019/05/15 11:35:01 :DEBUG:[GNUPG:] NODATA 2
2019/05/15 11:35:01 :DEBUG:[GNUPG:] FAILURE decrypt 4294967295
2019/05/15 11:35:01 :DEBUG:gpg: decrypt_message failed: Unknown system error
2019/05/15 11:35:01 :DEBUG:decrypt result: b''
2019/05/15 11:35:01 :DEBUG:12184: gpg --pinentry-mode loopback --status-fd 2 --no-tty --no-verbose --fixed-list-mode --batch --with-colons --homedir gpg --passphrase-fd 0 --decrypt
2019/05/15 11:35:01 :DEBUG:Wrote passphrase
2019/05/15 11:35:01 :DEBUG:data copier: <Thread(Thread-54, initial daemon)>, <_io.BytesIO object at 0x7f0c8411c048>, <_io.BufferedWriter name=27>
2019/05/15 11:35:01 :DEBUG:stderr reader: <Thread(Thread-55, initial daemon)>
2019/05/15 11:35:01 :DEBUG:closed output, 13 bytes sent
2019/05/15 11:35:01 :DEBUG:stdout reader: <Thread(Thread-56, initial daemon)>
2019/05/15 11:35:01 :DEBUG:gpg: WARNING: unsafe permissions on homedir '/home/jfk422/Projects/Code/Arcanum/arcanum/gpg'
2019/05/15 11:35:01 :DEBUG:gpg: no valid OpenPGP data found.
2019/05/15 11:35:01 :DEBUG:[GNUPG:] NODATA 1
2019/05/15 11:35:01 :DEBUG:[GNUPG:] NODATA 2
2019/05/15 11:35:01 :DEBUG:[GNUPG:] FAILURE decrypt 4294967295
2019/05/15 11:35:01 :DEBUG:gpg: decrypt_message failed: Unknown system error
2019/05/15 11:35:01 :DEBUG:decrypt result: b''
2019/05/15 11:35:01 :DEBUG:12188: gpg --pinentry-mode loopback --status-fd 2 --no-tty --no-verbose --fixed-list-mode --batch --with-colons --homedir gpg --passphrase-fd 0 --decrypt
2019/05/15 11:35:01 :DEBUG:Wrote passphrase
2019/05/15 11:35:01 :DEBUG:data copier: <Thread(Thread-57, initial daemon)>, <_io.BytesIO object at 0x7f0c8411c048>, <_io.BufferedWriter name=27>
2019/05/15 11:35:01 :DEBUG:stderr reader: <Thread(Thread-58, initial daemon)>
2019/05/15 11:35:01 :DEBUG:closed output, 4 bytes sent
2019/05/15 11:35:01 :DEBUG:stdout reader: <Thread(Thread-59, initial daemon)>
2019/05/15 11:35:01 :DEBUG:gpg: WARNING: unsafe permissions on homedir '/home/jfk422/Projects/Code/Arcanum/arcanum/gpg'
2019/05/15 11:35:01 :DEBUG:gpg: no valid OpenPGP data found.
2019/05/15 11:35:01 :DEBUG:[GNUPG:] NODATA 1
2019/05/15 11:35:01 :DEBUG:[GNUPG:] NODATA 2
2019/05/15 11:35:01 :DEBUG:[GNUPG:] FAILURE decrypt 4294967295
2019/05/15 11:35:01 :DEBUG:gpg: decrypt_message failed: Unknown system error
2019/05/15 11:35:01 :DEBUG:decrypt result: b''
2019/05/15 11:35:01 :DEBUG:12192: gpg --pinentry-mode loopback --status-fd 2 --no-tty --no-verbose --fixed-list-mode --batch --with-colons --homedir gpg --passphrase-fd 0 --decrypt
2019/05/15 11:35:01 :DEBUG:Wrote passphrase
2019/05/15 11:35:01 :DEBUG:data copier: <Thread(Thread-60, initial daemon)>, <_io.BytesIO object at 0x7f0c8411c048>, <_io.BufferedWriter name=27>
2019/05/15 11:35:01 :DEBUG:closed output, 4 bytes sent
2019/05/15 11:35:01 :DEBUG:stderr reader: <Thread(Thread-61, initial daemon)>
2019/05/15 11:35:01 :DEBUG:stdout reader: <Thread(Thread-62, initial daemon)>
2019/05/15 11:35:01 :DEBUG:gpg: WARNING: unsafe permissions on homedir '/home/jfk422/Projects/Code/Arcanum/arcanum/gpg'
2019/05/15 11:35:01 :DEBUG:gpg: no valid OpenPGP data found.
2019/05/15 11:35:01 :DEBUG:[GNUPG:] NODATA 1
2019/05/15 11:35:01 :DEBUG:[GNUPG:] NODATA 2
2019/05/15 11:35:01 :DEBUG:[GNUPG:] FAILURE decrypt 4294967295
2019/05/15 11:35:01 :DEBUG:gpg: decrypt_message failed: Unknown system error
2019/05/15 11:35:01 :DEBUG:decrypt result: b''
2019/05/15 11:35:01 :DEBUG:12196: gpg --pinentry-mode loopback --status-fd 2 --no-tty --no-verbose --fixed-list-mode --batch --with-colons --homedir gpg --passphrase-fd 0 --decrypt
2019/05/15 11:35:01 :DEBUG:Wrote passphrase
2019/05/15 11:35:01 :DEBUG:data copier: <Thread(Thread-63, initial daemon)>, <_io.BytesIO object at 0x7f0c8411c048>, <_io.BufferedWriter name=27>
2019/05/15 11:35:01 :DEBUG:stderr reader: <Thread(Thread-64, initial daemon)>
2019/05/15 11:35:01 :DEBUG:closed output, 4 bytes sent
2019/05/15 11:35:01 :DEBUG:stdout reader: <Thread(Thread-65, initial daemon)>
2019/05/15 11:35:01 :DEBUG:gpg: WARNING: unsafe permissions on homedir '/home/jfk422/Projects/Code/Arcanum/arcanum/gpg'
2019/05/15 11:35:01 :DEBUG:gpg: no valid OpenPGP data found.
2019/05/15 11:35:01 :DEBUG:[GNUPG:] NODATA 1
2019/05/15 11:35:01 :DEBUG:[GNUPG:] NODATA 2
2019/05/15 11:35:01 :DEBUG:[GNUPG:] FAILURE decrypt 4294967295
2019/05/15 11:35:01 :DEBUG:gpg: decrypt_message failed: Unknown system error
2019/05/15 11:35:01 :DEBUG:decrypt result: b''
