2019/05/15 10:54:35 AM:INFO:Qt version:5.11.1
2019/05/15 10:54:35 AM:INFO:PyQt version:5.11.2
2019/05/15 10:54:35 AM:INFO:SIP version:4.19.7
2019/05/15 10:54:37 :DEBUG:8744: gpg --status-fd 2 --no-tty --no-verbose --fixed-list-mode --batch --with-colons --homedir gpg --version
2019/05/15 10:54:37 :DEBUG:stderr reader: <Thread(Thread-1, initial daemon)>
2019/05/15 10:54:37 :DEBUG:stdout reader: <Thread(Thread-2, initial daemon)>
2019/05/15 10:54:37 :DEBUG:gpg: WARNING: unsafe permissions on homedir '/home/jfk422/Projects/Code/Arcanum/arcanum/gpg'
2019/05/15 10:54:37 :DEBUG:chunk: b'gpg (GnuPG) 2.2.4\nlibgcrypt 1.8.1\nCopyright (C) 2017 Free Software Foundation, Inc.\nLicense GPLv3+: GNU GPL version 3 or later <https://gnu.org/licenses/gpl.html>\nThis is free software: you are free to change and redistribute it.\nThere is NO WARRANTY, to t'
2019/05/15 10:54:37 :INFO:Connection to database established
2019/05/15 10:54:37 :INFO:Created table passTable: 
2019/05/15 10:54:37 :INFO:Created table configs: 
2019/05/15 10:54:37 :INFO:Created table email: 
2019/05/15 10:54:37 :INFO:Created table keys: 
2019/05/15 10:54:37 :INFO:All tables were created/exist!
2019/05/15 10:54:37 :INFO:Getting row: 0 from table: configs
2019/05/15 10:54:37 :INFO:Returning nothing from row 0 from table: configs
2019/05/15 10:54:37 :DEBUG:8747: gpg --pinentry-mode loopback --status-fd 2 --no-tty --no-verbose --fixed-list-mode --batch --with-colons --homedir gpg --passphrase-fd 0 --symmetric --armor
2019/05/15 10:54:37 :DEBUG:Wrote passphrase
2019/05/15 10:54:37 :DEBUG:data copier: <Thread(Thread-3, initial daemon)>, <_io.BytesIO object at 0x7f766684cfc0>, <_io.BufferedWriter name=27>
2019/05/15 10:54:37 :DEBUG:stderr reader: <Thread(Thread-4, initial daemon)>
2019/05/15 10:54:37 :DEBUG:closed output, 16 bytes sent
2019/05/15 10:54:37 :DEBUG:stdout reader: <Thread(Thread-5, initial daemon)>
2019/05/15 10:54:37 :DEBUG:gpg: WARNING: unsafe permissions on homedir '/home/jfk422/Projects/Code/Arcanum/arcanum/gpg'
2019/05/15 10:54:37 :DEBUG:chunk: b'-----BEGIN PGP MESSAGE-----\n\njA0ECQMC7vH5rruyCen/0kUB0/NQrZ7DY2NUdgR+JxTXKDgc3p6pvrFZ6DVCsl8w\nRDvB0ip70C/hAyq682+cD5aB2GL5fmbBY6M1r69DEKjskxAwRNU=\n=+sz9\n-----END PGP MESSAGE-----\n'
2019/05/15 10:54:37 :DEBUG:[GNUPG:] NEED_PASSPHRASE_SYM 9 3 2
2019/05/15 10:54:37 :DEBUG:[GNUPG:] BEGIN_ENCRYPTION 2 9
2019/05/15 10:54:37 :DEBUG:[GNUPG:] END_ENCRYPTION
2019/05/15 10:54:37 :DEBUG:encrypt result: b'-----BEGIN PGP MESSAGE-----\n\njA0ECQMC7vH5rruyCen/0kUB0/NQrZ7DY2NUdgR+JxTXKDgc3p6pvrFZ6DVCsl8w\nRDvB0ip70C/hAyq682+cD5aB2GL5fmbBY6M1r69DEKjskxAwRNU=\n=+sz9\n-----END PGP MESSAGE-----\n'
2019/05/15 10:54:37 :INFO:Inserted data into configs table
2019/05/15 10:54:37 :DEBUG:8752: gpg --pinentry-mode loopback --status-fd 2 --no-tty --no-verbose --fixed-list-mode --batch --with-colons --homedir gpg --passphrase-fd 0 --symmetric --armor
2019/05/15 10:54:37 :DEBUG:Wrote passphrase
2019/05/15 10:54:37 :DEBUG:data copier: <Thread(Thread-6, initial daemon)>, <_io.BytesIO object at 0x7f766684cfc0>, <_io.BufferedWriter name=27>
2019/05/15 10:54:37 :DEBUG:stderr reader: <Thread(Thread-7, initial daemon)>
2019/05/15 10:54:37 :DEBUG:closed output, 4 bytes sent
2019/05/15 10:54:37 :DEBUG:stdout reader: <Thread(Thread-8, initial daemon)>
2019/05/15 10:54:38 :DEBUG:gpg: WARNING: unsafe permissions on homedir '/home/jfk422/Projects/Code/Arcanum/arcanum/gpg'
2019/05/15 10:54:38 :DEBUG:chunk: b'-----BEGIN PGP MESSAGE-----\n\njA0ECQMCpGeugRDDDDz/0jkB2LAMVBtf/8NHaTUL2RNnyfh7+kLtR5tsnCYX07nj\nVrA52+pP3VjbmbOqzJ5DP0TdcjG4Z13lZXQ=\n=jMBn\n-----END PGP MESSAGE-----\n'
2019/05/15 10:54:38 :DEBUG:[GNUPG:] NEED_PASSPHRASE_SYM 9 3 2
2019/05/15 10:54:38 :DEBUG:[GNUPG:] BEGIN_ENCRYPTION 2 9
2019/05/15 10:54:38 :DEBUG:[GNUPG:] END_ENCRYPTION
2019/05/15 10:54:38 :DEBUG:encrypt result: b'-----BEGIN PGP MESSAGE-----\n\njA0ECQMCpGeugRDDDDz/0jkB2LAMVBtf/8NHaTUL2RNnyfh7+kLtR5tsnCYX07nj\nVrA52+pP3VjbmbOqzJ5DP0TdcjG4Z13lZXQ=\n=jMBn\n-----END PGP MESSAGE-----\n'
2019/05/15 10:54:38 :INFO:Inserted data into configs table
2019/05/15 10:54:38 :INFO:Created initial config data
2019/05/15 10:54:38 :INFO:Getting row: 1 from table: configs
2019/05/15 10:54:38 :DEBUG:8757: gpg --pinentry-mode loopback --status-fd 2 --no-tty --no-verbose --fixed-list-mode --batch --with-colons --homedir gpg --passphrase-fd 0 --decrypt
2019/05/15 10:54:38 :DEBUG:Wrote passphrase
2019/05/15 10:54:38 :DEBUG:data copier: <Thread(Thread-9, initial daemon)>, <_io.BytesIO object at 0x7f766684cfc0>, <_io.BufferedWriter name=27>
2019/05/15 10:54:38 :DEBUG:stderr reader: <Thread(Thread-10, initial daemon)>
2019/05/15 10:54:38 :DEBUG:closed output, 4 bytes sent
2019/05/15 10:54:38 :DEBUG:stdout reader: <Thread(Thread-11, initial daemon)>
2019/05/15 10:54:38 :DEBUG:gpg: WARNING: unsafe permissions on homedir '/home/jfk422/Projects/Code/Arcanum/arcanum/gpg'
2019/05/15 10:54:38 :DEBUG:gpg: no valid OpenPGP data found.
2019/05/15 10:54:38 :DEBUG:[GNUPG:] NODATA 1
2019/05/15 10:54:38 :DEBUG:[GNUPG:] NODATA 2
2019/05/15 10:54:38 :DEBUG:[GNUPG:] FAILURE decrypt 4294967295
2019/05/15 10:54:38 :DEBUG:gpg: decrypt_message failed: Unknown system error
2019/05/15 10:54:38 :DEBUG:decrypt result: b''
2019/05/15 10:54:38 :WARNING:Entered wrong decryption password
