2019/05/15 11:16:32 AM:INFO:Qt version:5.11.1
2019/05/15 11:16:32 AM:INFO:PyQt version:5.11.2
2019/05/15 11:16:32 AM:INFO:SIP version:4.19.7
2019/05/15 11:16:33 :DEBUG:10612: gpg --status-fd 2 --no-tty --no-verbose --fixed-list-mode --batch --with-colons --homedir gpg --version
2019/05/15 11:16:33 :DEBUG:stderr reader: <Thread(Thread-1, initial daemon)>
2019/05/15 11:16:33 :DEBUG:stdout reader: <Thread(Thread-2, initial daemon)>
2019/05/15 11:16:33 :DEBUG:gpg: WARNING: unsafe permissions on homedir '/home/jfk422/Projects/Code/Arcanum/arcanum/gpg'
2019/05/15 11:16:33 :DEBUG:chunk: b'gpg (GnuPG) 2.2.4\nlibgcrypt 1.8.1\nCopyright (C) 2017 Free Software Foundation, Inc.\nLicense GPLv3+: GNU GPL version 3 or later <https://gnu.org/licenses/gpl.html>\nThis is free software: you are free to change and redistribute it.\nThere is NO WARRANTY, to t'
2019/05/15 11:16:33 :INFO:Connection to database established
2019/05/15 11:16:33 :INFO:Created table passTable: 
2019/05/15 11:16:33 :INFO:Created table configs: 
2019/05/15 11:16:33 :INFO:Created table email: 
2019/05/15 11:16:33 :INFO:Created table keys: 
2019/05/15 11:16:33 :INFO:All tables were created/exist!
2019/05/15 11:16:33 :INFO:Getting row: 1 from table: configs
2019/05/15 11:16:33 :INFO:Getting row: 1 from table: configs
2019/05/15 11:16:33 :DEBUG:10617: gpg --pinentry-mode loopback --status-fd 2 --no-tty --no-verbose --fixed-list-mode --batch --with-colons --homedir gpg --passphrase-fd 0 --decrypt
2019/05/15 11:16:33 :DEBUG:Wrote passphrase
2019/05/15 11:16:33 :DEBUG:data copier: <Thread(Thread-3, initial daemon)>, <_io.BytesIO object at 0x7fc39f7ca048>, <_io.BufferedWriter name=27>
2019/05/15 11:16:33 :DEBUG:stderr reader: <Thread(Thread-4, initial daemon)>
2019/05/15 11:16:33 :DEBUG:closed output, 179 bytes sent
2019/05/15 11:16:33 :DEBUG:stdout reader: <Thread(Thread-5, initial daemon)>
2019/05/15 11:16:34 :DEBUG:gpg: WARNING: unsafe permissions on homedir '/home/jfk422/Projects/Code/Arcanum/arcanum/gpg'
2019/05/15 11:16:34 :DEBUG:gpg: AES256 encrypted data
2019/05/15 11:16:34 :DEBUG:chunk: b'OQwAjBBLVkeaWCEs'
2019/05/15 11:16:34 :DEBUG:[GNUPG:] NEED_PASSPHRASE_SYM 9 3 2
2019/05/15 11:16:34 :DEBUG:gpg: encrypted with 1 passphrase
2019/05/15 11:16:34 :DEBUG:[GNUPG:] BEGIN_DECRYPTION
2019/05/15 11:16:34 :DEBUG:[GNUPG:] DECRYPTION_COMPLIANCE_MODE 23
2019/05/15 11:16:34 :DEBUG:message ignored: DECRYPTION_COMPLIANCE_MODE, 23
2019/05/15 11:16:34 :DEBUG:[GNUPG:] DECRYPTION_INFO 2 9
2019/05/15 11:16:34 :DEBUG:[GNUPG:] PLAINTEXT 62 1557911496
2019/05/15 11:16:34 :DEBUG:[GNUPG:] PLAINTEXT_LENGTH 16
2019/05/15 11:16:34 :DEBUG:[GNUPG:] DECRYPTION_OKAY
2019/05/15 11:16:34 :DEBUG:[GNUPG:] GOODMDC
2019/05/15 11:16:34 :DEBUG:[GNUPG:] END_DECRYPTION
2019/05/15 11:16:34 :DEBUG:decrypt result: b'OQwAjBBLVkeaWCEs'
2019/05/15 11:16:34 :INFO:Getting everything from passTable
2019/05/15 11:16:34 :INFO:No passwords present
2019/05/15 11:16:34 :INFO:Getting everything from email
2019/05/15 11:16:34 :DEBUG:10621: gpg --pinentry-mode loopback --status-fd 2 --no-tty --no-verbose --fixed-list-mode --batch --with-colons --homedir gpg --passphrase-fd 0 --decrypt
2019/05/15 11:16:34 :DEBUG:Wrote passphrase
2019/05/15 11:16:34 :DEBUG:data copier: <Thread(Thread-6, initial daemon)>, <_io.BytesIO object at 0x7fc39f7cf0f8>, <_io.BufferedWriter name=27>
2019/05/15 11:16:34 :DEBUG:stderr reader: <Thread(Thread-7, initial daemon)>
2019/05/15 11:16:34 :DEBUG:closed output, 163 bytes sent
2019/05/15 11:16:34 :DEBUG:stdout reader: <Thread(Thread-8, initial daemon)>
2019/05/15 11:16:34 :DEBUG:gpg: WARNING: unsafe permissions on homedir '/home/jfk422/Projects/Code/Arcanum/arcanum/gpg'
2019/05/15 11:16:34 :DEBUG:gpg: AES256 encrypted data
2019/05/15 11:16:34 :DEBUG:[GNUPG:] NEED_PASSPHRASE_SYM 9 3 2
2019/05/15 11:16:34 :DEBUG:gpg: encrypted with 1 passphrase
2019/05/15 11:16:34 :DEBUG:chunk: b'None'
2019/05/15 11:16:34 :DEBUG:[GNUPG:] BEGIN_DECRYPTION
2019/05/15 11:16:34 :DEBUG:[GNUPG:] DECRYPTION_COMPLIANCE_MODE 23
2019/05/15 11:16:34 :DEBUG:message ignored: DECRYPTION_COMPLIANCE_MODE, 23
2019/05/15 11:16:34 :DEBUG:[GNUPG:] DECRYPTION_INFO 2 9
2019/05/15 11:16:34 :DEBUG:[GNUPG:] PLAINTEXT 62 1557911497
2019/05/15 11:16:34 :DEBUG:[GNUPG:] PLAINTEXT_LENGTH 4
2019/05/15 11:16:34 :DEBUG:[GNUPG:] DECRYPTION_OKAY
2019/05/15 11:16:34 :DEBUG:[GNUPG:] GOODMDC
2019/05/15 11:16:34 :DEBUG:[GNUPG:] END_DECRYPTION
2019/05/15 11:16:34 :DEBUG:decrypt result: b'None'
2019/05/15 11:20:36 :INFO:Getting everything from configs
2019/05/15 11:20:40 :INFO:Getting everything from passTable
2019/05/15 11:20:40 :INFO:No passwords present
2019/05/15 11:20:40 :INFO:Getting everything from email
2019/05/15 11:20:40 :DEBUG:10904: gpg --pinentry-mode loopback --status-fd 2 --no-tty --no-verbose --fixed-list-mode --batch --with-colons --homedir gpg --passphrase-fd 0 --decrypt
2019/05/15 11:20:40 :DEBUG:Wrote passphrase
2019/05/15 11:20:40 :DEBUG:data copier: <Thread(Thread-9, initial daemon)>, <_io.BytesIO object at 0x7fc39f7cf0a0>, <_io.BufferedWriter name=27>
2019/05/15 11:20:40 :DEBUG:stderr reader: <Thread(Thread-10, initial daemon)>
2019/05/15 11:20:40 :DEBUG:closed output, 163 bytes sent
2019/05/15 11:20:40 :DEBUG:stdout reader: <Thread(Thread-11, initial daemon)>
2019/05/15 11:20:40 :DEBUG:gpg: WARNING: unsafe permissions on homedir '/home/jfk422/Projects/Code/Arcanum/arcanum/gpg'
2019/05/15 11:20:40 :DEBUG:gpg: AES256 encrypted data
2019/05/15 11:20:40 :DEBUG:chunk: b'None'
2019/05/15 11:20:40 :DEBUG:[GNUPG:] NEED_PASSPHRASE_SYM 9 3 2
2019/05/15 11:20:40 :DEBUG:gpg: encrypted with 1 passphrase
2019/05/15 11:20:40 :DEBUG:[GNUPG:] BEGIN_DECRYPTION
2019/05/15 11:20:40 :DEBUG:[GNUPG:] DECRYPTION_COMPLIANCE_MODE 23
2019/05/15 11:20:40 :DEBUG:message ignored: DECRYPTION_COMPLIANCE_MODE, 23
2019/05/15 11:20:40 :DEBUG:[GNUPG:] DECRYPTION_INFO 2 9
2019/05/15 11:20:40 :DEBUG:[GNUPG:] PLAINTEXT 62 1557911497
2019/05/15 11:20:40 :DEBUG:[GNUPG:] PLAINTEXT_LENGTH 4
2019/05/15 11:20:40 :DEBUG:[GNUPG:] DECRYPTION_OKAY
2019/05/15 11:20:40 :DEBUG:[GNUPG:] GOODMDC
2019/05/15 11:20:40 :DEBUG:[GNUPG:] END_DECRYPTION
2019/05/15 11:20:40 :DEBUG:decrypt result: b'None'
2019/05/15 11:21:35 :INFO:Getting everything from email
2019/05/15 11:21:35 :DEBUG:10971: gpg --pinentry-mode loopback --status-fd 2 --no-tty --no-verbose --fixed-list-mode --batch --with-colons --homedir gpg --passphrase-fd 0 --symmetric --armor
2019/05/15 11:21:35 :DEBUG:Wrote passphrase
2019/05/15 11:21:35 :DEBUG:data copier: <Thread(Thread-12, initial daemon)>, <_io.BytesIO object at 0x7fc39f7cf150>, <_io.BufferedWriter name=27>
2019/05/15 11:21:35 :DEBUG:stderr reader: <Thread(Thread-13, initial daemon)>
2019/05/15 11:21:35 :DEBUG:closed output, 13 bytes sent
2019/05/15 11:21:35 :DEBUG:stdout reader: <Thread(Thread-14, initial daemon)>
2019/05/15 11:21:35 :DEBUG:chunk: b'-----BEGIN PGP MESSAGE-----\n\njA0ECQMCG3Fj8y4chf//0kABJspe0KnwsfOc9PpYmrTxc8MRvzUyNCG1gii1CsXy\nE/4+mctz4QGgv859x2etD4YPgXVjWF6kcUjUQzNClaV/\n=iZHx\n-----END PGP MESSAGE-----\n'
2019/05/15 11:21:35 :DEBUG:gpg: WARNING: unsafe permissions on homedir '/home/jfk422/Projects/Code/Arcanum/arcanum/gpg'
2019/05/15 11:21:35 :DEBUG:[GNUPG:] NEED_PASSPHRASE_SYM 9 3 2
2019/05/15 11:21:35 :DEBUG:[GNUPG:] BEGIN_ENCRYPTION 2 9
2019/05/15 11:21:35 :DEBUG:[GNUPG:] END_ENCRYPTION
2019/05/15 11:21:35 :DEBUG:encrypt result: b'-----BEGIN PGP MESSAGE-----\n\njA0ECQMCG3Fj8y4chf//0kABJspe0KnwsfOc9PpYmrTxc8MRvzUyNCG1gii1CsXy\nE/4+mctz4QGgv859x2etD4YPgXVjWF6kcUjUQzNClaV/\n=iZHx\n-----END PGP MESSAGE-----\n'
2019/05/15 11:21:35 :DEBUG:10976: gpg --pinentry-mode loopback --status-fd 2 --no-tty --no-verbose --fixed-list-mode --batch --with-colons --homedir gpg --passphrase-fd 0 --symmetric --armor
2019/05/15 11:21:35 :DEBUG:Wrote passphrase
2019/05/15 11:21:35 :DEBUG:data copier: <Thread(Thread-15, initial daemon)>, <_io.BytesIO object at 0x7fc39f7cf150>, <_io.BufferedWriter name=27>
2019/05/15 11:21:35 :DEBUG:stderr reader: <Thread(Thread-16, initial daemon)>
2019/05/15 11:21:35 :DEBUG:closed output, 4 bytes sent
2019/05/15 11:21:35 :DEBUG:stdout reader: <Thread(Thread-17, initial daemon)>
2019/05/15 11:21:36 :DEBUG:gpg: WARNING: unsafe permissions on homedir '/home/jfk422/Projects/Code/Arcanum/arcanum/gpg'
2019/05/15 11:21:36 :DEBUG:chunk: b'-----BEGIN PGP MESSAGE-----\n\njA0ECQMCa/uKM8Vx2br/0jkBARrTHuIqJJBK7ZbSjoVD8sobTgjAi5UYwJZRvSP1\nyk+s4x37gWjU7SOE5eV6g9wC930tA75JW1k=\n=0EJC\n-----END PGP MESSAGE-----\n'
2019/05/15 11:21:36 :DEBUG:[GNUPG:] NEED_PASSPHRASE_SYM 9 3 2
2019/05/15 11:21:36 :DEBUG:[GNUPG:] BEGIN_ENCRYPTION 2 9
2019/05/15 11:21:36 :DEBUG:[GNUPG:] END_ENCRYPTION
2019/05/15 11:21:36 :DEBUG:encrypt result: b'-----BEGIN PGP MESSAGE-----\n\njA0ECQMCa/uKM8Vx2br/0jkBARrTHuIqJJBK7ZbSjoVD8sobTgjAi5UYwJZRvSP1\nyk+s4x37gWjU7SOE5eV6g9wC930tA75JW1k=\n=0EJC\n-----END PGP MESSAGE-----\n'
2019/05/15 11:21:36 :DEBUG:10981: gpg --pinentry-mode loopback --status-fd 2 --no-tty --no-verbose --fixed-list-mode --batch --with-colons --homedir gpg --passphrase-fd 0 --symmetric --armor
2019/05/15 11:21:36 :DEBUG:Wrote passphrase
2019/05/15 11:21:36 :DEBUG:data copier: <Thread(Thread-18, initial daemon)>, <_io.BytesIO object at 0x7fc39f7cf150>, <_io.BufferedWriter name=27>
2019/05/15 11:21:36 :DEBUG:stderr reader: <Thread(Thread-19, initial daemon)>
2019/05/15 11:21:36 :DEBUG:closed output, 16 bytes sent
2019/05/15 11:21:36 :DEBUG:stdout reader: <Thread(Thread-20, initial daemon)>
2019/05/15 11:21:36 :DEBUG:gpg: WARNING: unsafe permissions on homedir '/home/jfk422/Projects/Code/Arcanum/arcanum/gpg'
2019/05/15 11:21:36 :DEBUG:chunk: b'-----BEGIN PGP MESSAGE-----\n\njA0ECQMCJS9BF/PN2i3/0kUBMtrjbsAEwrlDYcghmzX/tCxEgNRooMnHepZQkV66\nFVWKH1/MpbbkOAQQa5YGDm0M/8yoHWu+NS2uKTt4wU/Hox5brtc=\n=HG8o\n-----END PGP MESSAGE-----\n'
2019/05/15 11:21:36 :DEBUG:[GNUPG:] NEED_PASSPHRASE_SYM 9 3 2
2019/05/15 11:21:36 :DEBUG:[GNUPG:] BEGIN_ENCRYPTION 2 9
2019/05/15 11:21:36 :DEBUG:[GNUPG:] END_ENCRYPTION
2019/05/15 11:21:36 :DEBUG:encrypt result: b'-----BEGIN PGP MESSAGE-----\n\njA0ECQMCJS9BF/PN2i3/0kUBMtrjbsAEwrlDYcghmzX/tCxEgNRooMnHepZQkV66\nFVWKH1/MpbbkOAQQa5YGDm0M/8yoHWu+NS2uKTt4wU/Hox5brtc=\n=HG8o\n-----END PGP MESSAGE-----\n'
2019/05/15 11:21:36 :DEBUG:10986: gpg --pinentry-mode loopback --status-fd 2 --no-tty --no-verbose --fixed-list-mode --batch --with-colons --homedir gpg --passphrase-fd 0 --symmetric --armor
2019/05/15 11:21:36 :DEBUG:Wrote passphrase
2019/05/15 11:21:36 :DEBUG:data copier: <Thread(Thread-21, initial daemon)>, <_io.BytesIO object at 0x7fc39f7cf150>, <_io.BufferedWriter name=27>
2019/05/15 11:21:36 :DEBUG:stderr reader: <Thread(Thread-22, initial daemon)>
2019/05/15 11:21:36 :DEBUG:closed output, 4 bytes sent
2019/05/15 11:21:36 :DEBUG:stdout reader: <Thread(Thread-23, initial daemon)>
2019/05/15 11:21:36 :DEBUG:gpg: WARNING: unsafe permissions on homedir '/home/jfk422/Projects/Code/Arcanum/arcanum/gpg'
2019/05/15 11:21:36 :DEBUG:chunk: b'-----BEGIN PGP MESSAGE-----\n\njA0ECQMCBJeSGDJi5N//0jkBUwerVNt3DH/GShSyEbrgcCdQVAbm6RVTLutSmGtG\nWNg2fxyUAtXEV1+xsRWqhYMX3RDNH8ugoCM=\n=bN2J\n-----END PGP MESSAGE-----\n'
2019/05/15 11:21:36 :DEBUG:[GNUPG:] NEED_PASSPHRASE_SYM 9 3 2
2019/05/15 11:21:36 :DEBUG:[GNUPG:] BEGIN_ENCRYPTION 2 9
2019/05/15 11:21:36 :DEBUG:[GNUPG:] END_ENCRYPTION
2019/05/15 11:21:36 :DEBUG:encrypt result: b'-----BEGIN PGP MESSAGE-----\n\njA0ECQMCBJeSGDJi5N//0jkBUwerVNt3DH/GShSyEbrgcCdQVAbm6RVTLutSmGtG\nWNg2fxyUAtXEV1+xsRWqhYMX3RDNH8ugoCM=\n=bN2J\n-----END PGP MESSAGE-----\n'
2019/05/15 11:21:36 :INFO:Password is being inserted
2019/05/15 11:21:37 :INFO:Inserted data into passwords table
2019/05/15 11:21:37 :INFO:Getting everything from passTable
2019/05/15 11:21:37 :DEBUG:10993: gpg --pinentry-mode loopback --status-fd 2 --no-tty --no-verbose --fixed-list-mode --batch --with-colons --homedir gpg --passphrase-fd 0 --decrypt
2019/05/15 11:21:37 :DEBUG:Wrote passphrase
2019/05/15 11:21:37 :DEBUG:data copier: <Thread(Thread-24, initial daemon)>, <_io.BytesIO object at 0x7fc39f7cf1a8>, <_io.BufferedWriter name=27>
2019/05/15 11:21:37 :DEBUG:stderr reader: <Thread(Thread-25, initial daemon)>
2019/05/15 11:21:37 :DEBUG:closed output, 1 bytes sent
2019/05/15 11:21:37 :DEBUG:stdout reader: <Thread(Thread-26, initial daemon)>
2019/05/15 11:21:37 :DEBUG:gpg: WARNING: unsafe permissions on homedir '/home/jfk422/Projects/Code/Arcanum/arcanum/gpg'
2019/05/15 11:21:37 :DEBUG:gpg: [don't know]: invalid packet (ctb=31)
2019/05/15 11:21:37 :DEBUG:[GNUPG:] NODATA 3
2019/05/15 11:21:37 :DEBUG:decrypt result: b''
2019/05/15 11:21:37 :DEBUG:10997: gpg --pinentry-mode loopback --status-fd 2 --no-tty --no-verbose --fixed-list-mode --batch --with-colons --homedir gpg --passphrase-fd 0 --decrypt
2019/05/15 11:21:37 :DEBUG:Wrote passphrase
2019/05/15 11:21:37 :DEBUG:data copier: <Thread(Thread-27, initial daemon)>, <_io.BytesIO object at 0x7fc39f7cf1a8>, <_io.BufferedWriter name=27>
2019/05/15 11:21:37 :DEBUG:closed output, 163 bytes sent
2019/05/15 11:21:37 :DEBUG:stderr reader: <Thread(Thread-28, initial daemon)>
2019/05/15 11:21:37 :DEBUG:stdout reader: <Thread(Thread-29, initial daemon)>
2019/05/15 11:21:37 :DEBUG:gpg: WARNING: unsafe permissions on homedir '/home/jfk422/Projects/Code/Arcanum/arcanum/gpg'
2019/05/15 11:21:37 :DEBUG:gpg: AES256 encrypted data
2019/05/15 11:21:37 :DEBUG:chunk: b'test'
2019/05/15 11:21:37 :DEBUG:[GNUPG:] NEED_PASSPHRASE_SYM 9 3 2
2019/05/15 11:21:37 :DEBUG:gpg: encrypted with 1 passphrase
2019/05/15 11:21:37 :DEBUG:[GNUPG:] BEGIN_DECRYPTION
2019/05/15 11:21:37 :DEBUG:[GNUPG:] DECRYPTION_COMPLIANCE_MODE 23
2019/05/15 11:21:37 :DEBUG:message ignored: DECRYPTION_COMPLIANCE_MODE, 23
2019/05/15 11:21:37 :DEBUG:[GNUPG:] DECRYPTION_INFO 2 9
2019/05/15 11:21:37 :DEBUG:[GNUPG:] PLAINTEXT 62 1557912096
2019/05/15 11:21:37 :DEBUG:[GNUPG:] PLAINTEXT_LENGTH 4
2019/05/15 11:21:37 :DEBUG:[GNUPG:] DECRYPTION_OKAY
2019/05/15 11:21:37 :DEBUG:[GNUPG:] GOODMDC
2019/05/15 11:21:37 :DEBUG:[GNUPG:] END_DECRYPTION
2019/05/15 11:21:37 :DEBUG:decrypt result: b'test'
2019/05/15 11:21:37 :DEBUG:11001: gpg --pinentry-mode loopback --status-fd 2 --no-tty --no-verbose --fixed-list-mode --batch --with-colons --homedir gpg --passphrase-fd 0 --decrypt
2019/05/15 11:21:37 :DEBUG:Wrote passphrase
2019/05/15 11:21:37 :DEBUG:data copier: <Thread(Thread-30, initial daemon)>, <_io.BytesIO object at 0x7fc39f7cf1a8>, <_io.BufferedWriter name=27>
2019/05/15 11:21:37 :DEBUG:stderr reader: <Thread(Thread-31, initial daemon)>
2019/05/15 11:21:37 :DEBUG:closed output, 26 bytes sent
2019/05/15 11:21:37 :DEBUG:stdout reader: <Thread(Thread-32, initial daemon)>
2019/05/15 11:21:37 :DEBUG:gpg: WARNING: unsafe permissions on homedir '/home/jfk422/Projects/Code/Arcanum/arcanum/gpg'
2019/05/15 11:21:37 :DEBUG:gpg: no valid OpenPGP data found.
2019/05/15 11:21:37 :DEBUG:[GNUPG:] NODATA 1
2019/05/15 11:21:37 :DEBUG:[GNUPG:] NODATA 2
2019/05/15 11:21:37 :DEBUG:[GNUPG:] FAILURE decrypt 4294967295
2019/05/15 11:21:37 :DEBUG:gpg: decrypt_message failed: Unknown system error
2019/05/15 11:21:37 :DEBUG:decrypt result: b''
2019/05/15 11:21:37 :DEBUG:11005: gpg --pinentry-mode loopback --status-fd 2 --no-tty --no-verbose --fixed-list-mode --batch --with-colons --homedir gpg --passphrase-fd 0 --decrypt
2019/05/15 11:21:37 :DEBUG:Wrote passphrase
2019/05/15 11:21:37 :DEBUG:data copier: <Thread(Thread-33, initial daemon)>, <_io.BytesIO object at 0x7fc39f7cf1a8>, <_io.BufferedWriter name=27>
2019/05/15 11:21:37 :DEBUG:stderr reader: <Thread(Thread-34, initial daemon)>
2019/05/15 11:21:37 :DEBUG:closed output, 4 bytes sent
2019/05/15 11:21:37 :DEBUG:stdout reader: <Thread(Thread-35, initial daemon)>
2019/05/15 11:21:37 :DEBUG:gpg: WARNING: unsafe permissions on homedir '/home/jfk422/Projects/Code/Arcanum/arcanum/gpg'
2019/05/15 11:21:37 :DEBUG:gpg: no valid OpenPGP data found.
2019/05/15 11:21:37 :DEBUG:[GNUPG:] NODATA 1
2019/05/15 11:21:37 :DEBUG:[GNUPG:] NODATA 2
2019/05/15 11:21:37 :DEBUG:[GNUPG:] FAILURE decrypt 4294967295
2019/05/15 11:21:37 :DEBUG:gpg: decrypt_message failed: Unknown system error
2019/05/15 11:21:37 :DEBUG:decrypt result: b''
2019/05/15 11:21:37 :DEBUG:11009: gpg --pinentry-mode loopback --status-fd 2 --no-tty --no-verbose --fixed-list-mode --batch --with-colons --homedir gpg --passphrase-fd 0 --decrypt
2019/05/15 11:21:37 :DEBUG:Wrote passphrase
2019/05/15 11:21:37 :DEBUG:data copier: <Thread(Thread-36, initial daemon)>, <_io.BytesIO object at 0x7fc39f7cf1a8>, <_io.BufferedWriter name=27>
2019/05/15 11:21:37 :DEBUG:closed output, 13 bytes sent
2019/05/15 11:21:37 :DEBUG:stderr reader: <Thread(Thread-37, initial daemon)>
2019/05/15 11:21:37 :DEBUG:stdout reader: <Thread(Thread-38, initial daemon)>
2019/05/15 11:21:37 :DEBUG:gpg: WARNING: unsafe permissions on homedir '/home/jfk422/Projects/Code/Arcanum/arcanum/gpg'
2019/05/15 11:21:37 :DEBUG:gpg: no valid OpenPGP data found.
2019/05/15 11:21:37 :DEBUG:[GNUPG:] NODATA 1
2019/05/15 11:21:37 :DEBUG:[GNUPG:] NODATA 2
2019/05/15 11:21:37 :DEBUG:[GNUPG:] FAILURE decrypt 4294967295
2019/05/15 11:21:37 :DEBUG:gpg: decrypt_message failed: Unknown system error
2019/05/15 11:21:37 :DEBUG:decrypt result: b''
2019/05/15 11:21:37 :DEBUG:11013: gpg --pinentry-mode loopback --status-fd 2 --no-tty --no-verbose --fixed-list-mode --batch --with-colons --homedir gpg --passphrase-fd 0 --decrypt
2019/05/15 11:21:37 :DEBUG:Wrote passphrase
2019/05/15 11:21:37 :DEBUG:data copier: <Thread(Thread-39, initial daemon)>, <_io.BytesIO object at 0x7fc39f7cf1a8>, <_io.BufferedWriter name=27>
2019/05/15 11:21:37 :DEBUG:stderr reader: <Thread(Thread-40, initial daemon)>
2019/05/15 11:21:37 :DEBUG:closed output, 4 bytes sent
2019/05/15 11:21:37 :DEBUG:stdout reader: <Thread(Thread-41, initial daemon)>
2019/05/15 11:21:37 :DEBUG:gpg: WARNING: unsafe permissions on homedir '/home/jfk422/Projects/Code/Arcanum/arcanum/gpg'
2019/05/15 11:21:37 :DEBUG:gpg: no valid OpenPGP data found.
2019/05/15 11:21:37 :DEBUG:[GNUPG:] NODATA 1
2019/05/15 11:21:37 :DEBUG:[GNUPG:] NODATA 2
2019/05/15 11:21:37 :DEBUG:[GNUPG:] FAILURE decrypt 4294967295
2019/05/15 11:21:37 :DEBUG:gpg: decrypt_message failed: Unknown system error
2019/05/15 11:21:37 :DEBUG:decrypt result: b''
2019/05/15 11:21:37 :DEBUG:11017: gpg --pinentry-mode loopback --status-fd 2 --no-tty --no-verbose --fixed-list-mode --batch --with-colons --homedir gpg --passphrase-fd 0 --decrypt
2019/05/15 11:21:37 :DEBUG:Wrote passphrase
2019/05/15 11:21:37 :DEBUG:data copier: <Thread(Thread-42, initial daemon)>, <_io.BytesIO object at 0x7fc39f7cf1a8>, <_io.BufferedWriter name=27>
2019/05/15 11:21:37 :DEBUG:stderr reader: <Thread(Thread-43, initial daemon)>
2019/05/15 11:21:37 :DEBUG:closed output, 4 bytes sent
2019/05/15 11:21:37 :DEBUG:stdout reader: <Thread(Thread-44, initial daemon)>
2019/05/15 11:21:37 :DEBUG:gpg: WARNING: unsafe permissions on homedir '/home/jfk422/Projects/Code/Arcanum/arcanum/gpg'
2019/05/15 11:21:37 :DEBUG:gpg: no valid OpenPGP data found.
2019/05/15 11:21:37 :DEBUG:[GNUPG:] NODATA 1
2019/05/15 11:21:37 :DEBUG:[GNUPG:] NODATA 2
2019/05/15 11:21:37 :DEBUG:[GNUPG:] FAILURE decrypt 4294967295
2019/05/15 11:21:37 :DEBUG:gpg: decrypt_message failed: Unknown system error
2019/05/15 11:21:37 :DEBUG:decrypt result: b''
2019/05/15 11:21:37 :DEBUG:11021: gpg --pinentry-mode loopback --status-fd 2 --no-tty --no-verbose --fixed-list-mode --batch --with-colons --homedir gpg --passphrase-fd 0 --decrypt
2019/05/15 11:21:37 :DEBUG:Wrote passphrase
2019/05/15 11:21:37 :DEBUG:data copier: <Thread(Thread-45, initial daemon)>, <_io.BytesIO object at 0x7fc39f7cf1a8>, <_io.BufferedWriter name=27>
2019/05/15 11:21:37 :DEBUG:closed output, 4 bytes sent
2019/05/15 11:21:37 :DEBUG:stderr reader: <Thread(Thread-46, initial daemon)>
2019/05/15 11:21:37 :DEBUG:stdout reader: <Thread(Thread-47, initial daemon)>
2019/05/15 11:21:37 :DEBUG:gpg: WARNING: unsafe permissions on homedir '/home/jfk422/Projects/Code/Arcanum/arcanum/gpg'
2019/05/15 11:21:37 :DEBUG:gpg: no valid OpenPGP data found.
2019/05/15 11:21:37 :DEBUG:[GNUPG:] NODATA 1
2019/05/15 11:21:37 :DEBUG:[GNUPG:] NODATA 2
2019/05/15 11:21:37 :DEBUG:[GNUPG:] FAILURE decrypt 4294967295
2019/05/15 11:21:37 :DEBUG:gpg: decrypt_message failed: Unknown system error
2019/05/15 11:21:37 :DEBUG:decrypt result: b''
