2019/05/15 11:43:04 AM:INFO:Qt version:5.11.1
2019/05/15 11:43:04 AM:INFO:PyQt version:5.11.2
2019/05/15 11:43:04 AM:INFO:SIP version:4.19.7
2019/05/15 11:43:05 :DEBUG:13170: gpg --status-fd 2 --no-tty --no-verbose --fixed-list-mode --batch --with-colons --homedir gpg --version
2019/05/15 11:43:05 :DEBUG:stderr reader: <Thread(Thread-1, initial daemon)>
2019/05/15 11:43:05 :DEBUG:stdout reader: <Thread(Thread-2, initial daemon)>
2019/05/15 11:43:05 :DEBUG:gpg: WARNING: unsafe permissions on homedir '/home/jfk422/Projects/Code/Arcanum/arcanum/gpg'
2019/05/15 11:43:05 :DEBUG:chunk: b'gpg (GnuPG) 2.2.4\nlibgcrypt 1.8.1\nCopyright (C) 2017 Free Software Foundation, Inc.\nLicense GPLv3+: GNU GPL version 3 or later <https://gnu.org/licenses/gpl.html>\nThis is free software: you are free to change and redistribute it.\nThere is NO WARRANTY, to t'
2019/05/15 11:43:05 :INFO:Connection to database established
2019/05/15 11:43:05 :INFO:Created table passTable: 
2019/05/15 11:43:05 :INFO:Created table configs: 
2019/05/15 11:43:05 :INFO:Created table email: 
2019/05/15 11:43:05 :INFO:Created table keys: 
2019/05/15 11:43:05 :INFO:All tables were created/exist!
2019/05/15 11:43:05 :INFO:Getting row: 1 from table: configs
2019/05/15 11:43:05 :INFO:Returning nothing from row 1 from table: configs
2019/05/15 11:43:05 :DEBUG:13173: gpg --pinentry-mode loopback --status-fd 2 --no-tty --no-verbose --fixed-list-mode --batch --with-colons --homedir gpg --passphrase-fd 0 --symmetric --armor
2019/05/15 11:43:05 :DEBUG:Wrote passphrase
2019/05/15 11:43:05 :DEBUG:data copier: <Thread(Thread-3, initial daemon)>, <_io.BytesIO object at 0x7ff1b81b0048>, <_io.BufferedWriter name=27>
2019/05/15 11:43:05 :DEBUG:stderr reader: <Thread(Thread-4, initial daemon)>
2019/05/15 11:43:05 :DEBUG:closed output, 16 bytes sent
2019/05/15 11:43:05 :DEBUG:stdout reader: <Thread(Thread-5, initial daemon)>
2019/05/15 11:43:05 :DEBUG:chunk: b'-----BEGIN PGP MESSAGE-----\n\njA0ECQMCcX24L5nb9NH/0kUB0FxrFxt/JTxOscWbLuYRAScQ4eXs9/kL6g6zfsQ9\n8KLoi/rgldKu4XhP9HQdS2zar1cdYcFRg9UmPtyyJGC+uyGDpoE=\n=HTcu\n-----END PGP MESSAGE-----\n'
2019/05/15 11:43:05 :DEBUG:gpg: WARNING: unsafe permissions on homedir '/home/jfk422/Projects/Code/Arcanum/arcanum/gpg'
2019/05/15 11:43:05 :DEBUG:[GNUPG:] NEED_PASSPHRASE_SYM 9 3 2
2019/05/15 11:43:05 :DEBUG:[GNUPG:] BEGIN_ENCRYPTION 2 9
2019/05/15 11:43:05 :DEBUG:[GNUPG:] END_ENCRYPTION
2019/05/15 11:43:05 :DEBUG:encrypt result: b'-----BEGIN PGP MESSAGE-----\n\njA0ECQMCcX24L5nb9NH/0kUB0FxrFxt/JTxOscWbLuYRAScQ4eXs9/kL6g6zfsQ9\n8KLoi/rgldKu4XhP9HQdS2zar1cdYcFRg9UmPtyyJGC+uyGDpoE=\n=HTcu\n-----END PGP MESSAGE-----\n'
2019/05/15 11:43:05 :INFO:Inserted data into configs table
2019/05/15 11:43:05 :DEBUG:13178: gpg --pinentry-mode loopback --status-fd 2 --no-tty --no-verbose --fixed-list-mode --batch --with-colons --homedir gpg --passphrase-fd 0 --symmetric --armor
2019/05/15 11:43:05 :DEBUG:Wrote passphrase
2019/05/15 11:43:05 :DEBUG:data copier: <Thread(Thread-6, initial daemon)>, <_io.BytesIO object at 0x7ff1b81b0048>, <_io.BufferedWriter name=27>
2019/05/15 11:43:05 :DEBUG:stderr reader: <Thread(Thread-7, initial daemon)>
2019/05/15 11:43:05 :DEBUG:closed output, 4 bytes sent
2019/05/15 11:43:05 :DEBUG:stdout reader: <Thread(Thread-8, initial daemon)>
2019/05/15 11:43:06 :DEBUG:gpg: WARNING: unsafe permissions on homedir '/home/jfk422/Projects/Code/Arcanum/arcanum/gpg'
2019/05/15 11:43:06 :DEBUG:chunk: b'-----BEGIN PGP MESSAGE-----\n\njA0ECQMCHZp08ZHlaif/0jkB00lMEnRokEyY5iiUULnaNYZiYjdaFxjykBrdrTlV\n5J/45wa8C3cZOIuapIpKT9zDoLK03x6R3jc=\n=S4Tz\n-----END PGP MESSAGE-----\n'
2019/05/15 11:43:06 :DEBUG:[GNUPG:] NEED_PASSPHRASE_SYM 9 3 2
2019/05/15 11:43:06 :DEBUG:[GNUPG:] BEGIN_ENCRYPTION 2 9
2019/05/15 11:43:06 :DEBUG:[GNUPG:] END_ENCRYPTION
2019/05/15 11:43:06 :DEBUG:encrypt result: b'-----BEGIN PGP MESSAGE-----\n\njA0ECQMCHZp08ZHlaif/0jkB00lMEnRokEyY5iiUULnaNYZiYjdaFxjykBrdrTlV\n5J/45wa8C3cZOIuapIpKT9zDoLK03x6R3jc=\n=S4Tz\n-----END PGP MESSAGE-----\n'
2019/05/15 11:43:06 :INFO:Inserted data into email table
2019/05/15 11:43:06 :INFO:Created initial config data
2019/05/15 11:43:06 :INFO:Getting row: 1 from table: configs
2019/05/15 11:43:06 :DEBUG:13183: gpg --pinentry-mode loopback --status-fd 2 --no-tty --no-verbose --fixed-list-mode --batch --with-colons --homedir gpg --passphrase-fd 0 --decrypt
2019/05/15 11:43:06 :DEBUG:Wrote passphrase
2019/05/15 11:43:06 :DEBUG:data copier: <Thread(Thread-9, initial daemon)>, <_io.BytesIO object at 0x7ff1b81b0150>, <_io.BufferedWriter name=27>
2019/05/15 11:43:06 :DEBUG:stderr reader: <Thread(Thread-10, initial daemon)>
2019/05/15 11:43:06 :DEBUG:closed output, 179 bytes sent
2019/05/15 11:43:06 :DEBUG:stdout reader: <Thread(Thread-11, initial daemon)>
2019/05/15 11:43:06 :DEBUG:gpg: WARNING: unsafe permissions on homedir '/home/jfk422/Projects/Code/Arcanum/arcanum/gpg'
2019/05/15 11:43:06 :DEBUG:gpg: AES256 encrypted data
2019/05/15 11:43:06 :DEBUG:[GNUPG:] NEED_PASSPHRASE_SYM 9 3 2
2019/05/15 11:43:06 :DEBUG:chunk: b'Y8EektQJriiQL2Z9'
2019/05/15 11:43:06 :DEBUG:gpg: encrypted with 1 passphrase
2019/05/15 11:43:06 :DEBUG:[GNUPG:] BEGIN_DECRYPTION
2019/05/15 11:43:06 :DEBUG:[GNUPG:] DECRYPTION_COMPLIANCE_MODE 23
2019/05/15 11:43:06 :DEBUG:message ignored: DECRYPTION_COMPLIANCE_MODE, 23
2019/05/15 11:43:06 :DEBUG:[GNUPG:] DECRYPTION_INFO 2 9
2019/05/15 11:43:06 :DEBUG:[GNUPG:] PLAINTEXT 62 1557913385
2019/05/15 11:43:06 :DEBUG:[GNUPG:] PLAINTEXT_LENGTH 16
2019/05/15 11:43:06 :DEBUG:[GNUPG:] DECRYPTION_OKAY
2019/05/15 11:43:06 :DEBUG:[GNUPG:] GOODMDC
2019/05/15 11:43:06 :DEBUG:[GNUPG:] END_DECRYPTION
2019/05/15 11:43:06 :DEBUG:decrypt result: b'Y8EektQJriiQL2Z9'
2019/05/15 11:43:06 :INFO:Getting everything from passTable
2019/05/15 11:43:06 :INFO:No passwords present
2019/05/15 11:43:06 :INFO:Getting everything from email
2019/05/15 11:43:06 :DEBUG:13189: gpg --pinentry-mode loopback --status-fd 2 --no-tty --no-verbose --fixed-list-mode --batch --with-colons --homedir gpg --passphrase-fd 0 --decrypt
2019/05/15 11:43:06 :DEBUG:Wrote passphrase
2019/05/15 11:43:06 :DEBUG:data copier: <Thread(Thread-12, initial daemon)>, <_io.BytesIO object at 0x7ff1b81b60f8>, <_io.BufferedWriter name=27>
2019/05/15 11:43:06 :DEBUG:stderr reader: <Thread(Thread-13, initial daemon)>
2019/05/15 11:43:06 :DEBUG:closed output, 163 bytes sent
2019/05/15 11:43:06 :DEBUG:stdout reader: <Thread(Thread-14, initial daemon)>
2019/05/15 11:43:07 :DEBUG:gpg: WARNING: unsafe permissions on homedir '/home/jfk422/Projects/Code/Arcanum/arcanum/gpg'
2019/05/15 11:43:07 :DEBUG:gpg: AES256 encrypted data
2019/05/15 11:43:07 :DEBUG:chunk: b'None'
2019/05/15 11:43:07 :DEBUG:[GNUPG:] NEED_PASSPHRASE_SYM 9 3 2
2019/05/15 11:43:07 :DEBUG:gpg: encrypted with 1 passphrase
2019/05/15 11:43:07 :DEBUG:[GNUPG:] BEGIN_DECRYPTION
2019/05/15 11:43:07 :DEBUG:[GNUPG:] DECRYPTION_COMPLIANCE_MODE 23
2019/05/15 11:43:07 :DEBUG:message ignored: DECRYPTION_COMPLIANCE_MODE, 23
2019/05/15 11:43:07 :DEBUG:[GNUPG:] DECRYPTION_INFO 2 9
2019/05/15 11:43:07 :DEBUG:[GNUPG:] PLAINTEXT 62 1557913386
2019/05/15 11:43:07 :DEBUG:[GNUPG:] PLAINTEXT_LENGTH 4
2019/05/15 11:43:07 :DEBUG:[GNUPG:] DECRYPTION_OKAY
2019/05/15 11:43:07 :DEBUG:[GNUPG:] GOODMDC
2019/05/15 11:43:07 :DEBUG:[GNUPG:] END_DECRYPTION
2019/05/15 11:43:07 :DEBUG:decrypt result: b'None'
2019/05/15 11:43:07 :INFO:Decrypted email addresses
2019/05/15 11:43:23 :INFO:Getting everything from email
2019/05/15 11:43:23 :DEBUG:13206: gpg --pinentry-mode loopback --status-fd 2 --no-tty --no-verbose --fixed-list-mode --batch --with-colons --homedir gpg --passphrase-fd 0 --symmetric --armor
2019/05/15 11:43:23 :DEBUG:Wrote passphrase
2019/05/15 11:43:23 :DEBUG:data copier: <Thread(Thread-15, initial daemon)>, <_io.BytesIO object at 0x7ff1b81b60f8>, <_io.BufferedWriter name=27>
2019/05/15 11:43:23 :DEBUG:stderr reader: <Thread(Thread-16, initial daemon)>
2019/05/15 11:43:23 :DEBUG:closed output, 13 bytes sent
2019/05/15 11:43:23 :DEBUG:stdout reader: <Thread(Thread-17, initial daemon)>
2019/05/15 11:43:23 :DEBUG:gpg: WARNING: unsafe permissions on homedir '/home/jfk422/Projects/Code/Arcanum/arcanum/gpg'
2019/05/15 11:43:23 :DEBUG:chunk: b'-----BEGIN PGP MESSAGE-----\n\njA0ECQMCIiBJWux4m+D/0kABsgKN9SSOfC6wTZCNX8n9N3vMM2LWooYRd0gGFwCy\nNmoEMKbEIIwteOC3Ss1xyRZEFThE57TJO0h8X2U6NSq2\n=H6wy\n-----END PGP MESSAGE-----\n'
2019/05/15 11:43:23 :DEBUG:[GNUPG:] NEED_PASSPHRASE_SYM 9 3 2
2019/05/15 11:43:23 :DEBUG:[GNUPG:] BEGIN_ENCRYPTION 2 9
2019/05/15 11:43:23 :DEBUG:[GNUPG:] END_ENCRYPTION
2019/05/15 11:43:23 :DEBUG:encrypt result: b'-----BEGIN PGP MESSAGE-----\n\njA0ECQMCIiBJWux4m+D/0kABsgKN9SSOfC6wTZCNX8n9N3vMM2LWooYRd0gGFwCy\nNmoEMKbEIIwteOC3Ss1xyRZEFThE57TJO0h8X2U6NSq2\n=H6wy\n-----END PGP MESSAGE-----\n'
2019/05/15 11:43:23 :DEBUG:13211: gpg --pinentry-mode loopback --status-fd 2 --no-tty --no-verbose --fixed-list-mode --batch --with-colons --homedir gpg --passphrase-fd 0 --symmetric --armor
2019/05/15 11:43:23 :DEBUG:Wrote passphrase
2019/05/15 11:43:23 :DEBUG:data copier: <Thread(Thread-18, initial daemon)>, <_io.BytesIO object at 0x7ff1b81b60f8>, <_io.BufferedWriter name=27>
2019/05/15 11:43:23 :DEBUG:stderr reader: <Thread(Thread-19, initial daemon)>
2019/05/15 11:43:23 :DEBUG:closed output, 13 bytes sent
2019/05/15 11:43:23 :DEBUG:stdout reader: <Thread(Thread-20, initial daemon)>
2019/05/15 11:43:24 :DEBUG:gpg: WARNING: unsafe permissions on homedir '/home/jfk422/Projects/Code/Arcanum/arcanum/gpg'
2019/05/15 11:43:24 :DEBUG:chunk: b'-----BEGIN PGP MESSAGE-----\n\njA0ECQMCOOdDGWPrxjf/0kABsHpWv5LnNJMdaCdcqpdxOdM5BqvPh1+F3P4Vh1f3\nac7V1xMN3Evxeqx0BLdrdTXsW7WdWFxVoE+tHCGgyGqy\n=yU1c\n-----END PGP MESSAGE-----\n'
2019/05/15 11:43:24 :DEBUG:[GNUPG:] NEED_PASSPHRASE_SYM 9 3 2
2019/05/15 11:43:24 :DEBUG:[GNUPG:] BEGIN_ENCRYPTION 2 9
2019/05/15 11:43:24 :DEBUG:[GNUPG:] END_ENCRYPTION
2019/05/15 11:43:24 :DEBUG:encrypt result: b'-----BEGIN PGP MESSAGE-----\n\njA0ECQMCOOdDGWPrxjf/0kABsHpWv5LnNJMdaCdcqpdxOdM5BqvPh1+F3P4Vh1f3\nac7V1xMN3Evxeqx0BLdrdTXsW7WdWFxVoE+tHCGgyGqy\n=yU1c\n-----END PGP MESSAGE-----\n'
2019/05/15 11:43:24 :INFO:Inserted data into email table
2019/05/15 11:43:24 :DEBUG:13216: gpg --pinentry-mode loopback --status-fd 2 --no-tty --no-verbose --fixed-list-mode --batch --with-colons --homedir gpg --passphrase-fd 0 --symmetric --armor
2019/05/15 11:43:24 :DEBUG:Wrote passphrase
2019/05/15 11:43:24 :DEBUG:data copier: <Thread(Thread-21, initial daemon)>, <_io.BytesIO object at 0x7ff1b81b60f8>, <_io.BufferedWriter name=27>
2019/05/15 11:43:24 :DEBUG:stderr reader: <Thread(Thread-22, initial daemon)>
2019/05/15 11:43:24 :DEBUG:closed output, 4 bytes sent
2019/05/15 11:43:24 :DEBUG:stdout reader: <Thread(Thread-23, initial daemon)>
2019/05/15 11:43:24 :DEBUG:gpg: WARNING: unsafe permissions on homedir '/home/jfk422/Projects/Code/Arcanum/arcanum/gpg'
2019/05/15 11:43:24 :DEBUG:[GNUPG:] NEED_PASSPHRASE_SYM 9 3 2
2019/05/15 11:43:24 :DEBUG:chunk: b'-----BEGIN PGP MESSAGE-----\n\njA0ECQMC6+ILE6mnQlH/0jkBJWzHGEi3ZeTIEMPNda5oKqXZ9DQEbC9+TOoGtwuh\nDT4y5CgySc/tuN6dWWFuMinRRWEyAwB5sqw=\n=et89\n-----END PGP MESSAGE-----\n'
2019/05/15 11:43:24 :DEBUG:[GNUPG:] BEGIN_ENCRYPTION 2 9
2019/05/15 11:43:24 :DEBUG:[GNUPG:] END_ENCRYPTION
2019/05/15 11:43:24 :DEBUG:encrypt result: b'-----BEGIN PGP MESSAGE-----\n\njA0ECQMC6+ILE6mnQlH/0jkBJWzHGEi3ZeTIEMPNda5oKqXZ9DQEbC9+TOoGtwuh\nDT4y5CgySc/tuN6dWWFuMinRRWEyAwB5sqw=\n=et89\n-----END PGP MESSAGE-----\n'
2019/05/15 11:43:24 :DEBUG:13223: gpg --pinentry-mode loopback --status-fd 2 --no-tty --no-verbose --fixed-list-mode --batch --with-colons --homedir gpg --passphrase-fd 0 --symmetric --armor
2019/05/15 11:43:24 :DEBUG:Wrote passphrase
2019/05/15 11:43:24 :DEBUG:data copier: <Thread(Thread-24, initial daemon)>, <_io.BytesIO object at 0x7ff1b81b60f8>, <_io.BufferedWriter name=27>
2019/05/15 11:43:24 :DEBUG:stderr reader: <Thread(Thread-25, initial daemon)>
2019/05/15 11:43:24 :DEBUG:closed output, 4 bytes sent
2019/05/15 11:43:24 :DEBUG:stdout reader: <Thread(Thread-26, initial daemon)>
2019/05/15 11:43:25 :DEBUG:gpg: WARNING: unsafe permissions on homedir '/home/jfk422/Projects/Code/Arcanum/arcanum/gpg'
2019/05/15 11:43:25 :DEBUG:chunk: b'-----BEGIN PGP MESSAGE-----\n\njA0ECQMCdy4PKyLnI13/0jkBGCfYBEETzMa8jZJDXrcAz+WEdeFVvSGFkpqhNUp0\nHJW2TJH436O5+CDU0vf7niaPsggUlVfnQmE=\n=iKTC\n-----END PGP MESSAGE-----\n'
2019/05/15 11:43:25 :DEBUG:[GNUPG:] NEED_PASSPHRASE_SYM 9 3 2
2019/05/15 11:43:25 :DEBUG:[GNUPG:] BEGIN_ENCRYPTION 2 9
2019/05/15 11:43:25 :DEBUG:[GNUPG:] END_ENCRYPTION
2019/05/15 11:43:25 :DEBUG:encrypt result: b'-----BEGIN PGP MESSAGE-----\n\njA0ECQMCdy4PKyLnI13/0jkBGCfYBEETzMa8jZJDXrcAz+WEdeFVvSGFkpqhNUp0\nHJW2TJH436O5+CDU0vf7niaPsggUlVfnQmE=\n=iKTC\n-----END PGP MESSAGE-----\n'
2019/05/15 11:43:25 :DEBUG:13228: gpg --pinentry-mode loopback --status-fd 2 --no-tty --no-verbose --fixed-list-mode --batch --with-colons --homedir gpg --passphrase-fd 0 --symmetric --armor
2019/05/15 11:43:25 :DEBUG:Wrote passphrase
2019/05/15 11:43:25 :DEBUG:data copier: <Thread(Thread-27, initial daemon)>, <_io.BytesIO object at 0x7ff1b81b60f8>, <_io.BufferedWriter name=27>
2019/05/15 11:43:25 :DEBUG:stderr reader: <Thread(Thread-28, initial daemon)>
2019/05/15 11:43:25 :DEBUG:closed output, 4 bytes sent
2019/05/15 11:43:25 :DEBUG:stdout reader: <Thread(Thread-29, initial daemon)>
2019/05/15 11:43:25 :DEBUG:gpg: WARNING: unsafe permissions on homedir '/home/jfk422/Projects/Code/Arcanum/arcanum/gpg'
2019/05/15 11:43:25 :DEBUG:chunk: b'-----BEGIN PGP MESSAGE-----\n\njA0ECQMCBgWd7z7MKsv/0jkBp4MUU14ZylNtz+kqQQqmfQ9t8WC0SS+rAfTBRpvN\nfwtzgG4Lnw9MHQ+S7CvPfhToEJ97mbJr8Ds=\n=rZ9Y\n-----END PGP MESSAGE-----\n'
2019/05/15 11:43:25 :DEBUG:[GNUPG:] NEED_PASSPHRASE_SYM 9 3 2
2019/05/15 11:43:25 :DEBUG:[GNUPG:] BEGIN_ENCRYPTION 2 9
2019/05/15 11:43:25 :DEBUG:[GNUPG:] END_ENCRYPTION
2019/05/15 11:43:25 :DEBUG:encrypt result: b'-----BEGIN PGP MESSAGE-----\n\njA0ECQMCBgWd7z7MKsv/0jkBp4MUU14ZylNtz+kqQQqmfQ9t8WC0SS+rAfTBRpvN\nfwtzgG4Lnw9MHQ+S7CvPfhToEJ97mbJr8Ds=\n=rZ9Y\n-----END PGP MESSAGE-----\n'
2019/05/15 11:43:25 :INFO:Password is being inserted
2019/05/15 11:43:25 :INFO:Inserted data into passwords table
2019/05/15 11:43:25 :INFO:Getting everything from passTable
2019/05/15 11:43:25 :DEBUG:13233: gpg --pinentry-mode loopback --status-fd 2 --no-tty --no-verbose --fixed-list-mode --batch --with-colons --homedir gpg --passphrase-fd 0 --decrypt
2019/05/15 11:43:25 :DEBUG:Wrote passphrase
2019/05/15 11:43:25 :DEBUG:data copier: <Thread(Thread-30, initial daemon)>, <_io.BytesIO object at 0x7ff1b81b60a0>, <_io.BufferedWriter name=27>
2019/05/15 11:43:25 :DEBUG:stderr reader: <Thread(Thread-31, initial daemon)>
2019/05/15 11:43:25 :DEBUG:closed output, 1 bytes sent
2019/05/15 11:43:25 :DEBUG:stdout reader: <Thread(Thread-32, initial daemon)>
2019/05/15 11:43:25 :DEBUG:gpg: WARNING: unsafe permissions on homedir '/home/jfk422/Projects/Code/Arcanum/arcanum/gpg'
2019/05/15 11:43:25 :DEBUG:gpg: [don't know]: invalid packet (ctb=31)
2019/05/15 11:43:25 :DEBUG:[GNUPG:] NODATA 3
2019/05/15 11:43:25 :DEBUG:decrypt result: b''
2019/05/15 11:43:25 :DEBUG:13237: gpg --pinentry-mode loopback --status-fd 2 --no-tty --no-verbose --fixed-list-mode --batch --with-colons --homedir gpg --passphrase-fd 0 --decrypt
2019/05/15 11:43:25 :DEBUG:Wrote passphrase
2019/05/15 11:43:25 :DEBUG:data copier: <Thread(Thread-33, initial daemon)>, <_io.BytesIO object at 0x7ff1b81b60a0>, <_io.BufferedWriter name=27>
2019/05/15 11:43:25 :DEBUG:closed output, 163 bytes sent
2019/05/15 11:43:25 :DEBUG:stderr reader: <Thread(Thread-34, initial daemon)>
2019/05/15 11:43:25 :DEBUG:stdout reader: <Thread(Thread-35, initial daemon)>
2019/05/15 11:43:25 :DEBUG:gpg: WARNING: unsafe permissions on homedir '/home/jfk422/Projects/Code/Arcanum/arcanum/gpg'
2019/05/15 11:43:25 :DEBUG:gpg: AES256 encrypted data
2019/05/15 11:43:25 :DEBUG:[GNUPG:] NEED_PASSPHRASE_SYM 9 3 2
2019/05/15 11:43:25 :DEBUG:gpg: encrypted with 1 passphrase
2019/05/15 11:43:25 :DEBUG:[GNUPG:] BEGIN_DECRYPTION
2019/05/15 11:43:25 :DEBUG:chunk: b'test'
2019/05/15 11:43:25 :DEBUG:[GNUPG:] DECRYPTION_COMPLIANCE_MODE 23
2019/05/15 11:43:25 :DEBUG:message ignored: DECRYPTION_COMPLIANCE_MODE, 23
2019/05/15 11:43:25 :DEBUG:[GNUPG:] DECRYPTION_INFO 2 9
2019/05/15 11:43:25 :DEBUG:[GNUPG:] PLAINTEXT 62 1557913404
2019/05/15 11:43:25 :DEBUG:[GNUPG:] PLAINTEXT_LENGTH 4
2019/05/15 11:43:25 :DEBUG:[GNUPG:] DECRYPTION_OKAY
2019/05/15 11:43:25 :DEBUG:[GNUPG:] GOODMDC
2019/05/15 11:43:25 :DEBUG:[GNUPG:] END_DECRYPTION
2019/05/15 11:43:25 :DEBUG:decrypt result: b'test'
2019/05/15 11:43:25 :DEBUG:13241: gpg --pinentry-mode loopback --status-fd 2 --no-tty --no-verbose --fixed-list-mode --batch --with-colons --homedir gpg --passphrase-fd 0 --decrypt
2019/05/15 11:43:25 :DEBUG:Wrote passphrase
2019/05/15 11:43:25 :DEBUG:data copier: <Thread(Thread-36, initial daemon)>, <_io.BytesIO object at 0x7ff1b81b60a0>, <_io.BufferedWriter name=27>
2019/05/15 11:43:25 :DEBUG:stderr reader: <Thread(Thread-37, initial daemon)>
2019/05/15 11:43:25 :DEBUG:closed output, 26 bytes sent
2019/05/15 11:43:25 :DEBUG:stdout reader: <Thread(Thread-38, initial daemon)>
2019/05/15 11:43:25 :DEBUG:gpg: WARNING: unsafe permissions on homedir '/home/jfk422/Projects/Code/Arcanum/arcanum/gpg'
2019/05/15 11:43:25 :DEBUG:gpg: no valid OpenPGP data found.
2019/05/15 11:43:25 :DEBUG:[GNUPG:] NODATA 1
2019/05/15 11:43:25 :DEBUG:[GNUPG:] NODATA 2
2019/05/15 11:43:25 :DEBUG:[GNUPG:] FAILURE decrypt 4294967295
2019/05/15 11:43:25 :DEBUG:gpg: decrypt_message failed: Unknown system error
2019/05/15 11:43:25 :DEBUG:decrypt result: b''
2019/05/15 11:43:25 :DEBUG:13245: gpg --pinentry-mode loopback --status-fd 2 --no-tty --no-verbose --fixed-list-mode --batch --with-colons --homedir gpg --passphrase-fd 0 --decrypt
2019/05/15 11:43:25 :DEBUG:Wrote passphrase
2019/05/15 11:43:25 :DEBUG:data copier: <Thread(Thread-39, initial daemon)>, <_io.BytesIO object at 0x7ff1b81b60a0>, <_io.BufferedWriter name=27>
2019/05/15 11:43:25 :DEBUG:stderr reader: <Thread(Thread-40, initial daemon)>
2019/05/15 11:43:25 :DEBUG:closed output, 5 bytes sent
2019/05/15 11:43:25 :DEBUG:stdout reader: <Thread(Thread-41, initial daemon)>
2019/05/15 11:43:25 :DEBUG:gpg: WARNING: unsafe permissions on homedir '/home/jfk422/Projects/Code/Arcanum/arcanum/gpg'
2019/05/15 11:43:25 :DEBUG:gpg: no valid OpenPGP data found.
2019/05/15 11:43:25 :DEBUG:[GNUPG:] NODATA 1
2019/05/15 11:43:25 :DEBUG:[GNUPG:] NODATA 2
2019/05/15 11:43:25 :DEBUG:[GNUPG:] FAILURE decrypt 4294967295
2019/05/15 11:43:25 :DEBUG:gpg: decrypt_message failed: Unknown system error
2019/05/15 11:43:25 :DEBUG:decrypt result: b''
2019/05/15 11:43:25 :DEBUG:13249: gpg --pinentry-mode loopback --status-fd 2 --no-tty --no-verbose --fixed-list-mode --batch --with-colons --homedir gpg --passphrase-fd 0 --decrypt
2019/05/15 11:43:25 :DEBUG:Wrote passphrase
2019/05/15 11:43:25 :DEBUG:data copier: <Thread(Thread-42, initial daemon)>, <_io.BytesIO object at 0x7ff1b81b60a0>, <_io.BufferedWriter name=27>
2019/05/15 11:43:25 :DEBUG:stderr reader: <Thread(Thread-43, initial daemon)>
2019/05/15 11:43:25 :DEBUG:closed output, 13 bytes sent
2019/05/15 11:43:25 :DEBUG:stdout reader: <Thread(Thread-44, initial daemon)>
2019/05/15 11:43:25 :DEBUG:gpg: WARNING: unsafe permissions on homedir '/home/jfk422/Projects/Code/Arcanum/arcanum/gpg'
2019/05/15 11:43:25 :DEBUG:gpg: no valid OpenPGP data found.
2019/05/15 11:43:25 :DEBUG:[GNUPG:] NODATA 1
2019/05/15 11:43:25 :DEBUG:[GNUPG:] NODATA 2
2019/05/15 11:43:25 :DEBUG:[GNUPG:] FAILURE decrypt 4294967295
2019/05/15 11:43:25 :DEBUG:gpg: decrypt_message failed: Unknown system error
2019/05/15 11:43:25 :DEBUG:decrypt result: b''
2019/05/15 11:43:25 :DEBUG:13253: gpg --pinentry-mode loopback --status-fd 2 --no-tty --no-verbose --fixed-list-mode --batch --with-colons --homedir gpg --passphrase-fd 0 --decrypt
2019/05/15 11:43:25 :DEBUG:Wrote passphrase
2019/05/15 11:43:25 :DEBUG:data copier: <Thread(Thread-45, initial daemon)>, <_io.BytesIO object at 0x7ff1b81b60a0>, <_io.BufferedWriter name=27>
2019/05/15 11:43:25 :DEBUG:stderr reader: <Thread(Thread-46, initial daemon)>
2019/05/15 11:43:25 :DEBUG:closed output, 4 bytes sent
2019/05/15 11:43:25 :DEBUG:stdout reader: <Thread(Thread-47, initial daemon)>
2019/05/15 11:43:25 :DEBUG:gpg: WARNING: unsafe permissions on homedir '/home/jfk422/Projects/Code/Arcanum/arcanum/gpg'
2019/05/15 11:43:25 :DEBUG:gpg: no valid OpenPGP data found.
2019/05/15 11:43:25 :DEBUG:[GNUPG:] NODATA 1
2019/05/15 11:43:25 :DEBUG:[GNUPG:] NODATA 2
2019/05/15 11:43:25 :DEBUG:[GNUPG:] FAILURE decrypt 4294967295
2019/05/15 11:43:25 :DEBUG:gpg: decrypt_message failed: Unknown system error
2019/05/15 11:43:25 :DEBUG:decrypt result: b''
2019/05/15 11:43:25 :DEBUG:13257: gpg --pinentry-mode loopback --status-fd 2 --no-tty --no-verbose --fixed-list-mode --batch --with-colons --homedir gpg --passphrase-fd 0 --decrypt
2019/05/15 11:43:25 :DEBUG:Wrote passphrase
2019/05/15 11:43:25 :DEBUG:data copier: <Thread(Thread-48, initial daemon)>, <_io.BytesIO object at 0x7ff1b81b60a0>, <_io.BufferedWriter name=27>
2019/05/15 11:43:25 :DEBUG:stderr reader: <Thread(Thread-49, initial daemon)>
2019/05/15 11:43:25 :DEBUG:closed output, 5 bytes sent
2019/05/15 11:43:25 :DEBUG:stdout reader: <Thread(Thread-50, initial daemon)>
2019/05/15 11:43:25 :DEBUG:gpg: WARNING: unsafe permissions on homedir '/home/jfk422/Projects/Code/Arcanum/arcanum/gpg'
2019/05/15 11:43:25 :DEBUG:gpg: no valid OpenPGP data found.
2019/05/15 11:43:25 :DEBUG:[GNUPG:] NODATA 1
2019/05/15 11:43:25 :DEBUG:[GNUPG:] NODATA 2
2019/05/15 11:43:25 :DEBUG:[GNUPG:] FAILURE decrypt 4294967295
2019/05/15 11:43:25 :DEBUG:gpg: decrypt_message failed: Unknown system error
2019/05/15 11:43:25 :DEBUG:decrypt result: b''
2019/05/15 11:43:25 :DEBUG:13261: gpg --pinentry-mode loopback --status-fd 2 --no-tty --no-verbose --fixed-list-mode --batch --with-colons --homedir gpg --passphrase-fd 0 --decrypt
2019/05/15 11:43:25 :DEBUG:Wrote passphrase
2019/05/15 11:43:25 :DEBUG:data copier: <Thread(Thread-51, initial daemon)>, <_io.BytesIO object at 0x7ff1b81b60a0>, <_io.BufferedWriter name=27>
2019/05/15 11:43:25 :DEBUG:closed output, 4 bytes sent
2019/05/15 11:43:25 :DEBUG:stderr reader: <Thread(Thread-52, initial daemon)>
2019/05/15 11:43:25 :DEBUG:stdout reader: <Thread(Thread-53, initial daemon)>
2019/05/15 11:43:25 :DEBUG:gpg: WARNING: unsafe permissions on homedir '/home/jfk422/Projects/Code/Arcanum/arcanum/gpg'
2019/05/15 11:43:25 :DEBUG:gpg: no valid OpenPGP data found.
2019/05/15 11:43:25 :DEBUG:[GNUPG:] NODATA 1
2019/05/15 11:43:25 :DEBUG:[GNUPG:] NODATA 2
2019/05/15 11:43:25 :DEBUG:[GNUPG:] FAILURE decrypt 4294967295
2019/05/15 11:43:25 :DEBUG:gpg: decrypt_message failed: Unknown system error
2019/05/15 11:43:25 :DEBUG:decrypt result: b''
