2019/05/06 04:54:28 PM:INFO:Qt version:5.11.1
2019/05/06 04:54:28 PM:INFO:PyQt version:5.11.2
2019/05/06 04:54:28 PM:INFO:SIP version:4.19.7
2019/05/06 04:54:29 :DEBUG:23056: gpg --status-fd 2 --no-tty --no-verbose --fixed-list-mode --batch --with-colons --homedir gpg --version
2019/05/06 04:54:29 :DEBUG:stderr reader: <Thread(Thread-1, initial daemon)>
2019/05/06 04:54:29 :DEBUG:stdout reader: <Thread(Thread-2, initial daemon)>
2019/05/06 04:54:29 :DEBUG:chunk: b'gpg (GnuPG) 2.2.4\nlibgcrypt 1.8.1\nCopyright (C) 2017 Free Software Foundation, Inc.\nLicense GPLv3+: GNU GPL version 3 or later <https://gnu.org/licenses/gpl.html>\nThis is free software: you are free to change and redistribute it.\nThere is NO WARRANTY, to t'
2019/05/06 04:54:29 :DEBUG:gpg: WARNING: unsafe permissions on homedir '/home/jfk422/Projects/Code/Arcanum/arcanum/gpg'
2019/05/06 04:54:29 :INFO:Connection to database established
2019/05/06 04:54:29 :INFO:Created table passTable: 
2019/05/06 04:54:29 :INFO:Created table configs: 
2019/05/06 04:54:29 :INFO:All tables were created/exist!
2019/05/06 04:54:29 :INFO:Getting row: 0 from table: configs
2019/05/06 04:54:29 :INFO:Getting row: 0 from table: configs
2019/05/06 04:54:29 :DEBUG:23060: gpg --pinentry-mode loopback --status-fd 2 --no-tty --no-verbose --fixed-list-mode --batch --with-colons --homedir gpg --passphrase-fd 0 --decrypt
2019/05/06 04:54:29 :DEBUG:Wrote passphrase
2019/05/06 04:54:29 :DEBUG:data copier: <Thread(Thread-3, initial daemon)>, <_io.BytesIO object at 0x7fe5581de048>, <_io.BufferedWriter name=27>
2019/05/06 04:54:29 :DEBUG:stderr reader: <Thread(Thread-4, initial daemon)>
2019/05/06 04:54:29 :DEBUG:stdout reader: <Thread(Thread-5, initial daemon)>
2019/05/06 04:54:29 :DEBUG:closed output, 179 bytes sent
2019/05/06 04:54:30 :DEBUG:gpg: WARNING: unsafe permissions on homedir '/home/jfk422/Projects/Code/Arcanum/arcanum/gpg'
2019/05/06 04:54:30 :DEBUG:gpg: AES256 encrypted data
2019/05/06 04:54:30 :DEBUG:[GNUPG:] NEED_PASSPHRASE_SYM 9 3 2
2019/05/06 04:54:30 :DEBUG:gpg: encrypted with 1 passphrase
2019/05/06 04:54:30 :DEBUG:chunk: b'sWTkJZFbZOqsvpVN'
2019/05/06 04:54:30 :DEBUG:[GNUPG:] BEGIN_DECRYPTION
2019/05/06 04:54:30 :DEBUG:[GNUPG:] DECRYPTION_COMPLIANCE_MODE 23
2019/05/06 04:54:30 :DEBUG:message ignored: DECRYPTION_COMPLIANCE_MODE, 23
2019/05/06 04:54:30 :DEBUG:[GNUPG:] DECRYPTION_INFO 2 9
2019/05/06 04:54:30 :DEBUG:[GNUPG:] PLAINTEXT 62 1557150877
2019/05/06 04:54:30 :DEBUG:[GNUPG:] PLAINTEXT_LENGTH 16
2019/05/06 04:54:30 :DEBUG:[GNUPG:] DECRYPTION_OKAY
2019/05/06 04:54:30 :DEBUG:[GNUPG:] GOODMDC
2019/05/06 04:54:30 :DEBUG:[GNUPG:] END_DECRYPTION
2019/05/06 04:54:30 :DEBUG:decrypt result: b'sWTkJZFbZOqsvpVN'
2019/05/06 04:54:31 :INFO:Getting everything from passTable
2019/05/06 04:54:31 :INFO:No passwords present
2019/05/06 04:54:31 :INFO:Getting everything from configs
2019/05/06 04:54:54 :INFO:Getting everything from configs
2019/05/06 04:54:54 :DEBUG:23083: gpg --pinentry-mode loopback --status-fd 2 --no-tty --no-verbose --fixed-list-mode --batch --with-colons --homedir gpg --passphrase-fd 0 --symmetric --armor
2019/05/06 04:54:54 :DEBUG:Wrote passphrase
2019/05/06 04:54:54 :DEBUG:data copier: <Thread(Thread-6, initial daemon)>, <_io.BytesIO object at 0x7fe5581e2150>, <_io.BufferedWriter name=27>
2019/05/06 04:54:54 :DEBUG:stderr reader: <Thread(Thread-7, initial daemon)>
2019/05/06 04:54:54 :DEBUG:closed output, 13 bytes sent
2019/05/06 04:54:54 :DEBUG:stdout reader: <Thread(Thread-8, initial daemon)>
2019/05/06 04:54:54 :DEBUG:chunk: b'-----BEGIN PGP MESSAGE-----\n\njA0ECQMCesPIvsvsXmP/0kAB14MWGkK5OkYDj0GKXzRkr7ITw76dZTrv4eere2vu\nQh/KyVWS+/RZjJRsvU33N7BFLKy4iT0OvKZfNukhYvGv\n=yn26\n-----END PGP MESSAGE-----\n'
2019/05/06 04:54:54 :DEBUG:gpg: WARNING: unsafe permissions on homedir '/home/jfk422/Projects/Code/Arcanum/arcanum/gpg'
2019/05/06 04:54:54 :DEBUG:[GNUPG:] NEED_PASSPHRASE_SYM 9 3 2
2019/05/06 04:54:54 :DEBUG:[GNUPG:] BEGIN_ENCRYPTION 2 9
2019/05/06 04:54:54 :DEBUG:[GNUPG:] END_ENCRYPTION
2019/05/06 04:54:54 :DEBUG:encrypt result: b'-----BEGIN PGP MESSAGE-----\n\njA0ECQMCesPIvsvsXmP/0kAB14MWGkK5OkYDj0GKXzRkr7ITw76dZTrv4eere2vu\nQh/KyVWS+/RZjJRsvU33N7BFLKy4iT0OvKZfNukhYvGv\n=yn26\n-----END PGP MESSAGE-----\n'
2019/05/06 04:54:54 :DEBUG:23091: gpg --pinentry-mode loopback --status-fd 2 --no-tty --no-verbose --fixed-list-mode --batch --with-colons --homedir gpg --passphrase-fd 0 --symmetric --armor
2019/05/06 04:54:54 :DEBUG:Wrote passphrase
2019/05/06 04:54:54 :DEBUG:data copier: <Thread(Thread-9, initial daemon)>, <_io.BytesIO object at 0x7fe5581e2150>, <_io.BufferedWriter name=27>
2019/05/06 04:54:54 :DEBUG:closed output, 4 bytes sent
2019/05/06 04:54:54 :DEBUG:stderr reader: <Thread(Thread-10, initial daemon)>
2019/05/06 04:54:54 :DEBUG:stdout reader: <Thread(Thread-11, initial daemon)>
2019/05/06 04:54:55 :DEBUG:gpg: WARNING: unsafe permissions on homedir '/home/jfk422/Projects/Code/Arcanum/arcanum/gpg'
2019/05/06 04:54:55 :DEBUG:chunk: b'-----BEGIN PGP MESSAGE-----\n\njA0ECQMCKaJmVfZ/q0v/0jkB05YERvCyMJt0uGwCNN5CmeVvZCTuBI3gCUEOB/oY\n9eQu4rPfkmXZjQnmMmfUSDEojkH8/JdcKeA=\n=marA\n-----END PGP MESSAGE-----\n'
2019/05/06 04:54:55 :DEBUG:[GNUPG:] NEED_PASSPHRASE_SYM 9 3 2
2019/05/06 04:54:55 :DEBUG:[GNUPG:] BEGIN_ENCRYPTION 2 9
2019/05/06 04:54:55 :DEBUG:[GNUPG:] END_ENCRYPTION
2019/05/06 04:54:55 :DEBUG:encrypt result: b'-----BEGIN PGP MESSAGE-----\n\njA0ECQMCKaJmVfZ/q0v/0jkB05YERvCyMJt0uGwCNN5CmeVvZCTuBI3gCUEOB/oY\n9eQu4rPfkmXZjQnmMmfUSDEojkH8/JdcKeA=\n=marA\n-----END PGP MESSAGE-----\n'
2019/05/06 04:54:55 :DEBUG:23097: gpg --pinentry-mode loopback --status-fd 2 --no-tty --no-verbose --fixed-list-mode --batch --with-colons --homedir gpg --passphrase-fd 0 --symmetric --armor
2019/05/06 04:54:55 :DEBUG:Wrote passphrase
2019/05/06 04:54:55 :DEBUG:data copier: <Thread(Thread-12, initial daemon)>, <_io.BytesIO object at 0x7fe5581e2150>, <_io.BufferedWriter name=27>
2019/05/06 04:54:55 :DEBUG:stderr reader: <Thread(Thread-13, initial daemon)>
2019/05/06 04:54:55 :DEBUG:closed output, 13 bytes sent
2019/05/06 04:54:55 :DEBUG:stdout reader: <Thread(Thread-14, initial daemon)>
2019/05/06 04:54:55 :DEBUG:gpg: WARNING: unsafe permissions on homedir '/home/jfk422/Projects/Code/Arcanum/arcanum/gpg'
2019/05/06 04:54:55 :DEBUG:chunk: b'-----BEGIN PGP MESSAGE-----\n\njA0ECQMCQF5FchXvOd3/0kABdWFb6wyH2b8pB2TR1mMvm6yK1Wh2FpS7qmDboErN\nXo8y6e4td4TNEbLOh7Rp59qZ6PI59TzUMD7nqqK1QRev\n=B+kH\n-----END PGP MESSAGE-----\n'
2019/05/06 04:54:55 :DEBUG:[GNUPG:] NEED_PASSPHRASE_SYM 9 3 2
2019/05/06 04:54:55 :DEBUG:[GNUPG:] BEGIN_ENCRYPTION 2 9
2019/05/06 04:54:55 :DEBUG:[GNUPG:] END_ENCRYPTION
2019/05/06 04:54:55 :DEBUG:encrypt result: b'-----BEGIN PGP MESSAGE-----\n\njA0ECQMCQF5FchXvOd3/0kABdWFb6wyH2b8pB2TR1mMvm6yK1Wh2FpS7qmDboErN\nXo8y6e4td4TNEbLOh7Rp59qZ6PI59TzUMD7nqqK1QRev\n=B+kH\n-----END PGP MESSAGE-----\n'
2019/05/06 04:54:55 :DEBUG:23103: gpg --pinentry-mode loopback --status-fd 2 --no-tty --no-verbose --fixed-list-mode --batch --with-colons --homedir gpg --passphrase-fd 0 --symmetric --armor
2019/05/06 04:54:55 :DEBUG:Wrote passphrase
2019/05/06 04:54:55 :DEBUG:data copier: <Thread(Thread-15, initial daemon)>, <_io.BytesIO object at 0x7fe5581e2150>, <_io.BufferedWriter name=27>
2019/05/06 04:54:55 :DEBUG:stderr reader: <Thread(Thread-16, initial daemon)>
2019/05/06 04:54:55 :DEBUG:closed output, 4 bytes sent
2019/05/06 04:54:55 :DEBUG:stdout reader: <Thread(Thread-17, initial daemon)>
2019/05/06 04:54:56 :DEBUG:gpg: WARNING: unsafe permissions on homedir '/home/jfk422/Projects/Code/Arcanum/arcanum/gpg'
2019/05/06 04:54:56 :DEBUG:chunk: b'-----BEGIN PGP MESSAGE-----\n\njA0ECQMCBoiQT/B6Zjr/0jkBMQhy8q84EE/69GXeD9anDUgQyVlvrwIGXsxPeTZW\nYwSA1+evERCQG2VYAAgmp1urH25Ub9wbWUQ=\n=ICyh\n-----END PGP MESSAGE-----\n'
2019/05/06 04:54:56 :DEBUG:[GNUPG:] NEED_PASSPHRASE_SYM 9 3 2
2019/05/06 04:54:56 :DEBUG:[GNUPG:] BEGIN_ENCRYPTION 2 9
2019/05/06 04:54:56 :DEBUG:[GNUPG:] END_ENCRYPTION
2019/05/06 04:54:56 :DEBUG:encrypt result: b'-----BEGIN PGP MESSAGE-----\n\njA0ECQMCBoiQT/B6Zjr/0jkBMQhy8q84EE/69GXeD9anDUgQyVlvrwIGXsxPeTZW\nYwSA1+evERCQG2VYAAgmp1urH25Ub9wbWUQ=\n=ICyh\n-----END PGP MESSAGE-----\n'
