2019/05/15 11:53:46 AM:INFO:Qt version:5.11.1
2019/05/15 11:53:46 AM:INFO:PyQt version:5.11.2
2019/05/15 11:53:46 AM:INFO:SIP version:4.19.7
2019/05/15 11:53:47 :DEBUG:15052: gpg --status-fd 2 --no-tty --no-verbose --fixed-list-mode --batch --with-colons --homedir gpg --version
2019/05/15 11:53:47 :DEBUG:stderr reader: <Thread(Thread-1, initial daemon)>
2019/05/15 11:53:47 :DEBUG:stdout reader: <Thread(Thread-2, initial daemon)>
2019/05/15 11:53:47 :DEBUG:gpg: WARNING: unsafe permissions on homedir '/home/jfk422/Projects/Code/Arcanum/arcanum/gpg'
2019/05/15 11:53:47 :DEBUG:chunk: b'gpg (GnuPG) 2.2.4\nlibgcrypt 1.8.1\nCopyright (C) 2017 Free Software Foundation, Inc.\nLicense GPLv3+: GNU GPL version 3 or later <https://gnu.org/licenses/gpl.html>\nThis is free software: you are free to change and redistribute it.\nThere is NO WARRANTY, to t'
2019/05/15 11:53:47 :INFO:Connection to database established
2019/05/15 11:53:47 :INFO:Created table passTable: 
2019/05/15 11:53:47 :INFO:Created table configs: 
2019/05/15 11:53:47 :INFO:Created table email: 
2019/05/15 11:53:47 :INFO:Created table keys: 
2019/05/15 11:53:47 :INFO:All tables were created/exist!
2019/05/15 11:53:47 :INFO:Getting row: 1 from table: configs
2019/05/15 11:53:47 :INFO:Getting row: 1 from table: configs
2019/05/15 11:53:47 :DEBUG:15055: gpg --pinentry-mode loopback --status-fd 2 --no-tty --no-verbose --fixed-list-mode --batch --with-colons --homedir gpg --passphrase-fd 0 --decrypt
2019/05/15 11:53:47 :DEBUG:Wrote passphrase
2019/05/15 11:53:47 :DEBUG:data copier: <Thread(Thread-3, initial daemon)>, <_io.BytesIO object at 0x7fa6a2f82048>, <_io.BufferedWriter name=27>
2019/05/15 11:53:47 :DEBUG:closed output, 179 bytes sent
2019/05/15 11:53:47 :DEBUG:stderr reader: <Thread(Thread-4, initial daemon)>
2019/05/15 11:53:47 :DEBUG:stdout reader: <Thread(Thread-5, initial daemon)>
2019/05/15 11:53:48 :DEBUG:gpg: WARNING: unsafe permissions on homedir '/home/jfk422/Projects/Code/Arcanum/arcanum/gpg'
2019/05/15 11:53:48 :DEBUG:gpg: AES256 encrypted data
2019/05/15 11:53:48 :DEBUG:[GNUPG:] NEED_PASSPHRASE_SYM 9 3 2
2019/05/15 11:53:48 :DEBUG:gpg: encrypted with 1 passphrase
2019/05/15 11:53:48 :DEBUG:[GNUPG:] BEGIN_DECRYPTION
2019/05/15 11:53:48 :DEBUG:[GNUPG:] DECRYPTION_COMPLIANCE_MODE 23
2019/05/15 11:53:48 :DEBUG:chunk: b'rUD5TRghj9fgqOBf'
2019/05/15 11:53:48 :DEBUG:message ignored: DECRYPTION_COMPLIANCE_MODE, 23
2019/05/15 11:53:48 :DEBUG:[GNUPG:] DECRYPTION_INFO 2 9
2019/05/15 11:53:48 :DEBUG:[GNUPG:] PLAINTEXT 62 1557913554
2019/05/15 11:53:48 :DEBUG:[GNUPG:] PLAINTEXT_LENGTH 16
2019/05/15 11:53:48 :DEBUG:[GNUPG:] DECRYPTION_OKAY
2019/05/15 11:53:48 :DEBUG:[GNUPG:] GOODMDC
2019/05/15 11:53:48 :DEBUG:[GNUPG:] END_DECRYPTION
2019/05/15 11:53:48 :DEBUG:decrypt result: b'rUD5TRghj9fgqOBf'
2019/05/15 11:53:48 :INFO:Getting everything from passTable
2019/05/15 11:53:48 :DEBUG:15059: gpg --pinentry-mode loopback --status-fd 2 --no-tty --no-verbose --fixed-list-mode --batch --with-colons --homedir gpg --passphrase-fd 0 --decrypt
2019/05/15 11:53:48 :DEBUG:Wrote passphrase
2019/05/15 11:53:48 :DEBUG:data copier: <Thread(Thread-6, initial daemon)>, <_io.BytesIO object at 0x7fa6a2f870a0>, <_io.BufferedWriter name=27>
2019/05/15 11:53:48 :DEBUG:stderr reader: <Thread(Thread-7, initial daemon)>
2019/05/15 11:53:48 :DEBUG:closed output, 1 bytes sent
2019/05/15 11:53:48 :DEBUG:stdout reader: <Thread(Thread-8, initial daemon)>
2019/05/15 11:53:48 :DEBUG:gpg: WARNING: unsafe permissions on homedir '/home/jfk422/Projects/Code/Arcanum/arcanum/gpg'
2019/05/15 11:53:48 :DEBUG:gpg: [don't know]: invalid packet (ctb=31)
2019/05/15 11:53:48 :DEBUG:[GNUPG:] NODATA 3
2019/05/15 11:53:48 :DEBUG:decrypt result: b''
2019/05/15 11:53:48 :DEBUG:15063: gpg --pinentry-mode loopback --status-fd 2 --no-tty --no-verbose --fixed-list-mode --batch --with-colons --homedir gpg --passphrase-fd 0 --decrypt
2019/05/15 11:53:48 :DEBUG:Wrote passphrase
2019/05/15 11:53:48 :DEBUG:data copier: <Thread(Thread-9, initial daemon)>, <_io.BytesIO object at 0x7fa6a2f870a0>, <_io.BufferedWriter name=27>
2019/05/15 11:53:48 :DEBUG:stderr reader: <Thread(Thread-10, initial daemon)>
2019/05/15 11:53:48 :DEBUG:closed output, 163 bytes sent
2019/05/15 11:53:48 :DEBUG:stdout reader: <Thread(Thread-11, initial daemon)>
2019/05/15 11:53:48 :DEBUG:gpg: WARNING: unsafe permissions on homedir '/home/jfk422/Projects/Code/Arcanum/arcanum/gpg'
2019/05/15 11:53:48 :DEBUG:gpg: AES256 encrypted data
2019/05/15 11:53:48 :DEBUG:[GNUPG:] NEED_PASSPHRASE_SYM 9 3 2
2019/05/15 11:53:48 :DEBUG:chunk: b'test'
2019/05/15 11:53:48 :DEBUG:gpg: encrypted with 1 passphrase
2019/05/15 11:53:48 :DEBUG:[GNUPG:] BEGIN_DECRYPTION
2019/05/15 11:53:48 :DEBUG:[GNUPG:] DECRYPTION_COMPLIANCE_MODE 23
2019/05/15 11:53:48 :DEBUG:message ignored: DECRYPTION_COMPLIANCE_MODE, 23
2019/05/15 11:53:48 :DEBUG:[GNUPG:] DECRYPTION_INFO 2 9
2019/05/15 11:53:48 :DEBUG:[GNUPG:] PLAINTEXT 62 1557913575
2019/05/15 11:53:48 :DEBUG:[GNUPG:] PLAINTEXT_LENGTH 4
2019/05/15 11:53:48 :DEBUG:[GNUPG:] DECRYPTION_OKAY
2019/05/15 11:53:48 :DEBUG:[GNUPG:] GOODMDC
2019/05/15 11:53:48 :DEBUG:[GNUPG:] END_DECRYPTION
2019/05/15 11:53:48 :DEBUG:decrypt result: b'test'
2019/05/15 11:53:48 :DEBUG:15069: gpg --pinentry-mode loopback --status-fd 2 --no-tty --no-verbose --fixed-list-mode --batch --with-colons --homedir gpg --passphrase-fd 0 --decrypt
2019/05/15 11:53:48 :DEBUG:Wrote passphrase
2019/05/15 11:53:48 :DEBUG:data copier: <Thread(Thread-12, initial daemon)>, <_io.BytesIO object at 0x7fa6a2f870a0>, <_io.BufferedWriter name=27>
2019/05/15 11:53:48 :DEBUG:stderr reader: <Thread(Thread-13, initial daemon)>
2019/05/15 11:53:48 :DEBUG:closed output, 26 bytes sent
2019/05/15 11:53:48 :DEBUG:stdout reader: <Thread(Thread-14, initial daemon)>
2019/05/15 11:53:48 :DEBUG:gpg: WARNING: unsafe permissions on homedir '/home/jfk422/Projects/Code/Arcanum/arcanum/gpg'
2019/05/15 11:53:48 :DEBUG:gpg: no valid OpenPGP data found.
2019/05/15 11:53:48 :DEBUG:[GNUPG:] NODATA 1
2019/05/15 11:53:48 :DEBUG:[GNUPG:] NODATA 2
2019/05/15 11:53:48 :DEBUG:[GNUPG:] FAILURE decrypt 4294967295
2019/05/15 11:53:48 :DEBUG:gpg: decrypt_message failed: Unknown system error
2019/05/15 11:53:48 :DEBUG:decrypt result: b''
2019/05/15 11:53:48 :DEBUG:15073: gpg --pinentry-mode loopback --status-fd 2 --no-tty --no-verbose --fixed-list-mode --batch --with-colons --homedir gpg --passphrase-fd 0 --decrypt
2019/05/15 11:53:48 :DEBUG:Wrote passphrase
2019/05/15 11:53:48 :DEBUG:data copier: <Thread(Thread-15, initial daemon)>, <_io.BytesIO object at 0x7fa6a2f870a0>, <_io.BufferedWriter name=27>
2019/05/15 11:53:48 :DEBUG:stderr reader: <Thread(Thread-16, initial daemon)>
2019/05/15 11:53:48 :DEBUG:closed output, 5 bytes sent
2019/05/15 11:53:48 :DEBUG:stdout reader: <Thread(Thread-17, initial daemon)>
2019/05/15 11:53:48 :DEBUG:gpg: WARNING: unsafe permissions on homedir '/home/jfk422/Projects/Code/Arcanum/arcanum/gpg'
2019/05/15 11:53:48 :DEBUG:gpg: no valid OpenPGP data found.
2019/05/15 11:53:48 :DEBUG:[GNUPG:] NODATA 1
2019/05/15 11:53:48 :DEBUG:[GNUPG:] NODATA 2
2019/05/15 11:53:48 :DEBUG:[GNUPG:] FAILURE decrypt 4294967295
2019/05/15 11:53:48 :DEBUG:gpg: decrypt_message failed: Unknown system error
2019/05/15 11:53:48 :DEBUG:decrypt result: b''
2019/05/15 11:53:48 :DEBUG:15077: gpg --pinentry-mode loopback --status-fd 2 --no-tty --no-verbose --fixed-list-mode --batch --with-colons --homedir gpg --passphrase-fd 0 --decrypt
2019/05/15 11:53:48 :DEBUG:Wrote passphrase
2019/05/15 11:53:48 :DEBUG:data copier: <Thread(Thread-18, initial daemon)>, <_io.BytesIO object at 0x7fa6a2f870a0>, <_io.BufferedWriter name=27>
2019/05/15 11:53:48 :DEBUG:stderr reader: <Thread(Thread-19, initial daemon)>
2019/05/15 11:53:48 :DEBUG:closed output, 1 bytes sent
2019/05/15 11:53:48 :DEBUG:stdout reader: <Thread(Thread-20, initial daemon)>
2019/05/15 11:53:48 :DEBUG:gpg: WARNING: unsafe permissions on homedir '/home/jfk422/Projects/Code/Arcanum/arcanum/gpg'
2019/05/15 11:53:48 :DEBUG:gpg: [don't know]: invalid packet (ctb=32)
2019/05/15 11:53:48 :DEBUG:[GNUPG:] NODATA 3
2019/05/15 11:53:48 :DEBUG:decrypt result: b''
2019/05/15 11:53:48 :DEBUG:15081: gpg --pinentry-mode loopback --status-fd 2 --no-tty --no-verbose --fixed-list-mode --batch --with-colons --homedir gpg --passphrase-fd 0 --decrypt
2019/05/15 11:53:48 :DEBUG:Wrote passphrase
2019/05/15 11:53:48 :DEBUG:data copier: <Thread(Thread-21, initial daemon)>, <_io.BytesIO object at 0x7fa6a2f870a0>, <_io.BufferedWriter name=27>
2019/05/15 11:53:48 :DEBUG:stderr reader: <Thread(Thread-22, initial daemon)>
2019/05/15 11:53:48 :DEBUG:closed output, 4 bytes sent
2019/05/15 11:53:48 :DEBUG:stdout reader: <Thread(Thread-23, initial daemon)>
2019/05/15 11:53:48 :DEBUG:gpg: WARNING: unsafe permissions on homedir '/home/jfk422/Projects/Code/Arcanum/arcanum/gpg'
2019/05/15 11:53:48 :DEBUG:gpg: no valid OpenPGP data found.
2019/05/15 11:53:48 :DEBUG:[GNUPG:] NODATA 1
2019/05/15 11:53:48 :DEBUG:[GNUPG:] NODATA 2
2019/05/15 11:53:48 :DEBUG:[GNUPG:] FAILURE decrypt 4294967295
2019/05/15 11:53:48 :DEBUG:gpg: decrypt_message failed: Unknown system error
2019/05/15 11:53:48 :DEBUG:decrypt result: b''
2019/05/15 11:53:48 :DEBUG:15085: gpg --pinentry-mode loopback --status-fd 2 --no-tty --no-verbose --fixed-list-mode --batch --with-colons --homedir gpg --passphrase-fd 0 --decrypt
2019/05/15 11:53:48 :DEBUG:Wrote passphrase
2019/05/15 11:53:48 :DEBUG:data copier: <Thread(Thread-24, initial daemon)>, <_io.BytesIO object at 0x7fa6a2f870a0>, <_io.BufferedWriter name=27>
2019/05/15 11:53:48 :DEBUG:stderr reader: <Thread(Thread-25, initial daemon)>
2019/05/15 11:53:48 :DEBUG:closed output, 4 bytes sent
2019/05/15 11:53:48 :DEBUG:stdout reader: <Thread(Thread-26, initial daemon)>
2019/05/15 11:53:48 :DEBUG:gpg: WARNING: unsafe permissions on homedir '/home/jfk422/Projects/Code/Arcanum/arcanum/gpg'
2019/05/15 11:53:48 :DEBUG:gpg: no valid OpenPGP data found.
2019/05/15 11:53:48 :DEBUG:[GNUPG:] NODATA 1
2019/05/15 11:53:48 :DEBUG:[GNUPG:] NODATA 2
2019/05/15 11:53:48 :DEBUG:[GNUPG:] FAILURE decrypt 4294967295
2019/05/15 11:53:48 :DEBUG:gpg: decrypt_message failed: Unknown system error
2019/05/15 11:53:48 :DEBUG:decrypt result: b''
2019/05/15 11:53:48 :DEBUG:15089: gpg --pinentry-mode loopback --status-fd 2 --no-tty --no-verbose --fixed-list-mode --batch --with-colons --homedir gpg --passphrase-fd 0 --decrypt
2019/05/15 11:53:48 :DEBUG:Wrote passphrase
2019/05/15 11:53:48 :DEBUG:data copier: <Thread(Thread-27, initial daemon)>, <_io.BytesIO object at 0x7fa6a2f870a0>, <_io.BufferedWriter name=27>
2019/05/15 11:53:48 :DEBUG:stderr reader: <Thread(Thread-28, initial daemon)>
2019/05/15 11:53:48 :DEBUG:closed output, 4 bytes sent
2019/05/15 11:53:48 :DEBUG:stdout reader: <Thread(Thread-29, initial daemon)>
2019/05/15 11:53:48 :DEBUG:gpg: WARNING: unsafe permissions on homedir '/home/jfk422/Projects/Code/Arcanum/arcanum/gpg'
2019/05/15 11:53:48 :DEBUG:gpg: no valid OpenPGP data found.
2019/05/15 11:53:48 :DEBUG:[GNUPG:] NODATA 1
2019/05/15 11:53:48 :DEBUG:[GNUPG:] NODATA 2
2019/05/15 11:53:48 :DEBUG:[GNUPG:] FAILURE decrypt 4294967295
2019/05/15 11:53:48 :DEBUG:gpg: decrypt_message failed: Unknown system error
2019/05/15 11:53:48 :DEBUG:decrypt result: b''
2019/05/15 11:53:48 :INFO:Getting row: 2 from table: email
2019/05/15 11:53:48 :DEBUG:15093: gpg --pinentry-mode loopback --status-fd 2 --no-tty --no-verbose --fixed-list-mode --batch --with-colons --homedir gpg --passphrase-fd 0 --decrypt
2019/05/15 11:53:48 :DEBUG:Wrote passphrase
2019/05/15 11:53:48 :DEBUG:data copier: <Thread(Thread-30, initial daemon)>, <_io.BytesIO object at 0x7fa6a2f870a0>, <_io.BufferedWriter name=27>
2019/05/15 11:53:48 :DEBUG:stderr reader: <Thread(Thread-31, initial daemon)>
2019/05/15 11:53:48 :DEBUG:closed output, 171 bytes sent
2019/05/15 11:53:48 :DEBUG:stdout reader: <Thread(Thread-32, initial daemon)>
2019/05/15 11:53:49 :DEBUG:gpg: WARNING: unsafe permissions on homedir '/home/jfk422/Projects/Code/Arcanum/arcanum/gpg'
2019/05/15 11:53:49 :DEBUG:gpg: AES256 encrypted data
2019/05/15 11:53:49 :DEBUG:[GNUPG:] NEED_PASSPHRASE_SYM 9 3 2
2019/05/15 11:53:49 :DEBUG:chunk: b'test@test.com'
2019/05/15 11:53:49 :DEBUG:gpg: encrypted with 1 passphrase
2019/05/15 11:53:49 :DEBUG:[GNUPG:] BEGIN_DECRYPTION
2019/05/15 11:53:49 :DEBUG:[GNUPG:] DECRYPTION_COMPLIANCE_MODE 23
2019/05/15 11:53:49 :DEBUG:message ignored: DECRYPTION_COMPLIANCE_MODE, 23
2019/05/15 11:53:49 :DEBUG:[GNUPG:] DECRYPTION_INFO 2 9
2019/05/15 11:53:49 :DEBUG:[GNUPG:] PLAINTEXT 62 1557913575
2019/05/15 11:53:49 :DEBUG:[GNUPG:] PLAINTEXT_LENGTH 13
2019/05/15 11:53:49 :DEBUG:[GNUPG:] DECRYPTION_OKAY
2019/05/15 11:53:49 :DEBUG:[GNUPG:] GOODMDC
2019/05/15 11:53:49 :DEBUG:[GNUPG:] END_DECRYPTION
2019/05/15 11:53:49 :DEBUG:decrypt result: b'test@test.com'
2019/05/15 11:53:49 :INFO:Getting row: 1 from table: passTable
2019/05/15 11:53:49 :DEBUG:15097: gpg --pinentry-mode loopback --status-fd 2 --no-tty --no-verbose --fixed-list-mode --batch --with-colons --homedir gpg --passphrase-fd 0 --decrypt
2019/05/15 11:53:49 :DEBUG:Wrote passphrase
2019/05/15 11:53:49 :DEBUG:data copier: <Thread(Thread-33, initial daemon)>, <_io.BytesIO object at 0x7fa6a2f870f8>, <_io.BufferedWriter name=27>
2019/05/15 11:53:49 :DEBUG:stderr reader: <Thread(Thread-34, initial daemon)>
2019/05/15 11:53:49 :DEBUG:closed output, 163 bytes sent
2019/05/15 11:53:49 :DEBUG:stdout reader: <Thread(Thread-35, initial daemon)>
2019/05/15 11:53:49 :DEBUG:gpg: WARNING: unsafe permissions on homedir '/home/jfk422/Projects/Code/Arcanum/arcanum/gpg'
2019/05/15 11:53:49 :DEBUG:gpg: AES256 encrypted data
2019/05/15 11:53:49 :DEBUG:[GNUPG:] NEED_PASSPHRASE_SYM 9 3 2
2019/05/15 11:53:49 :DEBUG:gpg: encrypted with 1 passphrase
2019/05/15 11:53:49 :DEBUG:chunk: b'test'
2019/05/15 11:53:49 :DEBUG:[GNUPG:] BEGIN_DECRYPTION
2019/05/15 11:53:49 :DEBUG:[GNUPG:] DECRYPTION_COMPLIANCE_MODE 23
2019/05/15 11:53:49 :DEBUG:message ignored: DECRYPTION_COMPLIANCE_MODE, 23
2019/05/15 11:53:49 :DEBUG:[GNUPG:] DECRYPTION_INFO 2 9
2019/05/15 11:53:49 :DEBUG:[GNUPG:] PLAINTEXT 62 1557913575
2019/05/15 11:53:49 :DEBUG:[GNUPG:] PLAINTEXT_LENGTH 4
2019/05/15 11:53:49 :DEBUG:[GNUPG:] DECRYPTION_OKAY
2019/05/15 11:53:49 :DEBUG:[GNUPG:] GOODMDC
2019/05/15 11:53:49 :DEBUG:[GNUPG:] END_DECRYPTION
2019/05/15 11:53:49 :DEBUG:decrypt result: b'test'
2019/05/15 11:53:49 :DEBUG:15101: gpg --pinentry-mode loopback --status-fd 2 --no-tty --no-verbose --fixed-list-mode --batch --with-colons --homedir gpg --passphrase-fd 0 --decrypt
2019/05/15 11:53:49 :DEBUG:Wrote passphrase
2019/05/15 11:53:49 :DEBUG:data copier: <Thread(Thread-36, initial daemon)>, <_io.BytesIO object at 0x7fa6a2f870f8>, <_io.BufferedWriter name=27>
2019/05/15 11:53:49 :DEBUG:stderr reader: <Thread(Thread-37, initial daemon)>
2019/05/15 11:53:49 :DEBUG:stdout reader: <Thread(Thread-38, initial daemon)>
2019/05/15 11:53:49 :DEBUG:closed output, 1 bytes sent
2019/05/15 11:53:49 :DEBUG:gpg: WARNING: unsafe permissions on homedir '/home/jfk422/Projects/Code/Arcanum/arcanum/gpg'
2019/05/15 11:53:49 :DEBUG:gpg: [don't know]: invalid packet (ctb=32)
2019/05/15 11:53:49 :DEBUG:[GNUPG:] NODATA 3
2019/05/15 11:53:49 :DEBUG:decrypt result: b''
2019/05/15 11:53:49 :DEBUG:15105: gpg --pinentry-mode loopback --status-fd 2 --no-tty --no-verbose --fixed-list-mode --batch --with-colons --homedir gpg --passphrase-fd 0 --decrypt
2019/05/15 11:53:49 :DEBUG:Wrote passphrase
2019/05/15 11:53:49 :DEBUG:data copier: <Thread(Thread-39, initial daemon)>, <_io.BytesIO object at 0x7fa6a2f870f8>, <_io.BufferedWriter name=27>
2019/05/15 11:53:49 :DEBUG:stderr reader: <Thread(Thread-40, initial daemon)>
2019/05/15 11:53:49 :DEBUG:closed output, 167 bytes sent
2019/05/15 11:53:49 :DEBUG:stdout reader: <Thread(Thread-41, initial daemon)>
2019/05/15 11:53:50 :DEBUG:gpg: WARNING: unsafe permissions on homedir '/home/jfk422/Projects/Code/Arcanum/arcanum/gpg'
2019/05/15 11:53:50 :DEBUG:gpg: AES256 encrypted data
2019/05/15 11:53:50 :DEBUG:[GNUPG:] NEED_PASSPHRASE_SYM 9 3 2
2019/05/15 11:53:50 :DEBUG:gpg: encrypted with 1 passphrase
2019/05/15 11:53:50 :DEBUG:chunk: b'testsss'
2019/05/15 11:53:50 :DEBUG:[GNUPG:] BEGIN_DECRYPTION
2019/05/15 11:53:50 :DEBUG:[GNUPG:] DECRYPTION_COMPLIANCE_MODE 23
2019/05/15 11:53:50 :DEBUG:message ignored: DECRYPTION_COMPLIANCE_MODE, 23
2019/05/15 11:53:50 :DEBUG:[GNUPG:] DECRYPTION_INFO 2 9
2019/05/15 11:53:50 :DEBUG:[GNUPG:] PLAINTEXT 62 1557913733
2019/05/15 11:53:50 :DEBUG:[GNUPG:] PLAINTEXT_LENGTH 7
2019/05/15 11:53:50 :DEBUG:[GNUPG:] DECRYPTION_OKAY
2019/05/15 11:53:50 :DEBUG:[GNUPG:] GOODMDC
2019/05/15 11:53:50 :DEBUG:[GNUPG:] END_DECRYPTION
2019/05/15 11:53:50 :DEBUG:decrypt result: b'testsss'
2019/05/15 11:53:50 :DEBUG:15109: gpg --pinentry-mode loopback --status-fd 2 --no-tty --no-verbose --fixed-list-mode --batch --with-colons --homedir gpg --passphrase-fd 0 --decrypt
2019/05/15 11:53:50 :DEBUG:Wrote passphrase
2019/05/15 11:53:50 :DEBUG:data copier: <Thread(Thread-42, initial daemon)>, <_io.BytesIO object at 0x7fa6a2f870f8>, <_io.BufferedWriter name=27>
2019/05/15 11:53:50 :DEBUG:stderr reader: <Thread(Thread-43, initial daemon)>
2019/05/15 11:53:50 :DEBUG:closed output, 26 bytes sent
2019/05/15 11:53:50 :DEBUG:stdout reader: <Thread(Thread-44, initial daemon)>
2019/05/15 11:53:50 :DEBUG:gpg: WARNING: unsafe permissions on homedir '/home/jfk422/Projects/Code/Arcanum/arcanum/gpg'
2019/05/15 11:53:50 :DEBUG:gpg: no valid OpenPGP data found.
2019/05/15 11:53:50 :DEBUG:[GNUPG:] NODATA 1
2019/05/15 11:53:50 :DEBUG:[GNUPG:] NODATA 2
2019/05/15 11:53:50 :DEBUG:[GNUPG:] FAILURE decrypt 4294967295
2019/05/15 11:53:50 :DEBUG:gpg: decrypt_message failed: Unknown system error
2019/05/15 11:53:50 :DEBUG:decrypt result: b''
2019/05/15 11:53:50 :DEBUG:15113: gpg --pinentry-mode loopback --status-fd 2 --no-tty --no-verbose --fixed-list-mode --batch --with-colons --homedir gpg --passphrase-fd 0 --decrypt
2019/05/15 11:53:50 :DEBUG:Wrote passphrase
2019/05/15 11:53:50 :DEBUG:data copier: <Thread(Thread-45, initial daemon)>, <_io.BytesIO object at 0x7fa6a2f870f8>, <_io.BufferedWriter name=27>
2019/05/15 11:53:50 :DEBUG:stderr reader: <Thread(Thread-46, initial daemon)>
2019/05/15 11:53:50 :DEBUG:closed output, 4 bytes sent
2019/05/15 11:53:50 :DEBUG:stdout reader: <Thread(Thread-47, initial daemon)>
2019/05/15 11:53:50 :DEBUG:gpg: WARNING: unsafe permissions on homedir '/home/jfk422/Projects/Code/Arcanum/arcanum/gpg'
2019/05/15 11:53:50 :DEBUG:gpg: no valid OpenPGP data found.
2019/05/15 11:53:50 :DEBUG:[GNUPG:] NODATA 1
2019/05/15 11:53:50 :DEBUG:[GNUPG:] NODATA 2
2019/05/15 11:53:50 :DEBUG:[GNUPG:] FAILURE decrypt 4294967295
2019/05/15 11:53:50 :DEBUG:gpg: decrypt_message failed: Unknown system error
2019/05/15 11:53:50 :DEBUG:decrypt result: b''
2019/05/15 11:53:50 :DEBUG:15117: gpg --pinentry-mode loopback --status-fd 2 --no-tty --no-verbose --fixed-list-mode --batch --with-colons --homedir gpg --passphrase-fd 0 --decrypt
2019/05/15 11:53:50 :DEBUG:Wrote passphrase
2019/05/15 11:53:50 :DEBUG:data copier: <Thread(Thread-48, initial daemon)>, <_io.BytesIO object at 0x7fa6a2f870f8>, <_io.BufferedWriter name=27>
2019/05/15 11:53:50 :DEBUG:stderr reader: <Thread(Thread-49, initial daemon)>
2019/05/15 11:53:50 :DEBUG:closed output, 1 bytes sent
2019/05/15 11:53:50 :DEBUG:stdout reader: <Thread(Thread-50, initial daemon)>
2019/05/15 11:53:50 :DEBUG:gpg: WARNING: unsafe permissions on homedir '/home/jfk422/Projects/Code/Arcanum/arcanum/gpg'
2019/05/15 11:53:50 :DEBUG:gpg: [don't know]: invalid packet (ctb=31)
2019/05/15 11:53:50 :DEBUG:[GNUPG:] NODATA 3
2019/05/15 11:53:50 :DEBUG:decrypt result: b''
2019/05/15 11:53:50 :DEBUG:15121: gpg --pinentry-mode loopback --status-fd 2 --no-tty --no-verbose --fixed-list-mode --batch --with-colons --homedir gpg --passphrase-fd 0 --decrypt
2019/05/15 11:53:50 :DEBUG:Wrote passphrase
2019/05/15 11:53:50 :DEBUG:data copier: <Thread(Thread-51, initial daemon)>, <_io.BytesIO object at 0x7fa6a2f870f8>, <_io.BufferedWriter name=27>
2019/05/15 11:53:50 :DEBUG:stderr reader: <Thread(Thread-52, initial daemon)>
2019/05/15 11:53:50 :DEBUG:closed output, 4 bytes sent
2019/05/15 11:53:50 :DEBUG:stdout reader: <Thread(Thread-53, initial daemon)>
2019/05/15 11:53:50 :DEBUG:gpg: WARNING: unsafe permissions on homedir '/home/jfk422/Projects/Code/Arcanum/arcanum/gpg'
2019/05/15 11:53:50 :DEBUG:gpg: no valid OpenPGP data found.
2019/05/15 11:53:50 :DEBUG:[GNUPG:] NODATA 1
2019/05/15 11:53:50 :DEBUG:[GNUPG:] NODATA 2
2019/05/15 11:53:50 :DEBUG:[GNUPG:] FAILURE decrypt 4294967295
2019/05/15 11:53:50 :DEBUG:gpg: decrypt_message failed: Unknown system error
2019/05/15 11:53:50 :DEBUG:decrypt result: b''
2019/05/15 11:53:50 :DEBUG:15125: gpg --pinentry-mode loopback --status-fd 2 --no-tty --no-verbose --fixed-list-mode --batch --with-colons --homedir gpg --passphrase-fd 0 --decrypt
2019/05/15 11:53:50 :DEBUG:Wrote passphrase
2019/05/15 11:53:50 :DEBUG:data copier: <Thread(Thread-54, initial daemon)>, <_io.BytesIO object at 0x7fa6a2f870f8>, <_io.BufferedWriter name=27>
2019/05/15 11:53:50 :DEBUG:stderr reader: <Thread(Thread-55, initial daemon)>
2019/05/15 11:53:50 :DEBUG:closed output, 4 bytes sent
2019/05/15 11:53:50 :DEBUG:stdout reader: <Thread(Thread-56, initial daemon)>
2019/05/15 11:53:50 :DEBUG:gpg: WARNING: unsafe permissions on homedir '/home/jfk422/Projects/Code/Arcanum/arcanum/gpg'
2019/05/15 11:53:50 :DEBUG:gpg: no valid OpenPGP data found.
2019/05/15 11:53:50 :DEBUG:[GNUPG:] NODATA 1
2019/05/15 11:53:50 :DEBUG:[GNUPG:] NODATA 2
2019/05/15 11:53:50 :DEBUG:[GNUPG:] FAILURE decrypt 4294967295
2019/05/15 11:53:50 :DEBUG:gpg: decrypt_message failed: Unknown system error
2019/05/15 11:53:50 :DEBUG:decrypt result: b''
2019/05/15 11:53:50 :DEBUG:15129: gpg --pinentry-mode loopback --status-fd 2 --no-tty --no-verbose --fixed-list-mode --batch --with-colons --homedir gpg --passphrase-fd 0 --decrypt
2019/05/15 11:53:50 :DEBUG:Wrote passphrase
2019/05/15 11:53:50 :DEBUG:data copier: <Thread(Thread-57, initial daemon)>, <_io.BytesIO object at 0x7fa6a2f870f8>, <_io.BufferedWriter name=27>
2019/05/15 11:53:50 :DEBUG:stderr reader: <Thread(Thread-58, initial daemon)>
2019/05/15 11:53:50 :DEBUG:closed output, 4 bytes sent
2019/05/15 11:53:50 :DEBUG:stdout reader: <Thread(Thread-59, initial daemon)>
2019/05/15 11:53:50 :DEBUG:gpg: WARNING: unsafe permissions on homedir '/home/jfk422/Projects/Code/Arcanum/arcanum/gpg'
2019/05/15 11:53:50 :DEBUG:gpg: no valid OpenPGP data found.
2019/05/15 11:53:50 :DEBUG:[GNUPG:] NODATA 1
2019/05/15 11:53:50 :DEBUG:[GNUPG:] NODATA 2
2019/05/15 11:53:50 :DEBUG:[GNUPG:] FAILURE decrypt 4294967295
2019/05/15 11:53:50 :DEBUG:gpg: decrypt_message failed: Unknown system error
2019/05/15 11:53:50 :DEBUG:decrypt result: b''
2019/05/15 11:53:50 :INFO:Getting row: 1 from table: email
2019/05/15 11:53:50 :DEBUG:15133: gpg --pinentry-mode loopback --status-fd 2 --no-tty --no-verbose --fixed-list-mode --batch --with-colons --homedir gpg --passphrase-fd 0 --decrypt
2019/05/15 11:53:50 :DEBUG:Wrote passphrase
2019/05/15 11:53:50 :DEBUG:data copier: <Thread(Thread-60, initial daemon)>, <_io.BytesIO object at 0x7fa6a2f870a0>, <_io.BufferedWriter name=27>
2019/05/15 11:53:50 :DEBUG:stderr reader: <Thread(Thread-61, initial daemon)>
2019/05/15 11:53:50 :DEBUG:closed output, 163 bytes sent
2019/05/15 11:53:50 :DEBUG:stdout reader: <Thread(Thread-62, initial daemon)>
2019/05/15 11:53:50 :DEBUG:gpg: WARNING: unsafe permissions on homedir '/home/jfk422/Projects/Code/Arcanum/arcanum/gpg'
2019/05/15 11:53:50 :DEBUG:gpg: AES256 encrypted data
2019/05/15 11:53:50 :DEBUG:[GNUPG:] NEED_PASSPHRASE_SYM 9 3 2
2019/05/15 11:53:50 :DEBUG:gpg: encrypted with 1 passphrase
2019/05/15 11:53:50 :DEBUG:[GNUPG:] BEGIN_DECRYPTION
2019/05/15 11:53:50 :DEBUG:chunk: b'None'
2019/05/15 11:53:50 :DEBUG:[GNUPG:] DECRYPTION_COMPLIANCE_MODE 23
2019/05/15 11:53:50 :DEBUG:message ignored: DECRYPTION_COMPLIANCE_MODE, 23
2019/05/15 11:53:50 :DEBUG:[GNUPG:] DECRYPTION_INFO 2 9
2019/05/15 11:53:50 :DEBUG:[GNUPG:] PLAINTEXT 62 1557913555
2019/05/15 11:53:50 :DEBUG:[GNUPG:] PLAINTEXT_LENGTH 4
2019/05/15 11:53:50 :DEBUG:[GNUPG:] DECRYPTION_OKAY
2019/05/15 11:53:50 :DEBUG:[GNUPG:] GOODMDC
2019/05/15 11:53:50 :DEBUG:[GNUPG:] END_DECRYPTION
2019/05/15 11:53:50 :DEBUG:decrypt result: b'None'
2019/05/15 11:53:50 :INFO:Getting row: 2 from table: passTable
2019/05/15 11:53:50 :DEBUG:15137: gpg --pinentry-mode loopback --status-fd 2 --no-tty --no-verbose --fixed-list-mode --batch --with-colons --homedir gpg --passphrase-fd 0 --decrypt
2019/05/15 11:53:50 :DEBUG:Wrote passphrase
2019/05/15 11:53:50 :DEBUG:data copier: <Thread(Thread-63, initial daemon)>, <_io.BytesIO object at 0x7fa6a2f870f8>, <_io.BufferedWriter name=27>
2019/05/15 11:53:50 :DEBUG:stderr reader: <Thread(Thread-64, initial daemon)>
2019/05/15 11:53:50 :DEBUG:stdout reader: <Thread(Thread-65, initial daemon)>
2019/05/15 11:53:50 :DEBUG:closed output, 179 bytes sent
2019/05/15 11:53:51 :DEBUG:gpg: WARNING: unsafe permissions on homedir '/home/jfk422/Projects/Code/Arcanum/arcanum/gpg'
2019/05/15 11:53:51 :DEBUG:gpg: AES256 encrypted data
2019/05/15 11:53:51 :DEBUG:[GNUPG:] NEED_PASSPHRASE_SYM 9 3 2
2019/05/15 11:53:51 :DEBUG:chunk: b'4g3bPUPhFSgqtUly'
2019/05/15 11:53:51 :DEBUG:gpg: encrypted with 1 passphrase
2019/05/15 11:53:51 :DEBUG:[GNUPG:] BEGIN_DECRYPTION
2019/05/15 11:53:51 :DEBUG:[GNUPG:] DECRYPTION_COMPLIANCE_MODE 23
2019/05/15 11:53:51 :DEBUG:message ignored: DECRYPTION_COMPLIANCE_MODE, 23
2019/05/15 11:53:51 :DEBUG:[GNUPG:] DECRYPTION_INFO 2 9
2019/05/15 11:53:51 :DEBUG:[GNUPG:] PLAINTEXT 62 1557913733
2019/05/15 11:53:51 :DEBUG:[GNUPG:] PLAINTEXT_LENGTH 16
2019/05/15 11:53:51 :DEBUG:[GNUPG:] DECRYPTION_OKAY
2019/05/15 11:53:51 :DEBUG:[GNUPG:] GOODMDC
2019/05/15 11:53:51 :DEBUG:[GNUPG:] END_DECRYPTION
2019/05/15 11:53:51 :DEBUG:decrypt result: b'4g3bPUPhFSgqtUly'
2019/05/15 11:53:51 :DEBUG:15141: gpg --pinentry-mode loopback --status-fd 2 --no-tty --no-verbose --fixed-list-mode --batch --with-colons --homedir gpg --passphrase-fd 0 --decrypt
2019/05/15 11:53:51 :DEBUG:Wrote passphrase
2019/05/15 11:53:51 :DEBUG:data copier: <Thread(Thread-66, initial daemon)>, <_io.BytesIO object at 0x7fa6a2f870f8>, <_io.BufferedWriter name=27>
2019/05/15 11:53:51 :DEBUG:stderr reader: <Thread(Thread-67, initial daemon)>
2019/05/15 11:53:51 :DEBUG:closed output, 1 bytes sent
2019/05/15 11:53:51 :DEBUG:stdout reader: <Thread(Thread-68, initial daemon)>
2019/05/15 11:53:51 :DEBUG:gpg: WARNING: unsafe permissions on homedir '/home/jfk422/Projects/Code/Arcanum/arcanum/gpg'
2019/05/15 11:53:51 :DEBUG:gpg: [don't know]: invalid packet (ctb=33)
2019/05/15 11:53:51 :DEBUG:[GNUPG:] NODATA 3
2019/05/15 11:53:51 :DEBUG:decrypt result: b''
2019/05/15 11:53:51 :DEBUG:15145: gpg --pinentry-mode loopback --status-fd 2 --no-tty --no-verbose --fixed-list-mode --batch --with-colons --homedir gpg --passphrase-fd 0 --decrypt
2019/05/15 11:53:51 :DEBUG:Wrote passphrase
2019/05/15 11:53:51 :DEBUG:data copier: <Thread(Thread-69, initial daemon)>, <_io.BytesIO object at 0x7fa6a2f870f8>, <_io.BufferedWriter name=27>
2019/05/15 11:53:51 :DEBUG:stderr reader: <Thread(Thread-70, initial daemon)>
2019/05/15 11:53:51 :DEBUG:stdout reader: <Thread(Thread-71, initial daemon)>
2019/05/15 11:53:51 :DEBUG:closed output, 175 bytes sent
2019/05/15 11:53:51 :DEBUG:gpg: WARNING: unsafe permissions on homedir '/home/jfk422/Projects/Code/Arcanum/arcanum/gpg'
2019/05/15 11:53:51 :DEBUG:gpg: AES256 encrypted data
2019/05/15 11:53:51 :DEBUG:[GNUPG:] NEED_PASSPHRASE_SYM 9 3 2
2019/05/15 11:53:51 :DEBUG:chunk: b"n'Other test"
2019/05/15 11:53:51 :DEBUG:gpg: encrypted with 1 passphrase
2019/05/15 11:53:51 :DEBUG:[GNUPG:] BEGIN_DECRYPTION
2019/05/15 11:53:51 :DEBUG:[GNUPG:] DECRYPTION_COMPLIANCE_MODE 23
2019/05/15 11:53:51 :DEBUG:message ignored: DECRYPTION_COMPLIANCE_MODE, 23
2019/05/15 11:53:51 :DEBUG:[GNUPG:] DECRYPTION_INFO 2 9
2019/05/15 11:53:51 :DEBUG:[GNUPG:] PLAINTEXT 62 1557913862
2019/05/15 11:53:51 :DEBUG:[GNUPG:] PLAINTEXT_LENGTH 12
2019/05/15 11:53:51 :DEBUG:[GNUPG:] DECRYPTION_OKAY
2019/05/15 11:53:51 :DEBUG:[GNUPG:] GOODMDC
2019/05/15 11:53:51 :DEBUG:[GNUPG:] END_DECRYPTION
2019/05/15 11:53:51 :DEBUG:decrypt result: b"n'Other test"
2019/05/15 11:53:51 :DEBUG:15149: gpg --pinentry-mode loopback --status-fd 2 --no-tty --no-verbose --fixed-list-mode --batch --with-colons --homedir gpg --passphrase-fd 0 --decrypt
2019/05/15 11:53:51 :DEBUG:Wrote passphrase
2019/05/15 11:53:51 :DEBUG:data copier: <Thread(Thread-72, initial daemon)>, <_io.BytesIO object at 0x7fa6a2f870f8>, <_io.BufferedWriter name=27>
2019/05/15 11:53:51 :DEBUG:stderr reader: <Thread(Thread-73, initial daemon)>
2019/05/15 11:53:51 :DEBUG:closed output, 26 bytes sent
2019/05/15 11:53:51 :DEBUG:stdout reader: <Thread(Thread-74, initial daemon)>
2019/05/15 11:53:51 :DEBUG:gpg: WARNING: unsafe permissions on homedir '/home/jfk422/Projects/Code/Arcanum/arcanum/gpg'
2019/05/15 11:53:51 :DEBUG:gpg: no valid OpenPGP data found.
2019/05/15 11:53:51 :DEBUG:[GNUPG:] NODATA 1
2019/05/15 11:53:51 :DEBUG:[GNUPG:] NODATA 2
2019/05/15 11:53:51 :DEBUG:[GNUPG:] FAILURE decrypt 4294967295
2019/05/15 11:53:51 :DEBUG:gpg: decrypt_message failed: Unknown system error
2019/05/15 11:53:51 :DEBUG:decrypt result: b''
2019/05/15 11:53:51 :DEBUG:15153: gpg --pinentry-mode loopback --status-fd 2 --no-tty --no-verbose --fixed-list-mode --batch --with-colons --homedir gpg --passphrase-fd 0 --decrypt
2019/05/15 11:53:51 :DEBUG:Wrote passphrase
2019/05/15 11:53:51 :DEBUG:data copier: <Thread(Thread-75, initial daemon)>, <_io.BytesIO object at 0x7fa6a2f870f8>, <_io.BufferedWriter name=27>
2019/05/15 11:53:51 :DEBUG:stderr reader: <Thread(Thread-76, initial daemon)>
2019/05/15 11:53:51 :DEBUG:closed output, 5 bytes sent
2019/05/15 11:53:51 :DEBUG:stdout reader: <Thread(Thread-77, initial daemon)>
2019/05/15 11:53:51 :DEBUG:gpg: WARNING: unsafe permissions on homedir '/home/jfk422/Projects/Code/Arcanum/arcanum/gpg'
2019/05/15 11:53:51 :DEBUG:gpg: no valid OpenPGP data found.
2019/05/15 11:53:51 :DEBUG:[GNUPG:] NODATA 1
2019/05/15 11:53:51 :DEBUG:[GNUPG:] NODATA 2
2019/05/15 11:53:51 :DEBUG:[GNUPG:] FAILURE decrypt 4294967295
2019/05/15 11:53:51 :DEBUG:gpg: decrypt_message failed: Unknown system error
2019/05/15 11:53:51 :DEBUG:decrypt result: b''
2019/05/15 11:53:51 :DEBUG:15157: gpg --pinentry-mode loopback --status-fd 2 --no-tty --no-verbose --fixed-list-mode --batch --with-colons --homedir gpg --passphrase-fd 0 --decrypt
2019/05/15 11:53:51 :DEBUG:Wrote passphrase
2019/05/15 11:53:51 :DEBUG:data copier: <Thread(Thread-78, initial daemon)>, <_io.BytesIO object at 0x7fa6a2f870f8>, <_io.BufferedWriter name=27>
2019/05/15 11:53:51 :DEBUG:stderr reader: <Thread(Thread-79, initial daemon)>
2019/05/15 11:53:51 :DEBUG:closed output, 1 bytes sent
2019/05/15 11:53:51 :DEBUG:stdout reader: <Thread(Thread-80, initial daemon)>
2019/05/15 11:53:51 :DEBUG:gpg: WARNING: unsafe permissions on homedir '/home/jfk422/Projects/Code/Arcanum/arcanum/gpg'
2019/05/15 11:53:51 :DEBUG:gpg: [don't know]: invalid packet (ctb=33)
2019/05/15 11:53:51 :DEBUG:[GNUPG:] NODATA 3
2019/05/15 11:53:51 :DEBUG:decrypt result: b''
2019/05/15 11:53:51 :DEBUG:15161: gpg --pinentry-mode loopback --status-fd 2 --no-tty --no-verbose --fixed-list-mode --batch --with-colons --homedir gpg --passphrase-fd 0 --decrypt
2019/05/15 11:53:51 :DEBUG:Wrote passphrase
2019/05/15 11:53:51 :DEBUG:data copier: <Thread(Thread-81, initial daemon)>, <_io.BytesIO object at 0x7fa6a2f870f8>, <_io.BufferedWriter name=27>
2019/05/15 11:53:51 :DEBUG:stderr reader: <Thread(Thread-82, initial daemon)>
2019/05/15 11:53:51 :DEBUG:closed output, 7 bytes sent
2019/05/15 11:53:51 :DEBUG:stdout reader: <Thread(Thread-83, initial daemon)>
2019/05/15 11:53:51 :DEBUG:gpg: WARNING: unsafe permissions on homedir '/home/jfk422/Projects/Code/Arcanum/arcanum/gpg'
2019/05/15 11:53:51 :DEBUG:gpg: no valid OpenPGP data found.
2019/05/15 11:53:51 :DEBUG:[GNUPG:] NODATA 1
2019/05/15 11:53:51 :DEBUG:[GNUPG:] NODATA 2
2019/05/15 11:53:51 :DEBUG:[GNUPG:] FAILURE decrypt 4294967295
2019/05/15 11:53:51 :DEBUG:gpg: decrypt_message failed: Unknown system error
2019/05/15 11:53:51 :DEBUG:decrypt result: b''
2019/05/15 11:53:51 :DEBUG:15165: gpg --pinentry-mode loopback --status-fd 2 --no-tty --no-verbose --fixed-list-mode --batch --with-colons --homedir gpg --passphrase-fd 0 --decrypt
2019/05/15 11:53:51 :DEBUG:Wrote passphrase
2019/05/15 11:53:51 :DEBUG:data copier: <Thread(Thread-84, initial daemon)>, <_io.BytesIO object at 0x7fa6a2f870f8>, <_io.BufferedWriter name=27>
2019/05/15 11:53:51 :DEBUG:stderr reader: <Thread(Thread-85, initial daemon)>
2019/05/15 11:53:51 :DEBUG:closed output, 5 bytes sent
2019/05/15 11:53:51 :DEBUG:stdout reader: <Thread(Thread-86, initial daemon)>
2019/05/15 11:53:51 :DEBUG:gpg: WARNING: unsafe permissions on homedir '/home/jfk422/Projects/Code/Arcanum/arcanum/gpg'
2019/05/15 11:53:51 :DEBUG:gpg: no valid OpenPGP data found.
2019/05/15 11:53:51 :DEBUG:[GNUPG:] NODATA 1
2019/05/15 11:53:51 :DEBUG:[GNUPG:] NODATA 2
2019/05/15 11:53:51 :DEBUG:[GNUPG:] FAILURE decrypt 4294967295
2019/05/15 11:53:51 :DEBUG:gpg: decrypt_message failed: Unknown system error
2019/05/15 11:53:51 :DEBUG:decrypt result: b''
2019/05/15 11:53:51 :DEBUG:15169: gpg --pinentry-mode loopback --status-fd 2 --no-tty --no-verbose --fixed-list-mode --batch --with-colons --homedir gpg --passphrase-fd 0 --decrypt
2019/05/15 11:53:51 :DEBUG:Wrote passphrase
2019/05/15 11:53:51 :DEBUG:data copier: <Thread(Thread-87, initial daemon)>, <_io.BytesIO object at 0x7fa6a2f870f8>, <_io.BufferedWriter name=27>
2019/05/15 11:53:51 :DEBUG:stderr reader: <Thread(Thread-88, initial daemon)>
2019/05/15 11:53:51 :DEBUG:closed output, 4 bytes sent
2019/05/15 11:53:51 :DEBUG:stdout reader: <Thread(Thread-89, initial daemon)>
2019/05/15 11:53:51 :DEBUG:gpg: WARNING: unsafe permissions on homedir '/home/jfk422/Projects/Code/Arcanum/arcanum/gpg'
2019/05/15 11:53:51 :DEBUG:gpg: no valid OpenPGP data found.
2019/05/15 11:53:51 :DEBUG:[GNUPG:] NODATA 1
2019/05/15 11:53:51 :DEBUG:[GNUPG:] NODATA 2
2019/05/15 11:53:51 :DEBUG:[GNUPG:] FAILURE decrypt 4294967295
2019/05/15 11:53:51 :DEBUG:gpg: decrypt_message failed: Unknown system error
2019/05/15 11:53:51 :DEBUG:decrypt result: b''
2019/05/15 11:53:51 :INFO:Getting row: 3 from table: email
2019/05/15 11:53:51 :DEBUG:15173: gpg --pinentry-mode loopback --status-fd 2 --no-tty --no-verbose --fixed-list-mode --batch --with-colons --homedir gpg --passphrase-fd 0 --decrypt
2019/05/15 11:53:51 :DEBUG:Wrote passphrase
2019/05/15 11:53:51 :DEBUG:data copier: <Thread(Thread-90, initial daemon)>, <_io.BytesIO object at 0x7fa6a2f870a0>, <_io.BufferedWriter name=27>
2019/05/15 11:53:51 :DEBUG:stderr reader: <Thread(Thread-91, initial daemon)>
2019/05/15 11:53:51 :DEBUG:closed output, 179 bytes sent
2019/05/15 11:53:51 :DEBUG:stdout reader: <Thread(Thread-92, initial daemon)>
2019/05/15 11:53:52 :DEBUG:gpg: WARNING: unsafe permissions on homedir '/home/jfk422/Projects/Code/Arcanum/arcanum/gpg'
2019/05/15 11:53:52 :DEBUG:gpg: AES256 encrypted data
2019/05/15 11:53:52 :DEBUG:[GNUPG:] NEED_PASSPHRASE_SYM 9 3 2
2019/05/15 11:53:52 :DEBUG:gpg: encrypted with 1 passphrase
2019/05/15 11:53:52 :DEBUG:[GNUPG:] BEGIN_DECRYPTION
2019/05/15 11:53:52 :DEBUG:[GNUPG:] DECRYPTION_COMPLIANCE_MODE 23
2019/05/15 11:53:52 :DEBUG:chunk: b'someMail@mail.com'
2019/05/15 11:53:52 :DEBUG:message ignored: DECRYPTION_COMPLIANCE_MODE, 23
2019/05/15 11:53:52 :DEBUG:[GNUPG:] DECRYPTION_INFO 2 9
2019/05/15 11:53:52 :DEBUG:[GNUPG:] PLAINTEXT 62 1557913861
2019/05/15 11:53:52 :DEBUG:[GNUPG:] PLAINTEXT_LENGTH 17
2019/05/15 11:53:52 :DEBUG:[GNUPG:] DECRYPTION_OKAY
2019/05/15 11:53:52 :DEBUG:[GNUPG:] GOODMDC
2019/05/15 11:53:52 :DEBUG:[GNUPG:] END_DECRYPTION
2019/05/15 11:53:52 :DEBUG:decrypt result: b'someMail@mail.com'
2019/05/15 11:53:52 :INFO:Getting row: 3 from table: passTable
2019/05/15 11:53:52 :DEBUG:15179: gpg --pinentry-mode loopback --status-fd 2 --no-tty --no-verbose --fixed-list-mode --batch --with-colons --homedir gpg --passphrase-fd 0 --decrypt
2019/05/15 11:53:52 :DEBUG:Wrote passphrase
2019/05/15 11:53:52 :DEBUG:data copier: <Thread(Thread-93, initial daemon)>, <_io.BytesIO object at 0x7fa6a2f871a8>, <_io.BufferedWriter name=27>
2019/05/15 11:53:52 :DEBUG:stderr reader: <Thread(Thread-94, initial daemon)>
2019/05/15 11:53:52 :DEBUG:closed output, 167 bytes sent
2019/05/15 11:53:52 :DEBUG:stdout reader: <Thread(Thread-95, initial daemon)>
2019/05/15 11:53:52 :DEBUG:gpg: WARNING: unsafe permissions on homedir '/home/jfk422/Projects/Code/Arcanum/arcanum/gpg'
2019/05/15 11:53:52 :DEBUG:gpg: AES256 encrypted data
2019/05/15 11:53:52 :DEBUG:[GNUPG:] NEED_PASSPHRASE_SYM 9 3 2
2019/05/15 11:53:52 :DEBUG:chunk: b'tdfsdfsdf'
2019/05/15 11:53:52 :DEBUG:gpg: encrypted with 1 passphrase
2019/05/15 11:53:52 :DEBUG:[GNUPG:] BEGIN_DECRYPTION
2019/05/15 11:53:52 :DEBUG:[GNUPG:] DECRYPTION_COMPLIANCE_MODE 23
2019/05/15 11:53:52 :DEBUG:message ignored: DECRYPTION_COMPLIANCE_MODE, 23
2019/05/15 11:53:52 :DEBUG:[GNUPG:] DECRYPTION_INFO 2 9
2019/05/15 11:53:52 :DEBUG:[GNUPG:] PLAINTEXT 62 1557913862
2019/05/15 11:53:52 :DEBUG:[GNUPG:] PLAINTEXT_LENGTH 9
2019/05/15 11:53:52 :DEBUG:[GNUPG:] DECRYPTION_OKAY
2019/05/15 11:53:52 :DEBUG:[GNUPG:] GOODMDC
2019/05/15 11:53:52 :DEBUG:[GNUPG:] END_DECRYPTION
2019/05/15 11:53:52 :DEBUG:decrypt result: b'tdfsdfsdf'
2019/05/15 11:53:52 :INFO:Getting everything from email
2019/05/15 11:53:52 :DEBUG:15183: gpg --pinentry-mode loopback --status-fd 2 --no-tty --no-verbose --fixed-list-mode --batch --with-colons --homedir gpg --passphrase-fd 0 --decrypt
2019/05/15 11:53:52 :DEBUG:Wrote passphrase
2019/05/15 11:53:52 :DEBUG:data copier: <Thread(Thread-96, initial daemon)>, <_io.BytesIO object at 0x7fa6a2f870a0>, <_io.BufferedWriter name=27>
2019/05/15 11:53:52 :DEBUG:stderr reader: <Thread(Thread-97, initial daemon)>
2019/05/15 11:53:52 :DEBUG:closed output, 163 bytes sent
2019/05/15 11:53:52 :DEBUG:stdout reader: <Thread(Thread-98, initial daemon)>
2019/05/15 11:53:52 :DEBUG:gpg: WARNING: unsafe permissions on homedir '/home/jfk422/Projects/Code/Arcanum/arcanum/gpg'
2019/05/15 11:53:52 :DEBUG:gpg: AES256 encrypted data
2019/05/15 11:53:52 :DEBUG:chunk: b'None'
2019/05/15 11:53:52 :DEBUG:[GNUPG:] NEED_PASSPHRASE_SYM 9 3 2
2019/05/15 11:53:52 :DEBUG:gpg: encrypted with 1 passphrase
2019/05/15 11:53:52 :DEBUG:[GNUPG:] BEGIN_DECRYPTION
2019/05/15 11:53:52 :DEBUG:[GNUPG:] DECRYPTION_COMPLIANCE_MODE 23
2019/05/15 11:53:52 :DEBUG:message ignored: DECRYPTION_COMPLIANCE_MODE, 23
2019/05/15 11:53:52 :DEBUG:[GNUPG:] DECRYPTION_INFO 2 9
2019/05/15 11:53:52 :DEBUG:[GNUPG:] PLAINTEXT 62 1557913555
2019/05/15 11:53:52 :DEBUG:[GNUPG:] PLAINTEXT_LENGTH 4
2019/05/15 11:53:52 :DEBUG:[GNUPG:] DECRYPTION_OKAY
2019/05/15 11:53:52 :DEBUG:[GNUPG:] GOODMDC
2019/05/15 11:53:52 :DEBUG:[GNUPG:] END_DECRYPTION
2019/05/15 11:53:52 :DEBUG:decrypt result: b'None'
2019/05/15 11:53:52 :DEBUG:15187: gpg --pinentry-mode loopback --status-fd 2 --no-tty --no-verbose --fixed-list-mode --batch --with-colons --homedir gpg --passphrase-fd 0 --decrypt
2019/05/15 11:53:52 :DEBUG:Wrote passphrase
2019/05/15 11:53:52 :DEBUG:data copier: <Thread(Thread-99, initial daemon)>, <_io.BytesIO object at 0x7fa6a2f870a0>, <_io.BufferedWriter name=27>
2019/05/15 11:53:52 :DEBUG:stderr reader: <Thread(Thread-100, initial daemon)>
2019/05/15 11:53:52 :DEBUG:closed output, 171 bytes sent
2019/05/15 11:53:52 :DEBUG:stdout reader: <Thread(Thread-101, initial daemon)>
2019/05/15 11:53:53 :DEBUG:gpg: WARNING: unsafe permissions on homedir '/home/jfk422/Projects/Code/Arcanum/arcanum/gpg'
2019/05/15 11:53:53 :DEBUG:gpg: AES256 encrypted data
2019/05/15 11:53:53 :DEBUG:[GNUPG:] NEED_PASSPHRASE_SYM 9 3 2
2019/05/15 11:53:53 :DEBUG:gpg: encrypted with 1 passphrase
2019/05/15 11:53:53 :DEBUG:[GNUPG:] BEGIN_DECRYPTION
2019/05/15 11:53:53 :DEBUG:[GNUPG:] DECRYPTION_COMPLIANCE_MODE 23
2019/05/15 11:53:53 :DEBUG:chunk: b'test@test.com'
2019/05/15 11:53:53 :DEBUG:message ignored: DECRYPTION_COMPLIANCE_MODE, 23
2019/05/15 11:53:53 :DEBUG:[GNUPG:] DECRYPTION_INFO 2 9
2019/05/15 11:53:53 :DEBUG:[GNUPG:] PLAINTEXT 62 1557913575
2019/05/15 11:53:53 :DEBUG:[GNUPG:] PLAINTEXT_LENGTH 13
2019/05/15 11:53:53 :DEBUG:[GNUPG:] DECRYPTION_OKAY
2019/05/15 11:53:53 :DEBUG:[GNUPG:] GOODMDC
2019/05/15 11:53:53 :DEBUG:[GNUPG:] END_DECRYPTION
2019/05/15 11:53:53 :DEBUG:decrypt result: b'test@test.com'
2019/05/15 11:53:53 :DEBUG:15191: gpg --pinentry-mode loopback --status-fd 2 --no-tty --no-verbose --fixed-list-mode --batch --with-colons --homedir gpg --passphrase-fd 0 --decrypt
2019/05/15 11:53:53 :DEBUG:Wrote passphrase
2019/05/15 11:53:53 :DEBUG:data copier: <Thread(Thread-102, initial daemon)>, <_io.BytesIO object at 0x7fa6a2f870a0>, <_io.BufferedWriter name=27>
2019/05/15 11:53:53 :DEBUG:stderr reader: <Thread(Thread-103, initial daemon)>
2019/05/15 11:53:53 :DEBUG:closed output, 179 bytes sent
2019/05/15 11:53:53 :DEBUG:stdout reader: <Thread(Thread-104, initial daemon)>
2019/05/15 11:53:53 :DEBUG:gpg: WARNING: unsafe permissions on homedir '/home/jfk422/Projects/Code/Arcanum/arcanum/gpg'
2019/05/15 11:53:53 :DEBUG:gpg: AES256 encrypted data
2019/05/15 11:53:53 :DEBUG:[GNUPG:] NEED_PASSPHRASE_SYM 9 3 2
2019/05/15 11:53:53 :DEBUG:gpg: encrypted with 1 passphrase
2019/05/15 11:53:53 :DEBUG:[GNUPG:] BEGIN_DECRYPTION
2019/05/15 11:53:53 :DEBUG:[GNUPG:] DECRYPTION_COMPLIANCE_MODE 23
2019/05/15 11:53:53 :DEBUG:message ignored: DECRYPTION_COMPLIANCE_MODE, 23
2019/05/15 11:53:53 :DEBUG:[GNUPG:] DECRYPTION_INFO 2 9
2019/05/15 11:53:53 :DEBUG:[GNUPG:] PLAINTEXT 62 1557913861
2019/05/15 11:53:53 :DEBUG:chunk: b'someMail@mail.com'
2019/05/15 11:53:53 :DEBUG:[GNUPG:] PLAINTEXT_LENGTH 17
2019/05/15 11:53:53 :DEBUG:[GNUPG:] DECRYPTION_OKAY
2019/05/15 11:53:53 :DEBUG:[GNUPG:] GOODMDC
2019/05/15 11:53:53 :DEBUG:[GNUPG:] END_DECRYPTION
2019/05/15 11:53:53 :DEBUG:decrypt result: b'someMail@mail.com'
2019/05/15 11:53:53 :INFO:Decrypted email addresses
