2019/05/15 03:48:58 PM:INFO:Qt version:5.11.1
2019/05/15 03:48:58 PM:INFO:PyQt version:5.11.2
2019/05/15 03:48:58 PM:INFO:SIP version:4.19.7
2019/05/15 03:48:59 :DEBUG:31565: gpg --status-fd 2 --no-tty --no-verbose --fixed-list-mode --batch --with-colons --homedir gpg --version
2019/05/15 03:48:59 :DEBUG:stderr reader: <Thread(Thread-1, initial daemon)>
2019/05/15 03:48:59 :DEBUG:stdout reader: <Thread(Thread-2, initial daemon)>
2019/05/15 03:48:59 :DEBUG:gpg: WARNING: unsafe permissions on homedir '/home/jfk422/Projects/Code/Arcanum/arcanum/gpg'
2019/05/15 03:48:59 :DEBUG:chunk: b'gpg (GnuPG) 2.2.4\nlibgcrypt 1.8.1\nCopyright (C) 2017 Free Software Foundation, Inc.\nLicense GPLv3+: GNU GPL version 3 or later <https://gnu.org/licenses/gpl.html>\nThis is free software: you are free to change and redistribute it.\nThere is NO WARRANTY, to t'
2019/05/15 03:48:59 :INFO:Connection to database established
2019/05/15 03:48:59 :INFO:Created table passTable: 
2019/05/15 03:48:59 :INFO:Created table configs: 
2019/05/15 03:48:59 :INFO:Created table email: 
2019/05/15 03:48:59 :INFO:Created table keys: 
2019/05/15 03:48:59 :INFO:All tables were created/exist!
2019/05/15 03:48:59 :INFO:Getting row: 1 from table: configs
2019/05/15 03:48:59 :INFO:Getting row: 1 from table: configs
2019/05/15 03:48:59 :DEBUG:31568: gpg --pinentry-mode loopback --status-fd 2 --no-tty --no-verbose --fixed-list-mode --batch --with-colons --homedir gpg --passphrase-fd 0 --decrypt
2019/05/15 03:48:59 :DEBUG:Wrote passphrase
2019/05/15 03:48:59 :DEBUG:data copier: <Thread(Thread-3, initial daemon)>, <_io.BytesIO object at 0x7f2feababfc0>, <_io.BufferedWriter name=27>
2019/05/15 03:48:59 :DEBUG:stderr reader: <Thread(Thread-4, initial daemon)>
2019/05/15 03:48:59 :DEBUG:closed output, 179 bytes sent
2019/05/15 03:48:59 :DEBUG:stdout reader: <Thread(Thread-5, initial daemon)>
2019/05/15 03:49:00 :DEBUG:gpg: WARNING: unsafe permissions on homedir '/home/jfk422/Projects/Code/Arcanum/arcanum/gpg'
2019/05/15 03:49:00 :DEBUG:gpg: AES256 encrypted data
2019/05/15 03:49:00 :DEBUG:[GNUPG:] NEED_PASSPHRASE_SYM 9 3 2
2019/05/15 03:49:00 :DEBUG:gpg: encrypted with 1 passphrase
2019/05/15 03:49:00 :DEBUG:chunk: b'uXZzRSrYwAPpJvxU'
2019/05/15 03:49:00 :DEBUG:[GNUPG:] BEGIN_DECRYPTION
2019/05/15 03:49:00 :DEBUG:[GNUPG:] DECRYPTION_COMPLIANCE_MODE 23
2019/05/15 03:49:00 :DEBUG:message ignored: DECRYPTION_COMPLIANCE_MODE, 23
2019/05/15 03:49:00 :DEBUG:[GNUPG:] DECRYPTION_INFO 2 9
2019/05/15 03:49:00 :DEBUG:[GNUPG:] PLAINTEXT 62 1557927936
2019/05/15 03:49:00 :DEBUG:[GNUPG:] PLAINTEXT_LENGTH 16
2019/05/15 03:49:00 :DEBUG:[GNUPG:] DECRYPTION_OKAY
2019/05/15 03:49:00 :DEBUG:[GNUPG:] GOODMDC
2019/05/15 03:49:00 :DEBUG:[GNUPG:] END_DECRYPTION
2019/05/15 03:49:00 :DEBUG:decrypt result: b'uXZzRSrYwAPpJvxU'
2019/05/15 03:49:00 :INFO:Getting everything from passTable
2019/05/15 03:49:00 :INFO:No passwords present
2019/05/15 03:49:00 :INFO:Getting everything from email
2019/05/15 03:49:00 :DEBUG:31572: gpg --pinentry-mode loopback --status-fd 2 --no-tty --no-verbose --fixed-list-mode --batch --with-colons --homedir gpg --passphrase-fd 0 --decrypt
2019/05/15 03:49:00 :DEBUG:Wrote passphrase
2019/05/15 03:49:00 :DEBUG:data copier: <Thread(Thread-6, initial daemon)>, <_io.BytesIO object at 0x7f2feababf68>, <_io.BufferedWriter name=27>
2019/05/15 03:49:00 :DEBUG:stderr reader: <Thread(Thread-7, initial daemon)>
2019/05/15 03:49:00 :DEBUG:stdout reader: <Thread(Thread-8, initial daemon)>
2019/05/15 03:49:00 :DEBUG:closed output, 163 bytes sent
2019/05/15 03:49:00 :DEBUG:gpg: WARNING: unsafe permissions on homedir '/home/jfk422/Projects/Code/Arcanum/arcanum/gpg'
2019/05/15 03:49:00 :DEBUG:gpg: AES256 encrypted data
2019/05/15 03:49:00 :DEBUG:[GNUPG:] NEED_PASSPHRASE_SYM 9 3 2
2019/05/15 03:49:00 :DEBUG:gpg: encrypted with 1 passphrase
2019/05/15 03:49:00 :DEBUG:chunk: b'None'
2019/05/15 03:49:00 :DEBUG:[GNUPG:] BEGIN_DECRYPTION
2019/05/15 03:49:00 :DEBUG:[GNUPG:] DECRYPTION_COMPLIANCE_MODE 23
2019/05/15 03:49:00 :DEBUG:message ignored: DECRYPTION_COMPLIANCE_MODE, 23
2019/05/15 03:49:00 :DEBUG:[GNUPG:] DECRYPTION_INFO 2 9
2019/05/15 03:49:00 :DEBUG:[GNUPG:] PLAINTEXT 62 1557927936
2019/05/15 03:49:00 :DEBUG:[GNUPG:] PLAINTEXT_LENGTH 4
2019/05/15 03:49:00 :DEBUG:[GNUPG:] DECRYPTION_OKAY
2019/05/15 03:49:00 :DEBUG:[GNUPG:] GOODMDC
2019/05/15 03:49:00 :DEBUG:[GNUPG:] END_DECRYPTION
2019/05/15 03:49:00 :DEBUG:decrypt result: b'None'
2019/05/15 03:49:00 :INFO:Decrypted email addresses
2019/05/15 03:49:17 :INFO:Getting everything from email
2019/05/15 03:49:17 :DEBUG:31588: gpg --pinentry-mode loopback --status-fd 2 --no-tty --no-verbose --fixed-list-mode --batch --with-colons --homedir gpg --passphrase-fd 0 --decrypt
2019/05/15 03:49:17 :DEBUG:Wrote passphrase
2019/05/15 03:49:17 :DEBUG:data copier: <Thread(Thread-9, initial daemon)>, <_io.BytesIO object at 0x7f2fe10c40a0>, <_io.BufferedWriter name=27>
2019/05/15 03:49:17 :DEBUG:stderr reader: <Thread(Thread-10, initial daemon)>
2019/05/15 03:49:17 :DEBUG:closed output, 163 bytes sent
2019/05/15 03:49:17 :DEBUG:stdout reader: <Thread(Thread-11, initial daemon)>
2019/05/15 03:49:17 :DEBUG:gpg: WARNING: unsafe permissions on homedir '/home/jfk422/Projects/Code/Arcanum/arcanum/gpg'
2019/05/15 03:49:17 :DEBUG:gpg: AES256 encrypted data
2019/05/15 03:49:17 :DEBUG:[GNUPG:] NEED_PASSPHRASE_SYM 9 3 2
2019/05/15 03:49:17 :DEBUG:gpg: encrypted with 1 passphrase
2019/05/15 03:49:17 :DEBUG:chunk: b'None'
2019/05/15 03:49:17 :DEBUG:[GNUPG:] BEGIN_DECRYPTION
2019/05/15 03:49:17 :DEBUG:[GNUPG:] DECRYPTION_COMPLIANCE_MODE 23
2019/05/15 03:49:17 :DEBUG:message ignored: DECRYPTION_COMPLIANCE_MODE, 23
2019/05/15 03:49:17 :DEBUG:[GNUPG:] DECRYPTION_INFO 2 9
2019/05/15 03:49:17 :DEBUG:[GNUPG:] PLAINTEXT 62 1557927936
2019/05/15 03:49:17 :DEBUG:[GNUPG:] PLAINTEXT_LENGTH 4
2019/05/15 03:49:17 :DEBUG:[GNUPG:] DECRYPTION_OKAY
2019/05/15 03:49:17 :DEBUG:[GNUPG:] GOODMDC
2019/05/15 03:49:17 :DEBUG:[GNUPG:] END_DECRYPTION
2019/05/15 03:49:17 :DEBUG:decrypt result: b'None'
2019/05/15 03:49:17 :DEBUG:31592: gpg --pinentry-mode loopback --status-fd 2 --no-tty --no-verbose --fixed-list-mode --batch --with-colons --homedir gpg --passphrase-fd 0 --symmetric --armor
2019/05/15 03:49:17 :DEBUG:Wrote passphrase
2019/05/15 03:49:17 :DEBUG:data copier: <Thread(Thread-12, initial daemon)>, <_io.BytesIO object at 0x7f2fe10c40a0>, <_io.BufferedWriter name=27>
2019/05/15 03:49:17 :DEBUG:stderr reader: <Thread(Thread-13, initial daemon)>
2019/05/15 03:49:17 :DEBUG:closed output, 13 bytes sent
2019/05/15 03:49:17 :DEBUG:stdout reader: <Thread(Thread-14, initial daemon)>
2019/05/15 03:49:18 :DEBUG:chunk: b'-----BEGIN PGP MESSAGE-----\n\njA0ECQMCfiiaa2CbElD/0kABRnF7UO1R9ApXoBzweHIW3ohmlHTcw8aHtbNcNItT\nmyeUreGxhSJhAf/DwGOjP/jXdE1OdHv2uM5C2HD5cVyP\n=mLJN\n-----END PGP MESSAGE-----\n'
2019/05/15 03:49:18 :DEBUG:gpg: WARNING: unsafe permissions on homedir '/home/jfk422/Projects/Code/Arcanum/arcanum/gpg'
2019/05/15 03:49:18 :DEBUG:[GNUPG:] NEED_PASSPHRASE_SYM 9 3 2
2019/05/15 03:49:18 :DEBUG:[GNUPG:] BEGIN_ENCRYPTION 2 9
2019/05/15 03:49:18 :DEBUG:[GNUPG:] END_ENCRYPTION
2019/05/15 03:49:18 :DEBUG:encrypt result: b'-----BEGIN PGP MESSAGE-----\n\njA0ECQMCfiiaa2CbElD/0kABRnF7UO1R9ApXoBzweHIW3ohmlHTcw8aHtbNcNItT\nmyeUreGxhSJhAf/DwGOjP/jXdE1OdHv2uM5C2HD5cVyP\n=mLJN\n-----END PGP MESSAGE-----\n'
2019/05/15 03:49:18 :INFO:Inserted data into email table
2019/05/15 03:49:18 :DEBUG:31597: gpg --pinentry-mode loopback --status-fd 2 --no-tty --no-verbose --fixed-list-mode --batch --with-colons --homedir gpg --passphrase-fd 0 --symmetric --armor
2019/05/15 03:49:18 :DEBUG:Wrote passphrase
2019/05/15 03:49:18 :DEBUG:data copier: <Thread(Thread-15, initial daemon)>, <_io.BytesIO object at 0x7f2fe10c40a0>, <_io.BufferedWriter name=27>
2019/05/15 03:49:18 :DEBUG:stderr reader: <Thread(Thread-16, initial daemon)>
2019/05/15 03:49:18 :DEBUG:closed output, 4 bytes sent
2019/05/15 03:49:18 :DEBUG:stdout reader: <Thread(Thread-17, initial daemon)>
2019/05/15 03:49:18 :DEBUG:gpg: WARNING: unsafe permissions on homedir '/home/jfk422/Projects/Code/Arcanum/arcanum/gpg'
2019/05/15 03:49:18 :DEBUG:chunk: b'-----BEGIN PGP MESSAGE-----\n\njA0ECQMCZMtrYLXxhi7/0jkB/cre4p4Nqv5jyqGDRDt5eESyAKpmbS0rg0KcTXuo\nMCxxgDRgauCK+zBOUBovpAwIQrOUwPq35Yo=\n=yFw7\n-----END PGP MESSAGE-----\n'
2019/05/15 03:49:18 :DEBUG:[GNUPG:] NEED_PASSPHRASE_SYM 9 3 2
2019/05/15 03:49:18 :DEBUG:[GNUPG:] BEGIN_ENCRYPTION 2 9
2019/05/15 03:49:18 :DEBUG:[GNUPG:] END_ENCRYPTION
2019/05/15 03:49:18 :DEBUG:encrypt result: b'-----BEGIN PGP MESSAGE-----\n\njA0ECQMCZMtrYLXxhi7/0jkB/cre4p4Nqv5jyqGDRDt5eESyAKpmbS0rg0KcTXuo\nMCxxgDRgauCK+zBOUBovpAwIQrOUwPq35Yo=\n=yFw7\n-----END PGP MESSAGE-----\n'
2019/05/15 03:49:18 :DEBUG:31604: gpg --pinentry-mode loopback --status-fd 2 --no-tty --no-verbose --fixed-list-mode --batch --with-colons --homedir gpg --passphrase-fd 0 --symmetric --armor
2019/05/15 03:49:18 :DEBUG:Wrote passphrase
2019/05/15 03:49:18 :DEBUG:data copier: <Thread(Thread-18, initial daemon)>, <_io.BytesIO object at 0x7f2fe10c40a0>, <_io.BufferedWriter name=27>
2019/05/15 03:49:18 :DEBUG:stderr reader: <Thread(Thread-19, initial daemon)>
2019/05/15 03:49:18 :DEBUG:closed output, 4 bytes sent
2019/05/15 03:49:18 :DEBUG:stdout reader: <Thread(Thread-20, initial daemon)>
2019/05/15 03:49:19 :DEBUG:gpg: WARNING: unsafe permissions on homedir '/home/jfk422/Projects/Code/Arcanum/arcanum/gpg'
2019/05/15 03:49:19 :DEBUG:chunk: b'-----BEGIN PGP MESSAGE-----\n\njA0ECQMC5oTGSIcSxAz/0jkBjsroUVPwx5Fe7uoblODXr9tEj+eeksTjuQZKgIcy\nNXwsXJzjhjRxV6doIohVS93tgvc96ZTBhWQ=\n=9L6A\n-----END PGP MESSAGE-----\n'
2019/05/15 03:49:19 :DEBUG:[GNUPG:] NEED_PASSPHRASE_SYM 9 3 2
2019/05/15 03:49:19 :DEBUG:[GNUPG:] BEGIN_ENCRYPTION 2 9
2019/05/15 03:49:19 :DEBUG:[GNUPG:] END_ENCRYPTION
2019/05/15 03:49:19 :DEBUG:encrypt result: b'-----BEGIN PGP MESSAGE-----\n\njA0ECQMC5oTGSIcSxAz/0jkBjsroUVPwx5Fe7uoblODXr9tEj+eeksTjuQZKgIcy\nNXwsXJzjhjRxV6doIohVS93tgvc96ZTBhWQ=\n=9L6A\n-----END PGP MESSAGE-----\n'
2019/05/15 03:49:19 :DEBUG:31609: gpg --pinentry-mode loopback --status-fd 2 --no-tty --no-verbose --fixed-list-mode --batch --with-colons --homedir gpg --passphrase-fd 0 --symmetric --armor
2019/05/15 03:49:19 :DEBUG:Wrote passphrase
2019/05/15 03:49:19 :DEBUG:data copier: <Thread(Thread-21, initial daemon)>, <_io.BytesIO object at 0x7f2fe10c40a0>, <_io.BufferedWriter name=27>
2019/05/15 03:49:19 :DEBUG:stderr reader: <Thread(Thread-22, initial daemon)>
2019/05/15 03:49:19 :DEBUG:closed output, 4 bytes sent
2019/05/15 03:49:19 :DEBUG:stdout reader: <Thread(Thread-23, initial daemon)>
2019/05/15 03:49:19 :DEBUG:gpg: WARNING: unsafe permissions on homedir '/home/jfk422/Projects/Code/Arcanum/arcanum/gpg'
2019/05/15 03:49:19 :DEBUG:chunk: b'-----BEGIN PGP MESSAGE-----\n\njA0ECQMCthBQk6Yyib7/0jkBYOatuNkvxa+lU23kTOu17KIF4F12PHjGiCSBBvMR\nYb2f5btlTXzNnS97azouX1RAtherEE8hLjc=\n=JhNA\n-----END PGP MESSAGE-----\n'
2019/05/15 03:49:19 :DEBUG:[GNUPG:] NEED_PASSPHRASE_SYM 9 3 2
2019/05/15 03:49:19 :DEBUG:[GNUPG:] BEGIN_ENCRYPTION 2 9
2019/05/15 03:49:19 :DEBUG:[GNUPG:] END_ENCRYPTION
2019/05/15 03:49:19 :DEBUG:encrypt result: b'-----BEGIN PGP MESSAGE-----\n\njA0ECQMCthBQk6Yyib7/0jkBYOatuNkvxa+lU23kTOu17KIF4F12PHjGiCSBBvMR\nYb2f5btlTXzNnS97azouX1RAtherEE8hLjc=\n=JhNA\n-----END PGP MESSAGE-----\n'
2019/05/15 03:49:19 :INFO:Password is being inserted
2019/05/15 03:49:19 :INFO:Inserted data into passwords table
2019/05/15 03:49:19 :INFO:Getting everything from passTable
2019/05/15 03:49:19 :DEBUG:31614: gpg --pinentry-mode loopback --status-fd 2 --no-tty --no-verbose --fixed-list-mode --batch --with-colons --homedir gpg --passphrase-fd 0 --decrypt
2019/05/15 03:49:19 :DEBUG:Wrote passphrase
2019/05/15 03:49:19 :DEBUG:data copier: <Thread(Thread-24, initial daemon)>, <_io.BytesIO object at 0x7f2fe10c4150>, <_io.BufferedWriter name=27>
2019/05/15 03:49:19 :DEBUG:stderr reader: <Thread(Thread-25, initial daemon)>
2019/05/15 03:49:19 :DEBUG:closed output, 1 bytes sent
2019/05/15 03:49:19 :DEBUG:stdout reader: <Thread(Thread-26, initial daemon)>
2019/05/15 03:49:19 :DEBUG:gpg: WARNING: unsafe permissions on homedir '/home/jfk422/Projects/Code/Arcanum/arcanum/gpg'
2019/05/15 03:49:19 :DEBUG:gpg: [don't know]: invalid packet (ctb=31)
2019/05/15 03:49:19 :DEBUG:[GNUPG:] NODATA 3
2019/05/15 03:49:19 :DEBUG:decrypt result: b''
2019/05/15 03:49:19 :DEBUG:31618: gpg --pinentry-mode loopback --status-fd 2 --no-tty --no-verbose --fixed-list-mode --batch --with-colons --homedir gpg --passphrase-fd 0 --decrypt
2019/05/15 03:49:19 :DEBUG:Wrote passphrase
2019/05/15 03:49:19 :DEBUG:data copier: <Thread(Thread-27, initial daemon)>, <_io.BytesIO object at 0x7f2fe10c4150>, <_io.BufferedWriter name=27>
2019/05/15 03:49:19 :DEBUG:stderr reader: <Thread(Thread-28, initial daemon)>
2019/05/15 03:49:19 :DEBUG:closed output, 163 bytes sent
2019/05/15 03:49:19 :DEBUG:stdout reader: <Thread(Thread-29, initial daemon)>
2019/05/15 03:49:20 :DEBUG:gpg: WARNING: unsafe permissions on homedir '/home/jfk422/Projects/Code/Arcanum/arcanum/gpg'
2019/05/15 03:49:20 :DEBUG:gpg: AES256 encrypted data
2019/05/15 03:49:20 :DEBUG:[GNUPG:] NEED_PASSPHRASE_SYM 9 3 2
2019/05/15 03:49:20 :DEBUG:gpg: encrypted with 1 passphrase
2019/05/15 03:49:20 :DEBUG:[GNUPG:] BEGIN_DECRYPTION
2019/05/15 03:49:20 :DEBUG:[GNUPG:] DECRYPTION_COMPLIANCE_MODE 23
2019/05/15 03:49:20 :DEBUG:chunk: b'test'
2019/05/15 03:49:20 :DEBUG:message ignored: DECRYPTION_COMPLIANCE_MODE, 23
2019/05/15 03:49:20 :DEBUG:[GNUPG:] DECRYPTION_INFO 2 9
2019/05/15 03:49:20 :DEBUG:[GNUPG:] PLAINTEXT 62 1557928158
2019/05/15 03:49:20 :DEBUG:[GNUPG:] PLAINTEXT_LENGTH 4
2019/05/15 03:49:20 :DEBUG:[GNUPG:] DECRYPTION_OKAY
2019/05/15 03:49:20 :DEBUG:[GNUPG:] GOODMDC
2019/05/15 03:49:20 :DEBUG:[GNUPG:] END_DECRYPTION
2019/05/15 03:49:20 :DEBUG:decrypt result: b'test'
2019/05/15 03:49:20 :DEBUG:31622: gpg --pinentry-mode loopback --status-fd 2 --no-tty --no-verbose --fixed-list-mode --batch --with-colons --homedir gpg --passphrase-fd 0 --decrypt
2019/05/15 03:49:20 :DEBUG:Wrote passphrase
2019/05/15 03:49:20 :DEBUG:data copier: <Thread(Thread-30, initial daemon)>, <_io.BytesIO object at 0x7f2fe10c4150>, <_io.BufferedWriter name=27>
2019/05/15 03:49:20 :DEBUG:stderr reader: <Thread(Thread-31, initial daemon)>
2019/05/15 03:49:20 :DEBUG:closed output, 26 bytes sent
2019/05/15 03:49:20 :DEBUG:stdout reader: <Thread(Thread-32, initial daemon)>
2019/05/15 03:49:20 :DEBUG:gpg: WARNING: unsafe permissions on homedir '/home/jfk422/Projects/Code/Arcanum/arcanum/gpg'
2019/05/15 03:49:20 :DEBUG:gpg: no valid OpenPGP data found.
2019/05/15 03:49:20 :DEBUG:[GNUPG:] NODATA 1
2019/05/15 03:49:20 :DEBUG:[GNUPG:] NODATA 2
2019/05/15 03:49:20 :DEBUG:[GNUPG:] FAILURE decrypt 4294967295
2019/05/15 03:49:20 :DEBUG:gpg: decrypt_message failed: Unknown system error
2019/05/15 03:49:20 :DEBUG:decrypt result: b''
2019/05/15 03:49:20 :DEBUG:31626: gpg --pinentry-mode loopback --status-fd 2 --no-tty --no-verbose --fixed-list-mode --batch --with-colons --homedir gpg --passphrase-fd 0 --decrypt
2019/05/15 03:49:20 :DEBUG:Wrote passphrase
2019/05/15 03:49:20 :DEBUG:data copier: <Thread(Thread-33, initial daemon)>, <_io.BytesIO object at 0x7f2fe10c4150>, <_io.BufferedWriter name=27>
2019/05/15 03:49:20 :DEBUG:stderr reader: <Thread(Thread-34, initial daemon)>
2019/05/15 03:49:20 :DEBUG:closed output, 5 bytes sent
2019/05/15 03:49:20 :DEBUG:stdout reader: <Thread(Thread-35, initial daemon)>
2019/05/15 03:49:20 :DEBUG:gpg: WARNING: unsafe permissions on homedir '/home/jfk422/Projects/Code/Arcanum/arcanum/gpg'
2019/05/15 03:49:20 :DEBUG:gpg: no valid OpenPGP data found.
2019/05/15 03:49:20 :DEBUG:[GNUPG:] NODATA 1
2019/05/15 03:49:20 :DEBUG:[GNUPG:] NODATA 2
2019/05/15 03:49:20 :DEBUG:[GNUPG:] FAILURE decrypt 4294967295
2019/05/15 03:49:20 :DEBUG:gpg: decrypt_message failed: Unknown system error
2019/05/15 03:49:20 :DEBUG:decrypt result: b''
2019/05/15 03:49:20 :DEBUG:31630: gpg --pinentry-mode loopback --status-fd 2 --no-tty --no-verbose --fixed-list-mode --batch --with-colons --homedir gpg --passphrase-fd 0 --decrypt
2019/05/15 03:49:20 :DEBUG:Wrote passphrase
2019/05/15 03:49:20 :DEBUG:data copier: <Thread(Thread-36, initial daemon)>, <_io.BytesIO object at 0x7f2fe10c4150>, <_io.BufferedWriter name=27>
2019/05/15 03:49:20 :DEBUG:stderr reader: <Thread(Thread-37, initial daemon)>
2019/05/15 03:49:20 :DEBUG:closed output, 1 bytes sent
2019/05/15 03:49:20 :DEBUG:stdout reader: <Thread(Thread-38, initial daemon)>
2019/05/15 03:49:20 :DEBUG:gpg: WARNING: unsafe permissions on homedir '/home/jfk422/Projects/Code/Arcanum/arcanum/gpg'
2019/05/15 03:49:20 :DEBUG:gpg: [don't know]: invalid packet (ctb=32)
2019/05/15 03:49:20 :DEBUG:[GNUPG:] NODATA 3
2019/05/15 03:49:20 :DEBUG:decrypt result: b''
2019/05/15 03:49:20 :DEBUG:31634: gpg --pinentry-mode loopback --status-fd 2 --no-tty --no-verbose --fixed-list-mode --batch --with-colons --homedir gpg --passphrase-fd 0 --decrypt
2019/05/15 03:49:20 :DEBUG:Wrote passphrase
2019/05/15 03:49:20 :DEBUG:data copier: <Thread(Thread-39, initial daemon)>, <_io.BytesIO object at 0x7f2fe10c4150>, <_io.BufferedWriter name=27>
2019/05/15 03:49:20 :DEBUG:stderr reader: <Thread(Thread-40, initial daemon)>
2019/05/15 03:49:20 :DEBUG:closed output, 4 bytes sent
2019/05/15 03:49:20 :DEBUG:gpg: WARNING: unsafe permissions on homedir '/home/jfk422/Projects/Code/Arcanum/arcanum/gpg'
2019/05/15 03:49:20 :DEBUG:stdout reader: <Thread(Thread-41, initial daemon)>
2019/05/15 03:49:20 :DEBUG:gpg: no valid OpenPGP data found.
2019/05/15 03:49:20 :DEBUG:[GNUPG:] NODATA 1
2019/05/15 03:49:20 :DEBUG:[GNUPG:] NODATA 2
2019/05/15 03:49:20 :DEBUG:[GNUPG:] FAILURE decrypt 4294967295
2019/05/15 03:49:20 :DEBUG:gpg: decrypt_message failed: Unknown system error
2019/05/15 03:49:20 :DEBUG:decrypt result: b''
2019/05/15 03:49:20 :DEBUG:31638: gpg --pinentry-mode loopback --status-fd 2 --no-tty --no-verbose --fixed-list-mode --batch --with-colons --homedir gpg --passphrase-fd 0 --decrypt
2019/05/15 03:49:20 :DEBUG:Wrote passphrase
2019/05/15 03:49:20 :DEBUG:data copier: <Thread(Thread-42, initial daemon)>, <_io.BytesIO object at 0x7f2fe10c4150>, <_io.BufferedWriter name=27>
2019/05/15 03:49:20 :DEBUG:stderr reader: <Thread(Thread-43, initial daemon)>
2019/05/15 03:49:20 :DEBUG:closed output, 4 bytes sent
2019/05/15 03:49:20 :DEBUG:stdout reader: <Thread(Thread-44, initial daemon)>
2019/05/15 03:49:20 :DEBUG:gpg: WARNING: unsafe permissions on homedir '/home/jfk422/Projects/Code/Arcanum/arcanum/gpg'
2019/05/15 03:49:20 :DEBUG:gpg: no valid OpenPGP data found.
2019/05/15 03:49:20 :DEBUG:[GNUPG:] NODATA 1
2019/05/15 03:49:20 :DEBUG:[GNUPG:] NODATA 2
2019/05/15 03:49:20 :DEBUG:[GNUPG:] FAILURE decrypt 4294967295
2019/05/15 03:49:20 :DEBUG:gpg: decrypt_message failed: Unknown system error
2019/05/15 03:49:20 :DEBUG:decrypt result: b''
2019/05/15 03:49:20 :DEBUG:31642: gpg --pinentry-mode loopback --status-fd 2 --no-tty --no-verbose --fixed-list-mode --batch --with-colons --homedir gpg --passphrase-fd 0 --decrypt
2019/05/15 03:49:20 :DEBUG:Wrote passphrase
2019/05/15 03:49:20 :DEBUG:data copier: <Thread(Thread-45, initial daemon)>, <_io.BytesIO object at 0x7f2fe10c4150>, <_io.BufferedWriter name=27>
2019/05/15 03:49:20 :DEBUG:stderr reader: <Thread(Thread-46, initial daemon)>
2019/05/15 03:49:20 :DEBUG:closed output, 4 bytes sent
2019/05/15 03:49:20 :DEBUG:stdout reader: <Thread(Thread-47, initial daemon)>
2019/05/15 03:49:20 :DEBUG:gpg: WARNING: unsafe permissions on homedir '/home/jfk422/Projects/Code/Arcanum/arcanum/gpg'
2019/05/15 03:49:20 :DEBUG:gpg: no valid OpenPGP data found.
2019/05/15 03:49:20 :DEBUG:[GNUPG:] NODATA 1
2019/05/15 03:49:20 :DEBUG:[GNUPG:] NODATA 2
2019/05/15 03:49:20 :DEBUG:[GNUPG:] FAILURE decrypt 4294967295
2019/05/15 03:49:20 :DEBUG:gpg: decrypt_message failed: Unknown system error
2019/05/15 03:49:20 :DEBUG:decrypt result: b''
2019/05/15 03:49:20 :INFO:Getting row: 2 from table: email
2019/05/15 03:49:20 :DEBUG:31646: gpg --pinentry-mode loopback --status-fd 2 --no-tty --no-verbose --fixed-list-mode --batch --with-colons --homedir gpg --passphrase-fd 0 --decrypt
2019/05/15 03:49:20 :DEBUG:Wrote passphrase
2019/05/15 03:49:20 :DEBUG:data copier: <Thread(Thread-48, initial daemon)>, <_io.BytesIO object at 0x7f2fe10c4150>, <_io.BufferedWriter name=27>
2019/05/15 03:49:20 :DEBUG:stderr reader: <Thread(Thread-49, initial daemon)>
2019/05/15 03:49:20 :DEBUG:closed output, 171 bytes sent
2019/05/15 03:49:20 :DEBUG:stdout reader: <Thread(Thread-50, initial daemon)>
2019/05/15 03:49:20 :DEBUG:gpg: WARNING: unsafe permissions on homedir '/home/jfk422/Projects/Code/Arcanum/arcanum/gpg'
2019/05/15 03:49:20 :DEBUG:gpg: AES256 encrypted data
2019/05/15 03:49:20 :DEBUG:chunk: b'test@test.com'
2019/05/15 03:49:20 :DEBUG:[GNUPG:] NEED_PASSPHRASE_SYM 9 3 2
2019/05/15 03:49:20 :DEBUG:gpg: encrypted with 1 passphrase
2019/05/15 03:49:20 :DEBUG:[GNUPG:] BEGIN_DECRYPTION
2019/05/15 03:49:20 :DEBUG:[GNUPG:] DECRYPTION_COMPLIANCE_MODE 23
2019/05/15 03:49:20 :DEBUG:message ignored: DECRYPTION_COMPLIANCE_MODE, 23
2019/05/15 03:49:20 :DEBUG:[GNUPG:] DECRYPTION_INFO 2 9
2019/05/15 03:49:20 :DEBUG:[GNUPG:] PLAINTEXT 62 1557928158
2019/05/15 03:49:20 :DEBUG:[GNUPG:] PLAINTEXT_LENGTH 13
2019/05/15 03:49:20 :DEBUG:[GNUPG:] DECRYPTION_OKAY
2019/05/15 03:49:20 :DEBUG:[GNUPG:] GOODMDC
2019/05/15 03:49:20 :DEBUG:[GNUPG:] END_DECRYPTION
2019/05/15 03:49:20 :DEBUG:decrypt result: b'test@test.com'
2019/05/15 03:49:20 :INFO:Getting row: 1 from table: passTable
2019/05/15 03:49:20 :DEBUG:31650: gpg --pinentry-mode loopback --status-fd 2 --no-tty --no-verbose --fixed-list-mode --batch --with-colons --homedir gpg --passphrase-fd 0 --decrypt
2019/05/15 03:49:20 :DEBUG:Wrote passphrase
2019/05/15 03:49:20 :DEBUG:data copier: <Thread(Thread-51, initial daemon)>, <_io.BytesIO object at 0x7f2fe10c40a0>, <_io.BufferedWriter name=27>
2019/05/15 03:49:20 :DEBUG:stderr reader: <Thread(Thread-52, initial daemon)>
2019/05/15 03:49:20 :DEBUG:closed output, 163 bytes sent
2019/05/15 03:49:20 :DEBUG:stdout reader: <Thread(Thread-53, initial daemon)>
2019/05/15 03:49:21 :DEBUG:gpg: WARNING: unsafe permissions on homedir '/home/jfk422/Projects/Code/Arcanum/arcanum/gpg'
2019/05/15 03:49:21 :DEBUG:gpg: AES256 encrypted data
2019/05/15 03:49:21 :DEBUG:[GNUPG:] NEED_PASSPHRASE_SYM 9 3 2
2019/05/15 03:49:21 :DEBUG:gpg: encrypted with 1 passphrase
2019/05/15 03:49:21 :DEBUG:chunk: b'test'
2019/05/15 03:49:21 :DEBUG:[GNUPG:] BEGIN_DECRYPTION
2019/05/15 03:49:21 :DEBUG:[GNUPG:] DECRYPTION_COMPLIANCE_MODE 23
2019/05/15 03:49:21 :DEBUG:message ignored: DECRYPTION_COMPLIANCE_MODE, 23
2019/05/15 03:49:21 :DEBUG:[GNUPG:] DECRYPTION_INFO 2 9
2019/05/15 03:49:21 :DEBUG:[GNUPG:] PLAINTEXT 62 1557928159
2019/05/15 03:49:21 :DEBUG:[GNUPG:] PLAINTEXT_LENGTH 4
2019/05/15 03:49:21 :DEBUG:[GNUPG:] DECRYPTION_OKAY
2019/05/15 03:49:21 :DEBUG:[GNUPG:] GOODMDC
2019/05/15 03:49:21 :DEBUG:[GNUPG:] END_DECRYPTION
2019/05/15 03:49:21 :DEBUG:decrypt result: b'test'
2019/05/15 03:49:21 :INFO:Getting everything from email
2019/05/15 03:49:21 :DEBUG:31654: gpg --pinentry-mode loopback --status-fd 2 --no-tty --no-verbose --fixed-list-mode --batch --with-colons --homedir gpg --passphrase-fd 0 --decrypt
2019/05/15 03:49:21 :DEBUG:Wrote passphrase
2019/05/15 03:49:21 :DEBUG:data copier: <Thread(Thread-54, initial daemon)>, <_io.BytesIO object at 0x7f2fe10c4150>, <_io.BufferedWriter name=27>
2019/05/15 03:49:21 :DEBUG:stderr reader: <Thread(Thread-55, initial daemon)>
2019/05/15 03:49:21 :DEBUG:closed output, 163 bytes sent
2019/05/15 03:49:21 :DEBUG:stdout reader: <Thread(Thread-56, initial daemon)>
2019/05/15 03:49:21 :DEBUG:gpg: WARNING: unsafe permissions on homedir '/home/jfk422/Projects/Code/Arcanum/arcanum/gpg'
2019/05/15 03:49:21 :DEBUG:gpg: AES256 encrypted data
2019/05/15 03:49:21 :DEBUG:[GNUPG:] NEED_PASSPHRASE_SYM 9 3 2
2019/05/15 03:49:21 :DEBUG:chunk: b'None'
2019/05/15 03:49:21 :DEBUG:gpg: encrypted with 1 passphrase
2019/05/15 03:49:21 :DEBUG:[GNUPG:] BEGIN_DECRYPTION
2019/05/15 03:49:21 :DEBUG:[GNUPG:] DECRYPTION_COMPLIANCE_MODE 23
2019/05/15 03:49:21 :DEBUG:message ignored: DECRYPTION_COMPLIANCE_MODE, 23
2019/05/15 03:49:21 :DEBUG:[GNUPG:] DECRYPTION_INFO 2 9
2019/05/15 03:49:21 :DEBUG:[GNUPG:] PLAINTEXT 62 1557927936
2019/05/15 03:49:21 :DEBUG:[GNUPG:] PLAINTEXT_LENGTH 4
2019/05/15 03:49:21 :DEBUG:[GNUPG:] DECRYPTION_OKAY
2019/05/15 03:49:21 :DEBUG:[GNUPG:] GOODMDC
2019/05/15 03:49:21 :DEBUG:[GNUPG:] END_DECRYPTION
2019/05/15 03:49:21 :DEBUG:decrypt result: b'None'
2019/05/15 03:49:21 :DEBUG:31658: gpg --pinentry-mode loopback --status-fd 2 --no-tty --no-verbose --fixed-list-mode --batch --with-colons --homedir gpg --passphrase-fd 0 --decrypt
2019/05/15 03:49:21 :DEBUG:Wrote passphrase
2019/05/15 03:49:21 :DEBUG:data copier: <Thread(Thread-57, initial daemon)>, <_io.BytesIO object at 0x7f2fe10c4150>, <_io.BufferedWriter name=27>
2019/05/15 03:49:21 :DEBUG:stderr reader: <Thread(Thread-58, initial daemon)>
2019/05/15 03:49:21 :DEBUG:closed output, 171 bytes sent
2019/05/15 03:49:21 :DEBUG:stdout reader: <Thread(Thread-59, initial daemon)>
2019/05/15 03:49:21 :DEBUG:gpg: WARNING: unsafe permissions on homedir '/home/jfk422/Projects/Code/Arcanum/arcanum/gpg'
2019/05/15 03:49:21 :DEBUG:gpg: AES256 encrypted data
2019/05/15 03:49:21 :DEBUG:chunk: b'test@test.com'
2019/05/15 03:49:21 :DEBUG:[GNUPG:] NEED_PASSPHRASE_SYM 9 3 2
2019/05/15 03:49:21 :DEBUG:gpg: encrypted with 1 passphrase
2019/05/15 03:49:21 :DEBUG:[GNUPG:] BEGIN_DECRYPTION
2019/05/15 03:49:21 :DEBUG:[GNUPG:] DECRYPTION_COMPLIANCE_MODE 23
2019/05/15 03:49:21 :DEBUG:message ignored: DECRYPTION_COMPLIANCE_MODE, 23
2019/05/15 03:49:21 :DEBUG:[GNUPG:] DECRYPTION_INFO 2 9
2019/05/15 03:49:21 :DEBUG:[GNUPG:] PLAINTEXT 62 1557928158
2019/05/15 03:49:21 :DEBUG:[GNUPG:] PLAINTEXT_LENGTH 13
2019/05/15 03:49:21 :DEBUG:[GNUPG:] DECRYPTION_OKAY
2019/05/15 03:49:21 :DEBUG:[GNUPG:] GOODMDC
2019/05/15 03:49:21 :DEBUG:[GNUPG:] END_DECRYPTION
2019/05/15 03:49:21 :DEBUG:decrypt result: b'test@test.com'
2019/05/15 03:49:21 :INFO:Decrypted email addresses
