2019/05/06 03:55:34 PM:INFO:Qt version:5.11.1
2019/05/06 03:55:34 PM:INFO:PyQt version:5.11.2
2019/05/06 03:55:34 PM:INFO:SIP version:4.19.7
2019/05/06 03:55:35 :DEBUG:18406: gpg --status-fd 2 --no-tty --no-verbose --fixed-list-mode --batch --with-colons --homedir gpg --version
2019/05/06 03:55:35 :DEBUG:stderr reader: <Thread(Thread-1, initial daemon)>
2019/05/06 03:55:35 :DEBUG:stdout reader: <Thread(Thread-2, initial daemon)>
2019/05/06 03:55:35 :DEBUG:gpg: WARNING: unsafe permissions on homedir '/home/jfk422/Projects/Code/Arcanum/arcanum/gpg'
2019/05/06 03:55:35 :DEBUG:chunk: b'gpg (GnuPG) 2.2.4\nlibgcrypt 1.8.1\nCopyright (C) 2017 Free Software Foundation, Inc.\nLicense GPLv3+: GNU GPL version 3 or later <https://gnu.org/licenses/gpl.html>\nThis is free software: you are free to change and redistribute it.\nThere is NO WARRANTY, to t'
2019/05/06 03:55:35 :INFO:Connection to database established
2019/05/06 03:55:35 :INFO:Created table passTable: 
2019/05/06 03:55:35 :INFO:Created table configs: 
2019/05/06 03:55:35 :INFO:All tables were created/exist!
2019/05/06 03:55:35 :INFO:Getting everything from configs
2019/05/06 03:55:35 :INFO:Getting row: 0 from table: configs
2019/05/06 03:55:35 :DEBUG:18409: gpg --pinentry-mode loopback --status-fd 2 --no-tty --no-verbose --fixed-list-mode --batch --with-colons --homedir gpg --passphrase-fd 0 --decrypt
2019/05/06 03:55:35 :DEBUG:Wrote passphrase
2019/05/06 03:55:35 :DEBUG:data copier: <Thread(Thread-3, initial daemon)>, <_io.BytesIO object at 0x7efcdc0c80a0>, <_io.BufferedWriter name=27>
2019/05/06 03:55:35 :DEBUG:stderr reader: <Thread(Thread-4, initial daemon)>
2019/05/06 03:55:35 :DEBUG:closed output, 4 bytes sent
2019/05/06 03:55:35 :DEBUG:stdout reader: <Thread(Thread-5, initial daemon)>
2019/05/06 03:55:35 :DEBUG:gpg: WARNING: unsafe permissions on homedir '/home/jfk422/Projects/Code/Arcanum/arcanum/gpg'
2019/05/06 03:55:35 :DEBUG:gpg: no valid OpenPGP data found.
2019/05/06 03:55:35 :DEBUG:[GNUPG:] NODATA 1
2019/05/06 03:55:35 :DEBUG:[GNUPG:] NODATA 2
2019/05/06 03:55:35 :DEBUG:[GNUPG:] FAILURE decrypt 4294967295
2019/05/06 03:55:35 :DEBUG:gpg: decrypt_message failed: Unknown system error
2019/05/06 03:55:35 :DEBUG:decrypt result: b''
2019/05/06 03:55:35 :WARNING:Entered wrong decryption password
