2019/05/15 03:52:38 PM:INFO:Qt version:5.11.1
2019/05/15 03:52:38 PM:INFO:PyQt version:5.11.2
2019/05/15 03:52:38 PM:INFO:SIP version:4.19.7
2019/05/15 03:52:39 :DEBUG:2319: gpg --status-fd 2 --no-tty --no-verbose --fixed-list-mode --batch --with-colons --homedir gpg --version
2019/05/15 03:52:39 :DEBUG:stderr reader: <Thread(Thread-1, initial daemon)>
2019/05/15 03:52:39 :DEBUG:stdout reader: <Thread(Thread-2, initial daemon)>
2019/05/15 03:52:39 :DEBUG:gpg: WARNING: unsafe permissions on homedir '/home/jfk422/Projects/Code/Arcanum/arcanum/gpg'
2019/05/15 03:52:39 :DEBUG:chunk: b'gpg (GnuPG) 2.2.4\nlibgcrypt 1.8.1\nCopyright (C) 2017 Free Software Foundation, Inc.\nLicense GPLv3+: GNU GPL version 3 or later <https://gnu.org/licenses/gpl.html>\nThis is free software: you are free to change and redistribute it.\nThere is NO WARRANTY, to t'
2019/05/15 03:52:39 :INFO:Connection to database established
2019/05/15 03:52:39 :INFO:Created table passTable: 
2019/05/15 03:52:39 :INFO:Created table configs: 
2019/05/15 03:52:39 :INFO:Created table email: 
2019/05/15 03:52:39 :INFO:Created table keys: 
2019/05/15 03:52:39 :INFO:All tables were created/exist!
2019/05/15 03:52:39 :INFO:Getting row: 1 from table: configs
2019/05/15 03:52:39 :INFO:Getting row: 1 from table: configs
2019/05/15 03:52:39 :DEBUG:2322: gpg --pinentry-mode loopback --status-fd 2 --no-tty --no-verbose --fixed-list-mode --batch --with-colons --homedir gpg --passphrase-fd 0 --decrypt
2019/05/15 03:52:39 :DEBUG:Wrote passphrase
2019/05/15 03:52:39 :DEBUG:data copier: <Thread(Thread-3, initial daemon)>, <_io.BytesIO object at 0x7f1eda6cefc0>, <_io.BufferedWriter name=27>
2019/05/15 03:52:39 :DEBUG:stderr reader: <Thread(Thread-4, initial daemon)>
2019/05/15 03:52:39 :DEBUG:closed output, 179 bytes sent
2019/05/15 03:52:39 :DEBUG:stdout reader: <Thread(Thread-5, initial daemon)>
2019/05/15 03:52:40 :DEBUG:gpg: WARNING: unsafe permissions on homedir '/home/jfk422/Projects/Code/Arcanum/arcanum/gpg'
2019/05/15 03:52:40 :DEBUG:gpg: AES256 encrypted data
2019/05/15 03:52:40 :DEBUG:[GNUPG:] NEED_PASSPHRASE_SYM 9 3 2
2019/05/15 03:52:40 :DEBUG:gpg: encrypted with 1 passphrase
2019/05/15 03:52:40 :DEBUG:[GNUPG:] BEGIN_DECRYPTION
2019/05/15 03:52:40 :DEBUG:[GNUPG:] DECRYPTION_COMPLIANCE_MODE 23
2019/05/15 03:52:40 :DEBUG:message ignored: DECRYPTION_COMPLIANCE_MODE, 23
2019/05/15 03:52:40 :DEBUG:[GNUPG:] DECRYPTION_INFO 2 9
2019/05/15 03:52:40 :DEBUG:chunk: b'uXZzRSrYwAPpJvxU'
2019/05/15 03:52:40 :DEBUG:[GNUPG:] PLAINTEXT 62 1557927936
2019/05/15 03:52:40 :DEBUG:[GNUPG:] PLAINTEXT_LENGTH 16
2019/05/15 03:52:40 :DEBUG:[GNUPG:] DECRYPTION_OKAY
2019/05/15 03:52:40 :DEBUG:[GNUPG:] GOODMDC
2019/05/15 03:52:40 :DEBUG:[GNUPG:] END_DECRYPTION
2019/05/15 03:52:40 :DEBUG:decrypt result: b'uXZzRSrYwAPpJvxU'
2019/05/15 03:52:40 :INFO:Getting everything from passTable
2019/05/15 03:52:40 :DEBUG:2328: gpg --pinentry-mode loopback --status-fd 2 --no-tty --no-verbose --fixed-list-mode --batch --with-colons --homedir gpg --passphrase-fd 0 --decrypt
2019/05/15 03:52:40 :DEBUG:Wrote passphrase
2019/05/15 03:52:40 :DEBUG:data copier: <Thread(Thread-6, initial daemon)>, <_io.BytesIO object at 0x7f1eda6cef68>, <_io.BufferedWriter name=27>
2019/05/15 03:52:40 :DEBUG:stderr reader: <Thread(Thread-7, initial daemon)>
2019/05/15 03:52:40 :DEBUG:closed output, 1 bytes sent
2019/05/15 03:52:40 :DEBUG:stdout reader: <Thread(Thread-8, initial daemon)>
2019/05/15 03:52:40 :DEBUG:gpg: WARNING: unsafe permissions on homedir '/home/jfk422/Projects/Code/Arcanum/arcanum/gpg'
2019/05/15 03:52:40 :DEBUG:gpg: [don't know]: invalid packet (ctb=31)
2019/05/15 03:52:40 :DEBUG:[GNUPG:] NODATA 3
2019/05/15 03:52:40 :DEBUG:decrypt result: b''
2019/05/15 03:52:40 :DEBUG:2332: gpg --pinentry-mode loopback --status-fd 2 --no-tty --no-verbose --fixed-list-mode --batch --with-colons --homedir gpg --passphrase-fd 0 --decrypt
2019/05/15 03:52:40 :DEBUG:Wrote passphrase
2019/05/15 03:52:40 :DEBUG:data copier: <Thread(Thread-9, initial daemon)>, <_io.BytesIO object at 0x7f1eda6cef68>, <_io.BufferedWriter name=27>
2019/05/15 03:52:40 :DEBUG:stderr reader: <Thread(Thread-10, initial daemon)>
2019/05/15 03:52:40 :DEBUG:closed output, 163 bytes sent
2019/05/15 03:52:40 :DEBUG:stdout reader: <Thread(Thread-11, initial daemon)>
2019/05/15 03:52:40 :DEBUG:gpg: WARNING: unsafe permissions on homedir '/home/jfk422/Projects/Code/Arcanum/arcanum/gpg'
2019/05/15 03:52:40 :DEBUG:gpg: AES256 encrypted data
2019/05/15 03:52:40 :DEBUG:[GNUPG:] NEED_PASSPHRASE_SYM 9 3 2
2019/05/15 03:52:40 :DEBUG:chunk: b'test'
2019/05/15 03:52:40 :DEBUG:gpg: encrypted with 1 passphrase
2019/05/15 03:52:40 :DEBUG:[GNUPG:] BEGIN_DECRYPTION
2019/05/15 03:52:40 :DEBUG:[GNUPG:] DECRYPTION_COMPLIANCE_MODE 23
2019/05/15 03:52:40 :DEBUG:message ignored: DECRYPTION_COMPLIANCE_MODE, 23
2019/05/15 03:52:40 :DEBUG:[GNUPG:] DECRYPTION_INFO 2 9
2019/05/15 03:52:40 :DEBUG:[GNUPG:] PLAINTEXT 62 1557928311
2019/05/15 03:52:40 :DEBUG:[GNUPG:] PLAINTEXT_LENGTH 4
2019/05/15 03:52:40 :DEBUG:[GNUPG:] DECRYPTION_OKAY
2019/05/15 03:52:40 :DEBUG:[GNUPG:] GOODMDC
2019/05/15 03:52:40 :DEBUG:[GNUPG:] END_DECRYPTION
2019/05/15 03:52:40 :DEBUG:decrypt result: b'test'
2019/05/15 03:52:40 :DEBUG:2337: gpg --pinentry-mode loopback --status-fd 2 --no-tty --no-verbose --fixed-list-mode --batch --with-colons --homedir gpg --passphrase-fd 0 --decrypt
2019/05/15 03:52:40 :DEBUG:Wrote passphrase
2019/05/15 03:52:40 :DEBUG:data copier: <Thread(Thread-12, initial daemon)>, <_io.BytesIO object at 0x7f1eda6cef68>, <_io.BufferedWriter name=27>
2019/05/15 03:52:40 :DEBUG:stderr reader: <Thread(Thread-13, initial daemon)>
2019/05/15 03:52:40 :DEBUG:closed output, 26 bytes sent
2019/05/15 03:52:40 :DEBUG:stdout reader: <Thread(Thread-14, initial daemon)>
2019/05/15 03:52:40 :DEBUG:gpg: WARNING: unsafe permissions on homedir '/home/jfk422/Projects/Code/Arcanum/arcanum/gpg'
2019/05/15 03:52:40 :DEBUG:gpg: no valid OpenPGP data found.
2019/05/15 03:52:40 :DEBUG:[GNUPG:] NODATA 1
2019/05/15 03:52:40 :DEBUG:[GNUPG:] NODATA 2
2019/05/15 03:52:40 :DEBUG:[GNUPG:] FAILURE decrypt 4294967295
2019/05/15 03:52:40 :DEBUG:gpg: decrypt_message failed: Unknown system error
2019/05/15 03:52:40 :DEBUG:decrypt result: b''
2019/05/15 03:52:40 :DEBUG:2341: gpg --pinentry-mode loopback --status-fd 2 --no-tty --no-verbose --fixed-list-mode --batch --with-colons --homedir gpg --passphrase-fd 0 --decrypt
2019/05/15 03:52:40 :DEBUG:Wrote passphrase
2019/05/15 03:52:40 :DEBUG:data copier: <Thread(Thread-15, initial daemon)>, <_io.BytesIO object at 0x7f1eda6cef68>, <_io.BufferedWriter name=27>
2019/05/15 03:52:40 :DEBUG:stderr reader: <Thread(Thread-16, initial daemon)>
2019/05/15 03:52:40 :DEBUG:closed output, 5 bytes sent
2019/05/15 03:52:40 :DEBUG:stdout reader: <Thread(Thread-17, initial daemon)>
2019/05/15 03:52:40 :DEBUG:gpg: WARNING: unsafe permissions on homedir '/home/jfk422/Projects/Code/Arcanum/arcanum/gpg'
2019/05/15 03:52:40 :DEBUG:gpg: no valid OpenPGP data found.
2019/05/15 03:52:40 :DEBUG:[GNUPG:] NODATA 1
2019/05/15 03:52:40 :DEBUG:[GNUPG:] NODATA 2
2019/05/15 03:52:40 :DEBUG:[GNUPG:] FAILURE decrypt 4294967295
2019/05/15 03:52:40 :DEBUG:gpg: decrypt_message failed: Unknown system error
2019/05/15 03:52:40 :DEBUG:decrypt result: b''
2019/05/15 03:52:40 :DEBUG:2345: gpg --pinentry-mode loopback --status-fd 2 --no-tty --no-verbose --fixed-list-mode --batch --with-colons --homedir gpg --passphrase-fd 0 --decrypt
2019/05/15 03:52:40 :DEBUG:Wrote passphrase
2019/05/15 03:52:40 :DEBUG:data copier: <Thread(Thread-18, initial daemon)>, <_io.BytesIO object at 0x7f1eda6cef68>, <_io.BufferedWriter name=27>
2019/05/15 03:52:40 :DEBUG:stderr reader: <Thread(Thread-19, initial daemon)>
2019/05/15 03:52:40 :DEBUG:closed output, 1 bytes sent
2019/05/15 03:52:40 :DEBUG:stdout reader: <Thread(Thread-20, initial daemon)>
2019/05/15 03:52:40 :DEBUG:gpg: WARNING: unsafe permissions on homedir '/home/jfk422/Projects/Code/Arcanum/arcanum/gpg'
2019/05/15 03:52:40 :DEBUG:gpg: [don't know]: invalid packet (ctb=32)
2019/05/15 03:52:40 :DEBUG:[GNUPG:] NODATA 3
2019/05/15 03:52:40 :DEBUG:decrypt result: b''
2019/05/15 03:52:40 :DEBUG:2349: gpg --pinentry-mode loopback --status-fd 2 --no-tty --no-verbose --fixed-list-mode --batch --with-colons --homedir gpg --passphrase-fd 0 --decrypt
2019/05/15 03:52:40 :DEBUG:Wrote passphrase
2019/05/15 03:52:40 :DEBUG:data copier: <Thread(Thread-21, initial daemon)>, <_io.BytesIO object at 0x7f1eda6cef68>, <_io.BufferedWriter name=27>
2019/05/15 03:52:40 :DEBUG:stderr reader: <Thread(Thread-22, initial daemon)>
2019/05/15 03:52:40 :DEBUG:closed output, 4 bytes sent
2019/05/15 03:52:40 :DEBUG:stdout reader: <Thread(Thread-23, initial daemon)>
2019/05/15 03:52:40 :DEBUG:gpg: WARNING: unsafe permissions on homedir '/home/jfk422/Projects/Code/Arcanum/arcanum/gpg'
2019/05/15 03:52:40 :DEBUG:gpg: no valid OpenPGP data found.
2019/05/15 03:52:40 :DEBUG:[GNUPG:] NODATA 1
2019/05/15 03:52:40 :DEBUG:[GNUPG:] NODATA 2
2019/05/15 03:52:40 :DEBUG:[GNUPG:] FAILURE decrypt 4294967295
2019/05/15 03:52:40 :DEBUG:gpg: decrypt_message failed: Unknown system error
2019/05/15 03:52:40 :DEBUG:decrypt result: b''
2019/05/15 03:52:40 :DEBUG:2354: gpg --pinentry-mode loopback --status-fd 2 --no-tty --no-verbose --fixed-list-mode --batch --with-colons --homedir gpg --passphrase-fd 0 --decrypt
2019/05/15 03:52:40 :DEBUG:Wrote passphrase
2019/05/15 03:52:40 :DEBUG:data copier: <Thread(Thread-24, initial daemon)>, <_io.BytesIO object at 0x7f1eda6cef68>, <_io.BufferedWriter name=27>
2019/05/15 03:52:40 :DEBUG:stderr reader: <Thread(Thread-25, initial daemon)>
2019/05/15 03:52:40 :DEBUG:closed output, 4 bytes sent
2019/05/15 03:52:40 :DEBUG:gpg: WARNING: unsafe permissions on homedir '/home/jfk422/Projects/Code/Arcanum/arcanum/gpg'
2019/05/15 03:52:40 :DEBUG:stdout reader: <Thread(Thread-26, initial daemon)>
2019/05/15 03:52:40 :DEBUG:gpg: no valid OpenPGP data found.
2019/05/15 03:52:40 :DEBUG:[GNUPG:] NODATA 1
2019/05/15 03:52:40 :DEBUG:[GNUPG:] NODATA 2
2019/05/15 03:52:40 :DEBUG:[GNUPG:] FAILURE decrypt 4294967295
2019/05/15 03:52:40 :DEBUG:gpg: decrypt_message failed: Unknown system error
2019/05/15 03:52:40 :DEBUG:decrypt result: b''
2019/05/15 03:52:40 :DEBUG:2359: gpg --pinentry-mode loopback --status-fd 2 --no-tty --no-verbose --fixed-list-mode --batch --with-colons --homedir gpg --passphrase-fd 0 --decrypt
2019/05/15 03:52:40 :DEBUG:Wrote passphrase
2019/05/15 03:52:40 :DEBUG:data copier: <Thread(Thread-27, initial daemon)>, <_io.BytesIO object at 0x7f1eda6cef68>, <_io.BufferedWriter name=27>
2019/05/15 03:52:40 :DEBUG:stderr reader: <Thread(Thread-28, initial daemon)>
2019/05/15 03:52:40 :DEBUG:closed output, 4 bytes sent
2019/05/15 03:52:40 :DEBUG:stdout reader: <Thread(Thread-29, initial daemon)>
2019/05/15 03:52:40 :DEBUG:gpg: WARNING: unsafe permissions on homedir '/home/jfk422/Projects/Code/Arcanum/arcanum/gpg'
2019/05/15 03:52:40 :DEBUG:gpg: no valid OpenPGP data found.
2019/05/15 03:52:40 :DEBUG:[GNUPG:] NODATA 1
2019/05/15 03:52:40 :DEBUG:[GNUPG:] NODATA 2
2019/05/15 03:52:40 :DEBUG:[GNUPG:] FAILURE decrypt 4294967295
2019/05/15 03:52:40 :DEBUG:gpg: decrypt_message failed: Unknown system error
2019/05/15 03:52:40 :DEBUG:decrypt result: b''
2019/05/15 03:52:40 :INFO:Getting row: 2 from table: email
2019/05/15 03:52:40 :DEBUG:2363: gpg --pinentry-mode loopback --status-fd 2 --no-tty --no-verbose --fixed-list-mode --batch --with-colons --homedir gpg --passphrase-fd 0 --decrypt
2019/05/15 03:52:40 :DEBUG:Wrote passphrase
2019/05/15 03:52:40 :DEBUG:data copier: <Thread(Thread-30, initial daemon)>, <_io.BytesIO object at 0x7f1eda6cef68>, <_io.BufferedWriter name=27>
2019/05/15 03:52:40 :DEBUG:stderr reader: <Thread(Thread-31, initial daemon)>
2019/05/15 03:52:40 :DEBUG:closed output, 171 bytes sent
2019/05/15 03:52:40 :DEBUG:stdout reader: <Thread(Thread-32, initial daemon)>
2019/05/15 03:52:41 :DEBUG:gpg: WARNING: unsafe permissions on homedir '/home/jfk422/Projects/Code/Arcanum/arcanum/gpg'
2019/05/15 03:52:41 :DEBUG:gpg: AES256 encrypted data
2019/05/15 03:52:41 :DEBUG:chunk: b'test@test.com'
2019/05/15 03:52:41 :DEBUG:[GNUPG:] NEED_PASSPHRASE_SYM 9 3 2
2019/05/15 03:52:41 :DEBUG:gpg: encrypted with 1 passphrase
2019/05/15 03:52:41 :DEBUG:[GNUPG:] BEGIN_DECRYPTION
2019/05/15 03:52:41 :DEBUG:[GNUPG:] DECRYPTION_COMPLIANCE_MODE 23
2019/05/15 03:52:41 :DEBUG:message ignored: DECRYPTION_COMPLIANCE_MODE, 23
2019/05/15 03:52:41 :DEBUG:[GNUPG:] DECRYPTION_INFO 2 9
2019/05/15 03:52:41 :DEBUG:[GNUPG:] PLAINTEXT 62 1557928158
2019/05/15 03:52:41 :DEBUG:[GNUPG:] PLAINTEXT_LENGTH 13
2019/05/15 03:52:41 :DEBUG:[GNUPG:] DECRYPTION_OKAY
2019/05/15 03:52:41 :DEBUG:[GNUPG:] GOODMDC
2019/05/15 03:52:41 :DEBUG:[GNUPG:] END_DECRYPTION
2019/05/15 03:52:41 :DEBUG:decrypt result: b'test@test.com'
2019/05/15 03:52:41 :INFO:Getting row: 1 from table: passTable
2019/05/15 03:52:41 :DEBUG:2367: gpg --pinentry-mode loopback --status-fd 2 --no-tty --no-verbose --fixed-list-mode --batch --with-colons --homedir gpg --passphrase-fd 0 --decrypt
2019/05/15 03:52:41 :DEBUG:Wrote passphrase
2019/05/15 03:52:41 :DEBUG:data copier: <Thread(Thread-33, initial daemon)>, <_io.BytesIO object at 0x7f1ed03cc048>, <_io.BufferedWriter name=27>
2019/05/15 03:52:41 :DEBUG:stderr reader: <Thread(Thread-34, initial daemon)>
2019/05/15 03:52:41 :DEBUG:closed output, 163 bytes sent
2019/05/15 03:52:41 :DEBUG:stdout reader: <Thread(Thread-35, initial daemon)>
2019/05/15 03:52:41 :DEBUG:gpg: WARNING: unsafe permissions on homedir '/home/jfk422/Projects/Code/Arcanum/arcanum/gpg'
2019/05/15 03:52:41 :DEBUG:gpg: AES256 encrypted data
2019/05/15 03:52:41 :DEBUG:[GNUPG:] NEED_PASSPHRASE_SYM 9 3 2
2019/05/15 03:52:41 :DEBUG:chunk: b'test'
2019/05/15 03:52:41 :DEBUG:gpg: encrypted with 1 passphrase
2019/05/15 03:52:41 :DEBUG:[GNUPG:] BEGIN_DECRYPTION
2019/05/15 03:52:41 :DEBUG:[GNUPG:] DECRYPTION_COMPLIANCE_MODE 23
2019/05/15 03:52:41 :DEBUG:message ignored: DECRYPTION_COMPLIANCE_MODE, 23
2019/05/15 03:52:41 :DEBUG:[GNUPG:] DECRYPTION_INFO 2 9
2019/05/15 03:52:41 :DEBUG:[GNUPG:] PLAINTEXT 62 1557928312
2019/05/15 03:52:41 :DEBUG:[GNUPG:] PLAINTEXT_LENGTH 4
2019/05/15 03:52:41 :DEBUG:[GNUPG:] DECRYPTION_OKAY
2019/05/15 03:52:41 :DEBUG:[GNUPG:] GOODMDC
2019/05/15 03:52:41 :DEBUG:[GNUPG:] END_DECRYPTION
2019/05/15 03:52:41 :DEBUG:decrypt result: b'test'
2019/05/15 03:52:41 :INFO:Getting everything from email
2019/05/15 03:52:41 :DEBUG:2371: gpg --pinentry-mode loopback --status-fd 2 --no-tty --no-verbose --fixed-list-mode --batch --with-colons --homedir gpg --passphrase-fd 0 --decrypt
2019/05/15 03:52:41 :DEBUG:Wrote passphrase
2019/05/15 03:52:41 :DEBUG:data copier: <Thread(Thread-36, initial daemon)>, <_io.BytesIO object at 0x7f1eda6cef68>, <_io.BufferedWriter name=27>
2019/05/15 03:52:41 :DEBUG:stderr reader: <Thread(Thread-37, initial daemon)>
2019/05/15 03:52:41 :DEBUG:closed output, 163 bytes sent
2019/05/15 03:52:41 :DEBUG:stdout reader: <Thread(Thread-38, initial daemon)>
2019/05/15 03:52:41 :DEBUG:gpg: WARNING: unsafe permissions on homedir '/home/jfk422/Projects/Code/Arcanum/arcanum/gpg'
2019/05/15 03:52:41 :DEBUG:gpg: AES256 encrypted data
2019/05/15 03:52:41 :DEBUG:[GNUPG:] NEED_PASSPHRASE_SYM 9 3 2
2019/05/15 03:52:41 :DEBUG:gpg: encrypted with 1 passphrase
2019/05/15 03:52:41 :DEBUG:[GNUPG:] BEGIN_DECRYPTION
2019/05/15 03:52:41 :DEBUG:chunk: b'None'
2019/05/15 03:52:41 :DEBUG:[GNUPG:] DECRYPTION_COMPLIANCE_MODE 23
2019/05/15 03:52:41 :DEBUG:message ignored: DECRYPTION_COMPLIANCE_MODE, 23
2019/05/15 03:52:41 :DEBUG:[GNUPG:] DECRYPTION_INFO 2 9
2019/05/15 03:52:41 :DEBUG:[GNUPG:] PLAINTEXT 62 1557927936
2019/05/15 03:52:41 :DEBUG:[GNUPG:] PLAINTEXT_LENGTH 4
2019/05/15 03:52:41 :DEBUG:[GNUPG:] DECRYPTION_OKAY
2019/05/15 03:52:41 :DEBUG:[GNUPG:] GOODMDC
2019/05/15 03:52:41 :DEBUG:[GNUPG:] END_DECRYPTION
2019/05/15 03:52:41 :DEBUG:decrypt result: b'None'
2019/05/15 03:52:41 :DEBUG:2375: gpg --pinentry-mode loopback --status-fd 2 --no-tty --no-verbose --fixed-list-mode --batch --with-colons --homedir gpg --passphrase-fd 0 --decrypt
2019/05/15 03:52:41 :DEBUG:Wrote passphrase
2019/05/15 03:52:41 :DEBUG:data copier: <Thread(Thread-39, initial daemon)>, <_io.BytesIO object at 0x7f1eda6cef68>, <_io.BufferedWriter name=27>
2019/05/15 03:52:41 :DEBUG:stderr reader: <Thread(Thread-40, initial daemon)>
2019/05/15 03:52:41 :DEBUG:closed output, 171 bytes sent
2019/05/15 03:52:41 :DEBUG:stdout reader: <Thread(Thread-41, initial daemon)>
2019/05/15 03:52:42 :DEBUG:gpg: WARNING: unsafe permissions on homedir '/home/jfk422/Projects/Code/Arcanum/arcanum/gpg'
2019/05/15 03:52:42 :DEBUG:gpg: AES256 encrypted data
2019/05/15 03:52:42 :DEBUG:[GNUPG:] NEED_PASSPHRASE_SYM 9 3 2
2019/05/15 03:52:42 :DEBUG:chunk: b'test@test.com'
2019/05/15 03:52:42 :DEBUG:gpg: encrypted with 1 passphrase
2019/05/15 03:52:42 :DEBUG:[GNUPG:] BEGIN_DECRYPTION
2019/05/15 03:52:42 :DEBUG:[GNUPG:] DECRYPTION_COMPLIANCE_MODE 23
2019/05/15 03:52:42 :DEBUG:message ignored: DECRYPTION_COMPLIANCE_MODE, 23
2019/05/15 03:52:42 :DEBUG:[GNUPG:] DECRYPTION_INFO 2 9
2019/05/15 03:52:42 :DEBUG:[GNUPG:] PLAINTEXT 62 1557928158
2019/05/15 03:52:42 :DEBUG:[GNUPG:] PLAINTEXT_LENGTH 13
2019/05/15 03:52:42 :DEBUG:[GNUPG:] DECRYPTION_OKAY
2019/05/15 03:52:42 :DEBUG:[GNUPG:] GOODMDC
2019/05/15 03:52:42 :DEBUG:[GNUPG:] END_DECRYPTION
2019/05/15 03:52:42 :DEBUG:decrypt result: b'test@test.com'
2019/05/15 03:52:42 :INFO:Decrypted email addresses
2019/05/15 03:52:44 :INFO:Getting row: 1 from table: passTable
2019/05/15 03:52:44 :DEBUG:2381: gpg --pinentry-mode loopback --status-fd 2 --no-tty --no-verbose --fixed-list-mode --batch --with-colons --homedir gpg --passphrase-fd 0 --decrypt
2019/05/15 03:52:44 :DEBUG:Wrote passphrase
2019/05/15 03:52:44 :DEBUG:data copier: <Thread(Thread-42, initial daemon)>, <_io.BytesIO object at 0x7f1ed03ce048>, <_io.BufferedWriter name=27>
2019/05/15 03:52:44 :DEBUG:stderr reader: <Thread(Thread-43, initial daemon)>
2019/05/15 03:52:44 :DEBUG:closed output, 163 bytes sent
2019/05/15 03:52:44 :DEBUG:stdout reader: <Thread(Thread-44, initial daemon)>
2019/05/15 03:52:44 :DEBUG:gpg: WARNING: unsafe permissions on homedir '/home/jfk422/Projects/Code/Arcanum/arcanum/gpg'
2019/05/15 03:52:44 :DEBUG:gpg: AES256 encrypted data
2019/05/15 03:52:44 :DEBUG:[GNUPG:] NEED_PASSPHRASE_SYM 9 3 2
2019/05/15 03:52:44 :DEBUG:gpg: encrypted with 1 passphrase
2019/05/15 03:52:44 :DEBUG:[GNUPG:] BEGIN_DECRYPTION
2019/05/15 03:52:44 :DEBUG:[GNUPG:] DECRYPTION_COMPLIANCE_MODE 23
2019/05/15 03:52:44 :DEBUG:message ignored: DECRYPTION_COMPLIANCE_MODE, 23
2019/05/15 03:52:44 :DEBUG:chunk: b'test'
2019/05/15 03:52:44 :DEBUG:[GNUPG:] DECRYPTION_INFO 2 9
2019/05/15 03:52:44 :DEBUG:[GNUPG:] PLAINTEXT 62 1557928312
2019/05/15 03:52:44 :DEBUG:[GNUPG:] PLAINTEXT_LENGTH 4
2019/05/15 03:52:44 :DEBUG:[GNUPG:] DECRYPTION_OKAY
2019/05/15 03:52:44 :DEBUG:[GNUPG:] GOODMDC
2019/05/15 03:52:44 :DEBUG:[GNUPG:] END_DECRYPTION
2019/05/15 03:52:44 :DEBUG:decrypt result: b'test'
2019/05/15 03:52:47 :INFO:Getting everything from email
2019/05/15 03:52:47 :DEBUG:2389: gpg --pinentry-mode loopback --status-fd 2 --no-tty --no-verbose --fixed-list-mode --batch --with-colons --homedir gpg --passphrase-fd 0 --decrypt
2019/05/15 03:52:47 :DEBUG:Wrote passphrase
2019/05/15 03:52:47 :DEBUG:data copier: <Thread(Thread-45, initial daemon)>, <_io.BytesIO object at 0x7f1eda6cef68>, <_io.BufferedWriter name=27>
2019/05/15 03:52:47 :DEBUG:closed output, 163 bytes sent
2019/05/15 03:52:47 :DEBUG:stderr reader: <Thread(Thread-46, initial daemon)>
2019/05/15 03:52:47 :DEBUG:stdout reader: <Thread(Thread-47, initial daemon)>
2019/05/15 03:52:47 :DEBUG:gpg: WARNING: unsafe permissions on homedir '/home/jfk422/Projects/Code/Arcanum/arcanum/gpg'
2019/05/15 03:52:47 :DEBUG:gpg: AES256 encrypted data
2019/05/15 03:52:47 :DEBUG:chunk: b'None'
2019/05/15 03:52:47 :DEBUG:[GNUPG:] NEED_PASSPHRASE_SYM 9 3 2
2019/05/15 03:52:47 :DEBUG:gpg: encrypted with 1 passphrase
2019/05/15 03:52:47 :DEBUG:[GNUPG:] BEGIN_DECRYPTION
2019/05/15 03:52:47 :DEBUG:[GNUPG:] DECRYPTION_COMPLIANCE_MODE 23
2019/05/15 03:52:47 :DEBUG:message ignored: DECRYPTION_COMPLIANCE_MODE, 23
2019/05/15 03:52:47 :DEBUG:[GNUPG:] DECRYPTION_INFO 2 9
2019/05/15 03:52:47 :DEBUG:[GNUPG:] PLAINTEXT 62 1557927936
2019/05/15 03:52:47 :DEBUG:[GNUPG:] PLAINTEXT_LENGTH 4
2019/05/15 03:52:47 :DEBUG:[GNUPG:] DECRYPTION_OKAY
2019/05/15 03:52:47 :DEBUG:[GNUPG:] GOODMDC
2019/05/15 03:52:47 :DEBUG:[GNUPG:] END_DECRYPTION
2019/05/15 03:52:47 :DEBUG:decrypt result: b'None'
2019/05/15 03:52:47 :DEBUG:2393: gpg --pinentry-mode loopback --status-fd 2 --no-tty --no-verbose --fixed-list-mode --batch --with-colons --homedir gpg --passphrase-fd 0 --decrypt
2019/05/15 03:52:47 :DEBUG:Wrote passphrase
2019/05/15 03:52:47 :DEBUG:data copier: <Thread(Thread-48, initial daemon)>, <_io.BytesIO object at 0x7f1eda6cef68>, <_io.BufferedWriter name=27>
2019/05/15 03:52:47 :DEBUG:stderr reader: <Thread(Thread-49, initial daemon)>
2019/05/15 03:52:47 :DEBUG:closed output, 171 bytes sent
2019/05/15 03:52:47 :DEBUG:stdout reader: <Thread(Thread-50, initial daemon)>
2019/05/15 03:52:48 :DEBUG:gpg: WARNING: unsafe permissions on homedir '/home/jfk422/Projects/Code/Arcanum/arcanum/gpg'
2019/05/15 03:52:48 :DEBUG:gpg: AES256 encrypted data
2019/05/15 03:52:48 :DEBUG:[GNUPG:] NEED_PASSPHRASE_SYM 9 3 2
2019/05/15 03:52:48 :DEBUG:chunk: b'test@test.com'
2019/05/15 03:52:48 :DEBUG:gpg: encrypted with 1 passphrase
2019/05/15 03:52:48 :DEBUG:[GNUPG:] BEGIN_DECRYPTION
2019/05/15 03:52:48 :DEBUG:[GNUPG:] DECRYPTION_COMPLIANCE_MODE 23
2019/05/15 03:52:48 :DEBUG:message ignored: DECRYPTION_COMPLIANCE_MODE, 23
2019/05/15 03:52:48 :DEBUG:[GNUPG:] DECRYPTION_INFO 2 9
2019/05/15 03:52:48 :DEBUG:[GNUPG:] PLAINTEXT 62 1557928158
2019/05/15 03:52:48 :DEBUG:[GNUPG:] PLAINTEXT_LENGTH 13
2019/05/15 03:52:48 :DEBUG:[GNUPG:] DECRYPTION_OKAY
2019/05/15 03:52:48 :DEBUG:[GNUPG:] GOODMDC
2019/05/15 03:52:48 :DEBUG:[GNUPG:] END_DECRYPTION
2019/05/15 03:52:48 :DEBUG:decrypt result: b'test@test.com'
2019/05/15 03:52:48 :DEBUG:2397: gpg --pinentry-mode loopback --status-fd 2 --no-tty --no-verbose --fixed-list-mode --batch --with-colons --homedir gpg --passphrase-fd 0 --symmetric --armor
2019/05/15 03:52:48 :DEBUG:Wrote passphrase
2019/05/15 03:52:48 :DEBUG:data copier: <Thread(Thread-51, initial daemon)>, <_io.BytesIO object at 0x7f1eda6cef68>, <_io.BufferedWriter name=27>
2019/05/15 03:52:48 :DEBUG:stderr reader: <Thread(Thread-52, initial daemon)>
2019/05/15 03:52:48 :DEBUG:closed output, 4 bytes sent
2019/05/15 03:52:48 :DEBUG:stdout reader: <Thread(Thread-53, initial daemon)>
2019/05/15 03:52:48 :DEBUG:gpg: WARNING: unsafe permissions on homedir '/home/jfk422/Projects/Code/Arcanum/arcanum/gpg'
2019/05/15 03:52:48 :DEBUG:chunk: b'-----BEGIN PGP MESSAGE-----\n\njA0ECQMCcuhQ2zW9Jnv/0jkBCkZPg9MoGNS1POQ9whPwxconW2GhFJaUwcNTZVYs\nfElO9IOh3KR8J/s6A+igBESrly7Okk/pxVY=\n=3e4S\n-----END PGP MESSAGE-----\n'
2019/05/15 03:52:48 :DEBUG:[GNUPG:] NEED_PASSPHRASE_SYM 9 3 2
2019/05/15 03:52:48 :DEBUG:[GNUPG:] BEGIN_ENCRYPTION 2 9
2019/05/15 03:52:48 :DEBUG:[GNUPG:] END_ENCRYPTION
2019/05/15 03:52:48 :DEBUG:encrypt result: b'-----BEGIN PGP MESSAGE-----\n\njA0ECQMCcuhQ2zW9Jnv/0jkBCkZPg9MoGNS1POQ9whPwxconW2GhFJaUwcNTZVYs\nfElO9IOh3KR8J/s6A+igBESrly7Okk/pxVY=\n=3e4S\n-----END PGP MESSAGE-----\n'
2019/05/15 03:52:48 :DEBUG:2402: gpg --pinentry-mode loopback --status-fd 2 --no-tty --no-verbose --fixed-list-mode --batch --with-colons --homedir gpg --passphrase-fd 0 --symmetric --armor
2019/05/15 03:52:48 :DEBUG:Wrote passphrase
2019/05/15 03:52:48 :DEBUG:data copier: <Thread(Thread-54, initial daemon)>, <_io.BytesIO object at 0x7f1eda6cef68>, <_io.BufferedWriter name=27>
2019/05/15 03:52:48 :DEBUG:stderr reader: <Thread(Thread-55, initial daemon)>
2019/05/15 03:52:48 :DEBUG:closed output, 4 bytes sent
2019/05/15 03:52:48 :DEBUG:stdout reader: <Thread(Thread-56, initial daemon)>
2019/05/15 03:52:48 :DEBUG:gpg: WARNING: unsafe permissions on homedir '/home/jfk422/Projects/Code/Arcanum/arcanum/gpg'
2019/05/15 03:52:48 :DEBUG:chunk: b'-----BEGIN PGP MESSAGE-----\n\njA0ECQMCgWyQHY/VmRL/0jkBAFYeW63ThPkifvy+GJwqS3NMVRNeq5ZGUtFQ8j14\nnD7CmVY5k66+6N+WVf1UvtASlfBSLUAWrB4=\n=D0J+\n-----END PGP MESSAGE-----\n'
2019/05/15 03:52:48 :DEBUG:[GNUPG:] NEED_PASSPHRASE_SYM 9 3 2
2019/05/15 03:52:48 :DEBUG:[GNUPG:] BEGIN_ENCRYPTION 2 9
2019/05/15 03:52:48 :DEBUG:[GNUPG:] END_ENCRYPTION
2019/05/15 03:52:48 :DEBUG:encrypt result: b'-----BEGIN PGP MESSAGE-----\n\njA0ECQMCgWyQHY/VmRL/0jkBAFYeW63ThPkifvy+GJwqS3NMVRNeq5ZGUtFQ8j14\nnD7CmVY5k66+6N+WVf1UvtASlfBSLUAWrB4=\n=D0J+\n-----END PGP MESSAGE-----\n'
2019/05/15 03:52:48 :DEBUG:2409: gpg --pinentry-mode loopback --status-fd 2 --no-tty --no-verbose --fixed-list-mode --batch --with-colons --homedir gpg --passphrase-fd 0 --symmetric --armor
2019/05/15 03:52:48 :DEBUG:Wrote passphrase
2019/05/15 03:52:48 :DEBUG:data copier: <Thread(Thread-57, initial daemon)>, <_io.BytesIO object at 0x7f1eda6cef68>, <_io.BufferedWriter name=27>
2019/05/15 03:52:48 :DEBUG:stderr reader: <Thread(Thread-58, initial daemon)>
2019/05/15 03:52:49 :DEBUG:closed output, 4 bytes sent
2019/05/15 03:52:49 :DEBUG:stdout reader: <Thread(Thread-59, initial daemon)>
2019/05/15 03:52:49 :DEBUG:gpg: WARNING: unsafe permissions on homedir '/home/jfk422/Projects/Code/Arcanum/arcanum/gpg'
2019/05/15 03:52:49 :DEBUG:chunk: b'-----BEGIN PGP MESSAGE-----\n\njA0ECQMC6XGMwqdvz5//0jkBUac18782M+A8IuY9cvIN1hwy70Z7EGNfyAVyYSia\nCt3etGRS5gTpfj74qesT/jPw+4gG+/g/B5w=\n=zmEe\n-----END PGP MESSAGE-----\n'
2019/05/15 03:52:49 :DEBUG:[GNUPG:] NEED_PASSPHRASE_SYM 9 3 2
2019/05/15 03:52:49 :DEBUG:[GNUPG:] BEGIN_ENCRYPTION 2 9
2019/05/15 03:52:49 :DEBUG:[GNUPG:] END_ENCRYPTION
2019/05/15 03:52:49 :DEBUG:encrypt result: b'-----BEGIN PGP MESSAGE-----\n\njA0ECQMC6XGMwqdvz5//0jkBUac18782M+A8IuY9cvIN1hwy70Z7EGNfyAVyYSia\nCt3etGRS5gTpfj74qesT/jPw+4gG+/g/B5w=\n=zmEe\n-----END PGP MESSAGE-----\n'
2019/05/15 03:52:49 :INFO:Password is being updated
2019/05/15 03:52:49 :INFO:Getting everything from passTable
2019/05/15 03:52:49 :DEBUG:2420: gpg --pinentry-mode loopback --status-fd 2 --no-tty --no-verbose --fixed-list-mode --batch --with-colons --homedir gpg --passphrase-fd 0 --decrypt
2019/05/15 03:52:49 :DEBUG:Wrote passphrase
2019/05/15 03:52:49 :DEBUG:data copier: <Thread(Thread-60, initial daemon)>, <_io.BytesIO object at 0x7f1eda6cef68>, <_io.BufferedWriter name=27>
2019/05/15 03:52:49 :DEBUG:stderr reader: <Thread(Thread-61, initial daemon)>
2019/05/15 03:52:49 :DEBUG:closed output, 1 bytes sent
2019/05/15 03:52:49 :DEBUG:stdout reader: <Thread(Thread-62, initial daemon)>
2019/05/15 03:52:49 :DEBUG:gpg: WARNING: unsafe permissions on homedir '/home/jfk422/Projects/Code/Arcanum/arcanum/gpg'
2019/05/15 03:52:49 :DEBUG:gpg: [don't know]: invalid packet (ctb=31)
2019/05/15 03:52:49 :DEBUG:[GNUPG:] NODATA 3
2019/05/15 03:52:49 :DEBUG:decrypt result: b''
2019/05/15 03:52:49 :DEBUG:2424: gpg --pinentry-mode loopback --status-fd 2 --no-tty --no-verbose --fixed-list-mode --batch --with-colons --homedir gpg --passphrase-fd 0 --decrypt
2019/05/15 03:52:49 :DEBUG:Wrote passphrase
2019/05/15 03:52:49 :DEBUG:data copier: <Thread(Thread-63, initial daemon)>, <_io.BytesIO object at 0x7f1eda6cef68>, <_io.BufferedWriter name=27>
2019/05/15 03:52:49 :DEBUG:closed output, 163 bytes sent
2019/05/15 03:52:49 :DEBUG:stderr reader: <Thread(Thread-64, initial daemon)>
2019/05/15 03:52:49 :DEBUG:stdout reader: <Thread(Thread-65, initial daemon)>
2019/05/15 03:52:49 :DEBUG:gpg: WARNING: unsafe permissions on homedir '/home/jfk422/Projects/Code/Arcanum/arcanum/gpg'
2019/05/15 03:52:49 :DEBUG:gpg: AES256 encrypted data
2019/05/15 03:52:49 :DEBUG:[GNUPG:] NEED_PASSPHRASE_SYM 9 3 2
2019/05/15 03:52:49 :DEBUG:gpg: encrypted with 1 passphrase
2019/05/15 03:52:49 :DEBUG:[GNUPG:] BEGIN_DECRYPTION
2019/05/15 03:52:49 :DEBUG:[GNUPG:] DECRYPTION_COMPLIANCE_MODE 23
2019/05/15 03:52:49 :DEBUG:chunk: b'test'
2019/05/15 03:52:49 :DEBUG:message ignored: DECRYPTION_COMPLIANCE_MODE, 23
2019/05/15 03:52:49 :DEBUG:[GNUPG:] DECRYPTION_INFO 2 9
2019/05/15 03:52:49 :DEBUG:[GNUPG:] PLAINTEXT 62 1557928368
2019/05/15 03:52:49 :DEBUG:[GNUPG:] PLAINTEXT_LENGTH 4
2019/05/15 03:52:49 :DEBUG:[GNUPG:] DECRYPTION_OKAY
2019/05/15 03:52:49 :DEBUG:[GNUPG:] GOODMDC
2019/05/15 03:52:49 :DEBUG:[GNUPG:] END_DECRYPTION
2019/05/15 03:52:49 :DEBUG:decrypt result: b'test'
2019/05/15 03:52:49 :DEBUG:2428: gpg --pinentry-mode loopback --status-fd 2 --no-tty --no-verbose --fixed-list-mode --batch --with-colons --homedir gpg --passphrase-fd 0 --decrypt
2019/05/15 03:52:49 :DEBUG:Wrote passphrase
2019/05/15 03:52:49 :DEBUG:data copier: <Thread(Thread-66, initial daemon)>, <_io.BytesIO object at 0x7f1eda6cef68>, <_io.BufferedWriter name=27>
2019/05/15 03:52:49 :DEBUG:closed output, 26 bytes sent
2019/05/15 03:52:49 :DEBUG:stderr reader: <Thread(Thread-67, initial daemon)>
2019/05/15 03:52:49 :DEBUG:gpg: WARNING: unsafe permissions on homedir '/home/jfk422/Projects/Code/Arcanum/arcanum/gpg'
2019/05/15 03:52:49 :DEBUG:stdout reader: <Thread(Thread-68, initial daemon)>
2019/05/15 03:52:49 :DEBUG:gpg: no valid OpenPGP data found.
2019/05/15 03:52:49 :DEBUG:[GNUPG:] NODATA 1
2019/05/15 03:52:49 :DEBUG:[GNUPG:] NODATA 2
2019/05/15 03:52:49 :DEBUG:[GNUPG:] FAILURE decrypt 4294967295
2019/05/15 03:52:49 :DEBUG:gpg: decrypt_message failed: Unknown system error
2019/05/15 03:52:49 :DEBUG:decrypt result: b''
2019/05/15 03:52:49 :DEBUG:2433: gpg --pinentry-mode loopback --status-fd 2 --no-tty --no-verbose --fixed-list-mode --batch --with-colons --homedir gpg --passphrase-fd 0 --decrypt
2019/05/15 03:52:49 :DEBUG:Wrote passphrase
2019/05/15 03:52:49 :DEBUG:data copier: <Thread(Thread-69, initial daemon)>, <_io.BytesIO object at 0x7f1eda6cef68>, <_io.BufferedWriter name=27>
2019/05/15 03:52:49 :DEBUG:closed output, 5 bytes sent
2019/05/15 03:52:49 :DEBUG:stderr reader: <Thread(Thread-70, initial daemon)>
2019/05/15 03:52:49 :DEBUG:stdout reader: <Thread(Thread-71, initial daemon)>
2019/05/15 03:52:49 :DEBUG:gpg: WARNING: unsafe permissions on homedir '/home/jfk422/Projects/Code/Arcanum/arcanum/gpg'
2019/05/15 03:52:49 :DEBUG:gpg: no valid OpenPGP data found.
2019/05/15 03:52:49 :DEBUG:[GNUPG:] NODATA 1
2019/05/15 03:52:49 :DEBUG:[GNUPG:] NODATA 2
2019/05/15 03:52:49 :DEBUG:[GNUPG:] FAILURE decrypt 4294967295
2019/05/15 03:52:49 :DEBUG:gpg: decrypt_message failed: Unknown system error
2019/05/15 03:52:49 :DEBUG:decrypt result: b''
2019/05/15 03:52:49 :DEBUG:2440: gpg --pinentry-mode loopback --status-fd 2 --no-tty --no-verbose --fixed-list-mode --batch --with-colons --homedir gpg --passphrase-fd 0 --decrypt
2019/05/15 03:52:49 :DEBUG:Wrote passphrase
2019/05/15 03:52:49 :DEBUG:data copier: <Thread(Thread-72, initial daemon)>, <_io.BytesIO object at 0x7f1eda6cef68>, <_io.BufferedWriter name=27>
2019/05/15 03:52:49 :DEBUG:stderr reader: <Thread(Thread-73, initial daemon)>
2019/05/15 03:52:49 :DEBUG:closed output, 1 bytes sent
2019/05/15 03:52:49 :DEBUG:stdout reader: <Thread(Thread-74, initial daemon)>
2019/05/15 03:52:49 :DEBUG:gpg: WARNING: unsafe permissions on homedir '/home/jfk422/Projects/Code/Arcanum/arcanum/gpg'
2019/05/15 03:52:49 :DEBUG:gpg: [don't know]: invalid packet (ctb=32)
2019/05/15 03:52:49 :DEBUG:[GNUPG:] NODATA 3
2019/05/15 03:52:49 :DEBUG:decrypt result: b''
2019/05/15 03:52:49 :DEBUG:2452: gpg --pinentry-mode loopback --status-fd 2 --no-tty --no-verbose --fixed-list-mode --batch --with-colons --homedir gpg --passphrase-fd 0 --decrypt
2019/05/15 03:52:49 :DEBUG:Wrote passphrase
2019/05/15 03:52:49 :DEBUG:data copier: <Thread(Thread-75, initial daemon)>, <_io.BytesIO object at 0x7f1eda6cef68>, <_io.BufferedWriter name=27>
2019/05/15 03:52:49 :DEBUG:stderr reader: <Thread(Thread-76, initial daemon)>
2019/05/15 03:52:49 :DEBUG:closed output, 4 bytes sent
2019/05/15 03:52:49 :DEBUG:stdout reader: <Thread(Thread-77, initial daemon)>
2019/05/15 03:52:49 :DEBUG:gpg: WARNING: unsafe permissions on homedir '/home/jfk422/Projects/Code/Arcanum/arcanum/gpg'
2019/05/15 03:52:49 :DEBUG:gpg: no valid OpenPGP data found.
2019/05/15 03:52:49 :DEBUG:[GNUPG:] NODATA 1
2019/05/15 03:52:49 :DEBUG:[GNUPG:] NODATA 2
2019/05/15 03:52:49 :DEBUG:[GNUPG:] FAILURE decrypt 4294967295
2019/05/15 03:52:49 :DEBUG:gpg: decrypt_message failed: Unknown system error
2019/05/15 03:52:49 :DEBUG:decrypt result: b''
2019/05/15 03:52:49 :DEBUG:2458: gpg --pinentry-mode loopback --status-fd 2 --no-tty --no-verbose --fixed-list-mode --batch --with-colons --homedir gpg --passphrase-fd 0 --decrypt
2019/05/15 03:52:49 :DEBUG:Wrote passphrase
2019/05/15 03:52:49 :DEBUG:data copier: <Thread(Thread-78, initial daemon)>, <_io.BytesIO object at 0x7f1eda6cef68>, <_io.BufferedWriter name=27>
2019/05/15 03:52:49 :DEBUG:stderr reader: <Thread(Thread-79, initial daemon)>
2019/05/15 03:52:49 :DEBUG:closed output, 4 bytes sent
2019/05/15 03:52:49 :DEBUG:stdout reader: <Thread(Thread-80, initial daemon)>
2019/05/15 03:52:49 :DEBUG:gpg: WARNING: unsafe permissions on homedir '/home/jfk422/Projects/Code/Arcanum/arcanum/gpg'
2019/05/15 03:52:49 :DEBUG:gpg: no valid OpenPGP data found.
2019/05/15 03:52:49 :DEBUG:[GNUPG:] NODATA 1
2019/05/15 03:52:49 :DEBUG:[GNUPG:] NODATA 2
2019/05/15 03:52:49 :DEBUG:[GNUPG:] FAILURE decrypt 4294967295
2019/05/15 03:52:49 :DEBUG:gpg: decrypt_message failed: Unknown system error
2019/05/15 03:52:49 :DEBUG:decrypt result: b''
2019/05/15 03:52:49 :DEBUG:2463: gpg --pinentry-mode loopback --status-fd 2 --no-tty --no-verbose --fixed-list-mode --batch --with-colons --homedir gpg --passphrase-fd 0 --decrypt
2019/05/15 03:52:49 :DEBUG:Wrote passphrase
2019/05/15 03:52:49 :DEBUG:data copier: <Thread(Thread-81, initial daemon)>, <_io.BytesIO object at 0x7f1eda6cef68>, <_io.BufferedWriter name=27>
2019/05/15 03:52:49 :DEBUG:stderr reader: <Thread(Thread-82, initial daemon)>
2019/05/15 03:52:49 :DEBUG:closed output, 163 bytes sent
2019/05/15 03:52:49 :DEBUG:stdout reader: <Thread(Thread-83, initial daemon)>
2019/05/15 03:52:50 :DEBUG:gpg: WARNING: unsafe permissions on homedir '/home/jfk422/Projects/Code/Arcanum/arcanum/gpg'
2019/05/15 03:52:50 :DEBUG:gpg: AES256 encrypted data
2019/05/15 03:52:50 :DEBUG:[GNUPG:] NEED_PASSPHRASE_SYM 9 3 2
2019/05/15 03:52:50 :DEBUG:chunk: b'test'
2019/05/15 03:52:50 :DEBUG:gpg: encrypted with 1 passphrase
2019/05/15 03:52:50 :DEBUG:[GNUPG:] BEGIN_DECRYPTION
2019/05/15 03:52:50 :DEBUG:[GNUPG:] DECRYPTION_COMPLIANCE_MODE 23
2019/05/15 03:52:50 :DEBUG:message ignored: DECRYPTION_COMPLIANCE_MODE, 23
2019/05/15 03:52:50 :DEBUG:[GNUPG:] DECRYPTION_INFO 2 9
2019/05/15 03:52:50 :DEBUG:[GNUPG:] PLAINTEXT 62 1557928369
2019/05/15 03:52:50 :DEBUG:[GNUPG:] PLAINTEXT_LENGTH 4
2019/05/15 03:52:50 :DEBUG:[GNUPG:] DECRYPTION_OKAY
2019/05/15 03:52:50 :DEBUG:[GNUPG:] GOODMDC
2019/05/15 03:52:50 :DEBUG:[GNUPG:] END_DECRYPTION
2019/05/15 03:52:50 :DEBUG:decrypt result: b'test'
2019/05/15 03:52:50 :INFO:Getting row: 2 from table: email
2019/05/15 03:52:50 :DEBUG:2484: gpg --pinentry-mode loopback --status-fd 2 --no-tty --no-verbose --fixed-list-mode --batch --with-colons --homedir gpg --passphrase-fd 0 --decrypt
2019/05/15 03:52:50 :DEBUG:Wrote passphrase
2019/05/15 03:52:50 :DEBUG:data copier: <Thread(Thread-84, initial daemon)>, <_io.BytesIO object at 0x7f1eda6cef68>, <_io.BufferedWriter name=27>
2019/05/15 03:52:50 :DEBUG:closed output, 171 bytes sent
2019/05/15 03:52:50 :DEBUG:stderr reader: <Thread(Thread-85, initial daemon)>
2019/05/15 03:52:50 :DEBUG:stdout reader: <Thread(Thread-86, initial daemon)>
2019/05/15 03:52:50 :DEBUG:gpg: WARNING: unsafe permissions on homedir '/home/jfk422/Projects/Code/Arcanum/arcanum/gpg'
2019/05/15 03:52:50 :DEBUG:gpg: AES256 encrypted data
2019/05/15 03:52:50 :DEBUG:[GNUPG:] NEED_PASSPHRASE_SYM 9 3 2
2019/05/15 03:52:50 :DEBUG:gpg: encrypted with 1 passphrase
2019/05/15 03:52:50 :DEBUG:[GNUPG:] BEGIN_DECRYPTION
2019/05/15 03:52:50 :DEBUG:chunk: b'test@test.com'
2019/05/15 03:52:50 :DEBUG:[GNUPG:] DECRYPTION_COMPLIANCE_MODE 23
2019/05/15 03:52:50 :DEBUG:message ignored: DECRYPTION_COMPLIANCE_MODE, 23
2019/05/15 03:52:50 :DEBUG:[GNUPG:] DECRYPTION_INFO 2 9
2019/05/15 03:52:50 :DEBUG:[GNUPG:] PLAINTEXT 62 1557928158
2019/05/15 03:52:50 :DEBUG:[GNUPG:] PLAINTEXT_LENGTH 13
2019/05/15 03:52:50 :DEBUG:[GNUPG:] DECRYPTION_OKAY
2019/05/15 03:52:50 :DEBUG:[GNUPG:] GOODMDC
2019/05/15 03:52:50 :DEBUG:[GNUPG:] END_DECRYPTION
2019/05/15 03:52:50 :DEBUG:decrypt result: b'test@test.com'
2019/05/15 03:52:50 :INFO:Getting row: 1 from table: passTable
2019/05/15 03:52:50 :DEBUG:2490: gpg --pinentry-mode loopback --status-fd 2 --no-tty --no-verbose --fixed-list-mode --batch --with-colons --homedir gpg --passphrase-fd 0 --decrypt
2019/05/15 03:52:50 :DEBUG:Wrote passphrase
2019/05/15 03:52:50 :DEBUG:data copier: <Thread(Thread-87, initial daemon)>, <_io.BytesIO object at 0x7f1ed03d4048>, <_io.BufferedWriter name=27>
2019/05/15 03:52:50 :DEBUG:stderr reader: <Thread(Thread-88, initial daemon)>
2019/05/15 03:52:50 :DEBUG:closed output, 163 bytes sent
2019/05/15 03:52:50 :DEBUG:stdout reader: <Thread(Thread-89, initial daemon)>
2019/05/15 03:52:51 :DEBUG:gpg: WARNING: unsafe permissions on homedir '/home/jfk422/Projects/Code/Arcanum/arcanum/gpg'
2019/05/15 03:52:51 :DEBUG:gpg: AES256 encrypted data
2019/05/15 03:52:51 :DEBUG:chunk: b'test'
2019/05/15 03:52:51 :DEBUG:[GNUPG:] NEED_PASSPHRASE_SYM 9 3 2
2019/05/15 03:52:51 :DEBUG:gpg: encrypted with 1 passphrase
2019/05/15 03:52:51 :DEBUG:[GNUPG:] BEGIN_DECRYPTION
2019/05/15 03:52:51 :DEBUG:[GNUPG:] DECRYPTION_COMPLIANCE_MODE 23
2019/05/15 03:52:51 :DEBUG:message ignored: DECRYPTION_COMPLIANCE_MODE, 23
2019/05/15 03:52:51 :DEBUG:[GNUPG:] DECRYPTION_INFO 2 9
2019/05/15 03:52:51 :DEBUG:[GNUPG:] PLAINTEXT 62 1557928368
2019/05/15 03:52:51 :DEBUG:[GNUPG:] PLAINTEXT_LENGTH 4
2019/05/15 03:52:51 :DEBUG:[GNUPG:] DECRYPTION_OKAY
2019/05/15 03:52:51 :DEBUG:[GNUPG:] GOODMDC
2019/05/15 03:52:51 :DEBUG:[GNUPG:] END_DECRYPTION
2019/05/15 03:52:51 :DEBUG:decrypt result: b'test'
2019/05/15 03:52:51 :INFO:Getting everything from email
2019/05/15 03:52:51 :DEBUG:2498: gpg --pinentry-mode loopback --status-fd 2 --no-tty --no-verbose --fixed-list-mode --batch --with-colons --homedir gpg --passphrase-fd 0 --decrypt
2019/05/15 03:52:51 :DEBUG:Wrote passphrase
2019/05/15 03:52:51 :DEBUG:data copier: <Thread(Thread-90, initial daemon)>, <_io.BytesIO object at 0x7f1eda6cef68>, <_io.BufferedWriter name=27>
2019/05/15 03:52:51 :DEBUG:stderr reader: <Thread(Thread-91, initial daemon)>
2019/05/15 03:52:51 :DEBUG:closed output, 163 bytes sent
2019/05/15 03:52:51 :DEBUG:stdout reader: <Thread(Thread-92, initial daemon)>
2019/05/15 03:52:51 :DEBUG:gpg: WARNING: unsafe permissions on homedir '/home/jfk422/Projects/Code/Arcanum/arcanum/gpg'
2019/05/15 03:52:51 :DEBUG:gpg: AES256 encrypted data
2019/05/15 03:52:51 :DEBUG:[GNUPG:] NEED_PASSPHRASE_SYM 9 3 2
2019/05/15 03:52:51 :DEBUG:gpg: encrypted with 1 passphrase
2019/05/15 03:52:51 :DEBUG:[GNUPG:] BEGIN_DECRYPTION
2019/05/15 03:52:51 :DEBUG:chunk: b'None'
2019/05/15 03:52:51 :DEBUG:[GNUPG:] DECRYPTION_COMPLIANCE_MODE 23
2019/05/15 03:52:51 :DEBUG:message ignored: DECRYPTION_COMPLIANCE_MODE, 23
2019/05/15 03:52:51 :DEBUG:[GNUPG:] DECRYPTION_INFO 2 9
2019/05/15 03:52:51 :DEBUG:[GNUPG:] PLAINTEXT 62 1557927936
2019/05/15 03:52:51 :DEBUG:[GNUPG:] PLAINTEXT_LENGTH 4
2019/05/15 03:52:51 :DEBUG:[GNUPG:] DECRYPTION_OKAY
2019/05/15 03:52:51 :DEBUG:[GNUPG:] GOODMDC
2019/05/15 03:52:51 :DEBUG:[GNUPG:] END_DECRYPTION
2019/05/15 03:52:51 :DEBUG:decrypt result: b'None'
2019/05/15 03:52:51 :DEBUG:2502: gpg --pinentry-mode loopback --status-fd 2 --no-tty --no-verbose --fixed-list-mode --batch --with-colons --homedir gpg --passphrase-fd 0 --decrypt
2019/05/15 03:52:51 :DEBUG:Wrote passphrase
2019/05/15 03:52:51 :DEBUG:data copier: <Thread(Thread-93, initial daemon)>, <_io.BytesIO object at 0x7f1eda6cef68>, <_io.BufferedWriter name=27>
2019/05/15 03:52:51 :DEBUG:stderr reader: <Thread(Thread-94, initial daemon)>
2019/05/15 03:52:51 :DEBUG:closed output, 171 bytes sent
2019/05/15 03:52:51 :DEBUG:stdout reader: <Thread(Thread-95, initial daemon)>
2019/05/15 03:52:51 :DEBUG:gpg: WARNING: unsafe permissions on homedir '/home/jfk422/Projects/Code/Arcanum/arcanum/gpg'
2019/05/15 03:52:51 :DEBUG:gpg: AES256 encrypted data
2019/05/15 03:52:51 :DEBUG:chunk: b'test@test.com'
2019/05/15 03:52:51 :DEBUG:[GNUPG:] NEED_PASSPHRASE_SYM 9 3 2
2019/05/15 03:52:51 :DEBUG:gpg: encrypted with 1 passphrase
2019/05/15 03:52:51 :DEBUG:[GNUPG:] BEGIN_DECRYPTION
2019/05/15 03:52:51 :DEBUG:[GNUPG:] DECRYPTION_COMPLIANCE_MODE 23
2019/05/15 03:52:51 :DEBUG:message ignored: DECRYPTION_COMPLIANCE_MODE, 23
2019/05/15 03:52:51 :DEBUG:[GNUPG:] DECRYPTION_INFO 2 9
2019/05/15 03:52:51 :DEBUG:[GNUPG:] PLAINTEXT 62 1557928158
2019/05/15 03:52:51 :DEBUG:[GNUPG:] PLAINTEXT_LENGTH 13
2019/05/15 03:52:51 :DEBUG:[GNUPG:] DECRYPTION_OKAY
2019/05/15 03:52:51 :DEBUG:[GNUPG:] GOODMDC
2019/05/15 03:52:51 :DEBUG:[GNUPG:] END_DECRYPTION
2019/05/15 03:52:51 :DEBUG:decrypt result: b'test@test.com'
2019/05/15 03:52:51 :INFO:Decrypted email addresses
2019/05/15 03:53:07 :INFO:Getting everything from email
2019/05/15 03:53:07 :DEBUG:2519: gpg --pinentry-mode loopback --status-fd 2 --no-tty --no-verbose --fixed-list-mode --batch --with-colons --homedir gpg --passphrase-fd 0 --symmetric --armor
2019/05/15 03:53:07 :DEBUG:Wrote passphrase
2019/05/15 03:53:07 :DEBUG:data copier: <Thread(Thread-96, initial daemon)>, <_io.BytesIO object at 0x7f1ed03d90a0>, <_io.BufferedWriter name=27>
2019/05/15 03:53:07 :DEBUG:stderr reader: <Thread(Thread-97, initial daemon)>
2019/05/15 03:53:07 :DEBUG:closed output, 5 bytes sent
2019/05/15 03:53:07 :DEBUG:stdout reader: <Thread(Thread-98, initial daemon)>
2019/05/15 03:53:08 :DEBUG:gpg: WARNING: unsafe permissions on homedir '/home/jfk422/Projects/Code/Arcanum/arcanum/gpg'
2019/05/15 03:53:08 :DEBUG:chunk: b'-----BEGIN PGP MESSAGE-----\n\njA0ECQMCQ8RBS7VTBoT/0joBYWXoi47fQDA4vxsFFSNY+ebsLDe9eQMe/Mfo6vN5\npg1CiJfZyaD0yBuT4dJuPvVEVjjojWFZPLwk\n=6xA9\n-----END PGP MESSAGE-----\n'
2019/05/15 03:53:08 :DEBUG:[GNUPG:] NEED_PASSPHRASE_SYM 9 3 2
2019/05/15 03:53:08 :DEBUG:[GNUPG:] BEGIN_ENCRYPTION 2 9
2019/05/15 03:53:08 :DEBUG:[GNUPG:] END_ENCRYPTION
2019/05/15 03:53:08 :DEBUG:encrypt result: b'-----BEGIN PGP MESSAGE-----\n\njA0ECQMCQ8RBS7VTBoT/0joBYWXoi47fQDA4vxsFFSNY+ebsLDe9eQMe/Mfo6vN5\npg1CiJfZyaD0yBuT4dJuPvVEVjjojWFZPLwk\n=6xA9\n-----END PGP MESSAGE-----\n'
2019/05/15 03:53:08 :DEBUG:2524: gpg --pinentry-mode loopback --status-fd 2 --no-tty --no-verbose --fixed-list-mode --batch --with-colons --homedir gpg --passphrase-fd 0 --symmetric --armor
2019/05/15 03:53:08 :DEBUG:Wrote passphrase
2019/05/15 03:53:08 :DEBUG:data copier: <Thread(Thread-99, initial daemon)>, <_io.BytesIO object at 0x7f1ed03d90a0>, <_io.BufferedWriter name=27>
2019/05/15 03:53:08 :DEBUG:stderr reader: <Thread(Thread-100, initial daemon)>
2019/05/15 03:53:08 :DEBUG:closed output, 16 bytes sent
2019/05/15 03:53:08 :DEBUG:stdout reader: <Thread(Thread-101, initial daemon)>
2019/05/15 03:53:08 :DEBUG:gpg: WARNING: unsafe permissions on homedir '/home/jfk422/Projects/Code/Arcanum/arcanum/gpg'
2019/05/15 03:53:08 :DEBUG:chunk: b'-----BEGIN PGP MESSAGE-----\n\njA0ECQMCfefyorgQ6Bv/0kUBbnR3FMqGZmfB9I1IPyj+m+6113a1s28Xl95OFdJ7\nzWGlKFUEJiQHQvv5jYSmX+oVP0gvJZRZ3WBF2FfNTQ42YSDbSGE=\n=az4M\n-----END PGP MESSAGE-----\n'
2019/05/15 03:53:08 :DEBUG:[GNUPG:] NEED_PASSPHRASE_SYM 9 3 2
2019/05/15 03:53:08 :DEBUG:[GNUPG:] BEGIN_ENCRYPTION 2 9
2019/05/15 03:53:08 :DEBUG:[GNUPG:] END_ENCRYPTION
2019/05/15 03:53:08 :DEBUG:encrypt result: b'-----BEGIN PGP MESSAGE-----\n\njA0ECQMCfefyorgQ6Bv/0kUBbnR3FMqGZmfB9I1IPyj+m+6113a1s28Xl95OFdJ7\nzWGlKFUEJiQHQvv5jYSmX+oVP0gvJZRZ3WBF2FfNTQ42YSDbSGE=\n=az4M\n-----END PGP MESSAGE-----\n'
2019/05/15 03:53:08 :DEBUG:2530: gpg --pinentry-mode loopback --status-fd 2 --no-tty --no-verbose --fixed-list-mode --batch --with-colons --homedir gpg --passphrase-fd 0 --symmetric --armor
2019/05/15 03:53:08 :DEBUG:Wrote passphrase
2019/05/15 03:53:08 :DEBUG:data copier: <Thread(Thread-102, initial daemon)>, <_io.BytesIO object at 0x7f1ed03d90a0>, <_io.BufferedWriter name=27>
2019/05/15 03:53:08 :DEBUG:stderr reader: <Thread(Thread-103, initial daemon)>
2019/05/15 03:53:08 :DEBUG:closed output, 8 bytes sent
2019/05/15 03:53:08 :DEBUG:stdout reader: <Thread(Thread-104, initial daemon)>
2019/05/15 03:53:09 :DEBUG:chunk: b'-----BEGIN PGP MESSAGE-----\n\njA0ECQMCPglLKksC4Df/0jgBn0kN5QlU8YkmXXRBCIZ5lTfW+G6i8XGPKrPCO63u\ni3/xhEO1RlpU85YzRNPkepZfsZ6nJTqJrQ==\n=ReXm\n-----END PGP MESSAGE-----\n'
2019/05/15 03:53:09 :DEBUG:gpg: WARNING: unsafe permissions on homedir '/home/jfk422/Projects/Code/Arcanum/arcanum/gpg'
2019/05/15 03:53:09 :DEBUG:[GNUPG:] NEED_PASSPHRASE_SYM 9 3 2
2019/05/15 03:53:09 :DEBUG:[GNUPG:] BEGIN_ENCRYPTION 2 9
2019/05/15 03:53:09 :DEBUG:[GNUPG:] END_ENCRYPTION
2019/05/15 03:53:09 :DEBUG:encrypt result: b'-----BEGIN PGP MESSAGE-----\n\njA0ECQMCPglLKksC4Df/0jgBn0kN5QlU8YkmXXRBCIZ5lTfW+G6i8XGPKrPCO63u\ni3/xhEO1RlpU85YzRNPkepZfsZ6nJTqJrQ==\n=ReXm\n-----END PGP MESSAGE-----\n'
2019/05/15 03:53:09 :INFO:Password is being inserted
2019/05/15 03:53:09 :INFO:Inserted data into passwords table
2019/05/15 03:53:09 :INFO:Getting everything from passTable
2019/05/15 03:53:09 :DEBUG:2535: gpg --pinentry-mode loopback --status-fd 2 --no-tty --no-verbose --fixed-list-mode --batch --with-colons --homedir gpg --passphrase-fd 0 --decrypt
2019/05/15 03:53:09 :DEBUG:Wrote passphrase
2019/05/15 03:53:09 :DEBUG:data copier: <Thread(Thread-105, initial daemon)>, <_io.BytesIO object at 0x7f1ed03d91a8>, <_io.BufferedWriter name=27>
2019/05/15 03:53:09 :DEBUG:closed output, 1 bytes sent
2019/05/15 03:53:09 :DEBUG:stderr reader: <Thread(Thread-106, initial daemon)>
2019/05/15 03:53:09 :DEBUG:stdout reader: <Thread(Thread-107, initial daemon)>
2019/05/15 03:53:09 :DEBUG:gpg: WARNING: unsafe permissions on homedir '/home/jfk422/Projects/Code/Arcanum/arcanum/gpg'
2019/05/15 03:53:09 :DEBUG:gpg: [don't know]: invalid packet (ctb=31)
2019/05/15 03:53:09 :DEBUG:[GNUPG:] NODATA 3
2019/05/15 03:53:09 :DEBUG:decrypt result: b''
2019/05/15 03:53:09 :DEBUG:2539: gpg --pinentry-mode loopback --status-fd 2 --no-tty --no-verbose --fixed-list-mode --batch --with-colons --homedir gpg --passphrase-fd 0 --decrypt
2019/05/15 03:53:09 :DEBUG:Wrote passphrase
2019/05/15 03:53:09 :DEBUG:data copier: <Thread(Thread-108, initial daemon)>, <_io.BytesIO object at 0x7f1ed03d91a8>, <_io.BufferedWriter name=27>
2019/05/15 03:53:09 :DEBUG:stderr reader: <Thread(Thread-109, initial daemon)>
2019/05/15 03:53:09 :DEBUG:closed output, 163 bytes sent
2019/05/15 03:53:09 :DEBUG:stdout reader: <Thread(Thread-110, initial daemon)>
2019/05/15 03:53:09 :DEBUG:gpg: WARNING: unsafe permissions on homedir '/home/jfk422/Projects/Code/Arcanum/arcanum/gpg'
2019/05/15 03:53:09 :DEBUG:gpg: AES256 encrypted data
2019/05/15 03:53:09 :DEBUG:[GNUPG:] NEED_PASSPHRASE_SYM 9 3 2
2019/05/15 03:53:09 :DEBUG:gpg: encrypted with 1 passphrase
2019/05/15 03:53:09 :DEBUG:chunk: b'test'
2019/05/15 03:53:09 :DEBUG:[GNUPG:] BEGIN_DECRYPTION
2019/05/15 03:53:09 :DEBUG:[GNUPG:] DECRYPTION_COMPLIANCE_MODE 23
2019/05/15 03:53:09 :DEBUG:message ignored: DECRYPTION_COMPLIANCE_MODE, 23
2019/05/15 03:53:09 :DEBUG:[GNUPG:] DECRYPTION_INFO 2 9
2019/05/15 03:53:09 :DEBUG:[GNUPG:] PLAINTEXT 62 1557928368
2019/05/15 03:53:09 :DEBUG:[GNUPG:] PLAINTEXT_LENGTH 4
2019/05/15 03:53:09 :DEBUG:[GNUPG:] DECRYPTION_OKAY
2019/05/15 03:53:09 :DEBUG:[GNUPG:] GOODMDC
2019/05/15 03:53:09 :DEBUG:[GNUPG:] END_DECRYPTION
2019/05/15 03:53:09 :DEBUG:decrypt result: b'test'
2019/05/15 03:53:09 :DEBUG:2543: gpg --pinentry-mode loopback --status-fd 2 --no-tty --no-verbose --fixed-list-mode --batch --with-colons --homedir gpg --passphrase-fd 0 --decrypt
2019/05/15 03:53:09 :DEBUG:Wrote passphrase
2019/05/15 03:53:09 :DEBUG:data copier: <Thread(Thread-111, initial daemon)>, <_io.BytesIO object at 0x7f1ed03d91a8>, <_io.BufferedWriter name=27>
2019/05/15 03:53:09 :DEBUG:stderr reader: <Thread(Thread-112, initial daemon)>
2019/05/15 03:53:09 :DEBUG:closed output, 26 bytes sent
2019/05/15 03:53:09 :DEBUG:stdout reader: <Thread(Thread-113, initial daemon)>
2019/05/15 03:53:09 :DEBUG:gpg: WARNING: unsafe permissions on homedir '/home/jfk422/Projects/Code/Arcanum/arcanum/gpg'
2019/05/15 03:53:09 :DEBUG:gpg: no valid OpenPGP data found.
2019/05/15 03:53:09 :DEBUG:[GNUPG:] NODATA 1
2019/05/15 03:53:09 :DEBUG:[GNUPG:] NODATA 2
2019/05/15 03:53:09 :DEBUG:[GNUPG:] FAILURE decrypt 4294967295
2019/05/15 03:53:09 :DEBUG:gpg: decrypt_message failed: Unknown system error
2019/05/15 03:53:09 :DEBUG:decrypt result: b''
2019/05/15 03:53:09 :DEBUG:2547: gpg --pinentry-mode loopback --status-fd 2 --no-tty --no-verbose --fixed-list-mode --batch --with-colons --homedir gpg --passphrase-fd 0 --decrypt
2019/05/15 03:53:09 :DEBUG:Wrote passphrase
2019/05/15 03:53:09 :DEBUG:data copier: <Thread(Thread-114, initial daemon)>, <_io.BytesIO object at 0x7f1ed03d91a8>, <_io.BufferedWriter name=27>
2019/05/15 03:53:09 :DEBUG:stderr reader: <Thread(Thread-115, initial daemon)>
2019/05/15 03:53:09 :DEBUG:closed output, 5 bytes sent
2019/05/15 03:53:09 :DEBUG:stdout reader: <Thread(Thread-116, initial daemon)>
2019/05/15 03:53:09 :DEBUG:gpg: WARNING: unsafe permissions on homedir '/home/jfk422/Projects/Code/Arcanum/arcanum/gpg'
2019/05/15 03:53:09 :DEBUG:gpg: no valid OpenPGP data found.
2019/05/15 03:53:09 :DEBUG:[GNUPG:] NODATA 1
2019/05/15 03:53:09 :DEBUG:[GNUPG:] NODATA 2
2019/05/15 03:53:09 :DEBUG:[GNUPG:] FAILURE decrypt 4294967295
2019/05/15 03:53:09 :DEBUG:gpg: decrypt_message failed: Unknown system error
2019/05/15 03:53:09 :DEBUG:decrypt result: b''
2019/05/15 03:53:09 :DEBUG:2551: gpg --pinentry-mode loopback --status-fd 2 --no-tty --no-verbose --fixed-list-mode --batch --with-colons --homedir gpg --passphrase-fd 0 --decrypt
2019/05/15 03:53:09 :DEBUG:Wrote passphrase
2019/05/15 03:53:09 :DEBUG:data copier: <Thread(Thread-117, initial daemon)>, <_io.BytesIO object at 0x7f1ed03d91a8>, <_io.BufferedWriter name=27>
2019/05/15 03:53:09 :DEBUG:stderr reader: <Thread(Thread-118, initial daemon)>
2019/05/15 03:53:09 :DEBUG:closed output, 1 bytes sent
2019/05/15 03:53:09 :DEBUG:stdout reader: <Thread(Thread-119, initial daemon)>
2019/05/15 03:53:09 :DEBUG:gpg: WARNING: unsafe permissions on homedir '/home/jfk422/Projects/Code/Arcanum/arcanum/gpg'
2019/05/15 03:53:09 :DEBUG:gpg: [don't know]: invalid packet (ctb=32)
2019/05/15 03:53:09 :DEBUG:[GNUPG:] NODATA 3
2019/05/15 03:53:09 :DEBUG:decrypt result: b''
2019/05/15 03:53:09 :DEBUG:2555: gpg --pinentry-mode loopback --status-fd 2 --no-tty --no-verbose --fixed-list-mode --batch --with-colons --homedir gpg --passphrase-fd 0 --decrypt
2019/05/15 03:53:09 :DEBUG:Wrote passphrase
2019/05/15 03:53:09 :DEBUG:data copier: <Thread(Thread-120, initial daemon)>, <_io.BytesIO object at 0x7f1ed03d91a8>, <_io.BufferedWriter name=27>
2019/05/15 03:53:09 :DEBUG:stderr reader: <Thread(Thread-121, initial daemon)>
2019/05/15 03:53:09 :DEBUG:closed output, 4 bytes sent
2019/05/15 03:53:09 :DEBUG:stdout reader: <Thread(Thread-122, initial daemon)>
2019/05/15 03:53:09 :DEBUG:gpg: WARNING: unsafe permissions on homedir '/home/jfk422/Projects/Code/Arcanum/arcanum/gpg'
2019/05/15 03:53:09 :DEBUG:gpg: no valid OpenPGP data found.
2019/05/15 03:53:09 :DEBUG:[GNUPG:] NODATA 1
2019/05/15 03:53:09 :DEBUG:[GNUPG:] NODATA 2
2019/05/15 03:53:09 :DEBUG:[GNUPG:] FAILURE decrypt 4294967295
2019/05/15 03:53:09 :DEBUG:gpg: decrypt_message failed: Unknown system error
2019/05/15 03:53:09 :DEBUG:decrypt result: b''
2019/05/15 03:53:09 :DEBUG:2559: gpg --pinentry-mode loopback --status-fd 2 --no-tty --no-verbose --fixed-list-mode --batch --with-colons --homedir gpg --passphrase-fd 0 --decrypt
2019/05/15 03:53:09 :DEBUG:Wrote passphrase
2019/05/15 03:53:09 :DEBUG:data copier: <Thread(Thread-123, initial daemon)>, <_io.BytesIO object at 0x7f1ed03d91a8>, <_io.BufferedWriter name=27>
2019/05/15 03:53:09 :DEBUG:stderr reader: <Thread(Thread-124, initial daemon)>
2019/05/15 03:53:09 :DEBUG:closed output, 4 bytes sent
2019/05/15 03:53:09 :DEBUG:stdout reader: <Thread(Thread-125, initial daemon)>
2019/05/15 03:53:09 :DEBUG:gpg: WARNING: unsafe permissions on homedir '/home/jfk422/Projects/Code/Arcanum/arcanum/gpg'
2019/05/15 03:53:09 :DEBUG:gpg: no valid OpenPGP data found.
2019/05/15 03:53:09 :DEBUG:[GNUPG:] NODATA 1
2019/05/15 03:53:09 :DEBUG:[GNUPG:] NODATA 2
2019/05/15 03:53:09 :DEBUG:[GNUPG:] FAILURE decrypt 4294967295
2019/05/15 03:53:09 :DEBUG:gpg: decrypt_message failed: Unknown system error
2019/05/15 03:53:09 :DEBUG:decrypt result: b''
2019/05/15 03:53:09 :DEBUG:2563: gpg --pinentry-mode loopback --status-fd 2 --no-tty --no-verbose --fixed-list-mode --batch --with-colons --homedir gpg --passphrase-fd 0 --decrypt
2019/05/15 03:53:09 :DEBUG:Wrote passphrase
2019/05/15 03:53:09 :DEBUG:data copier: <Thread(Thread-126, initial daemon)>, <_io.BytesIO object at 0x7f1ed03d91a8>, <_io.BufferedWriter name=27>
2019/05/15 03:53:09 :DEBUG:stderr reader: <Thread(Thread-127, initial daemon)>
2019/05/15 03:53:09 :DEBUG:closed output, 163 bytes sent
2019/05/15 03:53:09 :DEBUG:stdout reader: <Thread(Thread-128, initial daemon)>
2019/05/15 03:53:09 :DEBUG:gpg: WARNING: unsafe permissions on homedir '/home/jfk422/Projects/Code/Arcanum/arcanum/gpg'
2019/05/15 03:53:09 :DEBUG:gpg: AES256 encrypted data
2019/05/15 03:53:09 :DEBUG:[GNUPG:] NEED_PASSPHRASE_SYM 9 3 2
2019/05/15 03:53:09 :DEBUG:chunk: b'test'
2019/05/15 03:53:09 :DEBUG:gpg: encrypted with 1 passphrase
2019/05/15 03:53:09 :DEBUG:[GNUPG:] BEGIN_DECRYPTION
2019/05/15 03:53:09 :DEBUG:[GNUPG:] DECRYPTION_COMPLIANCE_MODE 23
2019/05/15 03:53:09 :DEBUG:message ignored: DECRYPTION_COMPLIANCE_MODE, 23
2019/05/15 03:53:09 :DEBUG:[GNUPG:] DECRYPTION_INFO 2 9
2019/05/15 03:53:09 :DEBUG:[GNUPG:] PLAINTEXT 62 1557928369
2019/05/15 03:53:09 :DEBUG:[GNUPG:] PLAINTEXT_LENGTH 4
2019/05/15 03:53:09 :DEBUG:[GNUPG:] DECRYPTION_OKAY
2019/05/15 03:53:09 :DEBUG:[GNUPG:] GOODMDC
2019/05/15 03:53:09 :DEBUG:[GNUPG:] END_DECRYPTION
2019/05/15 03:53:09 :DEBUG:decrypt result: b'test'
2019/05/15 03:53:09 :INFO:Getting row: 2 from table: email
2019/05/15 03:53:09 :DEBUG:2569: gpg --pinentry-mode loopback --status-fd 2 --no-tty --no-verbose --fixed-list-mode --batch --with-colons --homedir gpg --passphrase-fd 0 --decrypt
2019/05/15 03:53:09 :DEBUG:Wrote passphrase
2019/05/15 03:53:09 :DEBUG:data copier: <Thread(Thread-129, initial daemon)>, <_io.BytesIO object at 0x7f1ed03d91a8>, <_io.BufferedWriter name=27>
2019/05/15 03:53:09 :DEBUG:stderr reader: <Thread(Thread-130, initial daemon)>
2019/05/15 03:53:09 :DEBUG:closed output, 171 bytes sent
2019/05/15 03:53:09 :DEBUG:stdout reader: <Thread(Thread-131, initial daemon)>
2019/05/15 03:53:10 :DEBUG:gpg: WARNING: unsafe permissions on homedir '/home/jfk422/Projects/Code/Arcanum/arcanum/gpg'
2019/05/15 03:53:10 :DEBUG:gpg: AES256 encrypted data
2019/05/15 03:53:10 :DEBUG:chunk: b'test@test.com'
2019/05/15 03:53:10 :DEBUG:[GNUPG:] NEED_PASSPHRASE_SYM 9 3 2
2019/05/15 03:53:10 :DEBUG:gpg: encrypted with 1 passphrase
2019/05/15 03:53:10 :DEBUG:[GNUPG:] BEGIN_DECRYPTION
2019/05/15 03:53:10 :DEBUG:[GNUPG:] DECRYPTION_COMPLIANCE_MODE 23
2019/05/15 03:53:10 :DEBUG:message ignored: DECRYPTION_COMPLIANCE_MODE, 23
2019/05/15 03:53:10 :DEBUG:[GNUPG:] DECRYPTION_INFO 2 9
2019/05/15 03:53:10 :DEBUG:[GNUPG:] PLAINTEXT 62 1557928158
2019/05/15 03:53:10 :DEBUG:[GNUPG:] PLAINTEXT_LENGTH 13
2019/05/15 03:53:10 :DEBUG:[GNUPG:] DECRYPTION_OKAY
2019/05/15 03:53:10 :DEBUG:[GNUPG:] GOODMDC
2019/05/15 03:53:10 :DEBUG:[GNUPG:] END_DECRYPTION
2019/05/15 03:53:10 :DEBUG:decrypt result: b'test@test.com'
2019/05/15 03:53:10 :INFO:Getting row: 1 from table: passTable
2019/05/15 03:53:10 :DEBUG:2573: gpg --pinentry-mode loopback --status-fd 2 --no-tty --no-verbose --fixed-list-mode --batch --with-colons --homedir gpg --passphrase-fd 0 --decrypt
2019/05/15 03:53:10 :DEBUG:Wrote passphrase
2019/05/15 03:53:10 :DEBUG:data copier: <Thread(Thread-132, initial daemon)>, <_io.BytesIO object at 0x7f1ed03d90a0>, <_io.BufferedWriter name=27>
2019/05/15 03:53:10 :DEBUG:stderr reader: <Thread(Thread-133, initial daemon)>
2019/05/15 03:53:10 :DEBUG:closed output, 163 bytes sent
2019/05/15 03:53:10 :DEBUG:stdout reader: <Thread(Thread-134, initial daemon)>
2019/05/15 03:53:10 :DEBUG:gpg: WARNING: unsafe permissions on homedir '/home/jfk422/Projects/Code/Arcanum/arcanum/gpg'
2019/05/15 03:53:10 :DEBUG:gpg: AES256 encrypted data
2019/05/15 03:53:10 :DEBUG:[GNUPG:] NEED_PASSPHRASE_SYM 9 3 2
2019/05/15 03:53:10 :DEBUG:gpg: encrypted with 1 passphrase
2019/05/15 03:53:10 :DEBUG:[GNUPG:] BEGIN_DECRYPTION
2019/05/15 03:53:10 :DEBUG:[GNUPG:] DECRYPTION_COMPLIANCE_MODE 23
2019/05/15 03:53:10 :DEBUG:chunk: b'test'
2019/05/15 03:53:10 :DEBUG:message ignored: DECRYPTION_COMPLIANCE_MODE, 23
2019/05/15 03:53:10 :DEBUG:[GNUPG:] DECRYPTION_INFO 2 9
2019/05/15 03:53:10 :DEBUG:[GNUPG:] PLAINTEXT 62 1557928368
2019/05/15 03:53:10 :DEBUG:[GNUPG:] PLAINTEXT_LENGTH 4
2019/05/15 03:53:10 :DEBUG:[GNUPG:] DECRYPTION_OKAY
2019/05/15 03:53:10 :DEBUG:[GNUPG:] GOODMDC
2019/05/15 03:53:10 :DEBUG:[GNUPG:] END_DECRYPTION
2019/05/15 03:53:10 :DEBUG:decrypt result: b'test'
2019/05/15 03:53:10 :DEBUG:2577: gpg --pinentry-mode loopback --status-fd 2 --no-tty --no-verbose --fixed-list-mode --batch --with-colons --homedir gpg --passphrase-fd 0 --decrypt
2019/05/15 03:53:10 :DEBUG:Wrote passphrase
2019/05/15 03:53:10 :DEBUG:data copier: <Thread(Thread-135, initial daemon)>, <_io.BytesIO object at 0x7f1ed03d90a0>, <_io.BufferedWriter name=27>
2019/05/15 03:53:10 :DEBUG:stderr reader: <Thread(Thread-136, initial daemon)>
2019/05/15 03:53:10 :DEBUG:closed output, 1 bytes sent
2019/05/15 03:53:10 :DEBUG:stdout reader: <Thread(Thread-137, initial daemon)>
2019/05/15 03:53:10 :DEBUG:gpg: WARNING: unsafe permissions on homedir '/home/jfk422/Projects/Code/Arcanum/arcanum/gpg'
2019/05/15 03:53:10 :DEBUG:gpg: [don't know]: invalid packet (ctb=32)
2019/05/15 03:53:10 :DEBUG:[GNUPG:] NODATA 3
2019/05/15 03:53:10 :DEBUG:decrypt result: b''
2019/05/15 03:53:10 :DEBUG:2581: gpg --pinentry-mode loopback --status-fd 2 --no-tty --no-verbose --fixed-list-mode --batch --with-colons --homedir gpg --passphrase-fd 0 --decrypt
2019/05/15 03:53:10 :DEBUG:Wrote passphrase
2019/05/15 03:53:10 :DEBUG:data copier: <Thread(Thread-138, initial daemon)>, <_io.BytesIO object at 0x7f1ed03d90a0>, <_io.BufferedWriter name=27>
2019/05/15 03:53:10 :DEBUG:stderr reader: <Thread(Thread-139, initial daemon)>
2019/05/15 03:53:10 :DEBUG:closed output, 163 bytes sent
2019/05/15 03:53:10 :DEBUG:stdout reader: <Thread(Thread-140, initial daemon)>
2019/05/15 03:53:11 :DEBUG:gpg: WARNING: unsafe permissions on homedir '/home/jfk422/Projects/Code/Arcanum/arcanum/gpg'
2019/05/15 03:53:11 :DEBUG:gpg: AES256 encrypted data
2019/05/15 03:53:11 :DEBUG:[GNUPG:] NEED_PASSPHRASE_SYM 9 3 2
2019/05/15 03:53:11 :DEBUG:gpg: encrypted with 1 passphrase
2019/05/15 03:53:11 :DEBUG:[GNUPG:] BEGIN_DECRYPTION
2019/05/15 03:53:11 :DEBUG:chunk: b'test2'
2019/05/15 03:53:11 :DEBUG:[GNUPG:] DECRYPTION_COMPLIANCE_MODE 23
2019/05/15 03:53:11 :DEBUG:message ignored: DECRYPTION_COMPLIANCE_MODE, 23
2019/05/15 03:53:11 :DEBUG:[GNUPG:] DECRYPTION_INFO 2 9
2019/05/15 03:53:11 :DEBUG:[GNUPG:] PLAINTEXT 62 1557928388
2019/05/15 03:53:11 :DEBUG:[GNUPG:] PLAINTEXT_LENGTH 5
2019/05/15 03:53:11 :DEBUG:[GNUPG:] DECRYPTION_OKAY
2019/05/15 03:53:11 :DEBUG:[GNUPG:] GOODMDC
2019/05/15 03:53:11 :DEBUG:[GNUPG:] END_DECRYPTION
2019/05/15 03:53:11 :DEBUG:decrypt result: b'test2'
2019/05/15 03:53:11 :DEBUG:2585: gpg --pinentry-mode loopback --status-fd 2 --no-tty --no-verbose --fixed-list-mode --batch --with-colons --homedir gpg --passphrase-fd 0 --decrypt
2019/05/15 03:53:11 :DEBUG:Wrote passphrase
2019/05/15 03:53:11 :DEBUG:data copier: <Thread(Thread-141, initial daemon)>, <_io.BytesIO object at 0x7f1ed03d90a0>, <_io.BufferedWriter name=27>
2019/05/15 03:53:11 :DEBUG:stderr reader: <Thread(Thread-142, initial daemon)>
2019/05/15 03:53:11 :DEBUG:closed output, 26 bytes sent
2019/05/15 03:53:11 :DEBUG:stdout reader: <Thread(Thread-143, initial daemon)>
2019/05/15 03:53:11 :DEBUG:gpg: WARNING: unsafe permissions on homedir '/home/jfk422/Projects/Code/Arcanum/arcanum/gpg'
2019/05/15 03:53:11 :DEBUG:gpg: no valid OpenPGP data found.
2019/05/15 03:53:11 :DEBUG:[GNUPG:] NODATA 1
2019/05/15 03:53:11 :DEBUG:[GNUPG:] NODATA 2
2019/05/15 03:53:11 :DEBUG:[GNUPG:] FAILURE decrypt 4294967295
2019/05/15 03:53:11 :DEBUG:gpg: decrypt_message failed: Unknown system error
2019/05/15 03:53:11 :DEBUG:decrypt result: b''
2019/05/15 03:53:11 :DEBUG:2589: gpg --pinentry-mode loopback --status-fd 2 --no-tty --no-verbose --fixed-list-mode --batch --with-colons --homedir gpg --passphrase-fd 0 --decrypt
2019/05/15 03:53:11 :DEBUG:Wrote passphrase
2019/05/15 03:53:11 :DEBUG:data copier: <Thread(Thread-144, initial daemon)>, <_io.BytesIO object at 0x7f1ed03d90a0>, <_io.BufferedWriter name=27>
2019/05/15 03:53:11 :DEBUG:stderr reader: <Thread(Thread-145, initial daemon)>
2019/05/15 03:53:11 :DEBUG:closed output, 4 bytes sent
2019/05/15 03:53:11 :DEBUG:gpg: WARNING: unsafe permissions on homedir '/home/jfk422/Projects/Code/Arcanum/arcanum/gpg'
2019/05/15 03:53:11 :DEBUG:stdout reader: <Thread(Thread-146, initial daemon)>
2019/05/15 03:53:11 :DEBUG:gpg: no valid OpenPGP data found.
2019/05/15 03:53:11 :DEBUG:[GNUPG:] NODATA 1
2019/05/15 03:53:11 :DEBUG:[GNUPG:] NODATA 2
2019/05/15 03:53:11 :DEBUG:[GNUPG:] FAILURE decrypt 4294967295
2019/05/15 03:53:11 :DEBUG:gpg: decrypt_message failed: Unknown system error
2019/05/15 03:53:11 :DEBUG:decrypt result: b''
2019/05/15 03:53:11 :DEBUG:2593: gpg --pinentry-mode loopback --status-fd 2 --no-tty --no-verbose --fixed-list-mode --batch --with-colons --homedir gpg --passphrase-fd 0 --decrypt
2019/05/15 03:53:11 :DEBUG:Wrote passphrase
2019/05/15 03:53:11 :DEBUG:data copier: <Thread(Thread-147, initial daemon)>, <_io.BytesIO object at 0x7f1ed03d90a0>, <_io.BufferedWriter name=27>
2019/05/15 03:53:11 :DEBUG:closed output, 1 bytes sent
2019/05/15 03:53:11 :DEBUG:stderr reader: <Thread(Thread-148, initial daemon)>
2019/05/15 03:53:11 :DEBUG:stdout reader: <Thread(Thread-149, initial daemon)>
2019/05/15 03:53:11 :DEBUG:gpg: WARNING: unsafe permissions on homedir '/home/jfk422/Projects/Code/Arcanum/arcanum/gpg'
2019/05/15 03:53:11 :DEBUG:gpg: [don't know]: invalid packet (ctb=31)
2019/05/15 03:53:11 :DEBUG:[GNUPG:] NODATA 3
2019/05/15 03:53:11 :DEBUG:decrypt result: b''
2019/05/15 03:53:11 :DEBUG:2597: gpg --pinentry-mode loopback --status-fd 2 --no-tty --no-verbose --fixed-list-mode --batch --with-colons --homedir gpg --passphrase-fd 0 --decrypt
2019/05/15 03:53:11 :DEBUG:Wrote passphrase
2019/05/15 03:53:11 :DEBUG:data copier: <Thread(Thread-150, initial daemon)>, <_io.BytesIO object at 0x7f1ed03d90a0>, <_io.BufferedWriter name=27>
2019/05/15 03:53:11 :DEBUG:stderr reader: <Thread(Thread-151, initial daemon)>
2019/05/15 03:53:11 :DEBUG:closed output, 0 bytes sent
2019/05/15 03:53:11 :DEBUG:stdout reader: <Thread(Thread-152, initial daemon)>
2019/05/15 03:53:11 :DEBUG:gpg: WARNING: unsafe permissions on homedir '/home/jfk422/Projects/Code/Arcanum/arcanum/gpg'
2019/05/15 03:53:11 :DEBUG:[GNUPG:] NODATA 2
2019/05/15 03:53:11 :DEBUG:[GNUPG:] FAILURE decrypt 4294967295
2019/05/15 03:53:11 :DEBUG:gpg: decrypt_message failed: Unknown system error
2019/05/15 03:53:11 :DEBUG:decrypt result: b''
2019/05/15 03:53:11 :DEBUG:2601: gpg --pinentry-mode loopback --status-fd 2 --no-tty --no-verbose --fixed-list-mode --batch --with-colons --homedir gpg --passphrase-fd 0 --decrypt
2019/05/15 03:53:11 :DEBUG:Wrote passphrase
2019/05/15 03:53:11 :DEBUG:data copier: <Thread(Thread-153, initial daemon)>, <_io.BytesIO object at 0x7f1ed03d90a0>, <_io.BufferedWriter name=27>
2019/05/15 03:53:11 :DEBUG:stderr reader: <Thread(Thread-154, initial daemon)>
2019/05/15 03:53:11 :DEBUG:closed output, 4 bytes sent
2019/05/15 03:53:11 :DEBUG:stdout reader: <Thread(Thread-155, initial daemon)>
2019/05/15 03:53:11 :DEBUG:gpg: WARNING: unsafe permissions on homedir '/home/jfk422/Projects/Code/Arcanum/arcanum/gpg'
2019/05/15 03:53:11 :DEBUG:gpg: no valid OpenPGP data found.
2019/05/15 03:53:11 :DEBUG:[GNUPG:] NODATA 1
2019/05/15 03:53:11 :DEBUG:[GNUPG:] NODATA 2
2019/05/15 03:53:11 :DEBUG:[GNUPG:] FAILURE decrypt 4294967295
2019/05/15 03:53:11 :DEBUG:gpg: decrypt_message failed: Unknown system error
2019/05/15 03:53:11 :DEBUG:decrypt result: b''
2019/05/15 03:53:11 :DEBUG:2605: gpg --pinentry-mode loopback --status-fd 2 --no-tty --no-verbose --fixed-list-mode --batch --with-colons --homedir gpg --passphrase-fd 0 --decrypt
2019/05/15 03:53:11 :DEBUG:Wrote passphrase
2019/05/15 03:53:11 :DEBUG:data copier: <Thread(Thread-156, initial daemon)>, <_io.BytesIO object at 0x7f1ed03d90a0>, <_io.BufferedWriter name=27>
2019/05/15 03:53:11 :DEBUG:closed output, 163 bytes sent
2019/05/15 03:53:11 :DEBUG:stderr reader: <Thread(Thread-157, initial daemon)>
2019/05/15 03:53:11 :DEBUG:stdout reader: <Thread(Thread-158, initial daemon)>
2019/05/15 03:53:11 :DEBUG:gpg: WARNING: unsafe permissions on homedir '/home/jfk422/Projects/Code/Arcanum/arcanum/gpg'
2019/05/15 03:53:11 :DEBUG:gpg: AES256 encrypted data
2019/05/15 03:53:11 :DEBUG:chunk: b'tttttttt'
2019/05/15 03:53:11 :DEBUG:[GNUPG:] NEED_PASSPHRASE_SYM 9 3 2
2019/05/15 03:53:11 :DEBUG:gpg: encrypted with 1 passphrase
2019/05/15 03:53:11 :DEBUG:[GNUPG:] BEGIN_DECRYPTION
2019/05/15 03:53:11 :DEBUG:[GNUPG:] DECRYPTION_COMPLIANCE_MODE 23
2019/05/15 03:53:11 :DEBUG:message ignored: DECRYPTION_COMPLIANCE_MODE, 23
2019/05/15 03:53:11 :DEBUG:[GNUPG:] DECRYPTION_INFO 2 9
2019/05/15 03:53:11 :DEBUG:[GNUPG:] PLAINTEXT 62 1557928389
2019/05/15 03:53:11 :DEBUG:[GNUPG:] PLAINTEXT_LENGTH 8
2019/05/15 03:53:11 :DEBUG:[GNUPG:] DECRYPTION_OKAY
2019/05/15 03:53:11 :DEBUG:[GNUPG:] GOODMDC
2019/05/15 03:53:11 :DEBUG:[GNUPG:] END_DECRYPTION
2019/05/15 03:53:11 :DEBUG:decrypt result: b'tttttttt'
2019/05/15 03:53:11 :INFO:Getting row: 1 from table: email
2019/05/15 03:53:11 :DEBUG:2609: gpg --pinentry-mode loopback --status-fd 2 --no-tty --no-verbose --fixed-list-mode --batch --with-colons --homedir gpg --passphrase-fd 0 --decrypt
2019/05/15 03:53:11 :DEBUG:Wrote passphrase
2019/05/15 03:53:11 :DEBUG:data copier: <Thread(Thread-159, initial daemon)>, <_io.BytesIO object at 0x7f1ed03d91a8>, <_io.BufferedWriter name=27>
2019/05/15 03:53:11 :DEBUG:stderr reader: <Thread(Thread-160, initial daemon)>
2019/05/15 03:53:11 :DEBUG:closed output, 163 bytes sent
2019/05/15 03:53:11 :DEBUG:stdout reader: <Thread(Thread-161, initial daemon)>
2019/05/15 03:53:12 :DEBUG:gpg: WARNING: unsafe permissions on homedir '/home/jfk422/Projects/Code/Arcanum/arcanum/gpg'
2019/05/15 03:53:12 :DEBUG:gpg: AES256 encrypted data
2019/05/15 03:53:12 :DEBUG:chunk: b'None'
2019/05/15 03:53:12 :DEBUG:[GNUPG:] NEED_PASSPHRASE_SYM 9 3 2
2019/05/15 03:53:12 :DEBUG:gpg: encrypted with 1 passphrase
2019/05/15 03:53:12 :DEBUG:[GNUPG:] BEGIN_DECRYPTION
2019/05/15 03:53:12 :DEBUG:[GNUPG:] DECRYPTION_COMPLIANCE_MODE 23
2019/05/15 03:53:12 :DEBUG:message ignored: DECRYPTION_COMPLIANCE_MODE, 23
2019/05/15 03:53:12 :DEBUG:[GNUPG:] DECRYPTION_INFO 2 9
2019/05/15 03:53:12 :DEBUG:[GNUPG:] PLAINTEXT 62 1557927936
2019/05/15 03:53:12 :DEBUG:[GNUPG:] PLAINTEXT_LENGTH 4
2019/05/15 03:53:12 :DEBUG:[GNUPG:] DECRYPTION_OKAY
2019/05/15 03:53:12 :DEBUG:[GNUPG:] GOODMDC
2019/05/15 03:53:12 :DEBUG:[GNUPG:] END_DECRYPTION
2019/05/15 03:53:12 :DEBUG:decrypt result: b'None'
2019/05/15 03:53:12 :INFO:Getting row: 2 from table: passTable
2019/05/15 03:53:12 :DEBUG:2613: gpg --pinentry-mode loopback --status-fd 2 --no-tty --no-verbose --fixed-list-mode --batch --with-colons --homedir gpg --passphrase-fd 0 --decrypt
2019/05/15 03:53:12 :DEBUG:Wrote passphrase
2019/05/15 03:53:12 :DEBUG:data copier: <Thread(Thread-162, initial daemon)>, <_io.BytesIO object at 0x7f1ed03d90a0>, <_io.BufferedWriter name=27>
2019/05/15 03:53:12 :DEBUG:stderr reader: <Thread(Thread-163, initial daemon)>
2019/05/15 03:53:12 :DEBUG:closed output, 179 bytes sent
2019/05/15 03:53:12 :DEBUG:stdout reader: <Thread(Thread-164, initial daemon)>
2019/05/15 03:53:12 :DEBUG:gpg: WARNING: unsafe permissions on homedir '/home/jfk422/Projects/Code/Arcanum/arcanum/gpg'
2019/05/15 03:53:12 :DEBUG:gpg: AES256 encrypted data
2019/05/15 03:53:12 :DEBUG:chunk: b'VT9fwHY8Y3tu2ZEW'
2019/05/15 03:53:12 :DEBUG:[GNUPG:] NEED_PASSPHRASE_SYM 9 3 2
2019/05/15 03:53:12 :DEBUG:gpg: encrypted with 1 passphrase
2019/05/15 03:53:12 :DEBUG:[GNUPG:] BEGIN_DECRYPTION
2019/05/15 03:53:12 :DEBUG:[GNUPG:] DECRYPTION_COMPLIANCE_MODE 23
2019/05/15 03:53:12 :DEBUG:message ignored: DECRYPTION_COMPLIANCE_MODE, 23
2019/05/15 03:53:12 :DEBUG:[GNUPG:] DECRYPTION_INFO 2 9
2019/05/15 03:53:12 :DEBUG:[GNUPG:] PLAINTEXT 62 1557928388
2019/05/15 03:53:12 :DEBUG:[GNUPG:] PLAINTEXT_LENGTH 16
2019/05/15 03:53:12 :DEBUG:[GNUPG:] DECRYPTION_OKAY
2019/05/15 03:53:12 :DEBUG:[GNUPG:] GOODMDC
2019/05/15 03:53:12 :DEBUG:[GNUPG:] END_DECRYPTION
2019/05/15 03:53:12 :DEBUG:decrypt result: b'VT9fwHY8Y3tu2ZEW'
2019/05/15 03:53:12 :INFO:Getting everything from email
2019/05/15 03:53:12 :DEBUG:2618: gpg --pinentry-mode loopback --status-fd 2 --no-tty --no-verbose --fixed-list-mode --batch --with-colons --homedir gpg --passphrase-fd 0 --decrypt
2019/05/15 03:53:12 :DEBUG:Wrote passphrase
2019/05/15 03:53:12 :DEBUG:data copier: <Thread(Thread-165, initial daemon)>, <_io.BytesIO object at 0x7f1ed03d91a8>, <_io.BufferedWriter name=27>
2019/05/15 03:53:12 :DEBUG:stderr reader: <Thread(Thread-166, initial daemon)>
2019/05/15 03:53:12 :DEBUG:closed output, 163 bytes sent
2019/05/15 03:53:12 :DEBUG:stdout reader: <Thread(Thread-167, initial daemon)>
2019/05/15 03:53:12 :DEBUG:gpg: WARNING: unsafe permissions on homedir '/home/jfk422/Projects/Code/Arcanum/arcanum/gpg'
2019/05/15 03:53:12 :DEBUG:gpg: AES256 encrypted data
2019/05/15 03:53:12 :DEBUG:chunk: b'None'
2019/05/15 03:53:12 :DEBUG:[GNUPG:] NEED_PASSPHRASE_SYM 9 3 2
2019/05/15 03:53:12 :DEBUG:gpg: encrypted with 1 passphrase
2019/05/15 03:53:12 :DEBUG:[GNUPG:] BEGIN_DECRYPTION
2019/05/15 03:53:12 :DEBUG:[GNUPG:] DECRYPTION_COMPLIANCE_MODE 23
2019/05/15 03:53:12 :DEBUG:message ignored: DECRYPTION_COMPLIANCE_MODE, 23
2019/05/15 03:53:12 :DEBUG:[GNUPG:] DECRYPTION_INFO 2 9
2019/05/15 03:53:12 :DEBUG:[GNUPG:] PLAINTEXT 62 1557927936
2019/05/15 03:53:12 :DEBUG:[GNUPG:] PLAINTEXT_LENGTH 4
2019/05/15 03:53:12 :DEBUG:[GNUPG:] DECRYPTION_OKAY
2019/05/15 03:53:12 :DEBUG:[GNUPG:] GOODMDC
2019/05/15 03:53:12 :DEBUG:[GNUPG:] END_DECRYPTION
2019/05/15 03:53:12 :DEBUG:decrypt result: b'None'
2019/05/15 03:53:12 :DEBUG:2624: gpg --pinentry-mode loopback --status-fd 2 --no-tty --no-verbose --fixed-list-mode --batch --with-colons --homedir gpg --passphrase-fd 0 --decrypt
2019/05/15 03:53:12 :DEBUG:Wrote passphrase
2019/05/15 03:53:12 :DEBUG:data copier: <Thread(Thread-168, initial daemon)>, <_io.BytesIO object at 0x7f1ed03d91a8>, <_io.BufferedWriter name=27>
2019/05/15 03:53:12 :DEBUG:stderr reader: <Thread(Thread-169, initial daemon)>
2019/05/15 03:53:12 :DEBUG:closed output, 171 bytes sent
2019/05/15 03:53:12 :DEBUG:stdout reader: <Thread(Thread-170, initial daemon)>
2019/05/15 03:53:13 :DEBUG:gpg: WARNING: unsafe permissions on homedir '/home/jfk422/Projects/Code/Arcanum/arcanum/gpg'
2019/05/15 03:53:13 :DEBUG:gpg: AES256 encrypted data
2019/05/15 03:53:13 :DEBUG:[GNUPG:] NEED_PASSPHRASE_SYM 9 3 2
2019/05/15 03:53:13 :DEBUG:chunk: b'test@test.com'
2019/05/15 03:53:13 :DEBUG:gpg: encrypted with 1 passphrase
2019/05/15 03:53:13 :DEBUG:[GNUPG:] BEGIN_DECRYPTION
2019/05/15 03:53:13 :DEBUG:[GNUPG:] DECRYPTION_COMPLIANCE_MODE 23
2019/05/15 03:53:13 :DEBUG:message ignored: DECRYPTION_COMPLIANCE_MODE, 23
2019/05/15 03:53:13 :DEBUG:[GNUPG:] DECRYPTION_INFO 2 9
2019/05/15 03:53:13 :DEBUG:[GNUPG:] PLAINTEXT 62 1557928158
2019/05/15 03:53:13 :DEBUG:[GNUPG:] PLAINTEXT_LENGTH 13
2019/05/15 03:53:13 :DEBUG:[GNUPG:] DECRYPTION_OKAY
2019/05/15 03:53:13 :DEBUG:[GNUPG:] GOODMDC
2019/05/15 03:53:13 :DEBUG:[GNUPG:] END_DECRYPTION
2019/05/15 03:53:13 :DEBUG:decrypt result: b'test@test.com'
2019/05/15 03:53:13 :INFO:Decrypted email addresses
