2019/05/15 11:04:23 AM:INFO:Qt version:5.11.1
2019/05/15 11:04:23 AM:INFO:PyQt version:5.11.2
2019/05/15 11:04:23 AM:INFO:SIP version:4.19.7
2019/05/15 11:04:25 :DEBUG:9520: gpg --status-fd 2 --no-tty --no-verbose --fixed-list-mode --batch --with-colons --homedir gpg --version
2019/05/15 11:04:25 :DEBUG:stderr reader: <Thread(Thread-1, initial daemon)>
2019/05/15 11:04:25 :DEBUG:stdout reader: <Thread(Thread-2, initial daemon)>
2019/05/15 11:04:25 :DEBUG:gpg: WARNING: unsafe permissions on homedir '/home/jfk422/Projects/Code/Arcanum/arcanum/gpg'
2019/05/15 11:04:25 :DEBUG:chunk: b'gpg (GnuPG) 2.2.4\nlibgcrypt 1.8.1\nCopyright (C) 2017 Free Software Foundation, Inc.\nLicense GPLv3+: GNU GPL version 3 or later <https://gnu.org/licenses/gpl.html>\nThis is free software: you are free to change and redistribute it.\nThere is NO WARRANTY, to t'
2019/05/15 11:04:25 :INFO:Connection to database established
2019/05/15 11:04:25 :INFO:Created table passTable: 
2019/05/15 11:04:25 :INFO:Created table configs: 
2019/05/15 11:04:25 :INFO:Created table email: 
2019/05/15 11:04:25 :INFO:Created table keys: 
2019/05/15 11:04:25 :INFO:All tables were created/exist!
2019/05/15 11:04:25 :INFO:Getting row: 0 from table: configs
2019/05/15 11:04:25 :INFO:Returning nothing from row 0 from table: configs
2019/05/15 11:04:25 :DEBUG:9523: gpg --pinentry-mode loopback --status-fd 2 --no-tty --no-verbose --fixed-list-mode --batch --with-colons --homedir gpg --passphrase-fd 0 --symmetric --armor
2019/05/15 11:04:25 :DEBUG:Wrote passphrase
2019/05/15 11:04:25 :DEBUG:data copier: <Thread(Thread-3, initial daemon)>, <_io.BytesIO object at 0x7f47b9f9a048>, <_io.BufferedWriter name=27>
2019/05/15 11:04:25 :DEBUG:closed output, 16 bytes sent
2019/05/15 11:04:25 :DEBUG:stderr reader: <Thread(Thread-4, initial daemon)>
2019/05/15 11:04:25 :DEBUG:stdout reader: <Thread(Thread-5, initial daemon)>
2019/05/15 11:04:25 :DEBUG:gpg: WARNING: unsafe permissions on homedir '/home/jfk422/Projects/Code/Arcanum/arcanum/gpg'
2019/05/15 11:04:25 :DEBUG:chunk: b'-----BEGIN PGP MESSAGE-----\n\njA0ECQMCKFUKoPRnUCL/0kUBoIavj86YJh3n3JUvLK7mDIbHdyNxs1MqwB3oH1Jh\nghxnsUBSAqEsd0+tNlty4KZBDwJwx8PVCDzcfjzuC759QNS8D7o=\n=VebS\n-----END PGP MESSAGE-----\n'
2019/05/15 11:04:25 :DEBUG:[GNUPG:] NEED_PASSPHRASE_SYM 9 3 2
2019/05/15 11:04:25 :DEBUG:[GNUPG:] BEGIN_ENCRYPTION 2 9
2019/05/15 11:04:25 :DEBUG:[GNUPG:] END_ENCRYPTION
2019/05/15 11:04:25 :DEBUG:encrypt result: b'-----BEGIN PGP MESSAGE-----\n\njA0ECQMCKFUKoPRnUCL/0kUBoIavj86YJh3n3JUvLK7mDIbHdyNxs1MqwB3oH1Jh\nghxnsUBSAqEsd0+tNlty4KZBDwJwx8PVCDzcfjzuC759QNS8D7o=\n=VebS\n-----END PGP MESSAGE-----\n'
2019/05/15 11:04:25 :INFO:Inserted data into configs table
2019/05/15 11:04:25 :DEBUG:9528: gpg --pinentry-mode loopback --status-fd 2 --no-tty --no-verbose --fixed-list-mode --batch --with-colons --homedir gpg --passphrase-fd 0 --symmetric --armor
2019/05/15 11:04:25 :DEBUG:Wrote passphrase
2019/05/15 11:04:25 :DEBUG:data copier: <Thread(Thread-6, initial daemon)>, <_io.BytesIO object at 0x7f47b9f9a048>, <_io.BufferedWriter name=27>
2019/05/15 11:04:25 :DEBUG:stderr reader: <Thread(Thread-7, initial daemon)>
2019/05/15 11:04:25 :DEBUG:closed output, 4 bytes sent
2019/05/15 11:04:25 :DEBUG:stdout reader: <Thread(Thread-8, initial daemon)>
2019/05/15 11:04:26 :DEBUG:gpg: WARNING: unsafe permissions on homedir '/home/jfk422/Projects/Code/Arcanum/arcanum/gpg'
2019/05/15 11:04:26 :DEBUG:chunk: b'-----BEGIN PGP MESSAGE-----\n\njA0ECQMC1U3+O9TKjUT/0jkBIDoZt3JyLhONpJOjqGF6YdPo1FKeoki45ScVVo4G\n0dJriG3prqn1LvoMafvEz6MYD6x3Xe1znhM=\n=M5yV\n-----END PGP MESSAGE-----\n'
2019/05/15 11:04:26 :DEBUG:[GNUPG:] NEED_PASSPHRASE_SYM 9 3 2
2019/05/15 11:04:26 :DEBUG:[GNUPG:] BEGIN_ENCRYPTION 2 9
2019/05/15 11:04:26 :DEBUG:[GNUPG:] END_ENCRYPTION
2019/05/15 11:04:26 :DEBUG:encrypt result: b'-----BEGIN PGP MESSAGE-----\n\njA0ECQMC1U3+O9TKjUT/0jkBIDoZt3JyLhONpJOjqGF6YdPo1FKeoki45ScVVo4G\n0dJriG3prqn1LvoMafvEz6MYD6x3Xe1znhM=\n=M5yV\n-----END PGP MESSAGE-----\n'
2019/05/15 11:04:26 :INFO:Inserted data into configs table
2019/05/15 11:04:26 :INFO:Created initial config data
2019/05/15 11:04:26 :INFO:Getting row: 1 from table: configs
2019/05/15 11:04:26 :DEBUG:9533: gpg --pinentry-mode loopback --status-fd 2 --no-tty --no-verbose --fixed-list-mode --batch --with-colons --homedir gpg --passphrase-fd 0 --decrypt
2019/05/15 11:04:26 :DEBUG:Wrote passphrase
2019/05/15 11:04:26 :DEBUG:data copier: <Thread(Thread-9, initial daemon)>, <_io.BytesIO object at 0x7f47b9f9a150>, <_io.BufferedWriter name=27>
2019/05/15 11:04:26 :DEBUG:stderr reader: <Thread(Thread-10, initial daemon)>
2019/05/15 11:04:26 :DEBUG:closed output, 179 bytes sent
2019/05/15 11:04:26 :DEBUG:stdout reader: <Thread(Thread-11, initial daemon)>
2019/05/15 11:04:26 :DEBUG:gpg: WARNING: unsafe permissions on homedir '/home/jfk422/Projects/Code/Arcanum/arcanum/gpg'
2019/05/15 11:04:26 :DEBUG:gpg: AES256 encrypted data
2019/05/15 11:04:26 :DEBUG:[GNUPG:] NEED_PASSPHRASE_SYM 9 3 2
2019/05/15 11:04:26 :DEBUG:gpg: encrypted with 1 passphrase
2019/05/15 11:04:26 :DEBUG:chunk: b'tcpvjTVBx0oGpLto'
2019/05/15 11:04:26 :DEBUG:[GNUPG:] BEGIN_DECRYPTION
2019/05/15 11:04:26 :DEBUG:[GNUPG:] DECRYPTION_COMPLIANCE_MODE 23
2019/05/15 11:04:26 :DEBUG:message ignored: DECRYPTION_COMPLIANCE_MODE, 23
2019/05/15 11:04:26 :DEBUG:[GNUPG:] DECRYPTION_INFO 2 9
2019/05/15 11:04:26 :DEBUG:[GNUPG:] PLAINTEXT 62 1557910477
2019/05/15 11:04:26 :DEBUG:[GNUPG:] PLAINTEXT_LENGTH 16
2019/05/15 11:04:26 :DEBUG:[GNUPG:] DECRYPTION_OKAY
2019/05/15 11:04:26 :DEBUG:[GNUPG:] GOODMDC
2019/05/15 11:04:26 :DEBUG:[GNUPG:] END_DECRYPTION
2019/05/15 11:04:26 :DEBUG:decrypt result: b'tcpvjTVBx0oGpLto'
2019/05/15 11:04:26 :INFO:Getting everything from passTable
2019/05/15 11:04:26 :INFO:No passwords present
2019/05/15 11:04:26 :INFO:Getting everything from email
2019/05/15 11:04:26 :DEBUG:9537: gpg --pinentry-mode loopback --status-fd 2 --no-tty --no-verbose --fixed-list-mode --batch --with-colons --homedir gpg --passphrase-fd 0 --decrypt
2019/05/15 11:04:26 :DEBUG:Wrote passphrase
2019/05/15 11:04:26 :DEBUG:data copier: <Thread(Thread-12, initial daemon)>, <_io.BytesIO object at 0x7f47b9f9f0f8>, <_io.BufferedWriter name=27>
2019/05/15 11:04:26 :DEBUG:stderr reader: <Thread(Thread-13, initial daemon)>
2019/05/15 11:04:26 :DEBUG:closed output, 163 bytes sent
2019/05/15 11:04:26 :DEBUG:stdout reader: <Thread(Thread-14, initial daemon)>
2019/05/15 11:04:27 :DEBUG:gpg: WARNING: unsafe permissions on homedir '/home/jfk422/Projects/Code/Arcanum/arcanum/gpg'
2019/05/15 11:04:27 :DEBUG:gpg: AES256 encrypted data
2019/05/15 11:04:27 :DEBUG:chunk: b'None'
2019/05/15 11:04:27 :DEBUG:[GNUPG:] NEED_PASSPHRASE_SYM 9 3 2
2019/05/15 11:04:27 :DEBUG:gpg: encrypted with 1 passphrase
2019/05/15 11:04:27 :DEBUG:[GNUPG:] BEGIN_DECRYPTION
2019/05/15 11:04:27 :DEBUG:[GNUPG:] DECRYPTION_COMPLIANCE_MODE 23
2019/05/15 11:04:27 :DEBUG:message ignored: DECRYPTION_COMPLIANCE_MODE, 23
2019/05/15 11:04:27 :DEBUG:[GNUPG:] DECRYPTION_INFO 2 9
2019/05/15 11:04:27 :DEBUG:[GNUPG:] PLAINTEXT 62 1557910527
2019/05/15 11:04:27 :DEBUG:[GNUPG:] PLAINTEXT_LENGTH 4
2019/05/15 11:04:27 :DEBUG:[GNUPG:] DECRYPTION_OKAY
2019/05/15 11:04:27 :DEBUG:[GNUPG:] GOODMDC
2019/05/15 11:04:27 :DEBUG:[GNUPG:] END_DECRYPTION
2019/05/15 11:04:27 :DEBUG:decrypt result: b'None'
2019/05/15 11:04:27 :DEBUG:9541: gpg --pinentry-mode loopback --status-fd 2 --no-tty --no-verbose --fixed-list-mode --batch --with-colons --homedir gpg --passphrase-fd 0 --decrypt
2019/05/15 11:04:27 :DEBUG:Wrote passphrase
2019/05/15 11:04:27 :DEBUG:data copier: <Thread(Thread-15, initial daemon)>, <_io.BytesIO object at 0x7f47b9f9f0f8>, <_io.BufferedWriter name=27>
2019/05/15 11:04:27 :DEBUG:stderr reader: <Thread(Thread-16, initial daemon)>
2019/05/15 11:04:27 :DEBUG:closed output, 163 bytes sent
2019/05/15 11:04:27 :DEBUG:stdout reader: <Thread(Thread-17, initial daemon)>
2019/05/15 11:04:27 :DEBUG:gpg: WARNING: unsafe permissions on homedir '/home/jfk422/Projects/Code/Arcanum/arcanum/gpg'
2019/05/15 11:04:27 :DEBUG:gpg: AES256 encrypted data
2019/05/15 11:04:27 :DEBUG:[GNUPG:] NEED_PASSPHRASE_SYM 9 3 2
2019/05/15 11:04:27 :DEBUG:chunk: b'None'
2019/05/15 11:04:27 :DEBUG:gpg: encrypted with 1 passphrase
2019/05/15 11:04:27 :DEBUG:[GNUPG:] BEGIN_DECRYPTION
2019/05/15 11:04:27 :DEBUG:[GNUPG:] DECRYPTION_COMPLIANCE_MODE 23
2019/05/15 11:04:27 :DEBUG:message ignored: DECRYPTION_COMPLIANCE_MODE, 23
2019/05/15 11:04:27 :DEBUG:[GNUPG:] DECRYPTION_INFO 2 9
2019/05/15 11:04:27 :DEBUG:[GNUPG:] PLAINTEXT 62 1557911066
2019/05/15 11:04:27 :DEBUG:[GNUPG:] PLAINTEXT_LENGTH 4
2019/05/15 11:04:27 :DEBUG:[GNUPG:] DECRYPTION_OKAY
2019/05/15 11:04:27 :DEBUG:[GNUPG:] GOODMDC
2019/05/15 11:04:27 :DEBUG:[GNUPG:] END_DECRYPTION
2019/05/15 11:04:27 :DEBUG:decrypt result: b'None'
