2019/05/15 11:56:25 AM:INFO:Qt version:5.11.1
2019/05/15 11:56:25 AM:INFO:PyQt version:5.11.2
2019/05/15 11:56:25 AM:INFO:SIP version:4.19.7
2019/05/15 11:56:26 :DEBUG:15532: gpg --status-fd 2 --no-tty --no-verbose --fixed-list-mode --batch --with-colons --homedir gpg --version
2019/05/15 11:56:26 :DEBUG:stderr reader: <Thread(Thread-1, initial daemon)>
2019/05/15 11:56:26 :DEBUG:stdout reader: <Thread(Thread-2, initial daemon)>
2019/05/15 11:56:26 :DEBUG:gpg: WARNING: unsafe permissions on homedir '/home/jfk422/Projects/Code/Arcanum/arcanum/gpg'
2019/05/15 11:56:26 :DEBUG:chunk: b'gpg (GnuPG) 2.2.4\nlibgcrypt 1.8.1\nCopyright (C) 2017 Free Software Foundation, Inc.\nLicense GPLv3+: GNU GPL version 3 or later <https://gnu.org/licenses/gpl.html>\nThis is free software: you are free to change and redistribute it.\nThere is NO WARRANTY, to t'
2019/05/15 11:56:27 :INFO:Connection to database established
2019/05/15 11:56:27 :INFO:Created table passTable: 
2019/05/15 11:56:27 :INFO:Created table configs: 
2019/05/15 11:56:27 :INFO:Created table email: 
2019/05/15 11:56:27 :INFO:Created table keys: 
2019/05/15 11:56:27 :INFO:All tables were created/exist!
2019/05/15 11:56:27 :INFO:Getting row: 1 from table: configs
2019/05/15 11:56:27 :INFO:Getting row: 1 from table: configs
2019/05/15 11:56:27 :DEBUG:15535: gpg --pinentry-mode loopback --status-fd 2 --no-tty --no-verbose --fixed-list-mode --batch --with-colons --homedir gpg --passphrase-fd 0 --decrypt
2019/05/15 11:56:27 :DEBUG:Wrote passphrase
2019/05/15 11:56:27 :DEBUG:data copier: <Thread(Thread-3, initial daemon)>, <_io.BytesIO object at 0x7f54a77a6f10>, <_io.BufferedWriter name=27>
2019/05/15 11:56:27 :DEBUG:stderr reader: <Thread(Thread-4, initial daemon)>
2019/05/15 11:56:27 :DEBUG:closed output, 179 bytes sent
2019/05/15 11:56:27 :DEBUG:stdout reader: <Thread(Thread-5, initial daemon)>
2019/05/15 11:56:27 :DEBUG:gpg: WARNING: unsafe permissions on homedir '/home/jfk422/Projects/Code/Arcanum/arcanum/gpg'
2019/05/15 11:56:27 :DEBUG:gpg: AES256 encrypted data
2019/05/15 11:56:27 :DEBUG:[GNUPG:] NEED_PASSPHRASE_SYM 9 3 2
2019/05/15 11:56:27 :DEBUG:gpg: encrypted with 1 passphrase
2019/05/15 11:56:27 :DEBUG:chunk: b'rUD5TRghj9fgqOBf'
2019/05/15 11:56:27 :DEBUG:[GNUPG:] BEGIN_DECRYPTION
2019/05/15 11:56:27 :DEBUG:[GNUPG:] DECRYPTION_COMPLIANCE_MODE 23
2019/05/15 11:56:27 :DEBUG:message ignored: DECRYPTION_COMPLIANCE_MODE, 23
2019/05/15 11:56:27 :DEBUG:[GNUPG:] DECRYPTION_INFO 2 9
2019/05/15 11:56:27 :DEBUG:[GNUPG:] PLAINTEXT 62 1557913554
2019/05/15 11:56:27 :DEBUG:[GNUPG:] PLAINTEXT_LENGTH 16
2019/05/15 11:56:27 :DEBUG:[GNUPG:] DECRYPTION_OKAY
2019/05/15 11:56:27 :DEBUG:[GNUPG:] GOODMDC
2019/05/15 11:56:27 :DEBUG:[GNUPG:] END_DECRYPTION
2019/05/15 11:56:27 :DEBUG:decrypt result: b'rUD5TRghj9fgqOBf'
2019/05/15 11:56:27 :INFO:Getting everything from passTable
2019/05/15 11:56:27 :DEBUG:15539: gpg --pinentry-mode loopback --status-fd 2 --no-tty --no-verbose --fixed-list-mode --batch --with-colons --homedir gpg --passphrase-fd 0 --decrypt
2019/05/15 11:56:27 :DEBUG:Wrote passphrase
2019/05/15 11:56:27 :DEBUG:data copier: <Thread(Thread-6, initial daemon)>, <_io.BytesIO object at 0x7f54a77a6fc0>, <_io.BufferedWriter name=27>
2019/05/15 11:56:27 :DEBUG:stderr reader: <Thread(Thread-7, initial daemon)>
2019/05/15 11:56:27 :DEBUG:closed output, 1 bytes sent
2019/05/15 11:56:27 :DEBUG:stdout reader: <Thread(Thread-8, initial daemon)>
2019/05/15 11:56:27 :DEBUG:gpg: WARNING: unsafe permissions on homedir '/home/jfk422/Projects/Code/Arcanum/arcanum/gpg'
2019/05/15 11:56:27 :DEBUG:gpg: [don't know]: invalid packet (ctb=31)
2019/05/15 11:56:27 :DEBUG:[GNUPG:] NODATA 3
2019/05/15 11:56:27 :DEBUG:decrypt result: b''
2019/05/15 11:56:27 :DEBUG:15543: gpg --pinentry-mode loopback --status-fd 2 --no-tty --no-verbose --fixed-list-mode --batch --with-colons --homedir gpg --passphrase-fd 0 --decrypt
2019/05/15 11:56:27 :DEBUG:Wrote passphrase
2019/05/15 11:56:27 :DEBUG:data copier: <Thread(Thread-9, initial daemon)>, <_io.BytesIO object at 0x7f54a77a6fc0>, <_io.BufferedWriter name=27>
2019/05/15 11:56:27 :DEBUG:stderr reader: <Thread(Thread-10, initial daemon)>
2019/05/15 11:56:27 :DEBUG:closed output, 163 bytes sent
2019/05/15 11:56:27 :DEBUG:stdout reader: <Thread(Thread-11, initial daemon)>
2019/05/15 11:56:27 :DEBUG:gpg: WARNING: unsafe permissions on homedir '/home/jfk422/Projects/Code/Arcanum/arcanum/gpg'
2019/05/15 11:56:27 :DEBUG:gpg: AES256 encrypted data
2019/05/15 11:56:27 :DEBUG:[GNUPG:] NEED_PASSPHRASE_SYM 9 3 2
2019/05/15 11:56:27 :DEBUG:gpg: encrypted with 1 passphrase
2019/05/15 11:56:27 :DEBUG:chunk: b'test'
2019/05/15 11:56:27 :DEBUG:[GNUPG:] BEGIN_DECRYPTION
2019/05/15 11:56:27 :DEBUG:[GNUPG:] DECRYPTION_COMPLIANCE_MODE 23
2019/05/15 11:56:27 :DEBUG:message ignored: DECRYPTION_COMPLIANCE_MODE, 23
2019/05/15 11:56:27 :DEBUG:[GNUPG:] DECRYPTION_INFO 2 9
2019/05/15 11:56:27 :DEBUG:[GNUPG:] PLAINTEXT 62 1557913575
2019/05/15 11:56:27 :DEBUG:[GNUPG:] PLAINTEXT_LENGTH 4
2019/05/15 11:56:27 :DEBUG:[GNUPG:] DECRYPTION_OKAY
2019/05/15 11:56:27 :DEBUG:[GNUPG:] GOODMDC
2019/05/15 11:56:27 :DEBUG:[GNUPG:] END_DECRYPTION
2019/05/15 11:56:27 :DEBUG:decrypt result: b'test'
2019/05/15 11:56:27 :DEBUG:15549: gpg --pinentry-mode loopback --status-fd 2 --no-tty --no-verbose --fixed-list-mode --batch --with-colons --homedir gpg --passphrase-fd 0 --decrypt
2019/05/15 11:56:27 :DEBUG:Wrote passphrase
2019/05/15 11:56:27 :DEBUG:data copier: <Thread(Thread-12, initial daemon)>, <_io.BytesIO object at 0x7f54a77a6fc0>, <_io.BufferedWriter name=27>
2019/05/15 11:56:27 :DEBUG:stderr reader: <Thread(Thread-13, initial daemon)>
2019/05/15 11:56:27 :DEBUG:closed output, 26 bytes sent
2019/05/15 11:56:27 :DEBUG:stdout reader: <Thread(Thread-14, initial daemon)>
2019/05/15 11:56:27 :DEBUG:gpg: WARNING: unsafe permissions on homedir '/home/jfk422/Projects/Code/Arcanum/arcanum/gpg'
2019/05/15 11:56:27 :DEBUG:gpg: no valid OpenPGP data found.
2019/05/15 11:56:27 :DEBUG:[GNUPG:] NODATA 1
2019/05/15 11:56:27 :DEBUG:[GNUPG:] NODATA 2
2019/05/15 11:56:27 :DEBUG:[GNUPG:] FAILURE decrypt 4294967295
2019/05/15 11:56:27 :DEBUG:gpg: decrypt_message failed: Unknown system error
2019/05/15 11:56:27 :DEBUG:decrypt result: b''
2019/05/15 11:56:27 :DEBUG:15553: gpg --pinentry-mode loopback --status-fd 2 --no-tty --no-verbose --fixed-list-mode --batch --with-colons --homedir gpg --passphrase-fd 0 --decrypt
2019/05/15 11:56:27 :DEBUG:Wrote passphrase
2019/05/15 11:56:27 :DEBUG:data copier: <Thread(Thread-15, initial daemon)>, <_io.BytesIO object at 0x7f54a77a6fc0>, <_io.BufferedWriter name=27>
2019/05/15 11:56:27 :DEBUG:stderr reader: <Thread(Thread-16, initial daemon)>
2019/05/15 11:56:27 :DEBUG:closed output, 5 bytes sent
2019/05/15 11:56:27 :DEBUG:stdout reader: <Thread(Thread-17, initial daemon)>
2019/05/15 11:56:27 :DEBUG:gpg: WARNING: unsafe permissions on homedir '/home/jfk422/Projects/Code/Arcanum/arcanum/gpg'
2019/05/15 11:56:27 :DEBUG:gpg: no valid OpenPGP data found.
2019/05/15 11:56:27 :DEBUG:[GNUPG:] NODATA 1
2019/05/15 11:56:27 :DEBUG:[GNUPG:] NODATA 2
2019/05/15 11:56:27 :DEBUG:[GNUPG:] FAILURE decrypt 4294967295
2019/05/15 11:56:27 :DEBUG:gpg: decrypt_message failed: Unknown system error
2019/05/15 11:56:27 :DEBUG:decrypt result: b''
2019/05/15 11:56:27 :DEBUG:15557: gpg --pinentry-mode loopback --status-fd 2 --no-tty --no-verbose --fixed-list-mode --batch --with-colons --homedir gpg --passphrase-fd 0 --decrypt
2019/05/15 11:56:27 :DEBUG:Wrote passphrase
2019/05/15 11:56:27 :DEBUG:data copier: <Thread(Thread-18, initial daemon)>, <_io.BytesIO object at 0x7f54a77a6fc0>, <_io.BufferedWriter name=27>
2019/05/15 11:56:27 :DEBUG:stderr reader: <Thread(Thread-19, initial daemon)>
2019/05/15 11:56:27 :DEBUG:closed output, 1 bytes sent
2019/05/15 11:56:27 :DEBUG:stdout reader: <Thread(Thread-20, initial daemon)>
2019/05/15 11:56:27 :DEBUG:gpg: WARNING: unsafe permissions on homedir '/home/jfk422/Projects/Code/Arcanum/arcanum/gpg'
2019/05/15 11:56:27 :DEBUG:gpg: [don't know]: invalid packet (ctb=32)
2019/05/15 11:56:27 :DEBUG:[GNUPG:] NODATA 3
2019/05/15 11:56:27 :DEBUG:decrypt result: b''
2019/05/15 11:56:27 :DEBUG:15561: gpg --pinentry-mode loopback --status-fd 2 --no-tty --no-verbose --fixed-list-mode --batch --with-colons --homedir gpg --passphrase-fd 0 --decrypt
2019/05/15 11:56:27 :DEBUG:Wrote passphrase
2019/05/15 11:56:27 :DEBUG:data copier: <Thread(Thread-21, initial daemon)>, <_io.BytesIO object at 0x7f54a77a6fc0>, <_io.BufferedWriter name=27>
2019/05/15 11:56:27 :DEBUG:stderr reader: <Thread(Thread-22, initial daemon)>
2019/05/15 11:56:27 :DEBUG:closed output, 4 bytes sent
2019/05/15 11:56:27 :DEBUG:stdout reader: <Thread(Thread-23, initial daemon)>
2019/05/15 11:56:27 :DEBUG:gpg: WARNING: unsafe permissions on homedir '/home/jfk422/Projects/Code/Arcanum/arcanum/gpg'
2019/05/15 11:56:27 :DEBUG:gpg: no valid OpenPGP data found.
2019/05/15 11:56:27 :DEBUG:[GNUPG:] NODATA 1
2019/05/15 11:56:27 :DEBUG:[GNUPG:] NODATA 2
2019/05/15 11:56:27 :DEBUG:[GNUPG:] FAILURE decrypt 4294967295
2019/05/15 11:56:27 :DEBUG:gpg: decrypt_message failed: Unknown system error
2019/05/15 11:56:27 :DEBUG:decrypt result: b''
2019/05/15 11:56:27 :DEBUG:15565: gpg --pinentry-mode loopback --status-fd 2 --no-tty --no-verbose --fixed-list-mode --batch --with-colons --homedir gpg --passphrase-fd 0 --decrypt
2019/05/15 11:56:27 :DEBUG:Wrote passphrase
2019/05/15 11:56:27 :DEBUG:data copier: <Thread(Thread-24, initial daemon)>, <_io.BytesIO object at 0x7f54a77a6fc0>, <_io.BufferedWriter name=27>
2019/05/15 11:56:27 :DEBUG:stderr reader: <Thread(Thread-25, initial daemon)>
2019/05/15 11:56:27 :DEBUG:closed output, 4 bytes sent
2019/05/15 11:56:27 :DEBUG:stdout reader: <Thread(Thread-26, initial daemon)>
2019/05/15 11:56:27 :DEBUG:gpg: WARNING: unsafe permissions on homedir '/home/jfk422/Projects/Code/Arcanum/arcanum/gpg'
2019/05/15 11:56:27 :DEBUG:gpg: no valid OpenPGP data found.
2019/05/15 11:56:27 :DEBUG:[GNUPG:] NODATA 1
2019/05/15 11:56:27 :DEBUG:[GNUPG:] NODATA 2
2019/05/15 11:56:27 :DEBUG:[GNUPG:] FAILURE decrypt 4294967295
2019/05/15 11:56:27 :DEBUG:gpg: decrypt_message failed: Unknown system error
2019/05/15 11:56:27 :DEBUG:decrypt result: b''
2019/05/15 11:56:27 :DEBUG:15569: gpg --pinentry-mode loopback --status-fd 2 --no-tty --no-verbose --fixed-list-mode --batch --with-colons --homedir gpg --passphrase-fd 0 --decrypt
2019/05/15 11:56:27 :DEBUG:Wrote passphrase
2019/05/15 11:56:27 :DEBUG:data copier: <Thread(Thread-27, initial daemon)>, <_io.BytesIO object at 0x7f54a77a6fc0>, <_io.BufferedWriter name=27>
2019/05/15 11:56:27 :DEBUG:stderr reader: <Thread(Thread-28, initial daemon)>
2019/05/15 11:56:27 :DEBUG:closed output, 4 bytes sent
2019/05/15 11:56:27 :DEBUG:stdout reader: <Thread(Thread-29, initial daemon)>
2019/05/15 11:56:27 :DEBUG:gpg: WARNING: unsafe permissions on homedir '/home/jfk422/Projects/Code/Arcanum/arcanum/gpg'
2019/05/15 11:56:27 :DEBUG:gpg: no valid OpenPGP data found.
2019/05/15 11:56:27 :DEBUG:[GNUPG:] NODATA 1
2019/05/15 11:56:27 :DEBUG:[GNUPG:] NODATA 2
2019/05/15 11:56:27 :DEBUG:[GNUPG:] FAILURE decrypt 4294967295
2019/05/15 11:56:27 :DEBUG:gpg: decrypt_message failed: Unknown system error
2019/05/15 11:56:27 :DEBUG:decrypt result: b''
2019/05/15 11:56:27 :INFO:Getting row: 2 from table: email
2019/05/15 11:56:27 :DEBUG:15573: gpg --pinentry-mode loopback --status-fd 2 --no-tty --no-verbose --fixed-list-mode --batch --with-colons --homedir gpg --passphrase-fd 0 --decrypt
2019/05/15 11:56:27 :DEBUG:Wrote passphrase
2019/05/15 11:56:27 :DEBUG:data copier: <Thread(Thread-30, initial daemon)>, <_io.BytesIO object at 0x7f54a77a6fc0>, <_io.BufferedWriter name=27>
2019/05/15 11:56:27 :DEBUG:stderr reader: <Thread(Thread-31, initial daemon)>
2019/05/15 11:56:27 :DEBUG:closed output, 171 bytes sent
2019/05/15 11:56:27 :DEBUG:stdout reader: <Thread(Thread-32, initial daemon)>
2019/05/15 11:56:28 :DEBUG:gpg: WARNING: unsafe permissions on homedir '/home/jfk422/Projects/Code/Arcanum/arcanum/gpg'
2019/05/15 11:56:28 :DEBUG:gpg: AES256 encrypted data
2019/05/15 11:56:28 :DEBUG:chunk: b'test@test.com'
2019/05/15 11:56:28 :DEBUG:[GNUPG:] NEED_PASSPHRASE_SYM 9 3 2
2019/05/15 11:56:28 :DEBUG:gpg: encrypted with 1 passphrase
2019/05/15 11:56:28 :DEBUG:[GNUPG:] BEGIN_DECRYPTION
2019/05/15 11:56:28 :DEBUG:[GNUPG:] DECRYPTION_COMPLIANCE_MODE 23
2019/05/15 11:56:28 :DEBUG:message ignored: DECRYPTION_COMPLIANCE_MODE, 23
2019/05/15 11:56:28 :DEBUG:[GNUPG:] DECRYPTION_INFO 2 9
2019/05/15 11:56:28 :DEBUG:[GNUPG:] PLAINTEXT 62 1557913575
2019/05/15 11:56:28 :DEBUG:[GNUPG:] PLAINTEXT_LENGTH 13
2019/05/15 11:56:28 :DEBUG:[GNUPG:] DECRYPTION_OKAY
2019/05/15 11:56:28 :DEBUG:[GNUPG:] GOODMDC
2019/05/15 11:56:28 :DEBUG:[GNUPG:] END_DECRYPTION
2019/05/15 11:56:28 :DEBUG:decrypt result: b'test@test.com'
2019/05/15 11:56:28 :INFO:Getting row: 1 from table: passTable
2019/05/15 11:56:28 :DEBUG:15577: gpg --pinentry-mode loopback --status-fd 2 --no-tty --no-verbose --fixed-list-mode --batch --with-colons --homedir gpg --passphrase-fd 0 --decrypt
2019/05/15 11:56:28 :DEBUG:Wrote passphrase
2019/05/15 11:56:28 :DEBUG:data copier: <Thread(Thread-33, initial daemon)>, <_io.BytesIO object at 0x7f54a77a6f68>, <_io.BufferedWriter name=27>
2019/05/15 11:56:28 :DEBUG:closed output, 163 bytes sent
2019/05/15 11:56:28 :DEBUG:stderr reader: <Thread(Thread-34, initial daemon)>
2019/05/15 11:56:28 :DEBUG:stdout reader: <Thread(Thread-35, initial daemon)>
2019/05/15 11:56:28 :DEBUG:gpg: WARNING: unsafe permissions on homedir '/home/jfk422/Projects/Code/Arcanum/arcanum/gpg'
2019/05/15 11:56:28 :DEBUG:chunk: b'test'
2019/05/15 11:56:28 :DEBUG:gpg: AES256 encrypted data
2019/05/15 11:56:28 :DEBUG:[GNUPG:] NEED_PASSPHRASE_SYM 9 3 2
2019/05/15 11:56:28 :DEBUG:gpg: encrypted with 1 passphrase
2019/05/15 11:56:28 :DEBUG:[GNUPG:] BEGIN_DECRYPTION
2019/05/15 11:56:28 :DEBUG:[GNUPG:] DECRYPTION_COMPLIANCE_MODE 23
2019/05/15 11:56:28 :DEBUG:message ignored: DECRYPTION_COMPLIANCE_MODE, 23
2019/05/15 11:56:28 :DEBUG:[GNUPG:] DECRYPTION_INFO 2 9
2019/05/15 11:56:28 :DEBUG:[GNUPG:] PLAINTEXT 62 1557913575
2019/05/15 11:56:28 :DEBUG:[GNUPG:] PLAINTEXT_LENGTH 4
2019/05/15 11:56:28 :DEBUG:[GNUPG:] DECRYPTION_OKAY
2019/05/15 11:56:28 :DEBUG:[GNUPG:] GOODMDC
2019/05/15 11:56:28 :DEBUG:[GNUPG:] END_DECRYPTION
2019/05/15 11:56:28 :DEBUG:decrypt result: b'test'
2019/05/15 11:56:28 :DEBUG:15581: gpg --pinentry-mode loopback --status-fd 2 --no-tty --no-verbose --fixed-list-mode --batch --with-colons --homedir gpg --passphrase-fd 0 --decrypt
2019/05/15 11:56:28 :DEBUG:Wrote passphrase
2019/05/15 11:56:28 :DEBUG:data copier: <Thread(Thread-36, initial daemon)>, <_io.BytesIO object at 0x7f54a77a6f68>, <_io.BufferedWriter name=27>
2019/05/15 11:56:28 :DEBUG:stderr reader: <Thread(Thread-37, initial daemon)>
2019/05/15 11:56:28 :DEBUG:closed output, 1 bytes sent
2019/05/15 11:56:28 :DEBUG:stdout reader: <Thread(Thread-38, initial daemon)>
2019/05/15 11:56:28 :DEBUG:gpg: WARNING: unsafe permissions on homedir '/home/jfk422/Projects/Code/Arcanum/arcanum/gpg'
2019/05/15 11:56:28 :DEBUG:gpg: [don't know]: invalid packet (ctb=32)
2019/05/15 11:56:28 :DEBUG:[GNUPG:] NODATA 3
2019/05/15 11:56:28 :DEBUG:decrypt result: b''
2019/05/15 11:56:28 :DEBUG:15585: gpg --pinentry-mode loopback --status-fd 2 --no-tty --no-verbose --fixed-list-mode --batch --with-colons --homedir gpg --passphrase-fd 0 --decrypt
2019/05/15 11:56:28 :DEBUG:Wrote passphrase
2019/05/15 11:56:28 :DEBUG:data copier: <Thread(Thread-39, initial daemon)>, <_io.BytesIO object at 0x7f54a77a6f68>, <_io.BufferedWriter name=27>
2019/05/15 11:56:28 :DEBUG:stderr reader: <Thread(Thread-40, initial daemon)>
2019/05/15 11:56:28 :DEBUG:closed output, 167 bytes sent
2019/05/15 11:56:28 :DEBUG:stdout reader: <Thread(Thread-41, initial daemon)>
2019/05/15 11:56:29 :DEBUG:gpg: WARNING: unsafe permissions on homedir '/home/jfk422/Projects/Code/Arcanum/arcanum/gpg'
2019/05/15 11:56:29 :DEBUG:gpg: AES256 encrypted data
2019/05/15 11:56:29 :DEBUG:[GNUPG:] NEED_PASSPHRASE_SYM 9 3 2
2019/05/15 11:56:29 :DEBUG:chunk: b'testsss'
2019/05/15 11:56:29 :DEBUG:gpg: encrypted with 1 passphrase
2019/05/15 11:56:29 :DEBUG:[GNUPG:] BEGIN_DECRYPTION
2019/05/15 11:56:29 :DEBUG:[GNUPG:] DECRYPTION_COMPLIANCE_MODE 23
2019/05/15 11:56:29 :DEBUG:message ignored: DECRYPTION_COMPLIANCE_MODE, 23
2019/05/15 11:56:29 :DEBUG:[GNUPG:] DECRYPTION_INFO 2 9
2019/05/15 11:56:29 :DEBUG:[GNUPG:] PLAINTEXT 62 1557913733
2019/05/15 11:56:29 :DEBUG:[GNUPG:] PLAINTEXT_LENGTH 7
2019/05/15 11:56:29 :DEBUG:[GNUPG:] DECRYPTION_OKAY
2019/05/15 11:56:29 :DEBUG:[GNUPG:] GOODMDC
2019/05/15 11:56:29 :DEBUG:[GNUPG:] END_DECRYPTION
2019/05/15 11:56:29 :DEBUG:decrypt result: b'testsss'
2019/05/15 11:56:29 :DEBUG:15589: gpg --pinentry-mode loopback --status-fd 2 --no-tty --no-verbose --fixed-list-mode --batch --with-colons --homedir gpg --passphrase-fd 0 --decrypt
2019/05/15 11:56:29 :DEBUG:Wrote passphrase
2019/05/15 11:56:29 :DEBUG:data copier: <Thread(Thread-42, initial daemon)>, <_io.BytesIO object at 0x7f54a77a6f68>, <_io.BufferedWriter name=27>
2019/05/15 11:56:29 :DEBUG:stderr reader: <Thread(Thread-43, initial daemon)>
2019/05/15 11:56:29 :DEBUG:closed output, 26 bytes sent
2019/05/15 11:56:29 :DEBUG:stdout reader: <Thread(Thread-44, initial daemon)>
2019/05/15 11:56:29 :DEBUG:gpg: WARNING: unsafe permissions on homedir '/home/jfk422/Projects/Code/Arcanum/arcanum/gpg'
2019/05/15 11:56:29 :DEBUG:gpg: no valid OpenPGP data found.
2019/05/15 11:56:29 :DEBUG:[GNUPG:] NODATA 1
2019/05/15 11:56:29 :DEBUG:[GNUPG:] NODATA 2
2019/05/15 11:56:29 :DEBUG:[GNUPG:] FAILURE decrypt 4294967295
2019/05/15 11:56:29 :DEBUG:gpg: decrypt_message failed: Unknown system error
2019/05/15 11:56:29 :DEBUG:decrypt result: b''
2019/05/15 11:56:29 :DEBUG:15593: gpg --pinentry-mode loopback --status-fd 2 --no-tty --no-verbose --fixed-list-mode --batch --with-colons --homedir gpg --passphrase-fd 0 --decrypt
2019/05/15 11:56:29 :DEBUG:Wrote passphrase
2019/05/15 11:56:29 :DEBUG:data copier: <Thread(Thread-45, initial daemon)>, <_io.BytesIO object at 0x7f54a77a6f68>, <_io.BufferedWriter name=27>
2019/05/15 11:56:29 :DEBUG:stderr reader: <Thread(Thread-46, initial daemon)>
2019/05/15 11:56:29 :DEBUG:closed output, 4 bytes sent
2019/05/15 11:56:29 :DEBUG:stdout reader: <Thread(Thread-47, initial daemon)>
2019/05/15 11:56:29 :DEBUG:gpg: WARNING: unsafe permissions on homedir '/home/jfk422/Projects/Code/Arcanum/arcanum/gpg'
2019/05/15 11:56:29 :DEBUG:gpg: no valid OpenPGP data found.
2019/05/15 11:56:29 :DEBUG:[GNUPG:] NODATA 1
2019/05/15 11:56:29 :DEBUG:[GNUPG:] NODATA 2
2019/05/15 11:56:29 :DEBUG:[GNUPG:] FAILURE decrypt 4294967295
2019/05/15 11:56:29 :DEBUG:gpg: decrypt_message failed: Unknown system error
2019/05/15 11:56:29 :DEBUG:decrypt result: b''
2019/05/15 11:56:29 :DEBUG:15597: gpg --pinentry-mode loopback --status-fd 2 --no-tty --no-verbose --fixed-list-mode --batch --with-colons --homedir gpg --passphrase-fd 0 --decrypt
2019/05/15 11:56:29 :DEBUG:Wrote passphrase
2019/05/15 11:56:29 :DEBUG:data copier: <Thread(Thread-48, initial daemon)>, <_io.BytesIO object at 0x7f54a77a6f68>, <_io.BufferedWriter name=27>
2019/05/15 11:56:29 :DEBUG:stderr reader: <Thread(Thread-49, initial daemon)>
2019/05/15 11:56:29 :DEBUG:closed output, 1 bytes sent
2019/05/15 11:56:29 :DEBUG:stdout reader: <Thread(Thread-50, initial daemon)>
2019/05/15 11:56:29 :DEBUG:gpg: WARNING: unsafe permissions on homedir '/home/jfk422/Projects/Code/Arcanum/arcanum/gpg'
2019/05/15 11:56:29 :DEBUG:gpg: [don't know]: invalid packet (ctb=31)
2019/05/15 11:56:29 :DEBUG:[GNUPG:] NODATA 3
2019/05/15 11:56:29 :DEBUG:decrypt result: b''
2019/05/15 11:56:29 :DEBUG:15601: gpg --pinentry-mode loopback --status-fd 2 --no-tty --no-verbose --fixed-list-mode --batch --with-colons --homedir gpg --passphrase-fd 0 --decrypt
2019/05/15 11:56:29 :DEBUG:Wrote passphrase
2019/05/15 11:56:29 :DEBUG:data copier: <Thread(Thread-51, initial daemon)>, <_io.BytesIO object at 0x7f54a77a6f68>, <_io.BufferedWriter name=27>
2019/05/15 11:56:29 :DEBUG:stderr reader: <Thread(Thread-52, initial daemon)>
2019/05/15 11:56:29 :DEBUG:closed output, 4 bytes sent
2019/05/15 11:56:29 :DEBUG:stdout reader: <Thread(Thread-53, initial daemon)>
2019/05/15 11:56:29 :DEBUG:gpg: WARNING: unsafe permissions on homedir '/home/jfk422/Projects/Code/Arcanum/arcanum/gpg'
2019/05/15 11:56:29 :DEBUG:gpg: no valid OpenPGP data found.
2019/05/15 11:56:29 :DEBUG:[GNUPG:] NODATA 1
2019/05/15 11:56:29 :DEBUG:[GNUPG:] NODATA 2
2019/05/15 11:56:29 :DEBUG:[GNUPG:] FAILURE decrypt 4294967295
2019/05/15 11:56:29 :DEBUG:gpg: decrypt_message failed: Unknown system error
2019/05/15 11:56:29 :DEBUG:decrypt result: b''
2019/05/15 11:56:29 :DEBUG:15605: gpg --pinentry-mode loopback --status-fd 2 --no-tty --no-verbose --fixed-list-mode --batch --with-colons --homedir gpg --passphrase-fd 0 --decrypt
2019/05/15 11:56:29 :DEBUG:Wrote passphrase
2019/05/15 11:56:29 :DEBUG:data copier: <Thread(Thread-54, initial daemon)>, <_io.BytesIO object at 0x7f54a77a6f68>, <_io.BufferedWriter name=27>
2019/05/15 11:56:29 :DEBUG:stderr reader: <Thread(Thread-55, initial daemon)>
2019/05/15 11:56:29 :DEBUG:closed output, 4 bytes sent
2019/05/15 11:56:29 :DEBUG:stdout reader: <Thread(Thread-56, initial daemon)>
2019/05/15 11:56:29 :DEBUG:gpg: WARNING: unsafe permissions on homedir '/home/jfk422/Projects/Code/Arcanum/arcanum/gpg'
2019/05/15 11:56:29 :DEBUG:gpg: no valid OpenPGP data found.
2019/05/15 11:56:29 :DEBUG:[GNUPG:] NODATA 1
2019/05/15 11:56:29 :DEBUG:[GNUPG:] NODATA 2
2019/05/15 11:56:29 :DEBUG:[GNUPG:] FAILURE decrypt 4294967295
2019/05/15 11:56:29 :DEBUG:gpg: decrypt_message failed: Unknown system error
2019/05/15 11:56:29 :DEBUG:decrypt result: b''
2019/05/15 11:56:29 :DEBUG:15609: gpg --pinentry-mode loopback --status-fd 2 --no-tty --no-verbose --fixed-list-mode --batch --with-colons --homedir gpg --passphrase-fd 0 --decrypt
2019/05/15 11:56:29 :DEBUG:Wrote passphrase
2019/05/15 11:56:29 :DEBUG:data copier: <Thread(Thread-57, initial daemon)>, <_io.BytesIO object at 0x7f54a77a6f68>, <_io.BufferedWriter name=27>
2019/05/15 11:56:29 :DEBUG:stderr reader: <Thread(Thread-58, initial daemon)>
2019/05/15 11:56:29 :DEBUG:closed output, 4 bytes sent
2019/05/15 11:56:29 :DEBUG:stdout reader: <Thread(Thread-59, initial daemon)>
2019/05/15 11:56:29 :DEBUG:gpg: WARNING: unsafe permissions on homedir '/home/jfk422/Projects/Code/Arcanum/arcanum/gpg'
2019/05/15 11:56:29 :DEBUG:gpg: no valid OpenPGP data found.
2019/05/15 11:56:29 :DEBUG:[GNUPG:] NODATA 1
2019/05/15 11:56:29 :DEBUG:[GNUPG:] NODATA 2
2019/05/15 11:56:29 :DEBUG:[GNUPG:] FAILURE decrypt 4294967295
2019/05/15 11:56:29 :DEBUG:gpg: decrypt_message failed: Unknown system error
2019/05/15 11:56:29 :DEBUG:decrypt result: b''
2019/05/15 11:56:29 :INFO:Getting row: 1 from table: email
2019/05/15 11:56:29 :DEBUG:15613: gpg --pinentry-mode loopback --status-fd 2 --no-tty --no-verbose --fixed-list-mode --batch --with-colons --homedir gpg --passphrase-fd 0 --decrypt
2019/05/15 11:56:29 :DEBUG:Wrote passphrase
2019/05/15 11:56:29 :DEBUG:data copier: <Thread(Thread-60, initial daemon)>, <_io.BytesIO object at 0x7f54a77a6fc0>, <_io.BufferedWriter name=27>
2019/05/15 11:56:29 :DEBUG:stderr reader: <Thread(Thread-61, initial daemon)>
2019/05/15 11:56:29 :DEBUG:closed output, 163 bytes sent
2019/05/15 11:56:29 :DEBUG:stdout reader: <Thread(Thread-62, initial daemon)>
2019/05/15 11:56:29 :DEBUG:gpg: WARNING: unsafe permissions on homedir '/home/jfk422/Projects/Code/Arcanum/arcanum/gpg'
2019/05/15 11:56:29 :DEBUG:gpg: AES256 encrypted data
2019/05/15 11:56:29 :DEBUG:[GNUPG:] NEED_PASSPHRASE_SYM 9 3 2
2019/05/15 11:56:29 :DEBUG:gpg: encrypted with 1 passphrase
2019/05/15 11:56:29 :DEBUG:[GNUPG:] BEGIN_DECRYPTION
2019/05/15 11:56:29 :DEBUG:[GNUPG:] DECRYPTION_COMPLIANCE_MODE 23
2019/05/15 11:56:29 :DEBUG:message ignored: DECRYPTION_COMPLIANCE_MODE, 23
2019/05/15 11:56:29 :DEBUG:chunk: b'None'
2019/05/15 11:56:29 :DEBUG:[GNUPG:] DECRYPTION_INFO 2 9
2019/05/15 11:56:29 :DEBUG:[GNUPG:] PLAINTEXT 62 1557913555
2019/05/15 11:56:29 :DEBUG:[GNUPG:] PLAINTEXT_LENGTH 4
2019/05/15 11:56:29 :DEBUG:[GNUPG:] DECRYPTION_OKAY
2019/05/15 11:56:29 :DEBUG:[GNUPG:] GOODMDC
2019/05/15 11:56:29 :DEBUG:[GNUPG:] END_DECRYPTION
2019/05/15 11:56:29 :DEBUG:decrypt result: b'None'
2019/05/15 11:56:29 :INFO:Getting row: 2 from table: passTable
2019/05/15 11:56:29 :DEBUG:15617: gpg --pinentry-mode loopback --status-fd 2 --no-tty --no-verbose --fixed-list-mode --batch --with-colons --homedir gpg --passphrase-fd 0 --decrypt
2019/05/15 11:56:29 :DEBUG:Wrote passphrase
2019/05/15 11:56:29 :DEBUG:data copier: <Thread(Thread-63, initial daemon)>, <_io.BytesIO object at 0x7f54a77a6f68>, <_io.BufferedWriter name=27>
2019/05/15 11:56:29 :DEBUG:stderr reader: <Thread(Thread-64, initial daemon)>
2019/05/15 11:56:29 :DEBUG:closed output, 179 bytes sent
2019/05/15 11:56:29 :DEBUG:stdout reader: <Thread(Thread-65, initial daemon)>
2019/05/15 11:56:30 :DEBUG:gpg: WARNING: unsafe permissions on homedir '/home/jfk422/Projects/Code/Arcanum/arcanum/gpg'
2019/05/15 11:56:30 :DEBUG:gpg: AES256 encrypted data
2019/05/15 11:56:30 :DEBUG:chunk: b'4g3bPUPhFSgqtUly'
2019/05/15 11:56:30 :DEBUG:[GNUPG:] NEED_PASSPHRASE_SYM 9 3 2
2019/05/15 11:56:30 :DEBUG:gpg: encrypted with 1 passphrase
2019/05/15 11:56:30 :DEBUG:[GNUPG:] BEGIN_DECRYPTION
2019/05/15 11:56:30 :DEBUG:[GNUPG:] DECRYPTION_COMPLIANCE_MODE 23
2019/05/15 11:56:30 :DEBUG:message ignored: DECRYPTION_COMPLIANCE_MODE, 23
2019/05/15 11:56:30 :DEBUG:[GNUPG:] DECRYPTION_INFO 2 9
2019/05/15 11:56:30 :DEBUG:[GNUPG:] PLAINTEXT 62 1557913733
2019/05/15 11:56:30 :DEBUG:[GNUPG:] PLAINTEXT_LENGTH 16
2019/05/15 11:56:30 :DEBUG:[GNUPG:] DECRYPTION_OKAY
2019/05/15 11:56:30 :DEBUG:[GNUPG:] GOODMDC
2019/05/15 11:56:30 :DEBUG:[GNUPG:] END_DECRYPTION
2019/05/15 11:56:30 :DEBUG:decrypt result: b'4g3bPUPhFSgqtUly'
2019/05/15 11:56:30 :DEBUG:15621: gpg --pinentry-mode loopback --status-fd 2 --no-tty --no-verbose --fixed-list-mode --batch --with-colons --homedir gpg --passphrase-fd 0 --decrypt
2019/05/15 11:56:30 :DEBUG:Wrote passphrase
2019/05/15 11:56:30 :DEBUG:data copier: <Thread(Thread-66, initial daemon)>, <_io.BytesIO object at 0x7f54a77a6f68>, <_io.BufferedWriter name=27>
2019/05/15 11:56:30 :DEBUG:stderr reader: <Thread(Thread-67, initial daemon)>
2019/05/15 11:56:30 :DEBUG:closed output, 1 bytes sent
2019/05/15 11:56:30 :DEBUG:stdout reader: <Thread(Thread-68, initial daemon)>
2019/05/15 11:56:30 :DEBUG:gpg: WARNING: unsafe permissions on homedir '/home/jfk422/Projects/Code/Arcanum/arcanum/gpg'
2019/05/15 11:56:30 :DEBUG:gpg: [don't know]: invalid packet (ctb=33)
2019/05/15 11:56:30 :DEBUG:[GNUPG:] NODATA 3
2019/05/15 11:56:30 :DEBUG:decrypt result: b''
2019/05/15 11:56:30 :DEBUG:15625: gpg --pinentry-mode loopback --status-fd 2 --no-tty --no-verbose --fixed-list-mode --batch --with-colons --homedir gpg --passphrase-fd 0 --decrypt
2019/05/15 11:56:30 :DEBUG:Wrote passphrase
2019/05/15 11:56:30 :DEBUG:data copier: <Thread(Thread-69, initial daemon)>, <_io.BytesIO object at 0x7f54a77a6f68>, <_io.BufferedWriter name=27>
2019/05/15 11:56:30 :DEBUG:stderr reader: <Thread(Thread-70, initial daemon)>
2019/05/15 11:56:30 :DEBUG:closed output, 175 bytes sent
2019/05/15 11:56:30 :DEBUG:stdout reader: <Thread(Thread-71, initial daemon)>
2019/05/15 11:56:30 :DEBUG:gpg: WARNING: unsafe permissions on homedir '/home/jfk422/Projects/Code/Arcanum/arcanum/gpg'
2019/05/15 11:56:30 :DEBUG:gpg: AES256 encrypted data
2019/05/15 11:56:30 :DEBUG:[GNUPG:] NEED_PASSPHRASE_SYM 9 3 2
2019/05/15 11:56:30 :DEBUG:chunk: b"n'Other test"
2019/05/15 11:56:30 :DEBUG:gpg: encrypted with 1 passphrase
2019/05/15 11:56:30 :DEBUG:[GNUPG:] BEGIN_DECRYPTION
2019/05/15 11:56:30 :DEBUG:[GNUPG:] DECRYPTION_COMPLIANCE_MODE 23
2019/05/15 11:56:30 :DEBUG:message ignored: DECRYPTION_COMPLIANCE_MODE, 23
2019/05/15 11:56:30 :DEBUG:[GNUPG:] DECRYPTION_INFO 2 9
2019/05/15 11:56:30 :DEBUG:[GNUPG:] PLAINTEXT 62 1557913862
2019/05/15 11:56:30 :DEBUG:[GNUPG:] PLAINTEXT_LENGTH 12
2019/05/15 11:56:30 :DEBUG:[GNUPG:] DECRYPTION_OKAY
2019/05/15 11:56:30 :DEBUG:[GNUPG:] GOODMDC
2019/05/15 11:56:30 :DEBUG:[GNUPG:] END_DECRYPTION
2019/05/15 11:56:30 :DEBUG:decrypt result: b"n'Other test"
2019/05/15 11:56:30 :DEBUG:15629: gpg --pinentry-mode loopback --status-fd 2 --no-tty --no-verbose --fixed-list-mode --batch --with-colons --homedir gpg --passphrase-fd 0 --decrypt
2019/05/15 11:56:30 :DEBUG:Wrote passphrase
2019/05/15 11:56:30 :DEBUG:data copier: <Thread(Thread-72, initial daemon)>, <_io.BytesIO object at 0x7f54a77a6f68>, <_io.BufferedWriter name=27>
2019/05/15 11:56:30 :DEBUG:stderr reader: <Thread(Thread-73, initial daemon)>
2019/05/15 11:56:30 :DEBUG:closed output, 26 bytes sent
2019/05/15 11:56:30 :DEBUG:stdout reader: <Thread(Thread-74, initial daemon)>
2019/05/15 11:56:30 :DEBUG:gpg: WARNING: unsafe permissions on homedir '/home/jfk422/Projects/Code/Arcanum/arcanum/gpg'
2019/05/15 11:56:30 :DEBUG:gpg: no valid OpenPGP data found.
2019/05/15 11:56:30 :DEBUG:[GNUPG:] NODATA 1
2019/05/15 11:56:30 :DEBUG:[GNUPG:] NODATA 2
2019/05/15 11:56:30 :DEBUG:[GNUPG:] FAILURE decrypt 4294967295
2019/05/15 11:56:30 :DEBUG:gpg: decrypt_message failed: Unknown system error
2019/05/15 11:56:30 :DEBUG:decrypt result: b''
2019/05/15 11:56:30 :DEBUG:15633: gpg --pinentry-mode loopback --status-fd 2 --no-tty --no-verbose --fixed-list-mode --batch --with-colons --homedir gpg --passphrase-fd 0 --decrypt
2019/05/15 11:56:30 :DEBUG:Wrote passphrase
2019/05/15 11:56:30 :DEBUG:data copier: <Thread(Thread-75, initial daemon)>, <_io.BytesIO object at 0x7f54a77a6f68>, <_io.BufferedWriter name=27>
2019/05/15 11:56:30 :DEBUG:closed output, 5 bytes sent
2019/05/15 11:56:30 :DEBUG:stderr reader: <Thread(Thread-76, initial daemon)>
2019/05/15 11:56:30 :DEBUG:stdout reader: <Thread(Thread-77, initial daemon)>
2019/05/15 11:56:30 :DEBUG:gpg: WARNING: unsafe permissions on homedir '/home/jfk422/Projects/Code/Arcanum/arcanum/gpg'
2019/05/15 11:56:30 :DEBUG:gpg: no valid OpenPGP data found.
2019/05/15 11:56:30 :DEBUG:[GNUPG:] NODATA 1
2019/05/15 11:56:30 :DEBUG:[GNUPG:] NODATA 2
2019/05/15 11:56:30 :DEBUG:[GNUPG:] FAILURE decrypt 4294967295
2019/05/15 11:56:30 :DEBUG:gpg: decrypt_message failed: Unknown system error
2019/05/15 11:56:30 :DEBUG:decrypt result: b''
2019/05/15 11:56:30 :DEBUG:15637: gpg --pinentry-mode loopback --status-fd 2 --no-tty --no-verbose --fixed-list-mode --batch --with-colons --homedir gpg --passphrase-fd 0 --decrypt
2019/05/15 11:56:30 :DEBUG:Wrote passphrase
2019/05/15 11:56:30 :DEBUG:data copier: <Thread(Thread-78, initial daemon)>, <_io.BytesIO object at 0x7f54a77a6f68>, <_io.BufferedWriter name=27>
2019/05/15 11:56:30 :DEBUG:stderr reader: <Thread(Thread-79, initial daemon)>
2019/05/15 11:56:30 :DEBUG:closed output, 1 bytes sent
2019/05/15 11:56:30 :DEBUG:stdout reader: <Thread(Thread-80, initial daemon)>
2019/05/15 11:56:30 :DEBUG:gpg: WARNING: unsafe permissions on homedir '/home/jfk422/Projects/Code/Arcanum/arcanum/gpg'
2019/05/15 11:56:30 :DEBUG:gpg: [don't know]: invalid packet (ctb=33)
2019/05/15 11:56:30 :DEBUG:[GNUPG:] NODATA 3
2019/05/15 11:56:30 :DEBUG:decrypt result: b''
2019/05/15 11:56:30 :DEBUG:15641: gpg --pinentry-mode loopback --status-fd 2 --no-tty --no-verbose --fixed-list-mode --batch --with-colons --homedir gpg --passphrase-fd 0 --decrypt
2019/05/15 11:56:30 :DEBUG:Wrote passphrase
2019/05/15 11:56:30 :DEBUG:data copier: <Thread(Thread-81, initial daemon)>, <_io.BytesIO object at 0x7f54a77a6f68>, <_io.BufferedWriter name=27>
2019/05/15 11:56:30 :DEBUG:stderr reader: <Thread(Thread-82, initial daemon)>
2019/05/15 11:56:30 :DEBUG:closed output, 7 bytes sent
2019/05/15 11:56:30 :DEBUG:stdout reader: <Thread(Thread-83, initial daemon)>
2019/05/15 11:56:30 :DEBUG:gpg: WARNING: unsafe permissions on homedir '/home/jfk422/Projects/Code/Arcanum/arcanum/gpg'
2019/05/15 11:56:30 :DEBUG:gpg: no valid OpenPGP data found.
2019/05/15 11:56:30 :DEBUG:[GNUPG:] NODATA 1
2019/05/15 11:56:30 :DEBUG:[GNUPG:] NODATA 2
2019/05/15 11:56:30 :DEBUG:[GNUPG:] FAILURE decrypt 4294967295
2019/05/15 11:56:30 :DEBUG:gpg: decrypt_message failed: Unknown system error
2019/05/15 11:56:30 :DEBUG:decrypt result: b''
2019/05/15 11:56:30 :DEBUG:15645: gpg --pinentry-mode loopback --status-fd 2 --no-tty --no-verbose --fixed-list-mode --batch --with-colons --homedir gpg --passphrase-fd 0 --decrypt
2019/05/15 11:56:30 :DEBUG:Wrote passphrase
2019/05/15 11:56:30 :DEBUG:data copier: <Thread(Thread-84, initial daemon)>, <_io.BytesIO object at 0x7f54a77a6f68>, <_io.BufferedWriter name=27>
2019/05/15 11:56:30 :DEBUG:stderr reader: <Thread(Thread-85, initial daemon)>
2019/05/15 11:56:30 :DEBUG:closed output, 5 bytes sent
2019/05/15 11:56:30 :DEBUG:stdout reader: <Thread(Thread-86, initial daemon)>
2019/05/15 11:56:30 :DEBUG:gpg: WARNING: unsafe permissions on homedir '/home/jfk422/Projects/Code/Arcanum/arcanum/gpg'
2019/05/15 11:56:30 :DEBUG:gpg: no valid OpenPGP data found.
2019/05/15 11:56:30 :DEBUG:[GNUPG:] NODATA 1
2019/05/15 11:56:30 :DEBUG:[GNUPG:] NODATA 2
2019/05/15 11:56:30 :DEBUG:[GNUPG:] FAILURE decrypt 4294967295
2019/05/15 11:56:30 :DEBUG:gpg: decrypt_message failed: Unknown system error
2019/05/15 11:56:30 :DEBUG:decrypt result: b''
2019/05/15 11:56:30 :DEBUG:15649: gpg --pinentry-mode loopback --status-fd 2 --no-tty --no-verbose --fixed-list-mode --batch --with-colons --homedir gpg --passphrase-fd 0 --decrypt
2019/05/15 11:56:30 :DEBUG:Wrote passphrase
2019/05/15 11:56:30 :DEBUG:data copier: <Thread(Thread-87, initial daemon)>, <_io.BytesIO object at 0x7f54a77a6f68>, <_io.BufferedWriter name=27>
2019/05/15 11:56:30 :DEBUG:stderr reader: <Thread(Thread-88, initial daemon)>
2019/05/15 11:56:30 :DEBUG:closed output, 4 bytes sent
2019/05/15 11:56:30 :DEBUG:stdout reader: <Thread(Thread-89, initial daemon)>
2019/05/15 11:56:30 :DEBUG:gpg: WARNING: unsafe permissions on homedir '/home/jfk422/Projects/Code/Arcanum/arcanum/gpg'
2019/05/15 11:56:30 :DEBUG:gpg: no valid OpenPGP data found.
2019/05/15 11:56:30 :DEBUG:[GNUPG:] NODATA 1
2019/05/15 11:56:30 :DEBUG:[GNUPG:] NODATA 2
2019/05/15 11:56:30 :DEBUG:[GNUPG:] FAILURE decrypt 4294967295
2019/05/15 11:56:30 :DEBUG:gpg: decrypt_message failed: Unknown system error
2019/05/15 11:56:30 :DEBUG:decrypt result: b''
2019/05/15 11:56:30 :INFO:Getting row: 3 from table: email
2019/05/15 11:56:30 :DEBUG:15653: gpg --pinentry-mode loopback --status-fd 2 --no-tty --no-verbose --fixed-list-mode --batch --with-colons --homedir gpg --passphrase-fd 0 --decrypt
2019/05/15 11:56:30 :DEBUG:Wrote passphrase
2019/05/15 11:56:30 :DEBUG:data copier: <Thread(Thread-90, initial daemon)>, <_io.BytesIO object at 0x7f54a77a6fc0>, <_io.BufferedWriter name=27>
2019/05/15 11:56:30 :DEBUG:stderr reader: <Thread(Thread-91, initial daemon)>
2019/05/15 11:56:30 :DEBUG:closed output, 179 bytes sent
2019/05/15 11:56:30 :DEBUG:stdout reader: <Thread(Thread-92, initial daemon)>
2019/05/15 11:56:30 :DEBUG:gpg: WARNING: unsafe permissions on homedir '/home/jfk422/Projects/Code/Arcanum/arcanum/gpg'
2019/05/15 11:56:30 :DEBUG:gpg: AES256 encrypted data
2019/05/15 11:56:30 :DEBUG:[GNUPG:] NEED_PASSPHRASE_SYM 9 3 2
2019/05/15 11:56:30 :DEBUG:gpg: encrypted with 1 passphrase
2019/05/15 11:56:30 :DEBUG:[GNUPG:] BEGIN_DECRYPTION
2019/05/15 11:56:30 :DEBUG:[GNUPG:] DECRYPTION_COMPLIANCE_MODE 23
2019/05/15 11:56:30 :DEBUG:message ignored: DECRYPTION_COMPLIANCE_MODE, 23
2019/05/15 11:56:30 :DEBUG:chunk: b'someMail@mail.com'
2019/05/15 11:56:30 :DEBUG:[GNUPG:] DECRYPTION_INFO 2 9
2019/05/15 11:56:30 :DEBUG:[GNUPG:] PLAINTEXT 62 1557913861
2019/05/15 11:56:30 :DEBUG:[GNUPG:] PLAINTEXT_LENGTH 17
2019/05/15 11:56:30 :DEBUG:[GNUPG:] DECRYPTION_OKAY
2019/05/15 11:56:30 :DEBUG:[GNUPG:] GOODMDC
2019/05/15 11:56:30 :DEBUG:[GNUPG:] END_DECRYPTION
2019/05/15 11:56:30 :DEBUG:decrypt result: b'someMail@mail.com'
2019/05/15 11:56:30 :INFO:Getting row: 3 from table: passTable
2019/05/15 11:56:30 :DEBUG:15659: gpg --pinentry-mode loopback --status-fd 2 --no-tty --no-verbose --fixed-list-mode --batch --with-colons --homedir gpg --passphrase-fd 0 --decrypt
2019/05/15 11:56:30 :DEBUG:Wrote passphrase
2019/05/15 11:56:30 :DEBUG:data copier: <Thread(Thread-93, initial daemon)>, <_io.BytesIO object at 0x7f54a77a6f68>, <_io.BufferedWriter name=27>
2019/05/15 11:56:30 :DEBUG:stderr reader: <Thread(Thread-94, initial daemon)>
2019/05/15 11:56:30 :DEBUG:closed output, 167 bytes sent
2019/05/15 11:56:30 :DEBUG:stdout reader: <Thread(Thread-95, initial daemon)>
2019/05/15 11:56:31 :DEBUG:gpg: WARNING: unsafe permissions on homedir '/home/jfk422/Projects/Code/Arcanum/arcanum/gpg'
2019/05/15 11:56:31 :DEBUG:gpg: AES256 encrypted data
2019/05/15 11:56:31 :DEBUG:[GNUPG:] NEED_PASSPHRASE_SYM 9 3 2
2019/05/15 11:56:31 :DEBUG:chunk: b'tdfsdfsdf'
2019/05/15 11:56:31 :DEBUG:gpg: encrypted with 1 passphrase
2019/05/15 11:56:31 :DEBUG:[GNUPG:] BEGIN_DECRYPTION
2019/05/15 11:56:31 :DEBUG:[GNUPG:] DECRYPTION_COMPLIANCE_MODE 23
2019/05/15 11:56:31 :DEBUG:message ignored: DECRYPTION_COMPLIANCE_MODE, 23
2019/05/15 11:56:31 :DEBUG:[GNUPG:] DECRYPTION_INFO 2 9
2019/05/15 11:56:31 :DEBUG:[GNUPG:] PLAINTEXT 62 1557913862
2019/05/15 11:56:31 :DEBUG:[GNUPG:] PLAINTEXT_LENGTH 9
2019/05/15 11:56:31 :DEBUG:[GNUPG:] DECRYPTION_OKAY
2019/05/15 11:56:31 :DEBUG:[GNUPG:] GOODMDC
2019/05/15 11:56:31 :DEBUG:[GNUPG:] END_DECRYPTION
2019/05/15 11:56:31 :DEBUG:decrypt result: b'tdfsdfsdf'
2019/05/15 11:56:31 :INFO:Getting everything from email
2019/05/15 11:56:31 :DEBUG:15663: gpg --pinentry-mode loopback --status-fd 2 --no-tty --no-verbose --fixed-list-mode --batch --with-colons --homedir gpg --passphrase-fd 0 --decrypt
2019/05/15 11:56:31 :DEBUG:Wrote passphrase
2019/05/15 11:56:31 :DEBUG:data copier: <Thread(Thread-96, initial daemon)>, <_io.BytesIO object at 0x7f54a77a6fc0>, <_io.BufferedWriter name=27>
2019/05/15 11:56:31 :DEBUG:stderr reader: <Thread(Thread-97, initial daemon)>
2019/05/15 11:56:31 :DEBUG:closed output, 163 bytes sent
2019/05/15 11:56:31 :DEBUG:stdout reader: <Thread(Thread-98, initial daemon)>
2019/05/15 11:56:31 :DEBUG:gpg: WARNING: unsafe permissions on homedir '/home/jfk422/Projects/Code/Arcanum/arcanum/gpg'
2019/05/15 11:56:31 :DEBUG:gpg: AES256 encrypted data
2019/05/15 11:56:31 :DEBUG:chunk: b'None'
2019/05/15 11:56:31 :DEBUG:[GNUPG:] NEED_PASSPHRASE_SYM 9 3 2
2019/05/15 11:56:31 :DEBUG:gpg: encrypted with 1 passphrase
2019/05/15 11:56:31 :DEBUG:[GNUPG:] BEGIN_DECRYPTION
2019/05/15 11:56:31 :DEBUG:[GNUPG:] DECRYPTION_COMPLIANCE_MODE 23
2019/05/15 11:56:31 :DEBUG:message ignored: DECRYPTION_COMPLIANCE_MODE, 23
2019/05/15 11:56:31 :DEBUG:[GNUPG:] DECRYPTION_INFO 2 9
2019/05/15 11:56:31 :DEBUG:[GNUPG:] PLAINTEXT 62 1557913555
2019/05/15 11:56:31 :DEBUG:[GNUPG:] PLAINTEXT_LENGTH 4
2019/05/15 11:56:31 :DEBUG:[GNUPG:] DECRYPTION_OKAY
2019/05/15 11:56:31 :DEBUG:[GNUPG:] GOODMDC
2019/05/15 11:56:31 :DEBUG:[GNUPG:] END_DECRYPTION
2019/05/15 11:56:31 :DEBUG:decrypt result: b'None'
2019/05/15 11:56:31 :DEBUG:15667: gpg --pinentry-mode loopback --status-fd 2 --no-tty --no-verbose --fixed-list-mode --batch --with-colons --homedir gpg --passphrase-fd 0 --decrypt
2019/05/15 11:56:31 :DEBUG:Wrote passphrase
2019/05/15 11:56:31 :DEBUG:data copier: <Thread(Thread-99, initial daemon)>, <_io.BytesIO object at 0x7f54a77a6fc0>, <_io.BufferedWriter name=27>
2019/05/15 11:56:31 :DEBUG:stderr reader: <Thread(Thread-100, initial daemon)>
2019/05/15 11:56:31 :DEBUG:stdout reader: <Thread(Thread-101, initial daemon)>
2019/05/15 11:56:31 :DEBUG:closed output, 171 bytes sent
2019/05/15 11:56:32 :DEBUG:gpg: WARNING: unsafe permissions on homedir '/home/jfk422/Projects/Code/Arcanum/arcanum/gpg'
2019/05/15 11:56:32 :DEBUG:gpg: AES256 encrypted data
2019/05/15 11:56:32 :DEBUG:[GNUPG:] NEED_PASSPHRASE_SYM 9 3 2
2019/05/15 11:56:32 :DEBUG:gpg: encrypted with 1 passphrase
2019/05/15 11:56:32 :DEBUG:[GNUPG:] BEGIN_DECRYPTION
2019/05/15 11:56:32 :DEBUG:[GNUPG:] DECRYPTION_COMPLIANCE_MODE 23
2019/05/15 11:56:32 :DEBUG:chunk: b'test@test.com'
2019/05/15 11:56:32 :DEBUG:message ignored: DECRYPTION_COMPLIANCE_MODE, 23
2019/05/15 11:56:32 :DEBUG:[GNUPG:] DECRYPTION_INFO 2 9
2019/05/15 11:56:32 :DEBUG:[GNUPG:] PLAINTEXT 62 1557913575
2019/05/15 11:56:32 :DEBUG:[GNUPG:] PLAINTEXT_LENGTH 13
2019/05/15 11:56:32 :DEBUG:[GNUPG:] DECRYPTION_OKAY
2019/05/15 11:56:32 :DEBUG:[GNUPG:] GOODMDC
2019/05/15 11:56:32 :DEBUG:[GNUPG:] END_DECRYPTION
2019/05/15 11:56:32 :DEBUG:decrypt result: b'test@test.com'
2019/05/15 11:56:32 :DEBUG:15671: gpg --pinentry-mode loopback --status-fd 2 --no-tty --no-verbose --fixed-list-mode --batch --with-colons --homedir gpg --passphrase-fd 0 --decrypt
2019/05/15 11:56:32 :DEBUG:Wrote passphrase
2019/05/15 11:56:32 :DEBUG:data copier: <Thread(Thread-102, initial daemon)>, <_io.BytesIO object at 0x7f54a77a6fc0>, <_io.BufferedWriter name=27>
2019/05/15 11:56:32 :DEBUG:stderr reader: <Thread(Thread-103, initial daemon)>
2019/05/15 11:56:32 :DEBUG:closed output, 179 bytes sent
2019/05/15 11:56:32 :DEBUG:stdout reader: <Thread(Thread-104, initial daemon)>
2019/05/15 11:56:32 :DEBUG:gpg: WARNING: unsafe permissions on homedir '/home/jfk422/Projects/Code/Arcanum/arcanum/gpg'
2019/05/15 11:56:32 :DEBUG:gpg: AES256 encrypted data
2019/05/15 11:56:32 :DEBUG:[GNUPG:] NEED_PASSPHRASE_SYM 9 3 2
2019/05/15 11:56:32 :DEBUG:chunk: b'someMail@mail.com'
2019/05/15 11:56:32 :DEBUG:gpg: encrypted with 1 passphrase
2019/05/15 11:56:32 :DEBUG:[GNUPG:] BEGIN_DECRYPTION
2019/05/15 11:56:32 :DEBUG:[GNUPG:] DECRYPTION_COMPLIANCE_MODE 23
2019/05/15 11:56:32 :DEBUG:message ignored: DECRYPTION_COMPLIANCE_MODE, 23
2019/05/15 11:56:32 :DEBUG:[GNUPG:] DECRYPTION_INFO 2 9
2019/05/15 11:56:32 :DEBUG:[GNUPG:] PLAINTEXT 62 1557913861
2019/05/15 11:56:32 :DEBUG:[GNUPG:] PLAINTEXT_LENGTH 17
2019/05/15 11:56:32 :DEBUG:[GNUPG:] DECRYPTION_OKAY
2019/05/15 11:56:32 :DEBUG:[GNUPG:] GOODMDC
2019/05/15 11:56:32 :DEBUG:[GNUPG:] END_DECRYPTION
2019/05/15 11:56:32 :DEBUG:decrypt result: b'someMail@mail.com'
2019/05/15 11:56:32 :DEBUG:15675: gpg --pinentry-mode loopback --status-fd 2 --no-tty --no-verbose --fixed-list-mode --batch --with-colons --homedir gpg --passphrase-fd 0 --decrypt
2019/05/15 11:56:32 :DEBUG:Wrote passphrase
2019/05/15 11:56:32 :DEBUG:data copier: <Thread(Thread-105, initial daemon)>, <_io.BytesIO object at 0x7f54a77a6fc0>, <_io.BufferedWriter name=27>
2019/05/15 11:56:32 :DEBUG:stderr reader: <Thread(Thread-106, initial daemon)>
2019/05/15 11:56:32 :DEBUG:closed output, 171 bytes sent
2019/05/15 11:56:32 :DEBUG:stdout reader: <Thread(Thread-107, initial daemon)>
2019/05/15 11:56:32 :DEBUG:gpg: WARNING: unsafe permissions on homedir '/home/jfk422/Projects/Code/Arcanum/arcanum/gpg'
2019/05/15 11:56:32 :DEBUG:gpg: AES256 encrypted data
2019/05/15 11:56:32 :DEBUG:[GNUPG:] NEED_PASSPHRASE_SYM 9 3 2
2019/05/15 11:56:32 :DEBUG:gpg: encrypted with 1 passphrase
2019/05/15 11:56:32 :DEBUG:chunk: b'test@test.com'
2019/05/15 11:56:32 :DEBUG:[GNUPG:] BEGIN_DECRYPTION
2019/05/15 11:56:32 :DEBUG:[GNUPG:] DECRYPTION_COMPLIANCE_MODE 23
2019/05/15 11:56:32 :DEBUG:message ignored: DECRYPTION_COMPLIANCE_MODE, 23
2019/05/15 11:56:32 :DEBUG:[GNUPG:] DECRYPTION_INFO 2 9
2019/05/15 11:56:32 :DEBUG:[GNUPG:] PLAINTEXT 62 1557914056
2019/05/15 11:56:32 :DEBUG:[GNUPG:] PLAINTEXT_LENGTH 13
2019/05/15 11:56:32 :DEBUG:[GNUPG:] DECRYPTION_OKAY
2019/05/15 11:56:32 :DEBUG:[GNUPG:] GOODMDC
2019/05/15 11:56:32 :DEBUG:[GNUPG:] END_DECRYPTION
2019/05/15 11:56:32 :DEBUG:decrypt result: b'test@test.com'
2019/05/15 11:56:32 :INFO:Decrypted email addresses
