2019/05/15 11:50:13 AM:INFO:Qt version:5.11.1
2019/05/15 11:50:13 AM:INFO:PyQt version:5.11.2
2019/05/15 11:50:13 AM:INFO:SIP version:4.19.7
2019/05/15 11:50:14 :DEBUG:14252: gpg --status-fd 2 --no-tty --no-verbose --fixed-list-mode --batch --with-colons --homedir gpg --version
2019/05/15 11:50:14 :DEBUG:stderr reader: <Thread(Thread-1, initial daemon)>
2019/05/15 11:50:14 :DEBUG:stdout reader: <Thread(Thread-2, initial daemon)>
2019/05/15 11:50:14 :DEBUG:gpg: WARNING: unsafe permissions on homedir '/home/jfk422/Projects/Code/Arcanum/arcanum/gpg'
2019/05/15 11:50:14 :DEBUG:chunk: b'gpg (GnuPG) 2.2.4\nlibgcrypt 1.8.1\nCopyright (C) 2017 Free Software Foundation, Inc.\nLicense GPLv3+: GNU GPL version 3 or later <https://gnu.org/licenses/gpl.html>\nThis is free software: you are free to change and redistribute it.\nThere is NO WARRANTY, to t'
2019/05/15 11:50:14 :INFO:Connection to database established
2019/05/15 11:50:14 :INFO:Created table passTable: 
2019/05/15 11:50:14 :INFO:Created table configs: 
2019/05/15 11:50:14 :INFO:Created table email: 
2019/05/15 11:50:14 :INFO:Created table keys: 
2019/05/15 11:50:14 :INFO:All tables were created/exist!
2019/05/15 11:50:14 :INFO:Getting row: 1 from table: configs
2019/05/15 11:50:14 :INFO:Getting row: 1 from table: configs
2019/05/15 11:50:14 :DEBUG:14255: gpg --pinentry-mode loopback --status-fd 2 --no-tty --no-verbose --fixed-list-mode --batch --with-colons --homedir gpg --passphrase-fd 0 --decrypt
2019/05/15 11:50:14 :DEBUG:Wrote passphrase
2019/05/15 11:50:14 :DEBUG:data copier: <Thread(Thread-3, initial daemon)>, <_io.BytesIO object at 0x7fce33ae1048>, <_io.BufferedWriter name=27>
2019/05/15 11:50:14 :DEBUG:stderr reader: <Thread(Thread-4, initial daemon)>
2019/05/15 11:50:14 :DEBUG:closed output, 179 bytes sent
2019/05/15 11:50:14 :DEBUG:stdout reader: <Thread(Thread-5, initial daemon)>
2019/05/15 11:50:15 :DEBUG:gpg: WARNING: unsafe permissions on homedir '/home/jfk422/Projects/Code/Arcanum/arcanum/gpg'
2019/05/15 11:50:15 :DEBUG:gpg: AES256 encrypted data
2019/05/15 11:50:15 :DEBUG:[GNUPG:] NEED_PASSPHRASE_SYM 9 3 2
2019/05/15 11:50:15 :DEBUG:gpg: encrypted with 1 passphrase
2019/05/15 11:50:15 :DEBUG:chunk: b'rUD5TRghj9fgqOBf'
2019/05/15 11:50:15 :DEBUG:[GNUPG:] BEGIN_DECRYPTION
2019/05/15 11:50:15 :DEBUG:[GNUPG:] DECRYPTION_COMPLIANCE_MODE 23
2019/05/15 11:50:15 :DEBUG:message ignored: DECRYPTION_COMPLIANCE_MODE, 23
2019/05/15 11:50:15 :DEBUG:[GNUPG:] DECRYPTION_INFO 2 9
2019/05/15 11:50:15 :DEBUG:[GNUPG:] PLAINTEXT 62 1557913554
2019/05/15 11:50:15 :DEBUG:[GNUPG:] PLAINTEXT_LENGTH 16
2019/05/15 11:50:15 :DEBUG:[GNUPG:] DECRYPTION_OKAY
2019/05/15 11:50:15 :DEBUG:[GNUPG:] GOODMDC
2019/05/15 11:50:15 :DEBUG:[GNUPG:] END_DECRYPTION
2019/05/15 11:50:15 :DEBUG:decrypt result: b'rUD5TRghj9fgqOBf'
2019/05/15 11:50:15 :INFO:Getting everything from passTable
2019/05/15 11:50:15 :DEBUG:14259: gpg --pinentry-mode loopback --status-fd 2 --no-tty --no-verbose --fixed-list-mode --batch --with-colons --homedir gpg --passphrase-fd 0 --decrypt
2019/05/15 11:50:15 :DEBUG:Wrote passphrase
2019/05/15 11:50:15 :DEBUG:data copier: <Thread(Thread-6, initial daemon)>, <_io.BytesIO object at 0x7fce33ae70a0>, <_io.BufferedWriter name=27>
2019/05/15 11:50:15 :DEBUG:stderr reader: <Thread(Thread-7, initial daemon)>
2019/05/15 11:50:15 :DEBUG:closed output, 1 bytes sent
2019/05/15 11:50:15 :DEBUG:stdout reader: <Thread(Thread-8, initial daemon)>
2019/05/15 11:50:15 :DEBUG:gpg: WARNING: unsafe permissions on homedir '/home/jfk422/Projects/Code/Arcanum/arcanum/gpg'
2019/05/15 11:50:15 :DEBUG:gpg: [don't know]: invalid packet (ctb=31)
2019/05/15 11:50:15 :DEBUG:[GNUPG:] NODATA 3
2019/05/15 11:50:15 :DEBUG:decrypt result: b''
2019/05/15 11:50:15 :DEBUG:14263: gpg --pinentry-mode loopback --status-fd 2 --no-tty --no-verbose --fixed-list-mode --batch --with-colons --homedir gpg --passphrase-fd 0 --decrypt
2019/05/15 11:50:15 :DEBUG:Wrote passphrase
2019/05/15 11:50:15 :DEBUG:data copier: <Thread(Thread-9, initial daemon)>, <_io.BytesIO object at 0x7fce33ae70a0>, <_io.BufferedWriter name=27>
2019/05/15 11:50:15 :DEBUG:stderr reader: <Thread(Thread-10, initial daemon)>
2019/05/15 11:50:15 :DEBUG:closed output, 163 bytes sent
2019/05/15 11:50:15 :DEBUG:stdout reader: <Thread(Thread-11, initial daemon)>
2019/05/15 11:50:15 :DEBUG:gpg: WARNING: unsafe permissions on homedir '/home/jfk422/Projects/Code/Arcanum/arcanum/gpg'
2019/05/15 11:50:15 :DEBUG:gpg: AES256 encrypted data
2019/05/15 11:50:15 :DEBUG:[GNUPG:] NEED_PASSPHRASE_SYM 9 3 2
2019/05/15 11:50:15 :DEBUG:gpg: encrypted with 1 passphrase
2019/05/15 11:50:15 :DEBUG:chunk: b'test'
2019/05/15 11:50:15 :DEBUG:[GNUPG:] BEGIN_DECRYPTION
2019/05/15 11:50:15 :DEBUG:[GNUPG:] DECRYPTION_COMPLIANCE_MODE 23
2019/05/15 11:50:15 :DEBUG:message ignored: DECRYPTION_COMPLIANCE_MODE, 23
2019/05/15 11:50:15 :DEBUG:[GNUPG:] DECRYPTION_INFO 2 9
2019/05/15 11:50:15 :DEBUG:[GNUPG:] PLAINTEXT 62 1557913575
2019/05/15 11:50:15 :DEBUG:[GNUPG:] PLAINTEXT_LENGTH 4
2019/05/15 11:50:15 :DEBUG:[GNUPG:] DECRYPTION_OKAY
2019/05/15 11:50:15 :DEBUG:[GNUPG:] GOODMDC
2019/05/15 11:50:15 :DEBUG:[GNUPG:] END_DECRYPTION
2019/05/15 11:50:15 :DEBUG:decrypt result: b'test'
2019/05/15 11:50:15 :DEBUG:14269: gpg --pinentry-mode loopback --status-fd 2 --no-tty --no-verbose --fixed-list-mode --batch --with-colons --homedir gpg --passphrase-fd 0 --decrypt
2019/05/15 11:50:15 :DEBUG:Wrote passphrase
2019/05/15 11:50:15 :DEBUG:data copier: <Thread(Thread-12, initial daemon)>, <_io.BytesIO object at 0x7fce33ae70a0>, <_io.BufferedWriter name=27>
2019/05/15 11:50:15 :DEBUG:stderr reader: <Thread(Thread-13, initial daemon)>
2019/05/15 11:50:15 :DEBUG:closed output, 26 bytes sent
2019/05/15 11:50:15 :DEBUG:stdout reader: <Thread(Thread-14, initial daemon)>
2019/05/15 11:50:15 :DEBUG:gpg: WARNING: unsafe permissions on homedir '/home/jfk422/Projects/Code/Arcanum/arcanum/gpg'
2019/05/15 11:50:15 :DEBUG:gpg: no valid OpenPGP data found.
2019/05/15 11:50:15 :DEBUG:[GNUPG:] NODATA 1
2019/05/15 11:50:15 :DEBUG:[GNUPG:] NODATA 2
2019/05/15 11:50:15 :DEBUG:[GNUPG:] FAILURE decrypt 4294967295
2019/05/15 11:50:15 :DEBUG:gpg: decrypt_message failed: Unknown system error
2019/05/15 11:50:15 :DEBUG:decrypt result: b''
2019/05/15 11:50:15 :DEBUG:14273: gpg --pinentry-mode loopback --status-fd 2 --no-tty --no-verbose --fixed-list-mode --batch --with-colons --homedir gpg --passphrase-fd 0 --decrypt
2019/05/15 11:50:15 :DEBUG:Wrote passphrase
2019/05/15 11:50:15 :DEBUG:data copier: <Thread(Thread-15, initial daemon)>, <_io.BytesIO object at 0x7fce33ae70a0>, <_io.BufferedWriter name=27>
2019/05/15 11:50:15 :DEBUG:stderr reader: <Thread(Thread-16, initial daemon)>
2019/05/15 11:50:15 :DEBUG:closed output, 5 bytes sent
2019/05/15 11:50:15 :DEBUG:stdout reader: <Thread(Thread-17, initial daemon)>
2019/05/15 11:50:15 :DEBUG:gpg: WARNING: unsafe permissions on homedir '/home/jfk422/Projects/Code/Arcanum/arcanum/gpg'
2019/05/15 11:50:15 :DEBUG:gpg: no valid OpenPGP data found.
2019/05/15 11:50:15 :DEBUG:[GNUPG:] NODATA 1
2019/05/15 11:50:15 :DEBUG:[GNUPG:] NODATA 2
2019/05/15 11:50:15 :DEBUG:[GNUPG:] FAILURE decrypt 4294967295
2019/05/15 11:50:15 :DEBUG:gpg: decrypt_message failed: Unknown system error
2019/05/15 11:50:15 :DEBUG:decrypt result: b''
2019/05/15 11:50:15 :DEBUG:14277: gpg --pinentry-mode loopback --status-fd 2 --no-tty --no-verbose --fixed-list-mode --batch --with-colons --homedir gpg --passphrase-fd 0 --decrypt
2019/05/15 11:50:15 :DEBUG:Wrote passphrase
2019/05/15 11:50:15 :DEBUG:data copier: <Thread(Thread-18, initial daemon)>, <_io.BytesIO object at 0x7fce33ae70a0>, <_io.BufferedWriter name=27>
2019/05/15 11:50:15 :DEBUG:stderr reader: <Thread(Thread-19, initial daemon)>
2019/05/15 11:50:15 :DEBUG:closed output, 1 bytes sent
2019/05/15 11:50:15 :DEBUG:stdout reader: <Thread(Thread-20, initial daemon)>
2019/05/15 11:50:15 :DEBUG:gpg: WARNING: unsafe permissions on homedir '/home/jfk422/Projects/Code/Arcanum/arcanum/gpg'
2019/05/15 11:50:15 :DEBUG:gpg: [don't know]: invalid packet (ctb=32)
2019/05/15 11:50:15 :DEBUG:[GNUPG:] NODATA 3
2019/05/15 11:50:15 :DEBUG:decrypt result: b''
2019/05/15 11:50:15 :DEBUG:14281: gpg --pinentry-mode loopback --status-fd 2 --no-tty --no-verbose --fixed-list-mode --batch --with-colons --homedir gpg --passphrase-fd 0 --decrypt
2019/05/15 11:50:15 :DEBUG:Wrote passphrase
2019/05/15 11:50:15 :DEBUG:data copier: <Thread(Thread-21, initial daemon)>, <_io.BytesIO object at 0x7fce33ae70a0>, <_io.BufferedWriter name=27>
2019/05/15 11:50:15 :DEBUG:stderr reader: <Thread(Thread-22, initial daemon)>
2019/05/15 11:50:15 :DEBUG:closed output, 4 bytes sent
2019/05/15 11:50:15 :DEBUG:stdout reader: <Thread(Thread-23, initial daemon)>
2019/05/15 11:50:15 :DEBUG:gpg: WARNING: unsafe permissions on homedir '/home/jfk422/Projects/Code/Arcanum/arcanum/gpg'
2019/05/15 11:50:15 :DEBUG:gpg: no valid OpenPGP data found.
2019/05/15 11:50:15 :DEBUG:[GNUPG:] NODATA 1
2019/05/15 11:50:15 :DEBUG:[GNUPG:] NODATA 2
2019/05/15 11:50:15 :DEBUG:[GNUPG:] FAILURE decrypt 4294967295
2019/05/15 11:50:15 :DEBUG:gpg: decrypt_message failed: Unknown system error
2019/05/15 11:50:15 :DEBUG:decrypt result: b''
2019/05/15 11:50:15 :DEBUG:14285: gpg --pinentry-mode loopback --status-fd 2 --no-tty --no-verbose --fixed-list-mode --batch --with-colons --homedir gpg --passphrase-fd 0 --decrypt
2019/05/15 11:50:15 :DEBUG:Wrote passphrase
2019/05/15 11:50:15 :DEBUG:data copier: <Thread(Thread-24, initial daemon)>, <_io.BytesIO object at 0x7fce33ae70a0>, <_io.BufferedWriter name=27>
2019/05/15 11:50:15 :DEBUG:stderr reader: <Thread(Thread-25, initial daemon)>
2019/05/15 11:50:15 :DEBUG:closed output, 4 bytes sent
2019/05/15 11:50:15 :DEBUG:stdout reader: <Thread(Thread-26, initial daemon)>
2019/05/15 11:50:15 :DEBUG:gpg: WARNING: unsafe permissions on homedir '/home/jfk422/Projects/Code/Arcanum/arcanum/gpg'
2019/05/15 11:50:15 :DEBUG:gpg: no valid OpenPGP data found.
2019/05/15 11:50:15 :DEBUG:[GNUPG:] NODATA 1
2019/05/15 11:50:15 :DEBUG:[GNUPG:] NODATA 2
2019/05/15 11:50:15 :DEBUG:[GNUPG:] FAILURE decrypt 4294967295
2019/05/15 11:50:15 :DEBUG:gpg: decrypt_message failed: Unknown system error
2019/05/15 11:50:15 :DEBUG:decrypt result: b''
2019/05/15 11:50:15 :DEBUG:14289: gpg --pinentry-mode loopback --status-fd 2 --no-tty --no-verbose --fixed-list-mode --batch --with-colons --homedir gpg --passphrase-fd 0 --decrypt
2019/05/15 11:50:15 :DEBUG:Wrote passphrase
2019/05/15 11:50:15 :DEBUG:data copier: <Thread(Thread-27, initial daemon)>, <_io.BytesIO object at 0x7fce33ae70a0>, <_io.BufferedWriter name=27>
2019/05/15 11:50:15 :DEBUG:stderr reader: <Thread(Thread-28, initial daemon)>
2019/05/15 11:50:15 :DEBUG:closed output, 4 bytes sent
2019/05/15 11:50:15 :DEBUG:stdout reader: <Thread(Thread-29, initial daemon)>
2019/05/15 11:50:15 :DEBUG:gpg: WARNING: unsafe permissions on homedir '/home/jfk422/Projects/Code/Arcanum/arcanum/gpg'
2019/05/15 11:50:15 :DEBUG:gpg: no valid OpenPGP data found.
2019/05/15 11:50:15 :DEBUG:[GNUPG:] NODATA 1
2019/05/15 11:50:15 :DEBUG:[GNUPG:] NODATA 2
2019/05/15 11:50:15 :DEBUG:[GNUPG:] FAILURE decrypt 4294967295
2019/05/15 11:50:15 :DEBUG:gpg: decrypt_message failed: Unknown system error
2019/05/15 11:50:15 :DEBUG:decrypt result: b''
2019/05/15 11:50:15 :INFO:Getting row: 2 from table: email
2019/05/15 11:50:15 :DEBUG:14293: gpg --pinentry-mode loopback --status-fd 2 --no-tty --no-verbose --fixed-list-mode --batch --with-colons --homedir gpg --passphrase-fd 0 --decrypt
2019/05/15 11:50:15 :DEBUG:Wrote passphrase
2019/05/15 11:50:15 :DEBUG:data copier: <Thread(Thread-30, initial daemon)>, <_io.BytesIO object at 0x7fce33ae70a0>, <_io.BufferedWriter name=27>
2019/05/15 11:50:15 :DEBUG:stderr reader: <Thread(Thread-31, initial daemon)>
2019/05/15 11:50:15 :DEBUG:closed output, 171 bytes sent
2019/05/15 11:50:15 :DEBUG:stdout reader: <Thread(Thread-32, initial daemon)>
2019/05/15 11:50:16 :DEBUG:gpg: WARNING: unsafe permissions on homedir '/home/jfk422/Projects/Code/Arcanum/arcanum/gpg'
2019/05/15 11:50:16 :DEBUG:gpg: AES256 encrypted data
2019/05/15 11:50:16 :DEBUG:chunk: b'test@test.com'
2019/05/15 11:50:16 :DEBUG:[GNUPG:] NEED_PASSPHRASE_SYM 9 3 2
2019/05/15 11:50:16 :DEBUG:gpg: encrypted with 1 passphrase
2019/05/15 11:50:16 :DEBUG:[GNUPG:] BEGIN_DECRYPTION
2019/05/15 11:50:16 :DEBUG:[GNUPG:] DECRYPTION_COMPLIANCE_MODE 23
2019/05/15 11:50:16 :DEBUG:message ignored: DECRYPTION_COMPLIANCE_MODE, 23
2019/05/15 11:50:16 :DEBUG:[GNUPG:] DECRYPTION_INFO 2 9
2019/05/15 11:50:16 :DEBUG:[GNUPG:] PLAINTEXT 62 1557913575
2019/05/15 11:50:16 :DEBUG:[GNUPG:] PLAINTEXT_LENGTH 13
2019/05/15 11:50:16 :DEBUG:[GNUPG:] DECRYPTION_OKAY
2019/05/15 11:50:16 :DEBUG:[GNUPG:] GOODMDC
2019/05/15 11:50:16 :DEBUG:[GNUPG:] END_DECRYPTION
2019/05/15 11:50:16 :DEBUG:decrypt result: b'test@test.com'
2019/05/15 11:50:16 :INFO:Getting row: 1 from table: passTable
2019/05/15 11:50:16 :DEBUG:14297: gpg --pinentry-mode loopback --status-fd 2 --no-tty --no-verbose --fixed-list-mode --batch --with-colons --homedir gpg --passphrase-fd 0 --decrypt
2019/05/15 11:50:16 :DEBUG:Wrote passphrase
2019/05/15 11:50:16 :DEBUG:data copier: <Thread(Thread-33, initial daemon)>, <_io.BytesIO object at 0x7fce33ae70f8>, <_io.BufferedWriter name=27>
2019/05/15 11:50:16 :DEBUG:stderr reader: <Thread(Thread-34, initial daemon)>
2019/05/15 11:50:16 :DEBUG:closed output, 163 bytes sent
2019/05/15 11:50:16 :DEBUG:stdout reader: <Thread(Thread-35, initial daemon)>
2019/05/15 11:50:16 :DEBUG:gpg: WARNING: unsafe permissions on homedir '/home/jfk422/Projects/Code/Arcanum/arcanum/gpg'
2019/05/15 11:50:16 :DEBUG:gpg: AES256 encrypted data
2019/05/15 11:50:16 :DEBUG:[GNUPG:] NEED_PASSPHRASE_SYM 9 3 2
2019/05/15 11:50:16 :DEBUG:chunk: b'test'
2019/05/15 11:50:16 :DEBUG:gpg: encrypted with 1 passphrase
2019/05/15 11:50:16 :DEBUG:[GNUPG:] BEGIN_DECRYPTION
2019/05/15 11:50:16 :DEBUG:[GNUPG:] DECRYPTION_COMPLIANCE_MODE 23
2019/05/15 11:50:16 :DEBUG:message ignored: DECRYPTION_COMPLIANCE_MODE, 23
2019/05/15 11:50:16 :DEBUG:[GNUPG:] DECRYPTION_INFO 2 9
2019/05/15 11:50:16 :DEBUG:[GNUPG:] PLAINTEXT 62 1557913575
2019/05/15 11:50:16 :DEBUG:[GNUPG:] PLAINTEXT_LENGTH 4
2019/05/15 11:50:16 :DEBUG:[GNUPG:] DECRYPTION_OKAY
2019/05/15 11:50:16 :DEBUG:[GNUPG:] GOODMDC
2019/05/15 11:50:16 :DEBUG:[GNUPG:] END_DECRYPTION
2019/05/15 11:50:16 :DEBUG:decrypt result: b'test'
2019/05/15 11:50:16 :DEBUG:14301: gpg --pinentry-mode loopback --status-fd 2 --no-tty --no-verbose --fixed-list-mode --batch --with-colons --homedir gpg --passphrase-fd 0 --decrypt
2019/05/15 11:50:16 :DEBUG:Wrote passphrase
2019/05/15 11:50:16 :DEBUG:data copier: <Thread(Thread-36, initial daemon)>, <_io.BytesIO object at 0x7fce33ae70f8>, <_io.BufferedWriter name=27>
2019/05/15 11:50:16 :DEBUG:stderr reader: <Thread(Thread-37, initial daemon)>
2019/05/15 11:50:16 :DEBUG:closed output, 1 bytes sent
2019/05/15 11:50:16 :DEBUG:gpg: WARNING: unsafe permissions on homedir '/home/jfk422/Projects/Code/Arcanum/arcanum/gpg'
2019/05/15 11:50:16 :DEBUG:stdout reader: <Thread(Thread-38, initial daemon)>
2019/05/15 11:50:16 :DEBUG:gpg: [don't know]: invalid packet (ctb=32)
2019/05/15 11:50:16 :DEBUG:[GNUPG:] NODATA 3
2019/05/15 11:50:16 :DEBUG:decrypt result: b''
2019/05/15 11:50:16 :DEBUG:14305: gpg --pinentry-mode loopback --status-fd 2 --no-tty --no-verbose --fixed-list-mode --batch --with-colons --homedir gpg --passphrase-fd 0 --decrypt
2019/05/15 11:50:16 :DEBUG:Wrote passphrase
2019/05/15 11:50:16 :DEBUG:data copier: <Thread(Thread-39, initial daemon)>, <_io.BytesIO object at 0x7fce33ae70f8>, <_io.BufferedWriter name=27>
2019/05/15 11:50:16 :DEBUG:stderr reader: <Thread(Thread-40, initial daemon)>
2019/05/15 11:50:16 :DEBUG:closed output, 167 bytes sent
2019/05/15 11:50:16 :DEBUG:stdout reader: <Thread(Thread-41, initial daemon)>
2019/05/15 11:50:17 :DEBUG:gpg: WARNING: unsafe permissions on homedir '/home/jfk422/Projects/Code/Arcanum/arcanum/gpg'
2019/05/15 11:50:17 :DEBUG:gpg: AES256 encrypted data
2019/05/15 11:50:17 :DEBUG:[GNUPG:] NEED_PASSPHRASE_SYM 9 3 2
2019/05/15 11:50:17 :DEBUG:chunk: b'testsss'
2019/05/15 11:50:17 :DEBUG:gpg: encrypted with 1 passphrase
2019/05/15 11:50:17 :DEBUG:[GNUPG:] BEGIN_DECRYPTION
2019/05/15 11:50:17 :DEBUG:[GNUPG:] DECRYPTION_COMPLIANCE_MODE 23
2019/05/15 11:50:17 :DEBUG:message ignored: DECRYPTION_COMPLIANCE_MODE, 23
2019/05/15 11:50:17 :DEBUG:[GNUPG:] DECRYPTION_INFO 2 9
2019/05/15 11:50:17 :DEBUG:[GNUPG:] PLAINTEXT 62 1557913733
2019/05/15 11:50:17 :DEBUG:[GNUPG:] PLAINTEXT_LENGTH 7
2019/05/15 11:50:17 :DEBUG:[GNUPG:] DECRYPTION_OKAY
2019/05/15 11:50:17 :DEBUG:[GNUPG:] GOODMDC
2019/05/15 11:50:17 :DEBUG:[GNUPG:] END_DECRYPTION
2019/05/15 11:50:17 :DEBUG:decrypt result: b'testsss'
2019/05/15 11:50:17 :DEBUG:14309: gpg --pinentry-mode loopback --status-fd 2 --no-tty --no-verbose --fixed-list-mode --batch --with-colons --homedir gpg --passphrase-fd 0 --decrypt
2019/05/15 11:50:17 :DEBUG:Wrote passphrase
2019/05/15 11:50:17 :DEBUG:data copier: <Thread(Thread-42, initial daemon)>, <_io.BytesIO object at 0x7fce33ae70f8>, <_io.BufferedWriter name=27>
2019/05/15 11:50:17 :DEBUG:stderr reader: <Thread(Thread-43, initial daemon)>
2019/05/15 11:50:17 :DEBUG:stdout reader: <Thread(Thread-44, initial daemon)>
2019/05/15 11:50:17 :DEBUG:closed output, 26 bytes sent
2019/05/15 11:50:17 :DEBUG:gpg: WARNING: unsafe permissions on homedir '/home/jfk422/Projects/Code/Arcanum/arcanum/gpg'
2019/05/15 11:50:17 :DEBUG:gpg: no valid OpenPGP data found.
2019/05/15 11:50:17 :DEBUG:[GNUPG:] NODATA 1
2019/05/15 11:50:17 :DEBUG:[GNUPG:] NODATA 2
2019/05/15 11:50:17 :DEBUG:[GNUPG:] FAILURE decrypt 4294967295
2019/05/15 11:50:17 :DEBUG:gpg: decrypt_message failed: Unknown system error
2019/05/15 11:50:17 :DEBUG:decrypt result: b''
2019/05/15 11:50:17 :DEBUG:14313: gpg --pinentry-mode loopback --status-fd 2 --no-tty --no-verbose --fixed-list-mode --batch --with-colons --homedir gpg --passphrase-fd 0 --decrypt
2019/05/15 11:50:17 :DEBUG:Wrote passphrase
2019/05/15 11:50:17 :DEBUG:data copier: <Thread(Thread-45, initial daemon)>, <_io.BytesIO object at 0x7fce33ae70f8>, <_io.BufferedWriter name=27>
2019/05/15 11:50:17 :DEBUG:stderr reader: <Thread(Thread-46, initial daemon)>
2019/05/15 11:50:17 :DEBUG:closed output, 4 bytes sent
2019/05/15 11:50:17 :DEBUG:stdout reader: <Thread(Thread-47, initial daemon)>
2019/05/15 11:50:17 :DEBUG:gpg: WARNING: unsafe permissions on homedir '/home/jfk422/Projects/Code/Arcanum/arcanum/gpg'
2019/05/15 11:50:17 :DEBUG:gpg: no valid OpenPGP data found.
2019/05/15 11:50:17 :DEBUG:[GNUPG:] NODATA 1
2019/05/15 11:50:17 :DEBUG:[GNUPG:] NODATA 2
2019/05/15 11:50:17 :DEBUG:[GNUPG:] FAILURE decrypt 4294967295
2019/05/15 11:50:17 :DEBUG:gpg: decrypt_message failed: Unknown system error
2019/05/15 11:50:17 :DEBUG:decrypt result: b''
2019/05/15 11:50:17 :DEBUG:14317: gpg --pinentry-mode loopback --status-fd 2 --no-tty --no-verbose --fixed-list-mode --batch --with-colons --homedir gpg --passphrase-fd 0 --decrypt
2019/05/15 11:50:17 :DEBUG:Wrote passphrase
2019/05/15 11:50:17 :DEBUG:data copier: <Thread(Thread-48, initial daemon)>, <_io.BytesIO object at 0x7fce33ae70f8>, <_io.BufferedWriter name=27>
2019/05/15 11:50:17 :DEBUG:closed output, 1 bytes sent
2019/05/15 11:50:17 :DEBUG:stderr reader: <Thread(Thread-49, initial daemon)>
2019/05/15 11:50:17 :DEBUG:stdout reader: <Thread(Thread-50, initial daemon)>
2019/05/15 11:50:17 :DEBUG:gpg: WARNING: unsafe permissions on homedir '/home/jfk422/Projects/Code/Arcanum/arcanum/gpg'
2019/05/15 11:50:17 :DEBUG:gpg: [don't know]: invalid packet (ctb=31)
2019/05/15 11:50:17 :DEBUG:[GNUPG:] NODATA 3
2019/05/15 11:50:17 :DEBUG:decrypt result: b''
2019/05/15 11:50:17 :DEBUG:14321: gpg --pinentry-mode loopback --status-fd 2 --no-tty --no-verbose --fixed-list-mode --batch --with-colons --homedir gpg --passphrase-fd 0 --decrypt
2019/05/15 11:50:17 :DEBUG:Wrote passphrase
2019/05/15 11:50:17 :DEBUG:data copier: <Thread(Thread-51, initial daemon)>, <_io.BytesIO object at 0x7fce33ae70f8>, <_io.BufferedWriter name=27>
2019/05/15 11:50:17 :DEBUG:stderr reader: <Thread(Thread-52, initial daemon)>
2019/05/15 11:50:17 :DEBUG:closed output, 4 bytes sent
2019/05/15 11:50:17 :DEBUG:stdout reader: <Thread(Thread-53, initial daemon)>
2019/05/15 11:50:17 :DEBUG:gpg: WARNING: unsafe permissions on homedir '/home/jfk422/Projects/Code/Arcanum/arcanum/gpg'
2019/05/15 11:50:17 :DEBUG:gpg: no valid OpenPGP data found.
2019/05/15 11:50:17 :DEBUG:[GNUPG:] NODATA 1
2019/05/15 11:50:17 :DEBUG:[GNUPG:] NODATA 2
2019/05/15 11:50:17 :DEBUG:[GNUPG:] FAILURE decrypt 4294967295
2019/05/15 11:50:17 :DEBUG:gpg: decrypt_message failed: Unknown system error
2019/05/15 11:50:17 :DEBUG:decrypt result: b''
2019/05/15 11:50:17 :DEBUG:14325: gpg --pinentry-mode loopback --status-fd 2 --no-tty --no-verbose --fixed-list-mode --batch --with-colons --homedir gpg --passphrase-fd 0 --decrypt
2019/05/15 11:50:17 :DEBUG:Wrote passphrase
2019/05/15 11:50:17 :DEBUG:data copier: <Thread(Thread-54, initial daemon)>, <_io.BytesIO object at 0x7fce33ae70f8>, <_io.BufferedWriter name=27>
2019/05/15 11:50:17 :DEBUG:stderr reader: <Thread(Thread-55, initial daemon)>
2019/05/15 11:50:17 :DEBUG:closed output, 4 bytes sent
2019/05/15 11:50:17 :DEBUG:stdout reader: <Thread(Thread-56, initial daemon)>
2019/05/15 11:50:17 :DEBUG:gpg: WARNING: unsafe permissions on homedir '/home/jfk422/Projects/Code/Arcanum/arcanum/gpg'
2019/05/15 11:50:17 :DEBUG:gpg: no valid OpenPGP data found.
2019/05/15 11:50:17 :DEBUG:[GNUPG:] NODATA 1
2019/05/15 11:50:17 :DEBUG:[GNUPG:] NODATA 2
2019/05/15 11:50:17 :DEBUG:[GNUPG:] FAILURE decrypt 4294967295
2019/05/15 11:50:17 :DEBUG:gpg: decrypt_message failed: Unknown system error
2019/05/15 11:50:17 :DEBUG:decrypt result: b''
2019/05/15 11:50:17 :DEBUG:14329: gpg --pinentry-mode loopback --status-fd 2 --no-tty --no-verbose --fixed-list-mode --batch --with-colons --homedir gpg --passphrase-fd 0 --decrypt
2019/05/15 11:50:17 :DEBUG:Wrote passphrase
2019/05/15 11:50:17 :DEBUG:data copier: <Thread(Thread-57, initial daemon)>, <_io.BytesIO object at 0x7fce33ae70f8>, <_io.BufferedWriter name=27>
2019/05/15 11:50:17 :DEBUG:closed output, 4 bytes sent
2019/05/15 11:50:17 :DEBUG:stderr reader: <Thread(Thread-58, initial daemon)>
2019/05/15 11:50:17 :DEBUG:stdout reader: <Thread(Thread-59, initial daemon)>
2019/05/15 11:50:17 :DEBUG:gpg: WARNING: unsafe permissions on homedir '/home/jfk422/Projects/Code/Arcanum/arcanum/gpg'
2019/05/15 11:50:17 :DEBUG:gpg: no valid OpenPGP data found.
2019/05/15 11:50:17 :DEBUG:[GNUPG:] NODATA 1
2019/05/15 11:50:17 :DEBUG:[GNUPG:] NODATA 2
2019/05/15 11:50:17 :DEBUG:[GNUPG:] FAILURE decrypt 4294967295
2019/05/15 11:50:17 :DEBUG:gpg: decrypt_message failed: Unknown system error
2019/05/15 11:50:17 :DEBUG:decrypt result: b''
2019/05/15 11:50:17 :INFO:Getting row: 1 from table: email
2019/05/15 11:50:17 :DEBUG:14333: gpg --pinentry-mode loopback --status-fd 2 --no-tty --no-verbose --fixed-list-mode --batch --with-colons --homedir gpg --passphrase-fd 0 --decrypt
2019/05/15 11:50:17 :DEBUG:Wrote passphrase
2019/05/15 11:50:17 :DEBUG:data copier: <Thread(Thread-60, initial daemon)>, <_io.BytesIO object at 0x7fce33ae70a0>, <_io.BufferedWriter name=27>
2019/05/15 11:50:17 :DEBUG:stderr reader: <Thread(Thread-61, initial daemon)>
2019/05/15 11:50:17 :DEBUG:closed output, 163 bytes sent
2019/05/15 11:50:17 :DEBUG:stdout reader: <Thread(Thread-62, initial daemon)>
2019/05/15 11:50:17 :DEBUG:gpg: WARNING: unsafe permissions on homedir '/home/jfk422/Projects/Code/Arcanum/arcanum/gpg'
2019/05/15 11:50:17 :DEBUG:gpg: AES256 encrypted data
2019/05/15 11:50:17 :DEBUG:chunk: b'None'
2019/05/15 11:50:17 :DEBUG:[GNUPG:] NEED_PASSPHRASE_SYM 9 3 2
2019/05/15 11:50:17 :DEBUG:gpg: encrypted with 1 passphrase
2019/05/15 11:50:17 :DEBUG:[GNUPG:] BEGIN_DECRYPTION
2019/05/15 11:50:17 :DEBUG:[GNUPG:] DECRYPTION_COMPLIANCE_MODE 23
2019/05/15 11:50:17 :DEBUG:message ignored: DECRYPTION_COMPLIANCE_MODE, 23
2019/05/15 11:50:17 :DEBUG:[GNUPG:] DECRYPTION_INFO 2 9
2019/05/15 11:50:17 :DEBUG:[GNUPG:] PLAINTEXT 62 1557913555
2019/05/15 11:50:17 :DEBUG:[GNUPG:] PLAINTEXT_LENGTH 4
2019/05/15 11:50:17 :DEBUG:[GNUPG:] DECRYPTION_OKAY
2019/05/15 11:50:17 :DEBUG:[GNUPG:] GOODMDC
2019/05/15 11:50:17 :DEBUG:[GNUPG:] END_DECRYPTION
2019/05/15 11:50:17 :DEBUG:decrypt result: b'None'
2019/05/15 11:50:17 :INFO:Getting row: 2 from table: passTable
2019/05/15 11:50:17 :DEBUG:14337: gpg --pinentry-mode loopback --status-fd 2 --no-tty --no-verbose --fixed-list-mode --batch --with-colons --homedir gpg --passphrase-fd 0 --decrypt
2019/05/15 11:50:17 :DEBUG:Wrote passphrase
2019/05/15 11:50:17 :DEBUG:data copier: <Thread(Thread-63, initial daemon)>, <_io.BytesIO object at 0x7fce33ae70f8>, <_io.BufferedWriter name=27>
2019/05/15 11:50:17 :DEBUG:stderr reader: <Thread(Thread-64, initial daemon)>
2019/05/15 11:50:17 :DEBUG:closed output, 179 bytes sent
2019/05/15 11:50:17 :DEBUG:stdout reader: <Thread(Thread-65, initial daemon)>
2019/05/15 11:50:17 :DEBUG:gpg: WARNING: unsafe permissions on homedir '/home/jfk422/Projects/Code/Arcanum/arcanum/gpg'
2019/05/15 11:50:17 :DEBUG:gpg: AES256 encrypted data
2019/05/15 11:50:17 :DEBUG:chunk: b'4g3bPUPhFSgqtUly'
2019/05/15 11:50:17 :DEBUG:[GNUPG:] NEED_PASSPHRASE_SYM 9 3 2
2019/05/15 11:50:17 :DEBUG:gpg: encrypted with 1 passphrase
2019/05/15 11:50:17 :DEBUG:[GNUPG:] BEGIN_DECRYPTION
2019/05/15 11:50:17 :DEBUG:[GNUPG:] DECRYPTION_COMPLIANCE_MODE 23
2019/05/15 11:50:17 :DEBUG:message ignored: DECRYPTION_COMPLIANCE_MODE, 23
2019/05/15 11:50:17 :DEBUG:[GNUPG:] DECRYPTION_INFO 2 9
2019/05/15 11:50:17 :DEBUG:[GNUPG:] PLAINTEXT 62 1557913733
2019/05/15 11:50:17 :DEBUG:[GNUPG:] PLAINTEXT_LENGTH 16
2019/05/15 11:50:17 :DEBUG:[GNUPG:] DECRYPTION_OKAY
2019/05/15 11:50:17 :DEBUG:[GNUPG:] GOODMDC
2019/05/15 11:50:17 :DEBUG:[GNUPG:] END_DECRYPTION
2019/05/15 11:50:17 :DEBUG:decrypt result: b'4g3bPUPhFSgqtUly'
2019/05/15 11:50:17 :INFO:Getting everything from email
2019/05/15 11:50:17 :DEBUG:14341: gpg --pinentry-mode loopback --status-fd 2 --no-tty --no-verbose --fixed-list-mode --batch --with-colons --homedir gpg --passphrase-fd 0 --decrypt
2019/05/15 11:50:17 :DEBUG:Wrote passphrase
2019/05/15 11:50:17 :DEBUG:data copier: <Thread(Thread-66, initial daemon)>, <_io.BytesIO object at 0x7fce33ae70a0>, <_io.BufferedWriter name=27>
2019/05/15 11:50:17 :DEBUG:stderr reader: <Thread(Thread-67, initial daemon)>
2019/05/15 11:50:17 :DEBUG:closed output, 163 bytes sent
2019/05/15 11:50:17 :DEBUG:stdout reader: <Thread(Thread-68, initial daemon)>
2019/05/15 11:50:18 :DEBUG:gpg: WARNING: unsafe permissions on homedir '/home/jfk422/Projects/Code/Arcanum/arcanum/gpg'
2019/05/15 11:50:18 :DEBUG:gpg: AES256 encrypted data
2019/05/15 11:50:18 :DEBUG:[GNUPG:] NEED_PASSPHRASE_SYM 9 3 2
2019/05/15 11:50:18 :DEBUG:gpg: encrypted with 1 passphrase
2019/05/15 11:50:18 :DEBUG:chunk: b'None'
2019/05/15 11:50:18 :DEBUG:[GNUPG:] BEGIN_DECRYPTION
2019/05/15 11:50:18 :DEBUG:[GNUPG:] DECRYPTION_COMPLIANCE_MODE 23
2019/05/15 11:50:18 :DEBUG:message ignored: DECRYPTION_COMPLIANCE_MODE, 23
2019/05/15 11:50:18 :DEBUG:[GNUPG:] DECRYPTION_INFO 2 9
2019/05/15 11:50:18 :DEBUG:[GNUPG:] PLAINTEXT 62 1557913555
2019/05/15 11:50:18 :DEBUG:[GNUPG:] PLAINTEXT_LENGTH 4
2019/05/15 11:50:18 :DEBUG:[GNUPG:] DECRYPTION_OKAY
2019/05/15 11:50:18 :DEBUG:[GNUPG:] GOODMDC
2019/05/15 11:50:18 :DEBUG:[GNUPG:] END_DECRYPTION
2019/05/15 11:50:18 :DEBUG:decrypt result: b'None'
2019/05/15 11:50:18 :DEBUG:14345: gpg --pinentry-mode loopback --status-fd 2 --no-tty --no-verbose --fixed-list-mode --batch --with-colons --homedir gpg --passphrase-fd 0 --decrypt
2019/05/15 11:50:18 :DEBUG:Wrote passphrase
2019/05/15 11:50:18 :DEBUG:data copier: <Thread(Thread-69, initial daemon)>, <_io.BytesIO object at 0x7fce33ae70a0>, <_io.BufferedWriter name=27>
2019/05/15 11:50:18 :DEBUG:closed output, 171 bytes sent
2019/05/15 11:50:18 :DEBUG:stderr reader: <Thread(Thread-70, initial daemon)>
2019/05/15 11:50:18 :DEBUG:stdout reader: <Thread(Thread-71, initial daemon)>
2019/05/15 11:50:18 :DEBUG:gpg: WARNING: unsafe permissions on homedir '/home/jfk422/Projects/Code/Arcanum/arcanum/gpg'
2019/05/15 11:50:18 :DEBUG:gpg: AES256 encrypted data
2019/05/15 11:50:18 :DEBUG:[GNUPG:] NEED_PASSPHRASE_SYM 9 3 2
2019/05/15 11:50:18 :DEBUG:gpg: encrypted with 1 passphrase
2019/05/15 11:50:18 :DEBUG:[GNUPG:] BEGIN_DECRYPTION
2019/05/15 11:50:18 :DEBUG:[GNUPG:] DECRYPTION_COMPLIANCE_MODE 23
2019/05/15 11:50:18 :DEBUG:chunk: b'test@test.com'
2019/05/15 11:50:18 :DEBUG:message ignored: DECRYPTION_COMPLIANCE_MODE, 23
2019/05/15 11:50:18 :DEBUG:[GNUPG:] DECRYPTION_INFO 2 9
2019/05/15 11:50:18 :DEBUG:[GNUPG:] PLAINTEXT 62 1557913575
2019/05/15 11:50:18 :DEBUG:[GNUPG:] PLAINTEXT_LENGTH 13
2019/05/15 11:50:18 :DEBUG:[GNUPG:] DECRYPTION_OKAY
2019/05/15 11:50:18 :DEBUG:[GNUPG:] GOODMDC
2019/05/15 11:50:18 :DEBUG:[GNUPG:] END_DECRYPTION
2019/05/15 11:50:18 :DEBUG:decrypt result: b'test@test.com'
2019/05/15 11:50:18 :INFO:Decrypted email addresses
2019/05/15 11:51:00 :INFO:Getting everything from email
2019/05/15 11:51:00 :DEBUG:14388: gpg --pinentry-mode loopback --status-fd 2 --no-tty --no-verbose --fixed-list-mode --batch --with-colons --homedir gpg --passphrase-fd 0 --symmetric --armor
2019/05/15 11:51:00 :DEBUG:Wrote passphrase
2019/05/15 11:51:00 :DEBUG:data copier: <Thread(Thread-72, initial daemon)>, <_io.BytesIO object at 0x7fce33ae70a0>, <_io.BufferedWriter name=27>
2019/05/15 11:51:00 :DEBUG:stderr reader: <Thread(Thread-73, initial daemon)>
2019/05/15 11:51:00 :DEBUG:closed output, 17 bytes sent
2019/05/15 11:51:00 :DEBUG:stdout reader: <Thread(Thread-74, initial daemon)>
2019/05/15 11:51:01 :DEBUG:chunk: b'-----BEGIN PGP MESSAGE-----\n\njA0ECQMCqXRZnTXLTzD/0kUBrh5WXq+LobJeOKAGYI8KL/+inAugxXQzE9tFvVMG\njktftkIoJVp6jmgQTwiTeDTfH25vyhfKcybrSUu5A9GQs7YOXlY=\n=R8ec\n-----END PGP MESSAGE-----\n'
2019/05/15 11:51:01 :DEBUG:gpg: WARNING: unsafe permissions on homedir '/home/jfk422/Projects/Code/Arcanum/arcanum/gpg'
2019/05/15 11:51:01 :DEBUG:[GNUPG:] NEED_PASSPHRASE_SYM 9 3 2
2019/05/15 11:51:01 :DEBUG:[GNUPG:] BEGIN_ENCRYPTION 2 9
2019/05/15 11:51:01 :DEBUG:[GNUPG:] END_ENCRYPTION
2019/05/15 11:51:01 :DEBUG:encrypt result: b'-----BEGIN PGP MESSAGE-----\n\njA0ECQMCqXRZnTXLTzD/0kUBrh5WXq+LobJeOKAGYI8KL/+inAugxXQzE9tFvVMG\njktftkIoJVp6jmgQTwiTeDTfH25vyhfKcybrSUu5A9GQs7YOXlY=\n=R8ec\n-----END PGP MESSAGE-----\n'
2019/05/15 11:51:01 :DEBUG:14393: gpg --pinentry-mode loopback --status-fd 2 --no-tty --no-verbose --fixed-list-mode --batch --with-colons --homedir gpg --passphrase-fd 0 --symmetric --armor
2019/05/15 11:51:01 :DEBUG:Wrote passphrase
2019/05/15 11:51:01 :DEBUG:data copier: <Thread(Thread-75, initial daemon)>, <_io.BytesIO object at 0x7fce33ae70a0>, <_io.BufferedWriter name=27>
2019/05/15 11:51:01 :DEBUG:stderr reader: <Thread(Thread-76, initial daemon)>
2019/05/15 11:51:01 :DEBUG:closed output, 17 bytes sent
2019/05/15 11:51:01 :DEBUG:stdout reader: <Thread(Thread-77, initial daemon)>
2019/05/15 11:51:01 :DEBUG:gpg: WARNING: unsafe permissions on homedir '/home/jfk422/Projects/Code/Arcanum/arcanum/gpg'
2019/05/15 11:51:01 :DEBUG:chunk: b'-----BEGIN PGP MESSAGE-----\n\njA0ECQMCj1K8qlfTlYf/0kUBjmTxIZAcWAbYOYWg+J9f2L+BgnLU652QIwPF2/7k\nvy37BIAPfckLeCGpXkpkTU57CmTzO6GCrjbOgCqGHmd60DbBXQA=\n=Vf/J\n-----END PGP MESSAGE-----\n'
2019/05/15 11:51:01 :DEBUG:[GNUPG:] NEED_PASSPHRASE_SYM 9 3 2
2019/05/15 11:51:01 :DEBUG:[GNUPG:] BEGIN_ENCRYPTION 2 9
2019/05/15 11:51:01 :DEBUG:[GNUPG:] END_ENCRYPTION
2019/05/15 11:51:01 :DEBUG:encrypt result: b'-----BEGIN PGP MESSAGE-----\n\njA0ECQMCj1K8qlfTlYf/0kUBjmTxIZAcWAbYOYWg+J9f2L+BgnLU652QIwPF2/7k\nvy37BIAPfckLeCGpXkpkTU57CmTzO6GCrjbOgCqGHmd60DbBXQA=\n=Vf/J\n-----END PGP MESSAGE-----\n'
2019/05/15 11:51:01 :INFO:Inserted data into email table
2019/05/15 11:51:01 :DEBUG:14398: gpg --pinentry-mode loopback --status-fd 2 --no-tty --no-verbose --fixed-list-mode --batch --with-colons --homedir gpg --passphrase-fd 0 --symmetric --armor
2019/05/15 11:51:01 :DEBUG:Wrote passphrase
2019/05/15 11:51:01 :DEBUG:data copier: <Thread(Thread-78, initial daemon)>, <_io.BytesIO object at 0x7fce33ae70a0>, <_io.BufferedWriter name=27>
2019/05/15 11:51:01 :DEBUG:stderr reader: <Thread(Thread-79, initial daemon)>
2019/05/15 11:51:01 :DEBUG:closed output, 12 bytes sent
2019/05/15 11:51:01 :DEBUG:stdout reader: <Thread(Thread-80, initial daemon)>
2019/05/15 11:51:02 :DEBUG:gpg: WARNING: unsafe permissions on homedir '/home/jfk422/Projects/Code/Arcanum/arcanum/gpg'
2019/05/15 11:51:02 :DEBUG:chunk: b'-----BEGIN PGP MESSAGE-----\n\njA0ECQMCgpKhk4uKQfT/0kEBMVOpRdEX0jY6dGRwVjo/j4dmGsPEsX4ihHmJBpOp\nQdcyeaOQF6dJES/BW1pxqJB2Olp4rvMS/MPrOsDkj+yTRw==\n=GfA9\n-----END PGP MESSAGE-----\n'
2019/05/15 11:51:02 :DEBUG:[GNUPG:] NEED_PASSPHRASE_SYM 9 3 2
2019/05/15 11:51:02 :DEBUG:[GNUPG:] BEGIN_ENCRYPTION 2 9
2019/05/15 11:51:02 :DEBUG:[GNUPG:] END_ENCRYPTION
2019/05/15 11:51:02 :DEBUG:encrypt result: b'-----BEGIN PGP MESSAGE-----\n\njA0ECQMCgpKhk4uKQfT/0kEBMVOpRdEX0jY6dGRwVjo/j4dmGsPEsX4ihHmJBpOp\nQdcyeaOQF6dJES/BW1pxqJB2Olp4rvMS/MPrOsDkj+yTRw==\n=GfA9\n-----END PGP MESSAGE-----\n'
2019/05/15 11:51:02 :DEBUG:14403: gpg --pinentry-mode loopback --status-fd 2 --no-tty --no-verbose --fixed-list-mode --batch --with-colons --homedir gpg --passphrase-fd 0 --symmetric --armor
2019/05/15 11:51:02 :DEBUG:Wrote passphrase
2019/05/15 11:51:02 :DEBUG:data copier: <Thread(Thread-81, initial daemon)>, <_io.BytesIO object at 0x7fce33ae70a0>, <_io.BufferedWriter name=27>
2019/05/15 11:51:02 :DEBUG:stderr reader: <Thread(Thread-82, initial daemon)>
2019/05/15 11:51:02 :DEBUG:closed output, 9 bytes sent
2019/05/15 11:51:02 :DEBUG:stdout reader: <Thread(Thread-83, initial daemon)>
2019/05/15 11:51:02 :DEBUG:chunk: b'-----BEGIN PGP MESSAGE-----\n\njA0ECQMCAOKgv9m/pg//0jsBH/rAACuy05CMHKpQvfX5IjLRhhzUG7rY4Cu3vTmy\nZswYXieUbX9WudzjQ1zb/Nndeh24f73x2B9A6w==\n=OOXA\n-----END PGP MESSAGE-----\n'
2019/05/15 11:51:02 :DEBUG:gpg: WARNING: unsafe permissions on homedir '/home/jfk422/Projects/Code/Arcanum/arcanum/gpg'
2019/05/15 11:51:02 :DEBUG:[GNUPG:] NEED_PASSPHRASE_SYM 9 3 2
2019/05/15 11:51:02 :DEBUG:[GNUPG:] BEGIN_ENCRYPTION 2 9
2019/05/15 11:51:02 :DEBUG:[GNUPG:] END_ENCRYPTION
2019/05/15 11:51:02 :DEBUG:encrypt result: b'-----BEGIN PGP MESSAGE-----\n\njA0ECQMCAOKgv9m/pg//0jsBH/rAACuy05CMHKpQvfX5IjLRhhzUG7rY4Cu3vTmy\nZswYXieUbX9WudzjQ1zb/Nndeh24f73x2B9A6w==\n=OOXA\n-----END PGP MESSAGE-----\n'
2019/05/15 11:51:02 :DEBUG:14408: gpg --pinentry-mode loopback --status-fd 2 --no-tty --no-verbose --fixed-list-mode --batch --with-colons --homedir gpg --passphrase-fd 0 --symmetric --armor
2019/05/15 11:51:02 :DEBUG:Wrote passphrase
2019/05/15 11:51:02 :DEBUG:data copier: <Thread(Thread-84, initial daemon)>, <_io.BytesIO object at 0x7fce33ae70a0>, <_io.BufferedWriter name=27>
2019/05/15 11:51:02 :DEBUG:stderr reader: <Thread(Thread-85, initial daemon)>
2019/05/15 11:51:02 :DEBUG:closed output, 14 bytes sent
2019/05/15 11:51:02 :DEBUG:stdout reader: <Thread(Thread-86, initial daemon)>
2019/05/15 11:51:02 :DEBUG:gpg: WARNING: unsafe permissions on homedir '/home/jfk422/Projects/Code/Arcanum/arcanum/gpg'
2019/05/15 11:51:02 :DEBUG:chunk: b'-----BEGIN PGP MESSAGE-----\n\njA0ECQMC3sYocdopC4r/0kAB+HfC5jJ3UYPLzsGCEqEhmkEMI/PAmJOgNTA11EHU\nIZI0JW8ynvIXAgAws9BBuAJ/QfcE/eBtiO/byVo5WTtW\n=yQSu\n-----END PGP MESSAGE-----\n'
2019/05/15 11:51:02 :DEBUG:[GNUPG:] NEED_PASSPHRASE_SYM 9 3 2
2019/05/15 11:51:02 :DEBUG:[GNUPG:] BEGIN_ENCRYPTION 2 9
2019/05/15 11:51:02 :DEBUG:[GNUPG:] END_ENCRYPTION
2019/05/15 11:51:02 :DEBUG:encrypt result: b'-----BEGIN PGP MESSAGE-----\n\njA0ECQMC3sYocdopC4r/0kAB+HfC5jJ3UYPLzsGCEqEhmkEMI/PAmJOgNTA11EHU\nIZI0JW8ynvIXAgAws9BBuAJ/QfcE/eBtiO/byVo5WTtW\n=yQSu\n-----END PGP MESSAGE-----\n'
2019/05/15 11:51:02 :INFO:Password is being inserted
2019/05/15 11:51:02 :INFO:Inserted data into passwords table
2019/05/15 11:51:02 :INFO:Getting everything from passTable
2019/05/15 11:51:02 :DEBUG:14413: gpg --pinentry-mode loopback --status-fd 2 --no-tty --no-verbose --fixed-list-mode --batch --with-colons --homedir gpg --passphrase-fd 0 --decrypt
2019/05/15 11:51:02 :DEBUG:Wrote passphrase
2019/05/15 11:51:02 :DEBUG:data copier: <Thread(Thread-87, initial daemon)>, <_io.BytesIO object at 0x7fce33ae71a8>, <_io.BufferedWriter name=27>
2019/05/15 11:51:02 :DEBUG:stderr reader: <Thread(Thread-88, initial daemon)>
2019/05/15 11:51:02 :DEBUG:closed output, 1 bytes sent
2019/05/15 11:51:02 :DEBUG:stdout reader: <Thread(Thread-89, initial daemon)>
2019/05/15 11:51:02 :DEBUG:gpg: WARNING: unsafe permissions on homedir '/home/jfk422/Projects/Code/Arcanum/arcanum/gpg'
2019/05/15 11:51:02 :DEBUG:gpg: [don't know]: invalid packet (ctb=31)
2019/05/15 11:51:02 :DEBUG:[GNUPG:] NODATA 3
2019/05/15 11:51:02 :DEBUG:decrypt result: b''
2019/05/15 11:51:02 :DEBUG:14417: gpg --pinentry-mode loopback --status-fd 2 --no-tty --no-verbose --fixed-list-mode --batch --with-colons --homedir gpg --passphrase-fd 0 --decrypt
2019/05/15 11:51:02 :DEBUG:Wrote passphrase
2019/05/15 11:51:02 :DEBUG:data copier: <Thread(Thread-90, initial daemon)>, <_io.BytesIO object at 0x7fce33ae71a8>, <_io.BufferedWriter name=27>
2019/05/15 11:51:02 :DEBUG:stderr reader: <Thread(Thread-91, initial daemon)>
2019/05/15 11:51:02 :DEBUG:closed output, 163 bytes sent
2019/05/15 11:51:02 :DEBUG:stdout reader: <Thread(Thread-92, initial daemon)>
2019/05/15 11:51:03 :DEBUG:gpg: WARNING: unsafe permissions on homedir '/home/jfk422/Projects/Code/Arcanum/arcanum/gpg'
2019/05/15 11:51:03 :DEBUG:gpg: AES256 encrypted data
2019/05/15 11:51:03 :DEBUG:[GNUPG:] NEED_PASSPHRASE_SYM 9 3 2
2019/05/15 11:51:03 :DEBUG:gpg: encrypted with 1 passphrase
2019/05/15 11:51:03 :DEBUG:chunk: b'test'
2019/05/15 11:51:03 :DEBUG:[GNUPG:] BEGIN_DECRYPTION
2019/05/15 11:51:03 :DEBUG:[GNUPG:] DECRYPTION_COMPLIANCE_MODE 23
2019/05/15 11:51:03 :DEBUG:message ignored: DECRYPTION_COMPLIANCE_MODE, 23
2019/05/15 11:51:03 :DEBUG:[GNUPG:] DECRYPTION_INFO 2 9
2019/05/15 11:51:03 :DEBUG:[GNUPG:] PLAINTEXT 62 1557913575
2019/05/15 11:51:03 :DEBUG:[GNUPG:] PLAINTEXT_LENGTH 4
2019/05/15 11:51:03 :DEBUG:[GNUPG:] DECRYPTION_OKAY
2019/05/15 11:51:03 :DEBUG:[GNUPG:] GOODMDC
2019/05/15 11:51:03 :DEBUG:[GNUPG:] END_DECRYPTION
2019/05/15 11:51:03 :DEBUG:decrypt result: b'test'
2019/05/15 11:51:03 :DEBUG:14421: gpg --pinentry-mode loopback --status-fd 2 --no-tty --no-verbose --fixed-list-mode --batch --with-colons --homedir gpg --passphrase-fd 0 --decrypt
2019/05/15 11:51:03 :DEBUG:Wrote passphrase
2019/05/15 11:51:03 :DEBUG:data copier: <Thread(Thread-93, initial daemon)>, <_io.BytesIO object at 0x7fce33ae71a8>, <_io.BufferedWriter name=27>
2019/05/15 11:51:03 :DEBUG:stderr reader: <Thread(Thread-94, initial daemon)>
2019/05/15 11:51:03 :DEBUG:closed output, 26 bytes sent
2019/05/15 11:51:03 :DEBUG:stdout reader: <Thread(Thread-95, initial daemon)>
2019/05/15 11:51:03 :DEBUG:gpg: WARNING: unsafe permissions on homedir '/home/jfk422/Projects/Code/Arcanum/arcanum/gpg'
2019/05/15 11:51:03 :DEBUG:gpg: no valid OpenPGP data found.
2019/05/15 11:51:03 :DEBUG:[GNUPG:] NODATA 1
2019/05/15 11:51:03 :DEBUG:[GNUPG:] NODATA 2
2019/05/15 11:51:03 :DEBUG:[GNUPG:] FAILURE decrypt 4294967295
2019/05/15 11:51:03 :DEBUG:gpg: decrypt_message failed: Unknown system error
2019/05/15 11:51:03 :DEBUG:decrypt result: b''
2019/05/15 11:51:03 :DEBUG:14425: gpg --pinentry-mode loopback --status-fd 2 --no-tty --no-verbose --fixed-list-mode --batch --with-colons --homedir gpg --passphrase-fd 0 --decrypt
2019/05/15 11:51:03 :DEBUG:Wrote passphrase
2019/05/15 11:51:03 :DEBUG:data copier: <Thread(Thread-96, initial daemon)>, <_io.BytesIO object at 0x7fce33ae71a8>, <_io.BufferedWriter name=27>
2019/05/15 11:51:03 :DEBUG:stderr reader: <Thread(Thread-97, initial daemon)>
2019/05/15 11:51:03 :DEBUG:closed output, 5 bytes sent
2019/05/15 11:51:03 :DEBUG:stdout reader: <Thread(Thread-98, initial daemon)>
2019/05/15 11:51:03 :DEBUG:gpg: WARNING: unsafe permissions on homedir '/home/jfk422/Projects/Code/Arcanum/arcanum/gpg'
2019/05/15 11:51:03 :DEBUG:gpg: no valid OpenPGP data found.
2019/05/15 11:51:03 :DEBUG:[GNUPG:] NODATA 1
2019/05/15 11:51:03 :DEBUG:[GNUPG:] NODATA 2
2019/05/15 11:51:03 :DEBUG:[GNUPG:] FAILURE decrypt 4294967295
2019/05/15 11:51:03 :DEBUG:gpg: decrypt_message failed: Unknown system error
2019/05/15 11:51:03 :DEBUG:decrypt result: b''
2019/05/15 11:51:03 :DEBUG:14429: gpg --pinentry-mode loopback --status-fd 2 --no-tty --no-verbose --fixed-list-mode --batch --with-colons --homedir gpg --passphrase-fd 0 --decrypt
2019/05/15 11:51:03 :DEBUG:Wrote passphrase
2019/05/15 11:51:03 :DEBUG:data copier: <Thread(Thread-99, initial daemon)>, <_io.BytesIO object at 0x7fce33ae71a8>, <_io.BufferedWriter name=27>
2019/05/15 11:51:03 :DEBUG:stderr reader: <Thread(Thread-100, initial daemon)>
2019/05/15 11:51:03 :DEBUG:closed output, 1 bytes sent
2019/05/15 11:51:03 :DEBUG:stdout reader: <Thread(Thread-101, initial daemon)>
2019/05/15 11:51:03 :DEBUG:gpg: WARNING: unsafe permissions on homedir '/home/jfk422/Projects/Code/Arcanum/arcanum/gpg'
2019/05/15 11:51:03 :DEBUG:gpg: [don't know]: invalid packet (ctb=32)
2019/05/15 11:51:03 :DEBUG:[GNUPG:] NODATA 3
2019/05/15 11:51:03 :DEBUG:decrypt result: b''
2019/05/15 11:51:03 :DEBUG:14433: gpg --pinentry-mode loopback --status-fd 2 --no-tty --no-verbose --fixed-list-mode --batch --with-colons --homedir gpg --passphrase-fd 0 --decrypt
2019/05/15 11:51:03 :DEBUG:Wrote passphrase
2019/05/15 11:51:03 :DEBUG:data copier: <Thread(Thread-102, initial daemon)>, <_io.BytesIO object at 0x7fce33ae71a8>, <_io.BufferedWriter name=27>
2019/05/15 11:51:03 :DEBUG:stderr reader: <Thread(Thread-103, initial daemon)>
2019/05/15 11:51:03 :DEBUG:stdout reader: <Thread(Thread-104, initial daemon)>
2019/05/15 11:51:03 :DEBUG:closed output, 4 bytes sent
2019/05/15 11:51:03 :DEBUG:gpg: WARNING: unsafe permissions on homedir '/home/jfk422/Projects/Code/Arcanum/arcanum/gpg'
2019/05/15 11:51:03 :DEBUG:gpg: no valid OpenPGP data found.
2019/05/15 11:51:03 :DEBUG:[GNUPG:] NODATA 1
2019/05/15 11:51:03 :DEBUG:[GNUPG:] NODATA 2
2019/05/15 11:51:03 :DEBUG:[GNUPG:] FAILURE decrypt 4294967295
2019/05/15 11:51:03 :DEBUG:gpg: decrypt_message failed: Unknown system error
2019/05/15 11:51:03 :DEBUG:decrypt result: b''
2019/05/15 11:51:03 :DEBUG:14437: gpg --pinentry-mode loopback --status-fd 2 --no-tty --no-verbose --fixed-list-mode --batch --with-colons --homedir gpg --passphrase-fd 0 --decrypt
2019/05/15 11:51:03 :DEBUG:Wrote passphrase
2019/05/15 11:51:03 :DEBUG:data copier: <Thread(Thread-105, initial daemon)>, <_io.BytesIO object at 0x7fce33ae71a8>, <_io.BufferedWriter name=27>
2019/05/15 11:51:03 :DEBUG:stderr reader: <Thread(Thread-106, initial daemon)>
2019/05/15 11:51:03 :DEBUG:closed output, 4 bytes sent
2019/05/15 11:51:03 :DEBUG:stdout reader: <Thread(Thread-107, initial daemon)>
2019/05/15 11:51:03 :DEBUG:gpg: WARNING: unsafe permissions on homedir '/home/jfk422/Projects/Code/Arcanum/arcanum/gpg'
2019/05/15 11:51:03 :DEBUG:gpg: no valid OpenPGP data found.
2019/05/15 11:51:03 :DEBUG:[GNUPG:] NODATA 1
2019/05/15 11:51:03 :DEBUG:[GNUPG:] NODATA 2
2019/05/15 11:51:03 :DEBUG:[GNUPG:] FAILURE decrypt 4294967295
2019/05/15 11:51:03 :DEBUG:gpg: decrypt_message failed: Unknown system error
2019/05/15 11:51:03 :DEBUG:decrypt result: b''
2019/05/15 11:51:03 :DEBUG:14441: gpg --pinentry-mode loopback --status-fd 2 --no-tty --no-verbose --fixed-list-mode --batch --with-colons --homedir gpg --passphrase-fd 0 --decrypt
2019/05/15 11:51:03 :DEBUG:Wrote passphrase
2019/05/15 11:51:03 :DEBUG:data copier: <Thread(Thread-108, initial daemon)>, <_io.BytesIO object at 0x7fce33ae71a8>, <_io.BufferedWriter name=27>
2019/05/15 11:51:03 :DEBUG:stderr reader: <Thread(Thread-109, initial daemon)>
2019/05/15 11:51:03 :DEBUG:closed output, 4 bytes sent
2019/05/15 11:51:03 :DEBUG:stdout reader: <Thread(Thread-110, initial daemon)>
2019/05/15 11:51:03 :DEBUG:gpg: WARNING: unsafe permissions on homedir '/home/jfk422/Projects/Code/Arcanum/arcanum/gpg'
2019/05/15 11:51:03 :DEBUG:gpg: no valid OpenPGP data found.
2019/05/15 11:51:03 :DEBUG:[GNUPG:] NODATA 1
2019/05/15 11:51:03 :DEBUG:[GNUPG:] NODATA 2
2019/05/15 11:51:03 :DEBUG:[GNUPG:] FAILURE decrypt 4294967295
2019/05/15 11:51:03 :DEBUG:gpg: decrypt_message failed: Unknown system error
2019/05/15 11:51:03 :DEBUG:decrypt result: b''
2019/05/15 11:51:03 :INFO:Getting row: 2 from table: email
2019/05/15 11:51:03 :DEBUG:14445: gpg --pinentry-mode loopback --status-fd 2 --no-tty --no-verbose --fixed-list-mode --batch --with-colons --homedir gpg --passphrase-fd 0 --decrypt
2019/05/15 11:51:03 :DEBUG:Wrote passphrase
2019/05/15 11:51:03 :DEBUG:data copier: <Thread(Thread-111, initial daemon)>, <_io.BytesIO object at 0x7fce33ae71a8>, <_io.BufferedWriter name=27>
2019/05/15 11:51:03 :DEBUG:stderr reader: <Thread(Thread-112, initial daemon)>
2019/05/15 11:51:03 :DEBUG:closed output, 171 bytes sent
2019/05/15 11:51:03 :DEBUG:stdout reader: <Thread(Thread-113, initial daemon)>
2019/05/15 11:51:03 :DEBUG:gpg: WARNING: unsafe permissions on homedir '/home/jfk422/Projects/Code/Arcanum/arcanum/gpg'
2019/05/15 11:51:03 :DEBUG:gpg: AES256 encrypted data
2019/05/15 11:51:03 :DEBUG:chunk: b'test@test.com'
2019/05/15 11:51:03 :DEBUG:[GNUPG:] NEED_PASSPHRASE_SYM 9 3 2
2019/05/15 11:51:03 :DEBUG:gpg: encrypted with 1 passphrase
2019/05/15 11:51:03 :DEBUG:[GNUPG:] BEGIN_DECRYPTION
2019/05/15 11:51:03 :DEBUG:[GNUPG:] DECRYPTION_COMPLIANCE_MODE 23
2019/05/15 11:51:03 :DEBUG:message ignored: DECRYPTION_COMPLIANCE_MODE, 23
2019/05/15 11:51:03 :DEBUG:[GNUPG:] DECRYPTION_INFO 2 9
2019/05/15 11:51:03 :DEBUG:[GNUPG:] PLAINTEXT 62 1557913575
2019/05/15 11:51:03 :DEBUG:[GNUPG:] PLAINTEXT_LENGTH 13
2019/05/15 11:51:03 :DEBUG:[GNUPG:] DECRYPTION_OKAY
2019/05/15 11:51:03 :DEBUG:[GNUPG:] GOODMDC
2019/05/15 11:51:03 :DEBUG:[GNUPG:] END_DECRYPTION
2019/05/15 11:51:03 :DEBUG:decrypt result: b'test@test.com'
2019/05/15 11:51:03 :INFO:Getting row: 1 from table: passTable
2019/05/15 11:51:03 :DEBUG:14451: gpg --pinentry-mode loopback --status-fd 2 --no-tty --no-verbose --fixed-list-mode --batch --with-colons --homedir gpg --passphrase-fd 0 --decrypt
2019/05/15 11:51:03 :DEBUG:Wrote passphrase
2019/05/15 11:51:03 :DEBUG:data copier: <Thread(Thread-114, initial daemon)>, <_io.BytesIO object at 0x7fce33ae70a0>, <_io.BufferedWriter name=27>
2019/05/15 11:51:03 :DEBUG:closed output, 163 bytes sent
2019/05/15 11:51:03 :DEBUG:stderr reader: <Thread(Thread-115, initial daemon)>
2019/05/15 11:51:03 :DEBUG:stdout reader: <Thread(Thread-116, initial daemon)>
2019/05/15 11:51:04 :DEBUG:gpg: WARNING: unsafe permissions on homedir '/home/jfk422/Projects/Code/Arcanum/arcanum/gpg'
2019/05/15 11:51:04 :DEBUG:gpg: AES256 encrypted data
2019/05/15 11:51:04 :DEBUG:chunk: b'test'
2019/05/15 11:51:04 :DEBUG:[GNUPG:] NEED_PASSPHRASE_SYM 9 3 2
2019/05/15 11:51:04 :DEBUG:gpg: encrypted with 1 passphrase
2019/05/15 11:51:04 :DEBUG:[GNUPG:] BEGIN_DECRYPTION
2019/05/15 11:51:04 :DEBUG:[GNUPG:] DECRYPTION_COMPLIANCE_MODE 23
2019/05/15 11:51:04 :DEBUG:message ignored: DECRYPTION_COMPLIANCE_MODE, 23
2019/05/15 11:51:04 :DEBUG:[GNUPG:] DECRYPTION_INFO 2 9
2019/05/15 11:51:04 :DEBUG:[GNUPG:] PLAINTEXT 62 1557913575
2019/05/15 11:51:04 :DEBUG:[GNUPG:] PLAINTEXT_LENGTH 4
2019/05/15 11:51:04 :DEBUG:[GNUPG:] DECRYPTION_OKAY
2019/05/15 11:51:04 :DEBUG:[GNUPG:] GOODMDC
2019/05/15 11:51:04 :DEBUG:[GNUPG:] END_DECRYPTION
2019/05/15 11:51:04 :DEBUG:decrypt result: b'test'
2019/05/15 11:51:04 :DEBUG:14455: gpg --pinentry-mode loopback --status-fd 2 --no-tty --no-verbose --fixed-list-mode --batch --with-colons --homedir gpg --passphrase-fd 0 --decrypt
2019/05/15 11:51:04 :DEBUG:Wrote passphrase
2019/05/15 11:51:04 :DEBUG:data copier: <Thread(Thread-117, initial daemon)>, <_io.BytesIO object at 0x7fce33ae70a0>, <_io.BufferedWriter name=27>
2019/05/15 11:51:04 :DEBUG:stderr reader: <Thread(Thread-118, initial daemon)>
2019/05/15 11:51:04 :DEBUG:closed output, 1 bytes sent
2019/05/15 11:51:04 :DEBUG:stdout reader: <Thread(Thread-119, initial daemon)>
2019/05/15 11:51:04 :DEBUG:gpg: WARNING: unsafe permissions on homedir '/home/jfk422/Projects/Code/Arcanum/arcanum/gpg'
2019/05/15 11:51:04 :DEBUG:gpg: [don't know]: invalid packet (ctb=32)
2019/05/15 11:51:04 :DEBUG:[GNUPG:] NODATA 3
2019/05/15 11:51:04 :DEBUG:decrypt result: b''
2019/05/15 11:51:04 :DEBUG:14459: gpg --pinentry-mode loopback --status-fd 2 --no-tty --no-verbose --fixed-list-mode --batch --with-colons --homedir gpg --passphrase-fd 0 --decrypt
2019/05/15 11:51:04 :DEBUG:Wrote passphrase
2019/05/15 11:51:04 :DEBUG:data copier: <Thread(Thread-120, initial daemon)>, <_io.BytesIO object at 0x7fce33ae70a0>, <_io.BufferedWriter name=27>
2019/05/15 11:51:04 :DEBUG:stderr reader: <Thread(Thread-121, initial daemon)>
2019/05/15 11:51:04 :DEBUG:closed output, 167 bytes sent
2019/05/15 11:51:04 :DEBUG:stdout reader: <Thread(Thread-122, initial daemon)>
2019/05/15 11:51:04 :DEBUG:gpg: WARNING: unsafe permissions on homedir '/home/jfk422/Projects/Code/Arcanum/arcanum/gpg'
2019/05/15 11:51:04 :DEBUG:gpg: AES256 encrypted data
2019/05/15 11:51:04 :DEBUG:[GNUPG:] NEED_PASSPHRASE_SYM 9 3 2
2019/05/15 11:51:04 :DEBUG:chunk: b'testsss'
2019/05/15 11:51:04 :DEBUG:gpg: encrypted with 1 passphrase
2019/05/15 11:51:04 :DEBUG:[GNUPG:] BEGIN_DECRYPTION
2019/05/15 11:51:04 :DEBUG:[GNUPG:] DECRYPTION_COMPLIANCE_MODE 23
2019/05/15 11:51:04 :DEBUG:message ignored: DECRYPTION_COMPLIANCE_MODE, 23
2019/05/15 11:51:04 :DEBUG:[GNUPG:] DECRYPTION_INFO 2 9
2019/05/15 11:51:04 :DEBUG:[GNUPG:] PLAINTEXT 62 1557913733
2019/05/15 11:51:04 :DEBUG:[GNUPG:] PLAINTEXT_LENGTH 7
2019/05/15 11:51:04 :DEBUG:[GNUPG:] DECRYPTION_OKAY
2019/05/15 11:51:04 :DEBUG:[GNUPG:] GOODMDC
2019/05/15 11:51:04 :DEBUG:[GNUPG:] END_DECRYPTION
2019/05/15 11:51:04 :DEBUG:decrypt result: b'testsss'
2019/05/15 11:51:04 :DEBUG:14463: gpg --pinentry-mode loopback --status-fd 2 --no-tty --no-verbose --fixed-list-mode --batch --with-colons --homedir gpg --passphrase-fd 0 --decrypt
2019/05/15 11:51:04 :DEBUG:Wrote passphrase
2019/05/15 11:51:04 :DEBUG:data copier: <Thread(Thread-123, initial daemon)>, <_io.BytesIO object at 0x7fce33ae70a0>, <_io.BufferedWriter name=27>
2019/05/15 11:51:04 :DEBUG:stderr reader: <Thread(Thread-124, initial daemon)>
2019/05/15 11:51:04 :DEBUG:closed output, 26 bytes sent
2019/05/15 11:51:04 :DEBUG:stdout reader: <Thread(Thread-125, initial daemon)>
2019/05/15 11:51:04 :DEBUG:gpg: WARNING: unsafe permissions on homedir '/home/jfk422/Projects/Code/Arcanum/arcanum/gpg'
2019/05/15 11:51:04 :DEBUG:gpg: no valid OpenPGP data found.
2019/05/15 11:51:04 :DEBUG:[GNUPG:] NODATA 1
2019/05/15 11:51:04 :DEBUG:[GNUPG:] NODATA 2
2019/05/15 11:51:04 :DEBUG:[GNUPG:] FAILURE decrypt 4294967295
2019/05/15 11:51:04 :DEBUG:gpg: decrypt_message failed: Unknown system error
2019/05/15 11:51:04 :DEBUG:decrypt result: b''
2019/05/15 11:51:04 :DEBUG:14467: gpg --pinentry-mode loopback --status-fd 2 --no-tty --no-verbose --fixed-list-mode --batch --with-colons --homedir gpg --passphrase-fd 0 --decrypt
2019/05/15 11:51:04 :DEBUG:Wrote passphrase
2019/05/15 11:51:04 :DEBUG:data copier: <Thread(Thread-126, initial daemon)>, <_io.BytesIO object at 0x7fce33ae70a0>, <_io.BufferedWriter name=27>
2019/05/15 11:51:04 :DEBUG:stderr reader: <Thread(Thread-127, initial daemon)>
2019/05/15 11:51:04 :DEBUG:closed output, 4 bytes sent
2019/05/15 11:51:04 :DEBUG:stdout reader: <Thread(Thread-128, initial daemon)>
2019/05/15 11:51:04 :DEBUG:gpg: WARNING: unsafe permissions on homedir '/home/jfk422/Projects/Code/Arcanum/arcanum/gpg'
2019/05/15 11:51:04 :DEBUG:gpg: no valid OpenPGP data found.
2019/05/15 11:51:04 :DEBUG:[GNUPG:] NODATA 1
2019/05/15 11:51:04 :DEBUG:[GNUPG:] NODATA 2
2019/05/15 11:51:04 :DEBUG:[GNUPG:] FAILURE decrypt 4294967295
2019/05/15 11:51:04 :DEBUG:gpg: decrypt_message failed: Unknown system error
2019/05/15 11:51:04 :DEBUG:decrypt result: b''
2019/05/15 11:51:04 :DEBUG:14471: gpg --pinentry-mode loopback --status-fd 2 --no-tty --no-verbose --fixed-list-mode --batch --with-colons --homedir gpg --passphrase-fd 0 --decrypt
2019/05/15 11:51:04 :DEBUG:Wrote passphrase
2019/05/15 11:51:04 :DEBUG:data copier: <Thread(Thread-129, initial daemon)>, <_io.BytesIO object at 0x7fce33ae70a0>, <_io.BufferedWriter name=27>
2019/05/15 11:51:04 :DEBUG:stderr reader: <Thread(Thread-130, initial daemon)>
2019/05/15 11:51:04 :DEBUG:closed output, 1 bytes sent
2019/05/15 11:51:04 :DEBUG:stdout reader: <Thread(Thread-131, initial daemon)>
2019/05/15 11:51:04 :DEBUG:gpg: WARNING: unsafe permissions on homedir '/home/jfk422/Projects/Code/Arcanum/arcanum/gpg'
2019/05/15 11:51:04 :DEBUG:gpg: [don't know]: invalid packet (ctb=31)
2019/05/15 11:51:04 :DEBUG:[GNUPG:] NODATA 3
2019/05/15 11:51:04 :DEBUG:decrypt result: b''
2019/05/15 11:51:04 :DEBUG:14475: gpg --pinentry-mode loopback --status-fd 2 --no-tty --no-verbose --fixed-list-mode --batch --with-colons --homedir gpg --passphrase-fd 0 --decrypt
2019/05/15 11:51:04 :DEBUG:Wrote passphrase
2019/05/15 11:51:04 :DEBUG:data copier: <Thread(Thread-132, initial daemon)>, <_io.BytesIO object at 0x7fce33ae70a0>, <_io.BufferedWriter name=27>
2019/05/15 11:51:04 :DEBUG:stderr reader: <Thread(Thread-133, initial daemon)>
2019/05/15 11:51:04 :DEBUG:closed output, 4 bytes sent
2019/05/15 11:51:04 :DEBUG:stdout reader: <Thread(Thread-134, initial daemon)>
2019/05/15 11:51:04 :DEBUG:gpg: WARNING: unsafe permissions on homedir '/home/jfk422/Projects/Code/Arcanum/arcanum/gpg'
2019/05/15 11:51:04 :DEBUG:gpg: no valid OpenPGP data found.
2019/05/15 11:51:04 :DEBUG:[GNUPG:] NODATA 1
2019/05/15 11:51:04 :DEBUG:[GNUPG:] NODATA 2
2019/05/15 11:51:04 :DEBUG:[GNUPG:] FAILURE decrypt 4294967295
2019/05/15 11:51:04 :DEBUG:gpg: decrypt_message failed: Unknown system error
2019/05/15 11:51:04 :DEBUG:decrypt result: b''
2019/05/15 11:51:04 :DEBUG:14479: gpg --pinentry-mode loopback --status-fd 2 --no-tty --no-verbose --fixed-list-mode --batch --with-colons --homedir gpg --passphrase-fd 0 --decrypt
2019/05/15 11:51:04 :DEBUG:Wrote passphrase
2019/05/15 11:51:04 :DEBUG:data copier: <Thread(Thread-135, initial daemon)>, <_io.BytesIO object at 0x7fce33ae70a0>, <_io.BufferedWriter name=27>
2019/05/15 11:51:04 :DEBUG:stderr reader: <Thread(Thread-136, initial daemon)>
2019/05/15 11:51:04 :DEBUG:closed output, 4 bytes sent
2019/05/15 11:51:04 :DEBUG:stdout reader: <Thread(Thread-137, initial daemon)>
2019/05/15 11:51:04 :DEBUG:gpg: WARNING: unsafe permissions on homedir '/home/jfk422/Projects/Code/Arcanum/arcanum/gpg'
2019/05/15 11:51:04 :DEBUG:gpg: no valid OpenPGP data found.
2019/05/15 11:51:04 :DEBUG:[GNUPG:] NODATA 1
2019/05/15 11:51:04 :DEBUG:[GNUPG:] NODATA 2
2019/05/15 11:51:04 :DEBUG:[GNUPG:] FAILURE decrypt 4294967295
2019/05/15 11:51:04 :DEBUG:gpg: decrypt_message failed: Unknown system error
2019/05/15 11:51:04 :DEBUG:decrypt result: b''
2019/05/15 11:51:04 :DEBUG:14483: gpg --pinentry-mode loopback --status-fd 2 --no-tty --no-verbose --fixed-list-mode --batch --with-colons --homedir gpg --passphrase-fd 0 --decrypt
2019/05/15 11:51:04 :DEBUG:Wrote passphrase
2019/05/15 11:51:04 :DEBUG:data copier: <Thread(Thread-138, initial daemon)>, <_io.BytesIO object at 0x7fce33ae70a0>, <_io.BufferedWriter name=27>
2019/05/15 11:51:04 :DEBUG:stderr reader: <Thread(Thread-139, initial daemon)>
2019/05/15 11:51:04 :DEBUG:closed output, 4 bytes sent
2019/05/15 11:51:04 :DEBUG:stdout reader: <Thread(Thread-140, initial daemon)>
2019/05/15 11:51:04 :DEBUG:gpg: WARNING: unsafe permissions on homedir '/home/jfk422/Projects/Code/Arcanum/arcanum/gpg'
2019/05/15 11:51:04 :DEBUG:gpg: no valid OpenPGP data found.
2019/05/15 11:51:04 :DEBUG:[GNUPG:] NODATA 1
2019/05/15 11:51:04 :DEBUG:[GNUPG:] NODATA 2
2019/05/15 11:51:04 :DEBUG:[GNUPG:] FAILURE decrypt 4294967295
2019/05/15 11:51:04 :DEBUG:gpg: decrypt_message failed: Unknown system error
2019/05/15 11:51:04 :DEBUG:decrypt result: b''
2019/05/15 11:51:04 :INFO:Getting row: 1 from table: email
2019/05/15 11:51:04 :DEBUG:14487: gpg --pinentry-mode loopback --status-fd 2 --no-tty --no-verbose --fixed-list-mode --batch --with-colons --homedir gpg --passphrase-fd 0 --decrypt
2019/05/15 11:51:04 :DEBUG:Wrote passphrase
2019/05/15 11:51:04 :DEBUG:data copier: <Thread(Thread-141, initial daemon)>, <_io.BytesIO object at 0x7fce33ae71a8>, <_io.BufferedWriter name=27>
2019/05/15 11:51:04 :DEBUG:stderr reader: <Thread(Thread-142, initial daemon)>
2019/05/15 11:51:04 :DEBUG:closed output, 163 bytes sent
2019/05/15 11:51:04 :DEBUG:stdout reader: <Thread(Thread-143, initial daemon)>
2019/05/15 11:51:04 :DEBUG:gpg: WARNING: unsafe permissions on homedir '/home/jfk422/Projects/Code/Arcanum/arcanum/gpg'
2019/05/15 11:51:04 :DEBUG:gpg: AES256 encrypted data
2019/05/15 11:51:04 :DEBUG:[GNUPG:] NEED_PASSPHRASE_SYM 9 3 2
2019/05/15 11:51:04 :DEBUG:chunk: b'None'
2019/05/15 11:51:04 :DEBUG:gpg: encrypted with 1 passphrase
2019/05/15 11:51:04 :DEBUG:[GNUPG:] BEGIN_DECRYPTION
2019/05/15 11:51:04 :DEBUG:[GNUPG:] DECRYPTION_COMPLIANCE_MODE 23
2019/05/15 11:51:04 :DEBUG:message ignored: DECRYPTION_COMPLIANCE_MODE, 23
2019/05/15 11:51:04 :DEBUG:[GNUPG:] DECRYPTION_INFO 2 9
2019/05/15 11:51:04 :DEBUG:[GNUPG:] PLAINTEXT 62 1557913555
2019/05/15 11:51:04 :DEBUG:[GNUPG:] PLAINTEXT_LENGTH 4
2019/05/15 11:51:04 :DEBUG:[GNUPG:] DECRYPTION_OKAY
2019/05/15 11:51:04 :DEBUG:[GNUPG:] GOODMDC
2019/05/15 11:51:04 :DEBUG:[GNUPG:] END_DECRYPTION
2019/05/15 11:51:04 :DEBUG:decrypt result: b'None'
2019/05/15 11:51:04 :INFO:Getting row: 2 from table: passTable
2019/05/15 11:51:04 :DEBUG:14491: gpg --pinentry-mode loopback --status-fd 2 --no-tty --no-verbose --fixed-list-mode --batch --with-colons --homedir gpg --passphrase-fd 0 --decrypt
2019/05/15 11:51:04 :DEBUG:Wrote passphrase
2019/05/15 11:51:04 :DEBUG:data copier: <Thread(Thread-144, initial daemon)>, <_io.BytesIO object at 0x7fce33ae70a0>, <_io.BufferedWriter name=27>
2019/05/15 11:51:04 :DEBUG:closed output, 179 bytes sent
2019/05/15 11:51:04 :DEBUG:stderr reader: <Thread(Thread-145, initial daemon)>
2019/05/15 11:51:04 :DEBUG:stdout reader: <Thread(Thread-146, initial daemon)>
2019/05/15 11:51:05 :DEBUG:gpg: WARNING: unsafe permissions on homedir '/home/jfk422/Projects/Code/Arcanum/arcanum/gpg'
2019/05/15 11:51:05 :DEBUG:gpg: AES256 encrypted data
2019/05/15 11:51:05 :DEBUG:chunk: b'4g3bPUPhFSgqtUly'
2019/05/15 11:51:05 :DEBUG:[GNUPG:] NEED_PASSPHRASE_SYM 9 3 2
2019/05/15 11:51:05 :DEBUG:gpg: encrypted with 1 passphrase
2019/05/15 11:51:05 :DEBUG:[GNUPG:] BEGIN_DECRYPTION
2019/05/15 11:51:05 :DEBUG:[GNUPG:] DECRYPTION_COMPLIANCE_MODE 23
2019/05/15 11:51:05 :DEBUG:message ignored: DECRYPTION_COMPLIANCE_MODE, 23
2019/05/15 11:51:05 :DEBUG:[GNUPG:] DECRYPTION_INFO 2 9
2019/05/15 11:51:05 :DEBUG:[GNUPG:] PLAINTEXT 62 1557913733
2019/05/15 11:51:05 :DEBUG:[GNUPG:] PLAINTEXT_LENGTH 16
2019/05/15 11:51:05 :DEBUG:[GNUPG:] DECRYPTION_OKAY
2019/05/15 11:51:05 :DEBUG:[GNUPG:] GOODMDC
2019/05/15 11:51:05 :DEBUG:[GNUPG:] END_DECRYPTION
2019/05/15 11:51:05 :DEBUG:decrypt result: b'4g3bPUPhFSgqtUly'
2019/05/15 11:51:05 :DEBUG:14495: gpg --pinentry-mode loopback --status-fd 2 --no-tty --no-verbose --fixed-list-mode --batch --with-colons --homedir gpg --passphrase-fd 0 --decrypt
2019/05/15 11:51:05 :DEBUG:Wrote passphrase
2019/05/15 11:51:05 :DEBUG:data copier: <Thread(Thread-147, initial daemon)>, <_io.BytesIO object at 0x7fce33ae70a0>, <_io.BufferedWriter name=27>
2019/05/15 11:51:05 :DEBUG:closed output, 1 bytes sent
2019/05/15 11:51:05 :DEBUG:stderr reader: <Thread(Thread-148, initial daemon)>
2019/05/15 11:51:05 :DEBUG:stdout reader: <Thread(Thread-149, initial daemon)>
2019/05/15 11:51:05 :DEBUG:gpg: WARNING: unsafe permissions on homedir '/home/jfk422/Projects/Code/Arcanum/arcanum/gpg'
2019/05/15 11:51:05 :DEBUG:gpg: [don't know]: invalid packet (ctb=33)
2019/05/15 11:51:05 :DEBUG:[GNUPG:] NODATA 3
2019/05/15 11:51:05 :DEBUG:decrypt result: b''
2019/05/15 11:51:05 :DEBUG:14499: gpg --pinentry-mode loopback --status-fd 2 --no-tty --no-verbose --fixed-list-mode --batch --with-colons --homedir gpg --passphrase-fd 0 --decrypt
2019/05/15 11:51:05 :DEBUG:Wrote passphrase
2019/05/15 11:51:05 :DEBUG:data copier: <Thread(Thread-150, initial daemon)>, <_io.BytesIO object at 0x7fce33ae70a0>, <_io.BufferedWriter name=27>
2019/05/15 11:51:05 :DEBUG:stderr reader: <Thread(Thread-151, initial daemon)>
2019/05/15 11:51:05 :DEBUG:closed output, 175 bytes sent
2019/05/15 11:51:05 :DEBUG:stdout reader: <Thread(Thread-152, initial daemon)>
2019/05/15 11:51:05 :DEBUG:gpg: WARNING: unsafe permissions on homedir '/home/jfk422/Projects/Code/Arcanum/arcanum/gpg'
2019/05/15 11:51:05 :DEBUG:gpg: AES256 encrypted data
2019/05/15 11:51:05 :DEBUG:chunk: b"n'Other test"
2019/05/15 11:51:05 :DEBUG:[GNUPG:] NEED_PASSPHRASE_SYM 9 3 2
2019/05/15 11:51:05 :DEBUG:gpg: encrypted with 1 passphrase
2019/05/15 11:51:05 :DEBUG:[GNUPG:] BEGIN_DECRYPTION
2019/05/15 11:51:05 :DEBUG:[GNUPG:] DECRYPTION_COMPLIANCE_MODE 23
2019/05/15 11:51:05 :DEBUG:message ignored: DECRYPTION_COMPLIANCE_MODE, 23
2019/05/15 11:51:05 :DEBUG:[GNUPG:] DECRYPTION_INFO 2 9
2019/05/15 11:51:05 :DEBUG:[GNUPG:] PLAINTEXT 62 1557913862
2019/05/15 11:51:05 :DEBUG:[GNUPG:] PLAINTEXT_LENGTH 12
2019/05/15 11:51:05 :DEBUG:[GNUPG:] DECRYPTION_OKAY
2019/05/15 11:51:05 :DEBUG:[GNUPG:] GOODMDC
2019/05/15 11:51:05 :DEBUG:[GNUPG:] END_DECRYPTION
2019/05/15 11:51:05 :DEBUG:decrypt result: b"n'Other test"
2019/05/15 11:51:05 :DEBUG:14503: gpg --pinentry-mode loopback --status-fd 2 --no-tty --no-verbose --fixed-list-mode --batch --with-colons --homedir gpg --passphrase-fd 0 --decrypt
2019/05/15 11:51:05 :DEBUG:Wrote passphrase
2019/05/15 11:51:05 :DEBUG:data copier: <Thread(Thread-153, initial daemon)>, <_io.BytesIO object at 0x7fce33ae70a0>, <_io.BufferedWriter name=27>
2019/05/15 11:51:05 :DEBUG:stderr reader: <Thread(Thread-154, initial daemon)>
2019/05/15 11:51:05 :DEBUG:closed output, 26 bytes sent
2019/05/15 11:51:05 :DEBUG:stdout reader: <Thread(Thread-155, initial daemon)>
2019/05/15 11:51:05 :DEBUG:gpg: WARNING: unsafe permissions on homedir '/home/jfk422/Projects/Code/Arcanum/arcanum/gpg'
2019/05/15 11:51:05 :DEBUG:gpg: no valid OpenPGP data found.
2019/05/15 11:51:05 :DEBUG:[GNUPG:] NODATA 1
2019/05/15 11:51:05 :DEBUG:[GNUPG:] NODATA 2
2019/05/15 11:51:05 :DEBUG:[GNUPG:] FAILURE decrypt 4294967295
2019/05/15 11:51:05 :DEBUG:gpg: decrypt_message failed: Unknown system error
2019/05/15 11:51:05 :DEBUG:decrypt result: b''
2019/05/15 11:51:05 :DEBUG:14507: gpg --pinentry-mode loopback --status-fd 2 --no-tty --no-verbose --fixed-list-mode --batch --with-colons --homedir gpg --passphrase-fd 0 --decrypt
2019/05/15 11:51:05 :DEBUG:Wrote passphrase
2019/05/15 11:51:05 :DEBUG:data copier: <Thread(Thread-156, initial daemon)>, <_io.BytesIO object at 0x7fce33ae70a0>, <_io.BufferedWriter name=27>
2019/05/15 11:51:05 :DEBUG:stderr reader: <Thread(Thread-157, initial daemon)>
2019/05/15 11:51:05 :DEBUG:closed output, 5 bytes sent
2019/05/15 11:51:05 :DEBUG:stdout reader: <Thread(Thread-158, initial daemon)>
2019/05/15 11:51:05 :DEBUG:gpg: WARNING: unsafe permissions on homedir '/home/jfk422/Projects/Code/Arcanum/arcanum/gpg'
2019/05/15 11:51:05 :DEBUG:gpg: no valid OpenPGP data found.
2019/05/15 11:51:05 :DEBUG:[GNUPG:] NODATA 1
2019/05/15 11:51:05 :DEBUG:[GNUPG:] NODATA 2
2019/05/15 11:51:05 :DEBUG:[GNUPG:] FAILURE decrypt 4294967295
2019/05/15 11:51:05 :DEBUG:gpg: decrypt_message failed: Unknown system error
2019/05/15 11:51:05 :DEBUG:decrypt result: b''
2019/05/15 11:51:05 :DEBUG:14511: gpg --pinentry-mode loopback --status-fd 2 --no-tty --no-verbose --fixed-list-mode --batch --with-colons --homedir gpg --passphrase-fd 0 --decrypt
2019/05/15 11:51:05 :DEBUG:Wrote passphrase
2019/05/15 11:51:05 :DEBUG:data copier: <Thread(Thread-159, initial daemon)>, <_io.BytesIO object at 0x7fce33ae70a0>, <_io.BufferedWriter name=27>
2019/05/15 11:51:05 :DEBUG:stderr reader: <Thread(Thread-160, initial daemon)>
2019/05/15 11:51:05 :DEBUG:closed output, 1 bytes sent
2019/05/15 11:51:05 :DEBUG:gpg: WARNING: unsafe permissions on homedir '/home/jfk422/Projects/Code/Arcanum/arcanum/gpg'
2019/05/15 11:51:05 :DEBUG:stdout reader: <Thread(Thread-161, initial daemon)>
2019/05/15 11:51:05 :DEBUG:gpg: [don't know]: invalid packet (ctb=33)
2019/05/15 11:51:05 :DEBUG:[GNUPG:] NODATA 3
2019/05/15 11:51:05 :DEBUG:decrypt result: b''
2019/05/15 11:51:05 :DEBUG:14515: gpg --pinentry-mode loopback --status-fd 2 --no-tty --no-verbose --fixed-list-mode --batch --with-colons --homedir gpg --passphrase-fd 0 --decrypt
2019/05/15 11:51:05 :DEBUG:Wrote passphrase
2019/05/15 11:51:05 :DEBUG:data copier: <Thread(Thread-162, initial daemon)>, <_io.BytesIO object at 0x7fce33ae70a0>, <_io.BufferedWriter name=27>
2019/05/15 11:51:05 :DEBUG:stderr reader: <Thread(Thread-163, initial daemon)>
2019/05/15 11:51:05 :DEBUG:closed output, 7 bytes sent
2019/05/15 11:51:05 :DEBUG:stdout reader: <Thread(Thread-164, initial daemon)>
2019/05/15 11:51:05 :DEBUG:gpg: WARNING: unsafe permissions on homedir '/home/jfk422/Projects/Code/Arcanum/arcanum/gpg'
2019/05/15 11:51:05 :DEBUG:gpg: no valid OpenPGP data found.
2019/05/15 11:51:05 :DEBUG:[GNUPG:] NODATA 1
2019/05/15 11:51:05 :DEBUG:[GNUPG:] NODATA 2
2019/05/15 11:51:05 :DEBUG:[GNUPG:] FAILURE decrypt 4294967295
2019/05/15 11:51:05 :DEBUG:gpg: decrypt_message failed: Unknown system error
2019/05/15 11:51:05 :DEBUG:decrypt result: b''
2019/05/15 11:51:05 :DEBUG:14519: gpg --pinentry-mode loopback --status-fd 2 --no-tty --no-verbose --fixed-list-mode --batch --with-colons --homedir gpg --passphrase-fd 0 --decrypt
2019/05/15 11:51:05 :DEBUG:Wrote passphrase
2019/05/15 11:51:05 :DEBUG:data copier: <Thread(Thread-165, initial daemon)>, <_io.BytesIO object at 0x7fce33ae70a0>, <_io.BufferedWriter name=27>
2019/05/15 11:51:05 :DEBUG:stderr reader: <Thread(Thread-166, initial daemon)>
2019/05/15 11:51:05 :DEBUG:closed output, 5 bytes sent
2019/05/15 11:51:05 :DEBUG:stdout reader: <Thread(Thread-167, initial daemon)>
2019/05/15 11:51:05 :DEBUG:gpg: WARNING: unsafe permissions on homedir '/home/jfk422/Projects/Code/Arcanum/arcanum/gpg'
2019/05/15 11:51:05 :DEBUG:gpg: no valid OpenPGP data found.
2019/05/15 11:51:05 :DEBUG:[GNUPG:] NODATA 1
2019/05/15 11:51:05 :DEBUG:[GNUPG:] NODATA 2
2019/05/15 11:51:05 :DEBUG:[GNUPG:] FAILURE decrypt 4294967295
2019/05/15 11:51:05 :DEBUG:gpg: decrypt_message failed: Unknown system error
2019/05/15 11:51:05 :DEBUG:decrypt result: b''
2019/05/15 11:51:05 :DEBUG:14523: gpg --pinentry-mode loopback --status-fd 2 --no-tty --no-verbose --fixed-list-mode --batch --with-colons --homedir gpg --passphrase-fd 0 --decrypt
2019/05/15 11:51:05 :DEBUG:Wrote passphrase
2019/05/15 11:51:05 :DEBUG:data copier: <Thread(Thread-168, initial daemon)>, <_io.BytesIO object at 0x7fce33ae70a0>, <_io.BufferedWriter name=27>
2019/05/15 11:51:05 :DEBUG:stderr reader: <Thread(Thread-169, initial daemon)>
2019/05/15 11:51:05 :DEBUG:closed output, 4 bytes sent
2019/05/15 11:51:05 :DEBUG:stdout reader: <Thread(Thread-170, initial daemon)>
2019/05/15 11:51:05 :DEBUG:gpg: WARNING: unsafe permissions on homedir '/home/jfk422/Projects/Code/Arcanum/arcanum/gpg'
2019/05/15 11:51:05 :DEBUG:gpg: no valid OpenPGP data found.
2019/05/15 11:51:05 :DEBUG:[GNUPG:] NODATA 1
2019/05/15 11:51:05 :DEBUG:[GNUPG:] NODATA 2
2019/05/15 11:51:05 :DEBUG:[GNUPG:] FAILURE decrypt 4294967295
2019/05/15 11:51:05 :DEBUG:gpg: decrypt_message failed: Unknown system error
2019/05/15 11:51:05 :DEBUG:decrypt result: b''
2019/05/15 11:51:05 :INFO:Getting row: 3 from table: email
2019/05/15 11:51:05 :DEBUG:14527: gpg --pinentry-mode loopback --status-fd 2 --no-tty --no-verbose --fixed-list-mode --batch --with-colons --homedir gpg --passphrase-fd 0 --decrypt
2019/05/15 11:51:05 :DEBUG:Wrote passphrase
2019/05/15 11:51:05 :DEBUG:data copier: <Thread(Thread-171, initial daemon)>, <_io.BytesIO object at 0x7fce33ae71a8>, <_io.BufferedWriter name=27>
2019/05/15 11:51:05 :DEBUG:closed output, 179 bytes sent
2019/05/15 11:51:05 :DEBUG:stderr reader: <Thread(Thread-172, initial daemon)>
2019/05/15 11:51:05 :DEBUG:stdout reader: <Thread(Thread-173, initial daemon)>
2019/05/15 11:51:06 :DEBUG:gpg: WARNING: unsafe permissions on homedir '/home/jfk422/Projects/Code/Arcanum/arcanum/gpg'
2019/05/15 11:51:06 :DEBUG:gpg: AES256 encrypted data
2019/05/15 11:51:06 :DEBUG:[GNUPG:] NEED_PASSPHRASE_SYM 9 3 2
2019/05/15 11:51:06 :DEBUG:chunk: b'someMail@mail.com'
2019/05/15 11:51:06 :DEBUG:gpg: encrypted with 1 passphrase
2019/05/15 11:51:06 :DEBUG:[GNUPG:] BEGIN_DECRYPTION
2019/05/15 11:51:06 :DEBUG:[GNUPG:] DECRYPTION_COMPLIANCE_MODE 23
2019/05/15 11:51:06 :DEBUG:message ignored: DECRYPTION_COMPLIANCE_MODE, 23
2019/05/15 11:51:06 :DEBUG:[GNUPG:] DECRYPTION_INFO 2 9
2019/05/15 11:51:06 :DEBUG:[GNUPG:] PLAINTEXT 62 1557913861
2019/05/15 11:51:06 :DEBUG:[GNUPG:] PLAINTEXT_LENGTH 17
2019/05/15 11:51:06 :DEBUG:[GNUPG:] DECRYPTION_OKAY
2019/05/15 11:51:06 :DEBUG:[GNUPG:] GOODMDC
2019/05/15 11:51:06 :DEBUG:[GNUPG:] END_DECRYPTION
2019/05/15 11:51:06 :DEBUG:decrypt result: b'someMail@mail.com'
2019/05/15 11:51:06 :INFO:Getting row: 3 from table: passTable
2019/05/15 11:51:06 :DEBUG:14531: gpg --pinentry-mode loopback --status-fd 2 --no-tty --no-verbose --fixed-list-mode --batch --with-colons --homedir gpg --passphrase-fd 0 --decrypt
2019/05/15 11:51:06 :DEBUG:Wrote passphrase
2019/05/15 11:51:06 :DEBUG:data copier: <Thread(Thread-174, initial daemon)>, <_io.BytesIO object at 0x7fce33ae7200>, <_io.BufferedWriter name=27>
2019/05/15 11:51:06 :DEBUG:closed output, 167 bytes sent
2019/05/15 11:51:06 :DEBUG:stderr reader: <Thread(Thread-175, initial daemon)>
2019/05/15 11:51:06 :DEBUG:stdout reader: <Thread(Thread-176, initial daemon)>
2019/05/15 11:51:06 :DEBUG:gpg: WARNING: unsafe permissions on homedir '/home/jfk422/Projects/Code/Arcanum/arcanum/gpg'
2019/05/15 11:51:06 :DEBUG:gpg: AES256 encrypted data
2019/05/15 11:51:06 :DEBUG:chunk: b'tdfsdfsdf'
2019/05/15 11:51:06 :DEBUG:[GNUPG:] NEED_PASSPHRASE_SYM 9 3 2
2019/05/15 11:51:06 :DEBUG:gpg: encrypted with 1 passphrase
2019/05/15 11:51:06 :DEBUG:[GNUPG:] BEGIN_DECRYPTION
2019/05/15 11:51:06 :DEBUG:[GNUPG:] DECRYPTION_COMPLIANCE_MODE 23
2019/05/15 11:51:06 :DEBUG:message ignored: DECRYPTION_COMPLIANCE_MODE, 23
2019/05/15 11:51:06 :DEBUG:[GNUPG:] DECRYPTION_INFO 2 9
2019/05/15 11:51:06 :DEBUG:[GNUPG:] PLAINTEXT 62 1557913862
2019/05/15 11:51:06 :DEBUG:[GNUPG:] PLAINTEXT_LENGTH 9
2019/05/15 11:51:06 :DEBUG:[GNUPG:] DECRYPTION_OKAY
2019/05/15 11:51:06 :DEBUG:[GNUPG:] GOODMDC
2019/05/15 11:51:06 :DEBUG:[GNUPG:] END_DECRYPTION
2019/05/15 11:51:06 :DEBUG:decrypt result: b'tdfsdfsdf'
2019/05/15 11:51:06 :INFO:Getting everything from email
2019/05/15 11:51:06 :DEBUG:14537: gpg --pinentry-mode loopback --status-fd 2 --no-tty --no-verbose --fixed-list-mode --batch --with-colons --homedir gpg --passphrase-fd 0 --decrypt
2019/05/15 11:51:06 :DEBUG:Wrote passphrase
2019/05/15 11:51:06 :DEBUG:data copier: <Thread(Thread-177, initial daemon)>, <_io.BytesIO object at 0x7fce33ae71a8>, <_io.BufferedWriter name=27>
2019/05/15 11:51:06 :DEBUG:stderr reader: <Thread(Thread-178, initial daemon)>
2019/05/15 11:51:06 :DEBUG:closed output, 163 bytes sent
2019/05/15 11:51:06 :DEBUG:stdout reader: <Thread(Thread-179, initial daemon)>
2019/05/15 11:51:07 :DEBUG:gpg: WARNING: unsafe permissions on homedir '/home/jfk422/Projects/Code/Arcanum/arcanum/gpg'
2019/05/15 11:51:07 :DEBUG:gpg: AES256 encrypted data
2019/05/15 11:51:07 :DEBUG:chunk: b'None'
2019/05/15 11:51:07 :DEBUG:[GNUPG:] NEED_PASSPHRASE_SYM 9 3 2
2019/05/15 11:51:07 :DEBUG:gpg: encrypted with 1 passphrase
2019/05/15 11:51:07 :DEBUG:[GNUPG:] BEGIN_DECRYPTION
2019/05/15 11:51:07 :DEBUG:[GNUPG:] DECRYPTION_COMPLIANCE_MODE 23
2019/05/15 11:51:07 :DEBUG:message ignored: DECRYPTION_COMPLIANCE_MODE, 23
2019/05/15 11:51:07 :DEBUG:[GNUPG:] DECRYPTION_INFO 2 9
2019/05/15 11:51:07 :DEBUG:[GNUPG:] PLAINTEXT 62 1557913555
2019/05/15 11:51:07 :DEBUG:[GNUPG:] PLAINTEXT_LENGTH 4
2019/05/15 11:51:07 :DEBUG:[GNUPG:] DECRYPTION_OKAY
2019/05/15 11:51:07 :DEBUG:[GNUPG:] GOODMDC
2019/05/15 11:51:07 :DEBUG:[GNUPG:] END_DECRYPTION
2019/05/15 11:51:07 :DEBUG:decrypt result: b'None'
2019/05/15 11:51:07 :DEBUG:14541: gpg --pinentry-mode loopback --status-fd 2 --no-tty --no-verbose --fixed-list-mode --batch --with-colons --homedir gpg --passphrase-fd 0 --decrypt
2019/05/15 11:51:07 :DEBUG:Wrote passphrase
2019/05/15 11:51:07 :DEBUG:data copier: <Thread(Thread-180, initial daemon)>, <_io.BytesIO object at 0x7fce33ae71a8>, <_io.BufferedWriter name=27>
2019/05/15 11:51:07 :DEBUG:stderr reader: <Thread(Thread-181, initial daemon)>
2019/05/15 11:51:07 :DEBUG:closed output, 171 bytes sent
2019/05/15 11:51:07 :DEBUG:stdout reader: <Thread(Thread-182, initial daemon)>
2019/05/15 11:51:07 :DEBUG:gpg: WARNING: unsafe permissions on homedir '/home/jfk422/Projects/Code/Arcanum/arcanum/gpg'
2019/05/15 11:51:07 :DEBUG:gpg: AES256 encrypted data
2019/05/15 11:51:07 :DEBUG:[GNUPG:] NEED_PASSPHRASE_SYM 9 3 2
2019/05/15 11:51:07 :DEBUG:chunk: b'test@test.com'
2019/05/15 11:51:07 :DEBUG:gpg: encrypted with 1 passphrase
2019/05/15 11:51:07 :DEBUG:[GNUPG:] BEGIN_DECRYPTION
2019/05/15 11:51:07 :DEBUG:[GNUPG:] DECRYPTION_COMPLIANCE_MODE 23
2019/05/15 11:51:07 :DEBUG:message ignored: DECRYPTION_COMPLIANCE_MODE, 23
2019/05/15 11:51:07 :DEBUG:[GNUPG:] DECRYPTION_INFO 2 9
2019/05/15 11:51:07 :DEBUG:[GNUPG:] PLAINTEXT 62 1557913575
2019/05/15 11:51:07 :DEBUG:[GNUPG:] PLAINTEXT_LENGTH 13
2019/05/15 11:51:07 :DEBUG:[GNUPG:] DECRYPTION_OKAY
2019/05/15 11:51:07 :DEBUG:[GNUPG:] GOODMDC
2019/05/15 11:51:07 :DEBUG:[GNUPG:] END_DECRYPTION
2019/05/15 11:51:07 :DEBUG:decrypt result: b'test@test.com'
2019/05/15 11:51:07 :DEBUG:14545: gpg --pinentry-mode loopback --status-fd 2 --no-tty --no-verbose --fixed-list-mode --batch --with-colons --homedir gpg --passphrase-fd 0 --decrypt
2019/05/15 11:51:07 :DEBUG:Wrote passphrase
2019/05/15 11:51:07 :DEBUG:data copier: <Thread(Thread-183, initial daemon)>, <_io.BytesIO object at 0x7fce33ae71a8>, <_io.BufferedWriter name=27>
2019/05/15 11:51:07 :DEBUG:stderr reader: <Thread(Thread-184, initial daemon)>
2019/05/15 11:51:07 :DEBUG:closed output, 179 bytes sent
2019/05/15 11:51:07 :DEBUG:stdout reader: <Thread(Thread-185, initial daemon)>
2019/05/15 11:51:07 :DEBUG:gpg: WARNING: unsafe permissions on homedir '/home/jfk422/Projects/Code/Arcanum/arcanum/gpg'
2019/05/15 11:51:07 :DEBUG:gpg: AES256 encrypted data
2019/05/15 11:51:07 :DEBUG:[GNUPG:] NEED_PASSPHRASE_SYM 9 3 2
2019/05/15 11:51:07 :DEBUG:chunk: b'someMail@mail.com'
2019/05/15 11:51:07 :DEBUG:gpg: encrypted with 1 passphrase
2019/05/15 11:51:07 :DEBUG:[GNUPG:] BEGIN_DECRYPTION
2019/05/15 11:51:07 :DEBUG:[GNUPG:] DECRYPTION_COMPLIANCE_MODE 23
2019/05/15 11:51:07 :DEBUG:message ignored: DECRYPTION_COMPLIANCE_MODE, 23
2019/05/15 11:51:07 :DEBUG:[GNUPG:] DECRYPTION_INFO 2 9
2019/05/15 11:51:07 :DEBUG:[GNUPG:] PLAINTEXT 62 1557913861
2019/05/15 11:51:07 :DEBUG:[GNUPG:] PLAINTEXT_LENGTH 17
2019/05/15 11:51:07 :DEBUG:[GNUPG:] DECRYPTION_OKAY
2019/05/15 11:51:07 :DEBUG:[GNUPG:] GOODMDC
2019/05/15 11:51:07 :DEBUG:[GNUPG:] END_DECRYPTION
2019/05/15 11:51:07 :DEBUG:decrypt result: b'someMail@mail.com'
2019/05/15 11:51:07 :INFO:Decrypted email addresses
