2019/05/06 04:52:48 PM:INFO:Qt version:5.11.1
2019/05/06 04:52:48 PM:INFO:PyQt version:5.11.2
2019/05/06 04:52:48 PM:INFO:SIP version:4.19.7
2019/05/06 04:52:49 :DEBUG:22896: gpg --status-fd 2 --no-tty --no-verbose --fixed-list-mode --batch --with-colons --homedir gpg --version
2019/05/06 04:52:49 :DEBUG:stderr reader: <Thread(Thread-1, initial daemon)>
2019/05/06 04:52:49 :DEBUG:stdout reader: <Thread(Thread-2, initial daemon)>
2019/05/06 04:52:49 :DEBUG:chunk: b'gpg (GnuPG) 2.2.4\nlibgcrypt 1.8.1\nCopyright (C) 2017 Free Software Foundation, Inc.\nLicense GPLv3+: GNU GPL version 3 or later <https://gnu.org/licenses/gpl.html>\nThis is free software: you are free to change and redistribute it.\nThere is NO WARRANTY, to t'
2019/05/06 04:52:49 :DEBUG:gpg: WARNING: unsafe permissions on homedir '/home/jfk422/Projects/Code/Arcanum/arcanum/gpg'
2019/05/06 04:52:49 :INFO:Connection to database established
2019/05/06 04:52:49 :INFO:Created table passTable: 
2019/05/06 04:52:49 :INFO:Created table configs: 
2019/05/06 04:52:49 :INFO:All tables were created/exist!
2019/05/06 04:52:49 :INFO:Getting row: 0 from table: configs
2019/05/06 04:52:49 :INFO:Getting row: 0 from table: configs
2019/05/06 04:52:49 :DEBUG:22900: gpg --pinentry-mode loopback --status-fd 2 --no-tty --no-verbose --fixed-list-mode --batch --with-colons --homedir gpg --passphrase-fd 0 --decrypt
2019/05/06 04:52:49 :DEBUG:Wrote passphrase
2019/05/06 04:52:49 :DEBUG:data copier: <Thread(Thread-3, initial daemon)>, <_io.BytesIO object at 0x7f6fa13a5048>, <_io.BufferedWriter name=27>
2019/05/06 04:52:49 :DEBUG:stderr reader: <Thread(Thread-4, initial daemon)>
2019/05/06 04:52:49 :DEBUG:closed output, 179 bytes sent
2019/05/06 04:52:49 :DEBUG:stdout reader: <Thread(Thread-5, initial daemon)>
2019/05/06 04:52:50 :DEBUG:gpg: WARNING: unsafe permissions on homedir '/home/jfk422/Projects/Code/Arcanum/arcanum/gpg'
2019/05/06 04:52:50 :DEBUG:gpg: AES256 encrypted data
2019/05/06 04:52:50 :DEBUG:[GNUPG:] NEED_PASSPHRASE_SYM 9 3 2
2019/05/06 04:52:50 :DEBUG:chunk: b'sWTkJZFbZOqsvpVN'
2019/05/06 04:52:50 :DEBUG:gpg: encrypted with 1 passphrase
2019/05/06 04:52:50 :DEBUG:[GNUPG:] BEGIN_DECRYPTION
2019/05/06 04:52:50 :DEBUG:[GNUPG:] DECRYPTION_COMPLIANCE_MODE 23
2019/05/06 04:52:50 :DEBUG:message ignored: DECRYPTION_COMPLIANCE_MODE, 23
2019/05/06 04:52:50 :DEBUG:[GNUPG:] DECRYPTION_INFO 2 9
2019/05/06 04:52:50 :DEBUG:[GNUPG:] PLAINTEXT 62 1557150877
2019/05/06 04:52:50 :DEBUG:[GNUPG:] PLAINTEXT_LENGTH 16
2019/05/06 04:52:50 :DEBUG:[GNUPG:] DECRYPTION_OKAY
2019/05/06 04:52:50 :DEBUG:[GNUPG:] GOODMDC
2019/05/06 04:52:50 :DEBUG:[GNUPG:] END_DECRYPTION
2019/05/06 04:52:50 :DEBUG:decrypt result: b'sWTkJZFbZOqsvpVN'
2019/05/06 04:52:51 :INFO:Getting everything from passTable
2019/05/06 04:52:51 :INFO:No passwords present
2019/05/06 04:52:51 :INFO:Getting everything from configs
2019/05/06 04:53:12 :INFO:Getting everything from configs
2019/05/06 04:53:12 :DEBUG:22923: gpg --pinentry-mode loopback --status-fd 2 --no-tty --no-verbose --fixed-list-mode --batch --with-colons --homedir gpg --passphrase-fd 0 --symmetric --armor
2019/05/06 04:53:12 :DEBUG:Wrote passphrase
2019/05/06 04:53:12 :DEBUG:data copier: <Thread(Thread-6, initial daemon)>, <_io.BytesIO object at 0x7f6fa13aa0f8>, <_io.BufferedWriter name=27>
2019/05/06 04:53:12 :DEBUG:stderr reader: <Thread(Thread-7, initial daemon)>
2019/05/06 04:53:12 :DEBUG:closed output, 13 bytes sent
2019/05/06 04:53:12 :DEBUG:stdout reader: <Thread(Thread-8, initial daemon)>
2019/05/06 04:53:13 :DEBUG:chunk: b'-----BEGIN PGP MESSAGE-----\n\njA0ECQMCHFQkI2hm8xD/0kABqlv6KVRpmBxl/qUHRyJsPoPEeEitvCZaRGVW0LJ3\nF09sET272Djx6UFF99Z2UevwyIex3GU094YG6heseAN+\n=Ud8g\n-----END PGP MESSAGE-----\n'
2019/05/06 04:53:13 :DEBUG:gpg: WARNING: unsafe permissions on homedir '/home/jfk422/Projects/Code/Arcanum/arcanum/gpg'
2019/05/06 04:53:13 :DEBUG:[GNUPG:] NEED_PASSPHRASE_SYM 9 3 2
2019/05/06 04:53:13 :DEBUG:[GNUPG:] BEGIN_ENCRYPTION 2 9
2019/05/06 04:53:13 :DEBUG:[GNUPG:] END_ENCRYPTION
2019/05/06 04:53:13 :DEBUG:encrypt result: b'-----BEGIN PGP MESSAGE-----\n\njA0ECQMCHFQkI2hm8xD/0kABqlv6KVRpmBxl/qUHRyJsPoPEeEitvCZaRGVW0LJ3\nF09sET272Djx6UFF99Z2UevwyIex3GU094YG6heseAN+\n=Ud8g\n-----END PGP MESSAGE-----\n'
2019/05/06 04:53:13 :DEBUG:22929: gpg --pinentry-mode loopback --status-fd 2 --no-tty --no-verbose --fixed-list-mode --batch --with-colons --homedir gpg --passphrase-fd 0 --symmetric --armor
2019/05/06 04:53:13 :DEBUG:Wrote passphrase
2019/05/06 04:53:13 :DEBUG:data copier: <Thread(Thread-9, initial daemon)>, <_io.BytesIO object at 0x7f6fa13aa0f8>, <_io.BufferedWriter name=27>
2019/05/06 04:53:13 :DEBUG:stderr reader: <Thread(Thread-10, initial daemon)>
2019/05/06 04:53:13 :DEBUG:closed output, 4 bytes sent
2019/05/06 04:53:13 :DEBUG:stdout reader: <Thread(Thread-11, initial daemon)>
2019/05/06 04:53:13 :DEBUG:gpg: WARNING: unsafe permissions on homedir '/home/jfk422/Projects/Code/Arcanum/arcanum/gpg'
2019/05/06 04:53:13 :DEBUG:chunk: b'-----BEGIN PGP MESSAGE-----\n\njA0ECQMCC/iWkD6sCQL/0jkB3xUc28je1zE7zdEY5/epefmpmFadTK2VJqSa1FrW\nXoUW3NLCfjRl5XihiBzCZXRgOLQUcILomGc=\n=Vsr4\n-----END PGP MESSAGE-----\n'
2019/05/06 04:53:13 :DEBUG:[GNUPG:] NEED_PASSPHRASE_SYM 9 3 2
2019/05/06 04:53:13 :DEBUG:[GNUPG:] BEGIN_ENCRYPTION 2 9
2019/05/06 04:53:13 :DEBUG:[GNUPG:] END_ENCRYPTION
2019/05/06 04:53:13 :DEBUG:encrypt result: b'-----BEGIN PGP MESSAGE-----\n\njA0ECQMCC/iWkD6sCQL/0jkB3xUc28je1zE7zdEY5/epefmpmFadTK2VJqSa1FrW\nXoUW3NLCfjRl5XihiBzCZXRgOLQUcILomGc=\n=Vsr4\n-----END PGP MESSAGE-----\n'
2019/05/06 04:53:13 :DEBUG:22935: gpg --pinentry-mode loopback --status-fd 2 --no-tty --no-verbose --fixed-list-mode --batch --with-colons --homedir gpg --passphrase-fd 0 --symmetric --armor
2019/05/06 04:53:13 :DEBUG:Wrote passphrase
2019/05/06 04:53:13 :DEBUG:data copier: <Thread(Thread-12, initial daemon)>, <_io.BytesIO object at 0x7f6fa13aa0f8>, <_io.BufferedWriter name=27>
2019/05/06 04:53:13 :DEBUG:closed output, 13 bytes sent
2019/05/06 04:53:13 :DEBUG:stderr reader: <Thread(Thread-13, initial daemon)>
2019/05/06 04:53:13 :DEBUG:stdout reader: <Thread(Thread-14, initial daemon)>
2019/05/06 04:53:14 :DEBUG:chunk: b'-----BEGIN PGP MESSAGE-----\n\njA0ECQMCSghGCNOXs1f/0kABNgYginSVjYXNhUMZtgmqAn4Puw6aZ1A/RxUmvStU\ng6gdSIi0RL6EmvkIYXXPGAnqEVu2djjLsmyM9/e1YfM9\n=mtfN\n-----END PGP MESSAGE-----\n'
2019/05/06 04:53:14 :DEBUG:gpg: WARNING: unsafe permissions on homedir '/home/jfk422/Projects/Code/Arcanum/arcanum/gpg'
2019/05/06 04:53:14 :DEBUG:[GNUPG:] NEED_PASSPHRASE_SYM 9 3 2
2019/05/06 04:53:14 :DEBUG:[GNUPG:] BEGIN_ENCRYPTION 2 9
2019/05/06 04:53:14 :DEBUG:[GNUPG:] END_ENCRYPTION
2019/05/06 04:53:14 :DEBUG:encrypt result: b'-----BEGIN PGP MESSAGE-----\n\njA0ECQMCSghGCNOXs1f/0kABNgYginSVjYXNhUMZtgmqAn4Puw6aZ1A/RxUmvStU\ng6gdSIi0RL6EmvkIYXXPGAnqEVu2djjLsmyM9/e1YfM9\n=mtfN\n-----END PGP MESSAGE-----\n'
2019/05/06 04:53:14 :DEBUG:22941: gpg --pinentry-mode loopback --status-fd 2 --no-tty --no-verbose --fixed-list-mode --batch --with-colons --homedir gpg --passphrase-fd 0 --symmetric --armor
2019/05/06 04:53:14 :DEBUG:Wrote passphrase
2019/05/06 04:53:14 :DEBUG:data copier: <Thread(Thread-15, initial daemon)>, <_io.BytesIO object at 0x7f6fa13aa0f8>, <_io.BufferedWriter name=27>
2019/05/06 04:53:14 :DEBUG:stderr reader: <Thread(Thread-16, initial daemon)>
2019/05/06 04:53:14 :DEBUG:closed output, 4 bytes sent
2019/05/06 04:53:14 :DEBUG:stdout reader: <Thread(Thread-17, initial daemon)>
2019/05/06 04:53:14 :DEBUG:gpg: WARNING: unsafe permissions on homedir '/home/jfk422/Projects/Code/Arcanum/arcanum/gpg'
2019/05/06 04:53:14 :DEBUG:chunk: b'-----BEGIN PGP MESSAGE-----\n\njA0ECQMCw5PW67Iuh27/0jkBloDyTQMCaoMPWVDSa1ZOfATEZV3os7NvIpzi6XUy\nVqIwfsCnVy45hC9l+gObhc1niM2x5L8dBRw=\n=/HCw\n-----END PGP MESSAGE-----\n'
2019/05/06 04:53:14 :DEBUG:[GNUPG:] NEED_PASSPHRASE_SYM 9 3 2
2019/05/06 04:53:14 :DEBUG:[GNUPG:] BEGIN_ENCRYPTION 2 9
2019/05/06 04:53:14 :DEBUG:[GNUPG:] END_ENCRYPTION
2019/05/06 04:53:14 :DEBUG:encrypt result: b'-----BEGIN PGP MESSAGE-----\n\njA0ECQMCw5PW67Iuh27/0jkBloDyTQMCaoMPWVDSa1ZOfATEZV3os7NvIpzi6XUy\nVqIwfsCnVy45hC9l+gObhc1niM2x5L8dBRw=\n=/HCw\n-----END PGP MESSAGE-----\n'
