2019/05/06 05:00:23 PM:INFO:Qt version:5.11.1
2019/05/06 05:00:23 PM:INFO:PyQt version:5.11.2
2019/05/06 05:00:23 PM:INFO:SIP version:4.19.7
2019/05/06 05:00:24 :DEBUG:23534: gpg --status-fd 2 --no-tty --no-verbose --fixed-list-mode --batch --with-colons --homedir gpg --version
2019/05/06 05:00:24 :DEBUG:stderr reader: <Thread(Thread-1, initial daemon)>
2019/05/06 05:00:24 :DEBUG:stdout reader: <Thread(Thread-2, initial daemon)>
2019/05/06 05:00:24 :DEBUG:chunk: b'gpg (GnuPG) 2.2.4\nlibgcrypt 1.8.1\nCopyright (C) 2017 Free Software Foundation, Inc.\nLicense GPLv3+: GNU GPL version 3 or later <https://gnu.org/licenses/gpl.html>\nThis is free software: you are free to change and redistribute it.\nThere is NO WARRANTY, to t'
2019/05/06 05:00:24 :DEBUG:gpg: WARNING: unsafe permissions on homedir '/home/jfk422/Projects/Code/Arcanum/arcanum/gpg'
2019/05/06 05:00:25 :INFO:Connection to database established
2019/05/06 05:00:25 :INFO:Created table passTable: 
2019/05/06 05:00:25 :INFO:Created table configs: 
2019/05/06 05:00:25 :INFO:All tables were created/exist!
2019/05/06 05:00:25 :INFO:Getting row: 0 from table: configs
2019/05/06 05:00:25 :INFO:Getting row: 0 from table: configs
2019/05/06 05:00:25 :DEBUG:23538: gpg --pinentry-mode loopback --status-fd 2 --no-tty --no-verbose --fixed-list-mode --batch --with-colons --homedir gpg --passphrase-fd 0 --decrypt
2019/05/06 05:00:25 :DEBUG:Wrote passphrase
2019/05/06 05:00:25 :DEBUG:data copier: <Thread(Thread-3, initial daemon)>, <_io.BytesIO object at 0x7f1ddf232048>, <_io.BufferedWriter name=27>
2019/05/06 05:00:25 :DEBUG:stderr reader: <Thread(Thread-4, initial daemon)>
2019/05/06 05:00:25 :DEBUG:closed output, 179 bytes sent
2019/05/06 05:00:25 :DEBUG:stdout reader: <Thread(Thread-5, initial daemon)>
2019/05/06 05:00:25 :DEBUG:gpg: WARNING: unsafe permissions on homedir '/home/jfk422/Projects/Code/Arcanum/arcanum/gpg'
2019/05/06 05:00:25 :DEBUG:gpg: AES256 encrypted data
2019/05/06 05:00:25 :DEBUG:[GNUPG:] NEED_PASSPHRASE_SYM 9 3 2
2019/05/06 05:00:25 :DEBUG:chunk: b'sWTkJZFbZOqsvpVN'
2019/05/06 05:00:25 :DEBUG:gpg: encrypted with 1 passphrase
2019/05/06 05:00:25 :DEBUG:[GNUPG:] BEGIN_DECRYPTION
2019/05/06 05:00:25 :DEBUG:[GNUPG:] DECRYPTION_COMPLIANCE_MODE 23
2019/05/06 05:00:25 :DEBUG:message ignored: DECRYPTION_COMPLIANCE_MODE, 23
2019/05/06 05:00:25 :DEBUG:[GNUPG:] DECRYPTION_INFO 2 9
2019/05/06 05:00:25 :DEBUG:[GNUPG:] PLAINTEXT 62 1557150877
2019/05/06 05:00:25 :DEBUG:[GNUPG:] PLAINTEXT_LENGTH 16
2019/05/06 05:00:25 :DEBUG:[GNUPG:] DECRYPTION_OKAY
2019/05/06 05:00:25 :DEBUG:[GNUPG:] GOODMDC
2019/05/06 05:00:25 :DEBUG:[GNUPG:] END_DECRYPTION
2019/05/06 05:00:25 :DEBUG:decrypt result: b'sWTkJZFbZOqsvpVN'
2019/05/06 05:00:26 :INFO:Getting everything from passTable
2019/05/06 05:00:26 :DEBUG:23544: gpg --pinentry-mode loopback --status-fd 2 --no-tty --no-verbose --fixed-list-mode --batch --with-colons --homedir gpg --passphrase-fd 0 --decrypt
2019/05/06 05:00:26 :DEBUG:Wrote passphrase
2019/05/06 05:00:26 :DEBUG:data copier: <Thread(Thread-6, initial daemon)>, <_io.BytesIO object at 0x7f1ddf2360a0>, <_io.BufferedWriter name=27>
2019/05/06 05:00:26 :DEBUG:stderr reader: <Thread(Thread-7, initial daemon)>
2019/05/06 05:00:26 :DEBUG:stdout reader: <Thread(Thread-8, initial daemon)>
2019/05/06 05:00:26 :DEBUG:closed output, 1 bytes sent
2019/05/06 05:00:26 :DEBUG:gpg: WARNING: unsafe permissions on homedir '/home/jfk422/Projects/Code/Arcanum/arcanum/gpg'
2019/05/06 05:00:26 :DEBUG:gpg: [don't know]: invalid packet (ctb=30)
2019/05/06 05:00:26 :DEBUG:[GNUPG:] NODATA 3
2019/05/06 05:00:26 :DEBUG:decrypt result: b''
2019/05/06 05:00:26 :DEBUG:23548: gpg --pinentry-mode loopback --status-fd 2 --no-tty --no-verbose --fixed-list-mode --batch --with-colons --homedir gpg --passphrase-fd 0 --decrypt
2019/05/06 05:00:26 :DEBUG:Wrote passphrase
2019/05/06 05:00:26 :DEBUG:data copier: <Thread(Thread-9, initial daemon)>, <_io.BytesIO object at 0x7f1ddf2360a0>, <_io.BufferedWriter name=27>
2019/05/06 05:00:26 :DEBUG:stderr reader: <Thread(Thread-10, initial daemon)>
2019/05/06 05:00:26 :DEBUG:closed output, 163 bytes sent
2019/05/06 05:00:26 :DEBUG:stdout reader: <Thread(Thread-11, initial daemon)>
2019/05/06 05:00:26 :DEBUG:gpg: WARNING: unsafe permissions on homedir '/home/jfk422/Projects/Code/Arcanum/arcanum/gpg'
2019/05/06 05:00:26 :DEBUG:gpg: AES256 encrypted data
2019/05/06 05:00:26 :DEBUG:chunk: b'test'
2019/05/06 05:00:26 :DEBUG:[GNUPG:] NEED_PASSPHRASE_SYM 9 3 2
2019/05/06 05:00:26 :DEBUG:gpg: encrypted with 1 passphrase
2019/05/06 05:00:26 :DEBUG:[GNUPG:] BEGIN_DECRYPTION
2019/05/06 05:00:26 :DEBUG:[GNUPG:] DECRYPTION_COMPLIANCE_MODE 23
2019/05/06 05:00:26 :DEBUG:message ignored: DECRYPTION_COMPLIANCE_MODE, 23
2019/05/06 05:00:26 :DEBUG:[GNUPG:] DECRYPTION_INFO 2 9
2019/05/06 05:00:26 :DEBUG:[GNUPG:] PLAINTEXT 62 1557154606
2019/05/06 05:00:26 :DEBUG:[GNUPG:] PLAINTEXT_LENGTH 4
2019/05/06 05:00:26 :DEBUG:[GNUPG:] DECRYPTION_OKAY
2019/05/06 05:00:26 :DEBUG:[GNUPG:] GOODMDC
2019/05/06 05:00:26 :DEBUG:[GNUPG:] END_DECRYPTION
2019/05/06 05:00:26 :DEBUG:decrypt result: b'test'
2019/05/06 05:00:26 :DEBUG:23552: gpg --pinentry-mode loopback --status-fd 2 --no-tty --no-verbose --fixed-list-mode --batch --with-colons --homedir gpg --passphrase-fd 0 --decrypt
2019/05/06 05:00:26 :DEBUG:Wrote passphrase
2019/05/06 05:00:26 :DEBUG:data copier: <Thread(Thread-12, initial daemon)>, <_io.BytesIO object at 0x7f1ddf2360a0>, <_io.BufferedWriter name=27>
2019/05/06 05:00:26 :DEBUG:stderr reader: <Thread(Thread-13, initial daemon)>
2019/05/06 05:00:26 :DEBUG:closed output, 26 bytes sent
2019/05/06 05:00:26 :DEBUG:stdout reader: <Thread(Thread-14, initial daemon)>
2019/05/06 05:00:26 :DEBUG:gpg: WARNING: unsafe permissions on homedir '/home/jfk422/Projects/Code/Arcanum/arcanum/gpg'
2019/05/06 05:00:26 :DEBUG:gpg: no valid OpenPGP data found.
2019/05/06 05:00:26 :DEBUG:[GNUPG:] NODATA 1
2019/05/06 05:00:26 :DEBUG:[GNUPG:] NODATA 2
2019/05/06 05:00:26 :DEBUG:[GNUPG:] FAILURE decrypt 4294967295
2019/05/06 05:00:26 :DEBUG:gpg: decrypt_message failed: Unknown system error
2019/05/06 05:00:26 :DEBUG:decrypt result: b''
2019/05/06 05:00:26 :DEBUG:23556: gpg --pinentry-mode loopback --status-fd 2 --no-tty --no-verbose --fixed-list-mode --batch --with-colons --homedir gpg --passphrase-fd 0 --decrypt
2019/05/06 05:00:26 :DEBUG:Wrote passphrase
2019/05/06 05:00:26 :DEBUG:data copier: <Thread(Thread-15, initial daemon)>, <_io.BytesIO object at 0x7f1ddf2360a0>, <_io.BufferedWriter name=27>
2019/05/06 05:00:26 :DEBUG:stderr reader: <Thread(Thread-16, initial daemon)>
2019/05/06 05:00:26 :DEBUG:closed output, 5 bytes sent
2019/05/06 05:00:26 :DEBUG:stdout reader: <Thread(Thread-17, initial daemon)>
2019/05/06 05:00:26 :DEBUG:gpg: WARNING: unsafe permissions on homedir '/home/jfk422/Projects/Code/Arcanum/arcanum/gpg'
2019/05/06 05:00:26 :DEBUG:gpg: no valid OpenPGP data found.
2019/05/06 05:00:26 :DEBUG:[GNUPG:] NODATA 1
2019/05/06 05:00:26 :DEBUG:[GNUPG:] NODATA 2
2019/05/06 05:00:26 :DEBUG:[GNUPG:] FAILURE decrypt 4294967295
2019/05/06 05:00:26 :DEBUG:gpg: decrypt_message failed: Unknown system error
2019/05/06 05:00:26 :DEBUG:decrypt result: b''
2019/05/06 05:00:26 :DEBUG:23560: gpg --pinentry-mode loopback --status-fd 2 --no-tty --no-verbose --fixed-list-mode --batch --with-colons --homedir gpg --passphrase-fd 0 --decrypt
2019/05/06 05:00:26 :DEBUG:Wrote passphrase
2019/05/06 05:00:26 :DEBUG:data copier: <Thread(Thread-18, initial daemon)>, <_io.BytesIO object at 0x7f1ddf2360a0>, <_io.BufferedWriter name=27>
2019/05/06 05:00:26 :DEBUG:stderr reader: <Thread(Thread-19, initial daemon)>
2019/05/06 05:00:26 :DEBUG:stdout reader: <Thread(Thread-20, initial daemon)>
2019/05/06 05:00:26 :DEBUG:closed output, 171 bytes sent
2019/05/06 05:00:27 :DEBUG:gpg: WARNING: unsafe permissions on homedir '/home/jfk422/Projects/Code/Arcanum/arcanum/gpg'
2019/05/06 05:00:27 :DEBUG:gpg: AES256 encrypted data
2019/05/06 05:00:27 :DEBUG:[GNUPG:] NEED_PASSPHRASE_SYM 9 3 2
2019/05/06 05:00:27 :DEBUG:gpg: encrypted with 1 passphrase
2019/05/06 05:00:27 :DEBUG:chunk: b'test@test.com'
2019/05/06 05:00:27 :DEBUG:[GNUPG:] BEGIN_DECRYPTION
2019/05/06 05:00:27 :DEBUG:[GNUPG:] DECRYPTION_COMPLIANCE_MODE 23
2019/05/06 05:00:27 :DEBUG:message ignored: DECRYPTION_COMPLIANCE_MODE, 23
2019/05/06 05:00:27 :DEBUG:[GNUPG:] DECRYPTION_INFO 2 9
2019/05/06 05:00:27 :DEBUG:[GNUPG:] PLAINTEXT 62 1557154606
2019/05/06 05:00:27 :DEBUG:[GNUPG:] PLAINTEXT_LENGTH 13
2019/05/06 05:00:27 :DEBUG:[GNUPG:] DECRYPTION_OKAY
2019/05/06 05:00:27 :DEBUG:[GNUPG:] GOODMDC
2019/05/06 05:00:27 :DEBUG:[GNUPG:] END_DECRYPTION
2019/05/06 05:00:27 :DEBUG:decrypt result: b'test@test.com'
2019/05/06 05:00:27 :DEBUG:23565: gpg --pinentry-mode loopback --status-fd 2 --no-tty --no-verbose --fixed-list-mode --batch --with-colons --homedir gpg --passphrase-fd 0 --decrypt
2019/05/06 05:00:27 :DEBUG:Wrote passphrase
2019/05/06 05:00:27 :DEBUG:data copier: <Thread(Thread-21, initial daemon)>, <_io.BytesIO object at 0x7f1ddf2360a0>, <_io.BufferedWriter name=27>
2019/05/06 05:00:27 :DEBUG:stderr reader: <Thread(Thread-22, initial daemon)>
2019/05/06 05:00:27 :DEBUG:stdout reader: <Thread(Thread-23, initial daemon)>
2019/05/06 05:00:27 :DEBUG:closed output, 4 bytes sent
2019/05/06 05:00:27 :DEBUG:gpg: WARNING: unsafe permissions on homedir '/home/jfk422/Projects/Code/Arcanum/arcanum/gpg'
2019/05/06 05:00:27 :DEBUG:gpg: no valid OpenPGP data found.
2019/05/06 05:00:27 :DEBUG:[GNUPG:] NODATA 1
2019/05/06 05:00:27 :DEBUG:[GNUPG:] NODATA 2
2019/05/06 05:00:27 :DEBUG:[GNUPG:] FAILURE decrypt 4294967295
2019/05/06 05:00:27 :DEBUG:gpg: decrypt_message failed: Unknown system error
2019/05/06 05:00:27 :DEBUG:decrypt result: b''
2019/05/06 05:00:27 :DEBUG:23569: gpg --pinentry-mode loopback --status-fd 2 --no-tty --no-verbose --fixed-list-mode --batch --with-colons --homedir gpg --passphrase-fd 0 --decrypt
2019/05/06 05:00:27 :DEBUG:Wrote passphrase
2019/05/06 05:00:27 :DEBUG:data copier: <Thread(Thread-24, initial daemon)>, <_io.BytesIO object at 0x7f1ddf2360a0>, <_io.BufferedWriter name=27>
2019/05/06 05:00:27 :DEBUG:stderr reader: <Thread(Thread-25, initial daemon)>
2019/05/06 05:00:27 :DEBUG:closed output, 4 bytes sent
2019/05/06 05:00:27 :DEBUG:stdout reader: <Thread(Thread-26, initial daemon)>
2019/05/06 05:00:27 :DEBUG:gpg: WARNING: unsafe permissions on homedir '/home/jfk422/Projects/Code/Arcanum/arcanum/gpg'
2019/05/06 05:00:27 :DEBUG:gpg: no valid OpenPGP data found.
2019/05/06 05:00:27 :DEBUG:[GNUPG:] NODATA 1
2019/05/06 05:00:27 :DEBUG:[GNUPG:] NODATA 2
2019/05/06 05:00:27 :DEBUG:[GNUPG:] FAILURE decrypt 4294967295
2019/05/06 05:00:27 :DEBUG:gpg: decrypt_message failed: Unknown system error
2019/05/06 05:00:27 :DEBUG:decrypt result: b''
2019/05/06 05:00:27 :DEBUG:23573: gpg --pinentry-mode loopback --status-fd 2 --no-tty --no-verbose --fixed-list-mode --batch --with-colons --homedir gpg --passphrase-fd 0 --decrypt
2019/05/06 05:00:27 :DEBUG:Wrote passphrase
2019/05/06 05:00:27 :DEBUG:data copier: <Thread(Thread-27, initial daemon)>, <_io.BytesIO object at 0x7f1ddf2360a0>, <_io.BufferedWriter name=27>
2019/05/06 05:00:27 :DEBUG:closed output, 4 bytes sent
2019/05/06 05:00:27 :DEBUG:stderr reader: <Thread(Thread-28, initial daemon)>
2019/05/06 05:00:27 :DEBUG:stdout reader: <Thread(Thread-29, initial daemon)>
2019/05/06 05:00:27 :DEBUG:gpg: WARNING: unsafe permissions on homedir '/home/jfk422/Projects/Code/Arcanum/arcanum/gpg'
2019/05/06 05:00:27 :DEBUG:gpg: no valid OpenPGP data found.
2019/05/06 05:00:27 :DEBUG:[GNUPG:] NODATA 1
2019/05/06 05:00:27 :DEBUG:[GNUPG:] NODATA 2
2019/05/06 05:00:27 :DEBUG:[GNUPG:] FAILURE decrypt 4294967295
2019/05/06 05:00:27 :DEBUG:gpg: decrypt_message failed: Unknown system error
2019/05/06 05:00:27 :DEBUG:decrypt result: b''
