2019/05/15 11:48:17 AM:INFO:Qt version:5.11.1
2019/05/15 11:48:17 AM:INFO:PyQt version:5.11.2
2019/05/15 11:48:17 AM:INFO:SIP version:4.19.7
2019/05/15 11:48:18 :DEBUG:13912: gpg --status-fd 2 --no-tty --no-verbose --fixed-list-mode --batch --with-colons --homedir gpg --version
2019/05/15 11:48:18 :DEBUG:stderr reader: <Thread(Thread-1, initial daemon)>
2019/05/15 11:48:18 :DEBUG:stdout reader: <Thread(Thread-2, initial daemon)>
2019/05/15 11:48:18 :DEBUG:gpg: WARNING: unsafe permissions on homedir '/home/jfk422/Projects/Code/Arcanum/arcanum/gpg'
2019/05/15 11:48:18 :DEBUG:chunk: b'gpg (GnuPG) 2.2.4\nlibgcrypt 1.8.1\nCopyright (C) 2017 Free Software Foundation, Inc.\nLicense GPLv3+: GNU GPL version 3 or later <https://gnu.org/licenses/gpl.html>\nThis is free software: you are free to change and redistribute it.\nThere is NO WARRANTY, to t'
2019/05/15 11:48:18 :INFO:Connection to database established
2019/05/15 11:48:18 :INFO:Created table passTable: 
2019/05/15 11:48:18 :INFO:Created table configs: 
2019/05/15 11:48:18 :INFO:Created table email: 
2019/05/15 11:48:18 :INFO:Created table keys: 
2019/05/15 11:48:18 :INFO:All tables were created/exist!
2019/05/15 11:48:18 :INFO:Getting row: 1 from table: configs
2019/05/15 11:48:18 :INFO:Getting row: 1 from table: configs
2019/05/15 11:48:18 :DEBUG:13915: gpg --pinentry-mode loopback --status-fd 2 --no-tty --no-verbose --fixed-list-mode --batch --with-colons --homedir gpg --passphrase-fd 0 --decrypt
2019/05/15 11:48:18 :DEBUG:Wrote passphrase
2019/05/15 11:48:18 :DEBUG:data copier: <Thread(Thread-3, initial daemon)>, <_io.BytesIO object at 0x7fc7ae960048>, <_io.BufferedWriter name=27>
2019/05/15 11:48:18 :DEBUG:stderr reader: <Thread(Thread-4, initial daemon)>
2019/05/15 11:48:18 :DEBUG:closed output, 179 bytes sent
2019/05/15 11:48:18 :DEBUG:stdout reader: <Thread(Thread-5, initial daemon)>
2019/05/15 11:48:19 :DEBUG:gpg: WARNING: unsafe permissions on homedir '/home/jfk422/Projects/Code/Arcanum/arcanum/gpg'
2019/05/15 11:48:19 :DEBUG:gpg: AES256 encrypted data
2019/05/15 11:48:19 :DEBUG:[GNUPG:] NEED_PASSPHRASE_SYM 9 3 2
2019/05/15 11:48:19 :DEBUG:gpg: encrypted with 1 passphrase
2019/05/15 11:48:19 :DEBUG:[GNUPG:] BEGIN_DECRYPTION
2019/05/15 11:48:19 :DEBUG:chunk: b'rUD5TRghj9fgqOBf'
2019/05/15 11:48:19 :DEBUG:[GNUPG:] DECRYPTION_COMPLIANCE_MODE 23
2019/05/15 11:48:19 :DEBUG:message ignored: DECRYPTION_COMPLIANCE_MODE, 23
2019/05/15 11:48:19 :DEBUG:[GNUPG:] DECRYPTION_INFO 2 9
2019/05/15 11:48:19 :DEBUG:[GNUPG:] PLAINTEXT 62 1557913554
2019/05/15 11:48:19 :DEBUG:[GNUPG:] PLAINTEXT_LENGTH 16
2019/05/15 11:48:19 :DEBUG:[GNUPG:] DECRYPTION_OKAY
2019/05/15 11:48:19 :DEBUG:[GNUPG:] GOODMDC
2019/05/15 11:48:19 :DEBUG:[GNUPG:] END_DECRYPTION
2019/05/15 11:48:19 :DEBUG:decrypt result: b'rUD5TRghj9fgqOBf'
2019/05/15 11:48:19 :INFO:Getting everything from passTable
2019/05/15 11:48:19 :DEBUG:13919: gpg --pinentry-mode loopback --status-fd 2 --no-tty --no-verbose --fixed-list-mode --batch --with-colons --homedir gpg --passphrase-fd 0 --decrypt
2019/05/15 11:48:19 :DEBUG:Wrote passphrase
2019/05/15 11:48:19 :DEBUG:data copier: <Thread(Thread-6, initial daemon)>, <_io.BytesIO object at 0x7fc7ae9650a0>, <_io.BufferedWriter name=27>
2019/05/15 11:48:19 :DEBUG:closed output, 1 bytes sent
2019/05/15 11:48:19 :DEBUG:stderr reader: <Thread(Thread-7, initial daemon)>
2019/05/15 11:48:19 :DEBUG:stdout reader: <Thread(Thread-8, initial daemon)>
2019/05/15 11:48:19 :DEBUG:gpg: WARNING: unsafe permissions on homedir '/home/jfk422/Projects/Code/Arcanum/arcanum/gpg'
2019/05/15 11:48:19 :DEBUG:gpg: [don't know]: invalid packet (ctb=31)
2019/05/15 11:48:19 :DEBUG:[GNUPG:] NODATA 3
2019/05/15 11:48:19 :DEBUG:decrypt result: b''
2019/05/15 11:48:19 :DEBUG:13923: gpg --pinentry-mode loopback --status-fd 2 --no-tty --no-verbose --fixed-list-mode --batch --with-colons --homedir gpg --passphrase-fd 0 --decrypt
2019/05/15 11:48:19 :DEBUG:Wrote passphrase
2019/05/15 11:48:19 :DEBUG:data copier: <Thread(Thread-9, initial daemon)>, <_io.BytesIO object at 0x7fc7ae9650a0>, <_io.BufferedWriter name=27>
2019/05/15 11:48:19 :DEBUG:stderr reader: <Thread(Thread-10, initial daemon)>
2019/05/15 11:48:19 :DEBUG:closed output, 163 bytes sent
2019/05/15 11:48:19 :DEBUG:stdout reader: <Thread(Thread-11, initial daemon)>
2019/05/15 11:48:19 :DEBUG:gpg: WARNING: unsafe permissions on homedir '/home/jfk422/Projects/Code/Arcanum/arcanum/gpg'
2019/05/15 11:48:19 :DEBUG:gpg: AES256 encrypted data
2019/05/15 11:48:19 :DEBUG:[GNUPG:] NEED_PASSPHRASE_SYM 9 3 2
2019/05/15 11:48:19 :DEBUG:gpg: encrypted with 1 passphrase
2019/05/15 11:48:19 :DEBUG:[GNUPG:] BEGIN_DECRYPTION
2019/05/15 11:48:19 :DEBUG:[GNUPG:] DECRYPTION_COMPLIANCE_MODE 23
2019/05/15 11:48:19 :DEBUG:message ignored: DECRYPTION_COMPLIANCE_MODE, 23
2019/05/15 11:48:19 :DEBUG:[GNUPG:] DECRYPTION_INFO 2 9
2019/05/15 11:48:19 :DEBUG:[GNUPG:] PLAINTEXT 62 1557913575
2019/05/15 11:48:19 :DEBUG:[GNUPG:] PLAINTEXT_LENGTH 4
2019/05/15 11:48:19 :DEBUG:chunk: b'test'
2019/05/15 11:48:19 :DEBUG:[GNUPG:] DECRYPTION_OKAY
2019/05/15 11:48:19 :DEBUG:[GNUPG:] GOODMDC
2019/05/15 11:48:19 :DEBUG:[GNUPG:] END_DECRYPTION
2019/05/15 11:48:19 :DEBUG:decrypt result: b'test'
2019/05/15 11:48:19 :DEBUG:13927: gpg --pinentry-mode loopback --status-fd 2 --no-tty --no-verbose --fixed-list-mode --batch --with-colons --homedir gpg --passphrase-fd 0 --decrypt
2019/05/15 11:48:19 :DEBUG:Wrote passphrase
2019/05/15 11:48:19 :DEBUG:data copier: <Thread(Thread-12, initial daemon)>, <_io.BytesIO object at 0x7fc7ae9650a0>, <_io.BufferedWriter name=27>
2019/05/15 11:48:19 :DEBUG:closed output, 26 bytes sent
2019/05/15 11:48:19 :DEBUG:stderr reader: <Thread(Thread-13, initial daemon)>
2019/05/15 11:48:19 :DEBUG:stdout reader: <Thread(Thread-14, initial daemon)>
2019/05/15 11:48:19 :DEBUG:gpg: WARNING: unsafe permissions on homedir '/home/jfk422/Projects/Code/Arcanum/arcanum/gpg'
2019/05/15 11:48:19 :DEBUG:gpg: no valid OpenPGP data found.
2019/05/15 11:48:19 :DEBUG:[GNUPG:] NODATA 1
2019/05/15 11:48:19 :DEBUG:[GNUPG:] NODATA 2
2019/05/15 11:48:19 :DEBUG:[GNUPG:] FAILURE decrypt 4294967295
2019/05/15 11:48:19 :DEBUG:gpg: decrypt_message failed: Unknown system error
2019/05/15 11:48:19 :DEBUG:decrypt result: b''
2019/05/15 11:48:19 :DEBUG:13931: gpg --pinentry-mode loopback --status-fd 2 --no-tty --no-verbose --fixed-list-mode --batch --with-colons --homedir gpg --passphrase-fd 0 --decrypt
2019/05/15 11:48:19 :DEBUG:Wrote passphrase
2019/05/15 11:48:19 :DEBUG:data copier: <Thread(Thread-15, initial daemon)>, <_io.BytesIO object at 0x7fc7ae9650a0>, <_io.BufferedWriter name=27>
2019/05/15 11:48:19 :DEBUG:stderr reader: <Thread(Thread-16, initial daemon)>
2019/05/15 11:48:19 :DEBUG:closed output, 5 bytes sent
2019/05/15 11:48:19 :DEBUG:stdout reader: <Thread(Thread-17, initial daemon)>
2019/05/15 11:48:19 :DEBUG:gpg: WARNING: unsafe permissions on homedir '/home/jfk422/Projects/Code/Arcanum/arcanum/gpg'
2019/05/15 11:48:19 :DEBUG:gpg: no valid OpenPGP data found.
2019/05/15 11:48:19 :DEBUG:[GNUPG:] NODATA 1
2019/05/15 11:48:19 :DEBUG:[GNUPG:] NODATA 2
2019/05/15 11:48:19 :DEBUG:[GNUPG:] FAILURE decrypt 4294967295
2019/05/15 11:48:19 :DEBUG:gpg: decrypt_message failed: Unknown system error
2019/05/15 11:48:19 :DEBUG:decrypt result: b''
2019/05/15 11:48:19 :DEBUG:13935: gpg --pinentry-mode loopback --status-fd 2 --no-tty --no-verbose --fixed-list-mode --batch --with-colons --homedir gpg --passphrase-fd 0 --decrypt
2019/05/15 11:48:19 :DEBUG:Wrote passphrase
2019/05/15 11:48:19 :DEBUG:data copier: <Thread(Thread-18, initial daemon)>, <_io.BytesIO object at 0x7fc7ae9650a0>, <_io.BufferedWriter name=27>
2019/05/15 11:48:19 :DEBUG:stderr reader: <Thread(Thread-19, initial daemon)>
2019/05/15 11:48:19 :DEBUG:closed output, 1 bytes sent
2019/05/15 11:48:19 :DEBUG:stdout reader: <Thread(Thread-20, initial daemon)>
2019/05/15 11:48:19 :DEBUG:gpg: WARNING: unsafe permissions on homedir '/home/jfk422/Projects/Code/Arcanum/arcanum/gpg'
2019/05/15 11:48:19 :DEBUG:gpg: [don't know]: invalid packet (ctb=32)
2019/05/15 11:48:19 :DEBUG:[GNUPG:] NODATA 3
2019/05/15 11:48:19 :DEBUG:decrypt result: b''
2019/05/15 11:48:19 :DEBUG:13939: gpg --pinentry-mode loopback --status-fd 2 --no-tty --no-verbose --fixed-list-mode --batch --with-colons --homedir gpg --passphrase-fd 0 --decrypt
2019/05/15 11:48:19 :DEBUG:Wrote passphrase
2019/05/15 11:48:19 :DEBUG:data copier: <Thread(Thread-21, initial daemon)>, <_io.BytesIO object at 0x7fc7ae9650a0>, <_io.BufferedWriter name=27>
2019/05/15 11:48:19 :DEBUG:stderr reader: <Thread(Thread-22, initial daemon)>
2019/05/15 11:48:19 :DEBUG:closed output, 4 bytes sent
2019/05/15 11:48:19 :DEBUG:stdout reader: <Thread(Thread-23, initial daemon)>
2019/05/15 11:48:19 :DEBUG:gpg: WARNING: unsafe permissions on homedir '/home/jfk422/Projects/Code/Arcanum/arcanum/gpg'
2019/05/15 11:48:19 :DEBUG:gpg: no valid OpenPGP data found.
2019/05/15 11:48:19 :DEBUG:[GNUPG:] NODATA 1
2019/05/15 11:48:19 :DEBUG:[GNUPG:] NODATA 2
2019/05/15 11:48:19 :DEBUG:[GNUPG:] FAILURE decrypt 4294967295
2019/05/15 11:48:19 :DEBUG:gpg: decrypt_message failed: Unknown system error
2019/05/15 11:48:19 :DEBUG:decrypt result: b''
2019/05/15 11:48:19 :DEBUG:13943: gpg --pinentry-mode loopback --status-fd 2 --no-tty --no-verbose --fixed-list-mode --batch --with-colons --homedir gpg --passphrase-fd 0 --decrypt
2019/05/15 11:48:19 :DEBUG:Wrote passphrase
2019/05/15 11:48:19 :DEBUG:data copier: <Thread(Thread-24, initial daemon)>, <_io.BytesIO object at 0x7fc7ae9650a0>, <_io.BufferedWriter name=27>
2019/05/15 11:48:19 :DEBUG:stderr reader: <Thread(Thread-25, initial daemon)>
2019/05/15 11:48:19 :DEBUG:closed output, 4 bytes sent
2019/05/15 11:48:19 :DEBUG:stdout reader: <Thread(Thread-26, initial daemon)>
2019/05/15 11:48:19 :DEBUG:gpg: WARNING: unsafe permissions on homedir '/home/jfk422/Projects/Code/Arcanum/arcanum/gpg'
2019/05/15 11:48:19 :DEBUG:gpg: no valid OpenPGP data found.
2019/05/15 11:48:19 :DEBUG:[GNUPG:] NODATA 1
2019/05/15 11:48:19 :DEBUG:[GNUPG:] NODATA 2
2019/05/15 11:48:19 :DEBUG:[GNUPG:] FAILURE decrypt 4294967295
2019/05/15 11:48:19 :DEBUG:gpg: decrypt_message failed: Unknown system error
2019/05/15 11:48:19 :DEBUG:decrypt result: b''
2019/05/15 11:48:19 :DEBUG:13947: gpg --pinentry-mode loopback --status-fd 2 --no-tty --no-verbose --fixed-list-mode --batch --with-colons --homedir gpg --passphrase-fd 0 --decrypt
2019/05/15 11:48:19 :DEBUG:Wrote passphrase
2019/05/15 11:48:19 :DEBUG:data copier: <Thread(Thread-27, initial daemon)>, <_io.BytesIO object at 0x7fc7ae9650a0>, <_io.BufferedWriter name=27>
2019/05/15 11:48:19 :DEBUG:stderr reader: <Thread(Thread-28, initial daemon)>
2019/05/15 11:48:19 :DEBUG:closed output, 4 bytes sent
2019/05/15 11:48:19 :DEBUG:stdout reader: <Thread(Thread-29, initial daemon)>
2019/05/15 11:48:19 :DEBUG:gpg: WARNING: unsafe permissions on homedir '/home/jfk422/Projects/Code/Arcanum/arcanum/gpg'
2019/05/15 11:48:19 :DEBUG:gpg: no valid OpenPGP data found.
2019/05/15 11:48:19 :DEBUG:[GNUPG:] NODATA 1
2019/05/15 11:48:19 :DEBUG:[GNUPG:] NODATA 2
2019/05/15 11:48:19 :DEBUG:[GNUPG:] FAILURE decrypt 4294967295
2019/05/15 11:48:19 :DEBUG:gpg: decrypt_message failed: Unknown system error
2019/05/15 11:48:19 :DEBUG:decrypt result: b''
2019/05/15 11:48:19 :INFO:Getting row: 2 from table: email
2019/05/15 11:48:19 :DEBUG:13951: gpg --pinentry-mode loopback --status-fd 2 --no-tty --no-verbose --fixed-list-mode --batch --with-colons --homedir gpg --passphrase-fd 0 --decrypt
2019/05/15 11:48:19 :DEBUG:Wrote passphrase
2019/05/15 11:48:19 :DEBUG:data copier: <Thread(Thread-30, initial daemon)>, <_io.BytesIO object at 0x7fc7ae9650a0>, <_io.BufferedWriter name=27>
2019/05/15 11:48:19 :DEBUG:stderr reader: <Thread(Thread-31, initial daemon)>
2019/05/15 11:48:19 :DEBUG:closed output, 171 bytes sent
2019/05/15 11:48:19 :DEBUG:stdout reader: <Thread(Thread-32, initial daemon)>
2019/05/15 11:48:20 :DEBUG:gpg: WARNING: unsafe permissions on homedir '/home/jfk422/Projects/Code/Arcanum/arcanum/gpg'
2019/05/15 11:48:20 :DEBUG:gpg: AES256 encrypted data
2019/05/15 11:48:20 :DEBUG:chunk: b'test@test.com'
2019/05/15 11:48:20 :DEBUG:[GNUPG:] NEED_PASSPHRASE_SYM 9 3 2
2019/05/15 11:48:20 :DEBUG:gpg: encrypted with 1 passphrase
2019/05/15 11:48:20 :DEBUG:[GNUPG:] BEGIN_DECRYPTION
2019/05/15 11:48:20 :DEBUG:[GNUPG:] DECRYPTION_COMPLIANCE_MODE 23
2019/05/15 11:48:20 :DEBUG:message ignored: DECRYPTION_COMPLIANCE_MODE, 23
2019/05/15 11:48:20 :DEBUG:[GNUPG:] DECRYPTION_INFO 2 9
2019/05/15 11:48:20 :DEBUG:[GNUPG:] PLAINTEXT 62 1557913575
2019/05/15 11:48:20 :DEBUG:[GNUPG:] PLAINTEXT_LENGTH 13
2019/05/15 11:48:20 :DEBUG:[GNUPG:] DECRYPTION_OKAY
2019/05/15 11:48:20 :DEBUG:[GNUPG:] GOODMDC
2019/05/15 11:48:20 :DEBUG:[GNUPG:] END_DECRYPTION
2019/05/15 11:48:20 :DEBUG:decrypt result: b'test@test.com'
2019/05/15 11:48:20 :INFO:Getting row: 1 from table: passTable
2019/05/15 11:48:20 :DEBUG:13955: gpg --pinentry-mode loopback --status-fd 2 --no-tty --no-verbose --fixed-list-mode --batch --with-colons --homedir gpg --passphrase-fd 0 --decrypt
2019/05/15 11:48:20 :DEBUG:Wrote passphrase
2019/05/15 11:48:20 :DEBUG:data copier: <Thread(Thread-33, initial daemon)>, <_io.BytesIO object at 0x7fc7ae9650f8>, <_io.BufferedWriter name=27>
2019/05/15 11:48:20 :DEBUG:stderr reader: <Thread(Thread-34, initial daemon)>
2019/05/15 11:48:20 :DEBUG:closed output, 163 bytes sent
2019/05/15 11:48:20 :DEBUG:stdout reader: <Thread(Thread-35, initial daemon)>
2019/05/15 11:48:20 :DEBUG:gpg: WARNING: unsafe permissions on homedir '/home/jfk422/Projects/Code/Arcanum/arcanum/gpg'
2019/05/15 11:48:20 :DEBUG:chunk: b'test'
2019/05/15 11:48:20 :DEBUG:gpg: AES256 encrypted data
2019/05/15 11:48:20 :DEBUG:[GNUPG:] NEED_PASSPHRASE_SYM 9 3 2
2019/05/15 11:48:20 :DEBUG:gpg: encrypted with 1 passphrase
2019/05/15 11:48:20 :DEBUG:[GNUPG:] BEGIN_DECRYPTION
2019/05/15 11:48:20 :DEBUG:[GNUPG:] DECRYPTION_COMPLIANCE_MODE 23
2019/05/15 11:48:20 :DEBUG:message ignored: DECRYPTION_COMPLIANCE_MODE, 23
2019/05/15 11:48:20 :DEBUG:[GNUPG:] DECRYPTION_INFO 2 9
2019/05/15 11:48:20 :DEBUG:[GNUPG:] PLAINTEXT 62 1557913575
2019/05/15 11:48:20 :DEBUG:[GNUPG:] PLAINTEXT_LENGTH 4
2019/05/15 11:48:20 :DEBUG:[GNUPG:] DECRYPTION_OKAY
2019/05/15 11:48:20 :DEBUG:[GNUPG:] GOODMDC
2019/05/15 11:48:20 :DEBUG:[GNUPG:] END_DECRYPTION
2019/05/15 11:48:20 :DEBUG:decrypt result: b'test'
2019/05/15 11:48:20 :INFO:Getting everything from email
2019/05/15 11:48:20 :DEBUG:13959: gpg --pinentry-mode loopback --status-fd 2 --no-tty --no-verbose --fixed-list-mode --batch --with-colons --homedir gpg --passphrase-fd 0 --decrypt
2019/05/15 11:48:20 :DEBUG:Wrote passphrase
2019/05/15 11:48:20 :DEBUG:data copier: <Thread(Thread-36, initial daemon)>, <_io.BytesIO object at 0x7fc7ae9650a0>, <_io.BufferedWriter name=27>
2019/05/15 11:48:20 :DEBUG:stderr reader: <Thread(Thread-37, initial daemon)>
2019/05/15 11:48:20 :DEBUG:closed output, 163 bytes sent
2019/05/15 11:48:20 :DEBUG:stdout reader: <Thread(Thread-38, initial daemon)>
2019/05/15 11:48:21 :DEBUG:gpg: WARNING: unsafe permissions on homedir '/home/jfk422/Projects/Code/Arcanum/arcanum/gpg'
2019/05/15 11:48:21 :DEBUG:gpg: AES256 encrypted data
2019/05/15 11:48:21 :DEBUG:[GNUPG:] NEED_PASSPHRASE_SYM 9 3 2
2019/05/15 11:48:21 :DEBUG:chunk: b'None'
2019/05/15 11:48:21 :DEBUG:gpg: encrypted with 1 passphrase
2019/05/15 11:48:21 :DEBUG:[GNUPG:] BEGIN_DECRYPTION
2019/05/15 11:48:21 :DEBUG:[GNUPG:] DECRYPTION_COMPLIANCE_MODE 23
2019/05/15 11:48:21 :DEBUG:message ignored: DECRYPTION_COMPLIANCE_MODE, 23
2019/05/15 11:48:21 :DEBUG:[GNUPG:] DECRYPTION_INFO 2 9
2019/05/15 11:48:21 :DEBUG:[GNUPG:] PLAINTEXT 62 1557913555
2019/05/15 11:48:21 :DEBUG:[GNUPG:] PLAINTEXT_LENGTH 4
2019/05/15 11:48:21 :DEBUG:[GNUPG:] DECRYPTION_OKAY
2019/05/15 11:48:21 :DEBUG:[GNUPG:] GOODMDC
2019/05/15 11:48:21 :DEBUG:[GNUPG:] END_DECRYPTION
2019/05/15 11:48:21 :DEBUG:decrypt result: b'None'
2019/05/15 11:48:21 :DEBUG:13963: gpg --pinentry-mode loopback --status-fd 2 --no-tty --no-verbose --fixed-list-mode --batch --with-colons --homedir gpg --passphrase-fd 0 --decrypt
2019/05/15 11:48:21 :DEBUG:Wrote passphrase
2019/05/15 11:48:21 :DEBUG:data copier: <Thread(Thread-39, initial daemon)>, <_io.BytesIO object at 0x7fc7ae9650a0>, <_io.BufferedWriter name=27>
2019/05/15 11:48:21 :DEBUG:stderr reader: <Thread(Thread-40, initial daemon)>
2019/05/15 11:48:21 :DEBUG:closed output, 171 bytes sent
2019/05/15 11:48:21 :DEBUG:stdout reader: <Thread(Thread-41, initial daemon)>
2019/05/15 11:48:21 :DEBUG:gpg: WARNING: unsafe permissions on homedir '/home/jfk422/Projects/Code/Arcanum/arcanum/gpg'
2019/05/15 11:48:21 :DEBUG:gpg: AES256 encrypted data
2019/05/15 11:48:21 :DEBUG:[GNUPG:] NEED_PASSPHRASE_SYM 9 3 2
2019/05/15 11:48:21 :DEBUG:chunk: b'test@test.com'
2019/05/15 11:48:21 :DEBUG:gpg: encrypted with 1 passphrase
2019/05/15 11:48:21 :DEBUG:[GNUPG:] BEGIN_DECRYPTION
2019/05/15 11:48:21 :DEBUG:[GNUPG:] DECRYPTION_COMPLIANCE_MODE 23
2019/05/15 11:48:21 :DEBUG:message ignored: DECRYPTION_COMPLIANCE_MODE, 23
2019/05/15 11:48:21 :DEBUG:[GNUPG:] DECRYPTION_INFO 2 9
2019/05/15 11:48:21 :DEBUG:[GNUPG:] PLAINTEXT 62 1557913575
2019/05/15 11:48:21 :DEBUG:[GNUPG:] PLAINTEXT_LENGTH 13
2019/05/15 11:48:21 :DEBUG:[GNUPG:] DECRYPTION_OKAY
2019/05/15 11:48:21 :DEBUG:[GNUPG:] GOODMDC
2019/05/15 11:48:21 :DEBUG:[GNUPG:] END_DECRYPTION
2019/05/15 11:48:21 :DEBUG:decrypt result: b'test@test.com'
2019/05/15 11:48:21 :INFO:Decrypted email addresses
2019/05/15 11:48:52 :INFO:Getting everything from email
2019/05/15 11:48:52 :DEBUG:13989: gpg --pinentry-mode loopback --status-fd 2 --no-tty --no-verbose --fixed-list-mode --batch --with-colons --homedir gpg --passphrase-fd 0 --symmetric --armor
2019/05/15 11:48:52 :DEBUG:Wrote passphrase
2019/05/15 11:48:52 :DEBUG:data copier: <Thread(Thread-42, initial daemon)>, <_io.BytesIO object at 0x7fc7ae9650f8>, <_io.BufferedWriter name=27>
2019/05/15 11:48:52 :DEBUG:stderr reader: <Thread(Thread-43, initial daemon)>
2019/05/15 11:48:52 :DEBUG:closed output, 7 bytes sent
2019/05/15 11:48:52 :DEBUG:stdout reader: <Thread(Thread-44, initial daemon)>
2019/05/15 11:48:53 :DEBUG:gpg: WARNING: unsafe permissions on homedir '/home/jfk422/Projects/Code/Arcanum/arcanum/gpg'
2019/05/15 11:48:53 :DEBUG:[GNUPG:] NEED_PASSPHRASE_SYM 9 3 2
2019/05/15 11:48:53 :DEBUG:[GNUPG:] BEGIN_ENCRYPTION 2 9
2019/05/15 11:48:53 :DEBUG:[GNUPG:] END_ENCRYPTION
2019/05/15 11:48:53 :DEBUG:chunk: b'-----BEGIN PGP MESSAGE-----\n\njA0ECQMC2oaGWAlQaqP/0jwBvkoio4QV2eY57e+StMVLjfHmEXrMtt9GYI9QPb1h\n+KR6lkW7Q1kyqe1W637LfV/jLMueUCXMLgD/iqQ=\n=yJVu\n-----END PGP MESSAGE-----\n'
2019/05/15 11:48:53 :DEBUG:encrypt result: b'-----BEGIN PGP MESSAGE-----\n\njA0ECQMC2oaGWAlQaqP/0jwBvkoio4QV2eY57e+StMVLjfHmEXrMtt9GYI9QPb1h\n+KR6lkW7Q1kyqe1W637LfV/jLMueUCXMLgD/iqQ=\n=yJVu\n-----END PGP MESSAGE-----\n'
2019/05/15 11:48:53 :DEBUG:13994: gpg --pinentry-mode loopback --status-fd 2 --no-tty --no-verbose --fixed-list-mode --batch --with-colons --homedir gpg --passphrase-fd 0 --symmetric --armor
2019/05/15 11:48:53 :DEBUG:Wrote passphrase
2019/05/15 11:48:53 :DEBUG:data copier: <Thread(Thread-45, initial daemon)>, <_io.BytesIO object at 0x7fc7ae9650f8>, <_io.BufferedWriter name=27>
2019/05/15 11:48:53 :DEBUG:stderr reader: <Thread(Thread-46, initial daemon)>
2019/05/15 11:48:53 :DEBUG:closed output, 16 bytes sent
2019/05/15 11:48:53 :DEBUG:stdout reader: <Thread(Thread-47, initial daemon)>
2019/05/15 11:48:53 :DEBUG:gpg: WARNING: unsafe permissions on homedir '/home/jfk422/Projects/Code/Arcanum/arcanum/gpg'
2019/05/15 11:48:53 :DEBUG:chunk: b'-----BEGIN PGP MESSAGE-----\n\njA0ECQMCTG6hk/rqyG//0kUBm1PgVbDFn0+kjF4H3XvythbNGwahe/cvrqbpy9b8\n+mMFzbFlc4U2bf0h+LzqKcsu5/cIkMc45rjVmLpl396S8lpXAiA=\n=6AfI\n-----END PGP MESSAGE-----\n'
2019/05/15 11:48:53 :DEBUG:[GNUPG:] NEED_PASSPHRASE_SYM 9 3 2
2019/05/15 11:48:53 :DEBUG:[GNUPG:] BEGIN_ENCRYPTION 2 9
2019/05/15 11:48:53 :DEBUG:[GNUPG:] END_ENCRYPTION
2019/05/15 11:48:53 :DEBUG:encrypt result: b'-----BEGIN PGP MESSAGE-----\n\njA0ECQMCTG6hk/rqyG//0kUBm1PgVbDFn0+kjF4H3XvythbNGwahe/cvrqbpy9b8\n+mMFzbFlc4U2bf0h+LzqKcsu5/cIkMc45rjVmLpl396S8lpXAiA=\n=6AfI\n-----END PGP MESSAGE-----\n'
2019/05/15 11:48:53 :DEBUG:13999: gpg --pinentry-mode loopback --status-fd 2 --no-tty --no-verbose --fixed-list-mode --batch --with-colons --homedir gpg --passphrase-fd 0 --symmetric --armor
2019/05/15 11:48:53 :DEBUG:Wrote passphrase
2019/05/15 11:48:53 :DEBUG:data copier: <Thread(Thread-48, initial daemon)>, <_io.BytesIO object at 0x7fc7ae9650f8>, <_io.BufferedWriter name=27>
2019/05/15 11:48:53 :DEBUG:stderr reader: <Thread(Thread-49, initial daemon)>
2019/05/15 11:48:53 :DEBUG:closed output, 6 bytes sent
2019/05/15 11:48:53 :DEBUG:stdout reader: <Thread(Thread-50, initial daemon)>
2019/05/15 11:48:54 :DEBUG:gpg: WARNING: unsafe permissions on homedir '/home/jfk422/Projects/Code/Arcanum/arcanum/gpg'
2019/05/15 11:48:54 :DEBUG:chunk: b'-----BEGIN PGP MESSAGE-----\n\njA0ECQMCiS6wrDCQfNH/0joBI60m3Kfz3k3pZC0XvZRUI2YDD3fpwl9drEbEs1ve\nMDPKpD/kOmXts7aLRmOWygs34i/lafIRj2hd\n=Wb0B\n-----END PGP MESSAGE-----\n'
2019/05/15 11:48:54 :DEBUG:[GNUPG:] NEED_PASSPHRASE_SYM 9 3 2
2019/05/15 11:48:54 :DEBUG:[GNUPG:] BEGIN_ENCRYPTION 2 9
2019/05/15 11:48:54 :DEBUG:[GNUPG:] END_ENCRYPTION
2019/05/15 11:48:54 :DEBUG:encrypt result: b'-----BEGIN PGP MESSAGE-----\n\njA0ECQMCiS6wrDCQfNH/0joBI60m3Kfz3k3pZC0XvZRUI2YDD3fpwl9drEbEs1ve\nMDPKpD/kOmXts7aLRmOWygs34i/lafIRj2hd\n=Wb0B\n-----END PGP MESSAGE-----\n'
2019/05/15 11:48:54 :INFO:Password is being inserted
2019/05/15 11:48:54 :INFO:Inserted data into passwords table
2019/05/15 11:48:54 :INFO:Getting everything from passTable
2019/05/15 11:48:54 :DEBUG:14005: gpg --pinentry-mode loopback --status-fd 2 --no-tty --no-verbose --fixed-list-mode --batch --with-colons --homedir gpg --passphrase-fd 0 --decrypt
2019/05/15 11:48:54 :DEBUG:Wrote passphrase
2019/05/15 11:48:54 :DEBUG:data copier: <Thread(Thread-51, initial daemon)>, <_io.BytesIO object at 0x7fc7ae965200>, <_io.BufferedWriter name=27>
2019/05/15 11:48:54 :DEBUG:stderr reader: <Thread(Thread-52, initial daemon)>
2019/05/15 11:48:54 :DEBUG:closed output, 1 bytes sent
2019/05/15 11:48:54 :DEBUG:stdout reader: <Thread(Thread-53, initial daemon)>
2019/05/15 11:48:54 :DEBUG:gpg: WARNING: unsafe permissions on homedir '/home/jfk422/Projects/Code/Arcanum/arcanum/gpg'
2019/05/15 11:48:54 :DEBUG:gpg: [don't know]: invalid packet (ctb=31)
2019/05/15 11:48:54 :DEBUG:[GNUPG:] NODATA 3
2019/05/15 11:48:54 :DEBUG:decrypt result: b''
2019/05/15 11:48:54 :DEBUG:14009: gpg --pinentry-mode loopback --status-fd 2 --no-tty --no-verbose --fixed-list-mode --batch --with-colons --homedir gpg --passphrase-fd 0 --decrypt
2019/05/15 11:48:54 :DEBUG:Wrote passphrase
2019/05/15 11:48:54 :DEBUG:data copier: <Thread(Thread-54, initial daemon)>, <_io.BytesIO object at 0x7fc7ae965200>, <_io.BufferedWriter name=27>
2019/05/15 11:48:54 :DEBUG:stderr reader: <Thread(Thread-55, initial daemon)>
2019/05/15 11:48:54 :DEBUG:closed output, 163 bytes sent
2019/05/15 11:48:54 :DEBUG:stdout reader: <Thread(Thread-56, initial daemon)>
2019/05/15 11:48:54 :DEBUG:gpg: WARNING: unsafe permissions on homedir '/home/jfk422/Projects/Code/Arcanum/arcanum/gpg'
2019/05/15 11:48:54 :DEBUG:gpg: AES256 encrypted data
2019/05/15 11:48:54 :DEBUG:[GNUPG:] NEED_PASSPHRASE_SYM 9 3 2
2019/05/15 11:48:54 :DEBUG:gpg: encrypted with 1 passphrase
2019/05/15 11:48:54 :DEBUG:[GNUPG:] BEGIN_DECRYPTION
2019/05/15 11:48:54 :DEBUG:[GNUPG:] DECRYPTION_COMPLIANCE_MODE 23
2019/05/15 11:48:54 :DEBUG:message ignored: DECRYPTION_COMPLIANCE_MODE, 23
2019/05/15 11:48:54 :DEBUG:[GNUPG:] DECRYPTION_INFO 2 9
2019/05/15 11:48:54 :DEBUG:chunk: b'test'
2019/05/15 11:48:54 :DEBUG:[GNUPG:] PLAINTEXT 62 1557913575
2019/05/15 11:48:54 :DEBUG:[GNUPG:] PLAINTEXT_LENGTH 4
2019/05/15 11:48:54 :DEBUG:[GNUPG:] DECRYPTION_OKAY
2019/05/15 11:48:54 :DEBUG:[GNUPG:] GOODMDC
2019/05/15 11:48:54 :DEBUG:[GNUPG:] END_DECRYPTION
2019/05/15 11:48:54 :DEBUG:decrypt result: b'test'
2019/05/15 11:48:54 :DEBUG:14013: gpg --pinentry-mode loopback --status-fd 2 --no-tty --no-verbose --fixed-list-mode --batch --with-colons --homedir gpg --passphrase-fd 0 --decrypt
2019/05/15 11:48:54 :DEBUG:Wrote passphrase
2019/05/15 11:48:54 :DEBUG:data copier: <Thread(Thread-57, initial daemon)>, <_io.BytesIO object at 0x7fc7ae965200>, <_io.BufferedWriter name=27>
2019/05/15 11:48:54 :DEBUG:stderr reader: <Thread(Thread-58, initial daemon)>
2019/05/15 11:48:54 :DEBUG:closed output, 26 bytes sent
2019/05/15 11:48:54 :DEBUG:stdout reader: <Thread(Thread-59, initial daemon)>
2019/05/15 11:48:54 :DEBUG:gpg: WARNING: unsafe permissions on homedir '/home/jfk422/Projects/Code/Arcanum/arcanum/gpg'
2019/05/15 11:48:54 :DEBUG:gpg: no valid OpenPGP data found.
2019/05/15 11:48:54 :DEBUG:[GNUPG:] NODATA 1
2019/05/15 11:48:54 :DEBUG:[GNUPG:] NODATA 2
2019/05/15 11:48:54 :DEBUG:[GNUPG:] FAILURE decrypt 4294967295
2019/05/15 11:48:54 :DEBUG:gpg: decrypt_message failed: Unknown system error
2019/05/15 11:48:54 :DEBUG:decrypt result: b''
2019/05/15 11:48:54 :DEBUG:14017: gpg --pinentry-mode loopback --status-fd 2 --no-tty --no-verbose --fixed-list-mode --batch --with-colons --homedir gpg --passphrase-fd 0 --decrypt
2019/05/15 11:48:54 :DEBUG:Wrote passphrase
2019/05/15 11:48:54 :DEBUG:data copier: <Thread(Thread-60, initial daemon)>, <_io.BytesIO object at 0x7fc7ae965200>, <_io.BufferedWriter name=27>
2019/05/15 11:48:54 :DEBUG:stderr reader: <Thread(Thread-61, initial daemon)>
2019/05/15 11:48:54 :DEBUG:closed output, 5 bytes sent
2019/05/15 11:48:54 :DEBUG:stdout reader: <Thread(Thread-62, initial daemon)>
2019/05/15 11:48:54 :DEBUG:gpg: WARNING: unsafe permissions on homedir '/home/jfk422/Projects/Code/Arcanum/arcanum/gpg'
2019/05/15 11:48:54 :DEBUG:gpg: no valid OpenPGP data found.
2019/05/15 11:48:54 :DEBUG:[GNUPG:] NODATA 1
2019/05/15 11:48:54 :DEBUG:[GNUPG:] NODATA 2
2019/05/15 11:48:54 :DEBUG:[GNUPG:] FAILURE decrypt 4294967295
2019/05/15 11:48:54 :DEBUG:gpg: decrypt_message failed: Unknown system error
2019/05/15 11:48:54 :DEBUG:decrypt result: b''
2019/05/15 11:48:54 :DEBUG:14021: gpg --pinentry-mode loopback --status-fd 2 --no-tty --no-verbose --fixed-list-mode --batch --with-colons --homedir gpg --passphrase-fd 0 --decrypt
2019/05/15 11:48:54 :DEBUG:Wrote passphrase
2019/05/15 11:48:54 :DEBUG:data copier: <Thread(Thread-63, initial daemon)>, <_io.BytesIO object at 0x7fc7ae965200>, <_io.BufferedWriter name=27>
2019/05/15 11:48:54 :DEBUG:stderr reader: <Thread(Thread-64, initial daemon)>
2019/05/15 11:48:54 :DEBUG:closed output, 1 bytes sent
2019/05/15 11:48:54 :DEBUG:stdout reader: <Thread(Thread-65, initial daemon)>
2019/05/15 11:48:54 :DEBUG:gpg: WARNING: unsafe permissions on homedir '/home/jfk422/Projects/Code/Arcanum/arcanum/gpg'
2019/05/15 11:48:54 :DEBUG:gpg: [don't know]: invalid packet (ctb=32)
2019/05/15 11:48:54 :DEBUG:[GNUPG:] NODATA 3
2019/05/15 11:48:54 :DEBUG:decrypt result: b''
2019/05/15 11:48:54 :DEBUG:14025: gpg --pinentry-mode loopback --status-fd 2 --no-tty --no-verbose --fixed-list-mode --batch --with-colons --homedir gpg --passphrase-fd 0 --decrypt
2019/05/15 11:48:54 :DEBUG:Wrote passphrase
2019/05/15 11:48:54 :DEBUG:data copier: <Thread(Thread-66, initial daemon)>, <_io.BytesIO object at 0x7fc7ae965200>, <_io.BufferedWriter name=27>
2019/05/15 11:48:54 :DEBUG:stderr reader: <Thread(Thread-67, initial daemon)>
2019/05/15 11:48:54 :DEBUG:closed output, 4 bytes sent
2019/05/15 11:48:54 :DEBUG:stdout reader: <Thread(Thread-68, initial daemon)>
2019/05/15 11:48:54 :DEBUG:gpg: WARNING: unsafe permissions on homedir '/home/jfk422/Projects/Code/Arcanum/arcanum/gpg'
2019/05/15 11:48:54 :DEBUG:gpg: no valid OpenPGP data found.
2019/05/15 11:48:54 :DEBUG:[GNUPG:] NODATA 1
2019/05/15 11:48:54 :DEBUG:[GNUPG:] NODATA 2
2019/05/15 11:48:54 :DEBUG:[GNUPG:] FAILURE decrypt 4294967295
2019/05/15 11:48:54 :DEBUG:gpg: decrypt_message failed: Unknown system error
2019/05/15 11:48:54 :DEBUG:decrypt result: b''
2019/05/15 11:48:54 :DEBUG:14029: gpg --pinentry-mode loopback --status-fd 2 --no-tty --no-verbose --fixed-list-mode --batch --with-colons --homedir gpg --passphrase-fd 0 --decrypt
2019/05/15 11:48:54 :DEBUG:Wrote passphrase
2019/05/15 11:48:54 :DEBUG:data copier: <Thread(Thread-69, initial daemon)>, <_io.BytesIO object at 0x7fc7ae965200>, <_io.BufferedWriter name=27>
2019/05/15 11:48:54 :DEBUG:stderr reader: <Thread(Thread-70, initial daemon)>
2019/05/15 11:48:54 :DEBUG:closed output, 4 bytes sent
2019/05/15 11:48:54 :DEBUG:stdout reader: <Thread(Thread-71, initial daemon)>
2019/05/15 11:48:54 :DEBUG:gpg: WARNING: unsafe permissions on homedir '/home/jfk422/Projects/Code/Arcanum/arcanum/gpg'
2019/05/15 11:48:54 :DEBUG:gpg: no valid OpenPGP data found.
2019/05/15 11:48:54 :DEBUG:[GNUPG:] NODATA 1
2019/05/15 11:48:54 :DEBUG:[GNUPG:] NODATA 2
2019/05/15 11:48:54 :DEBUG:[GNUPG:] FAILURE decrypt 4294967295
2019/05/15 11:48:54 :DEBUG:gpg: decrypt_message failed: Unknown system error
2019/05/15 11:48:54 :DEBUG:decrypt result: b''
2019/05/15 11:48:54 :DEBUG:14033: gpg --pinentry-mode loopback --status-fd 2 --no-tty --no-verbose --fixed-list-mode --batch --with-colons --homedir gpg --passphrase-fd 0 --decrypt
2019/05/15 11:48:54 :DEBUG:Wrote passphrase
2019/05/15 11:48:54 :DEBUG:data copier: <Thread(Thread-72, initial daemon)>, <_io.BytesIO object at 0x7fc7ae965200>, <_io.BufferedWriter name=27>
2019/05/15 11:48:54 :DEBUG:stderr reader: <Thread(Thread-73, initial daemon)>
2019/05/15 11:48:54 :DEBUG:stdout reader: <Thread(Thread-74, initial daemon)>
2019/05/15 11:48:54 :DEBUG:closed output, 4 bytes sent
2019/05/15 11:48:54 :DEBUG:gpg: WARNING: unsafe permissions on homedir '/home/jfk422/Projects/Code/Arcanum/arcanum/gpg'
2019/05/15 11:48:54 :DEBUG:gpg: no valid OpenPGP data found.
2019/05/15 11:48:54 :DEBUG:[GNUPG:] NODATA 1
2019/05/15 11:48:54 :DEBUG:[GNUPG:] NODATA 2
2019/05/15 11:48:54 :DEBUG:[GNUPG:] FAILURE decrypt 4294967295
2019/05/15 11:48:54 :DEBUG:gpg: decrypt_message failed: Unknown system error
2019/05/15 11:48:54 :DEBUG:decrypt result: b''
2019/05/15 11:48:54 :INFO:Getting row: 2 from table: email
2019/05/15 11:48:54 :DEBUG:14037: gpg --pinentry-mode loopback --status-fd 2 --no-tty --no-verbose --fixed-list-mode --batch --with-colons --homedir gpg --passphrase-fd 0 --decrypt
2019/05/15 11:48:54 :DEBUG:Wrote passphrase
2019/05/15 11:48:54 :DEBUG:data copier: <Thread(Thread-75, initial daemon)>, <_io.BytesIO object at 0x7fc7ae965200>, <_io.BufferedWriter name=27>
2019/05/15 11:48:54 :DEBUG:stderr reader: <Thread(Thread-76, initial daemon)>
2019/05/15 11:48:54 :DEBUG:closed output, 171 bytes sent
2019/05/15 11:48:54 :DEBUG:stdout reader: <Thread(Thread-77, initial daemon)>
2019/05/15 11:48:55 :DEBUG:gpg: WARNING: unsafe permissions on homedir '/home/jfk422/Projects/Code/Arcanum/arcanum/gpg'
2019/05/15 11:48:55 :DEBUG:gpg: AES256 encrypted data
2019/05/15 11:48:55 :DEBUG:chunk: b'test@test.com'
2019/05/15 11:48:55 :DEBUG:[GNUPG:] NEED_PASSPHRASE_SYM 9 3 2
2019/05/15 11:48:55 :DEBUG:gpg: encrypted with 1 passphrase
2019/05/15 11:48:55 :DEBUG:[GNUPG:] BEGIN_DECRYPTION
2019/05/15 11:48:55 :DEBUG:[GNUPG:] DECRYPTION_COMPLIANCE_MODE 23
2019/05/15 11:48:55 :DEBUG:message ignored: DECRYPTION_COMPLIANCE_MODE, 23
2019/05/15 11:48:55 :DEBUG:[GNUPG:] DECRYPTION_INFO 2 9
2019/05/15 11:48:55 :DEBUG:[GNUPG:] PLAINTEXT 62 1557913575
2019/05/15 11:48:55 :DEBUG:[GNUPG:] PLAINTEXT_LENGTH 13
2019/05/15 11:48:55 :DEBUG:[GNUPG:] DECRYPTION_OKAY
2019/05/15 11:48:55 :DEBUG:[GNUPG:] GOODMDC
2019/05/15 11:48:55 :DEBUG:[GNUPG:] END_DECRYPTION
2019/05/15 11:48:55 :DEBUG:decrypt result: b'test@test.com'
2019/05/15 11:48:55 :INFO:Getting row: 1 from table: passTable
2019/05/15 11:48:55 :DEBUG:14043: gpg --pinentry-mode loopback --status-fd 2 --no-tty --no-verbose --fixed-list-mode --batch --with-colons --homedir gpg --passphrase-fd 0 --decrypt
2019/05/15 11:48:55 :DEBUG:Wrote passphrase
2019/05/15 11:48:55 :DEBUG:data copier: <Thread(Thread-78, initial daemon)>, <_io.BytesIO object at 0x7fc7ae9650f8>, <_io.BufferedWriter name=27>
2019/05/15 11:48:55 :DEBUG:stderr reader: <Thread(Thread-79, initial daemon)>
2019/05/15 11:48:55 :DEBUG:closed output, 163 bytes sent
2019/05/15 11:48:55 :DEBUG:stdout reader: <Thread(Thread-80, initial daemon)>
2019/05/15 11:48:55 :DEBUG:gpg: WARNING: unsafe permissions on homedir '/home/jfk422/Projects/Code/Arcanum/arcanum/gpg'
2019/05/15 11:48:55 :DEBUG:gpg: AES256 encrypted data
2019/05/15 11:48:55 :DEBUG:[GNUPG:] NEED_PASSPHRASE_SYM 9 3 2
2019/05/15 11:48:55 :DEBUG:gpg: encrypted with 1 passphrase
2019/05/15 11:48:55 :DEBUG:[GNUPG:] BEGIN_DECRYPTION
2019/05/15 11:48:55 :DEBUG:chunk: b'test'
2019/05/15 11:48:55 :DEBUG:[GNUPG:] DECRYPTION_COMPLIANCE_MODE 23
2019/05/15 11:48:55 :DEBUG:message ignored: DECRYPTION_COMPLIANCE_MODE, 23
2019/05/15 11:48:55 :DEBUG:[GNUPG:] DECRYPTION_INFO 2 9
2019/05/15 11:48:55 :DEBUG:[GNUPG:] PLAINTEXT 62 1557913575
2019/05/15 11:48:55 :DEBUG:[GNUPG:] PLAINTEXT_LENGTH 4
2019/05/15 11:48:55 :DEBUG:[GNUPG:] DECRYPTION_OKAY
2019/05/15 11:48:55 :DEBUG:[GNUPG:] GOODMDC
2019/05/15 11:48:55 :DEBUG:[GNUPG:] END_DECRYPTION
2019/05/15 11:48:55 :DEBUG:decrypt result: b'test'
2019/05/15 11:48:55 :DEBUG:14047: gpg --pinentry-mode loopback --status-fd 2 --no-tty --no-verbose --fixed-list-mode --batch --with-colons --homedir gpg --passphrase-fd 0 --decrypt
2019/05/15 11:48:55 :DEBUG:Wrote passphrase
2019/05/15 11:48:55 :DEBUG:data copier: <Thread(Thread-81, initial daemon)>, <_io.BytesIO object at 0x7fc7ae9650f8>, <_io.BufferedWriter name=27>
2019/05/15 11:48:55 :DEBUG:stderr reader: <Thread(Thread-82, initial daemon)>
2019/05/15 11:48:55 :DEBUG:closed output, 1 bytes sent
2019/05/15 11:48:55 :DEBUG:stdout reader: <Thread(Thread-83, initial daemon)>
2019/05/15 11:48:55 :DEBUG:gpg: WARNING: unsafe permissions on homedir '/home/jfk422/Projects/Code/Arcanum/arcanum/gpg'
2019/05/15 11:48:55 :DEBUG:gpg: [don't know]: invalid packet (ctb=32)
2019/05/15 11:48:55 :DEBUG:[GNUPG:] NODATA 3
2019/05/15 11:48:55 :DEBUG:decrypt result: b''
2019/05/15 11:48:55 :DEBUG:14051: gpg --pinentry-mode loopback --status-fd 2 --no-tty --no-verbose --fixed-list-mode --batch --with-colons --homedir gpg --passphrase-fd 0 --decrypt
2019/05/15 11:48:55 :DEBUG:Wrote passphrase
2019/05/15 11:48:55 :DEBUG:data copier: <Thread(Thread-84, initial daemon)>, <_io.BytesIO object at 0x7fc7ae9650f8>, <_io.BufferedWriter name=27>
2019/05/15 11:48:55 :DEBUG:stderr reader: <Thread(Thread-85, initial daemon)>
2019/05/15 11:48:55 :DEBUG:closed output, 167 bytes sent
2019/05/15 11:48:55 :DEBUG:stdout reader: <Thread(Thread-86, initial daemon)>
2019/05/15 11:48:55 :DEBUG:gpg: WARNING: unsafe permissions on homedir '/home/jfk422/Projects/Code/Arcanum/arcanum/gpg'
2019/05/15 11:48:55 :DEBUG:gpg: AES256 encrypted data
2019/05/15 11:48:55 :DEBUG:chunk: b'testsss'
2019/05/15 11:48:55 :DEBUG:[GNUPG:] NEED_PASSPHRASE_SYM 9 3 2
2019/05/15 11:48:55 :DEBUG:gpg: encrypted with 1 passphrase
2019/05/15 11:48:55 :DEBUG:[GNUPG:] BEGIN_DECRYPTION
2019/05/15 11:48:55 :DEBUG:[GNUPG:] DECRYPTION_COMPLIANCE_MODE 23
2019/05/15 11:48:55 :DEBUG:message ignored: DECRYPTION_COMPLIANCE_MODE, 23
2019/05/15 11:48:55 :DEBUG:[GNUPG:] DECRYPTION_INFO 2 9
2019/05/15 11:48:55 :DEBUG:[GNUPG:] PLAINTEXT 62 1557913733
2019/05/15 11:48:55 :DEBUG:[GNUPG:] PLAINTEXT_LENGTH 7
2019/05/15 11:48:55 :DEBUG:[GNUPG:] DECRYPTION_OKAY
2019/05/15 11:48:55 :DEBUG:[GNUPG:] GOODMDC
2019/05/15 11:48:55 :DEBUG:[GNUPG:] END_DECRYPTION
2019/05/15 11:48:55 :DEBUG:decrypt result: b'testsss'
2019/05/15 11:48:55 :DEBUG:14055: gpg --pinentry-mode loopback --status-fd 2 --no-tty --no-verbose --fixed-list-mode --batch --with-colons --homedir gpg --passphrase-fd 0 --decrypt
2019/05/15 11:48:55 :DEBUG:Wrote passphrase
2019/05/15 11:48:55 :DEBUG:data copier: <Thread(Thread-87, initial daemon)>, <_io.BytesIO object at 0x7fc7ae9650f8>, <_io.BufferedWriter name=27>
2019/05/15 11:48:55 :DEBUG:stderr reader: <Thread(Thread-88, initial daemon)>
2019/05/15 11:48:55 :DEBUG:closed output, 26 bytes sent
2019/05/15 11:48:55 :DEBUG:stdout reader: <Thread(Thread-89, initial daemon)>
2019/05/15 11:48:55 :DEBUG:gpg: WARNING: unsafe permissions on homedir '/home/jfk422/Projects/Code/Arcanum/arcanum/gpg'
2019/05/15 11:48:55 :DEBUG:gpg: no valid OpenPGP data found.
2019/05/15 11:48:55 :DEBUG:[GNUPG:] NODATA 1
2019/05/15 11:48:55 :DEBUG:[GNUPG:] NODATA 2
2019/05/15 11:48:55 :DEBUG:[GNUPG:] FAILURE decrypt 4294967295
2019/05/15 11:48:55 :DEBUG:gpg: decrypt_message failed: Unknown system error
2019/05/15 11:48:55 :DEBUG:decrypt result: b''
2019/05/15 11:48:55 :DEBUG:14059: gpg --pinentry-mode loopback --status-fd 2 --no-tty --no-verbose --fixed-list-mode --batch --with-colons --homedir gpg --passphrase-fd 0 --decrypt
2019/05/15 11:48:55 :DEBUG:Wrote passphrase
2019/05/15 11:48:55 :DEBUG:data copier: <Thread(Thread-90, initial daemon)>, <_io.BytesIO object at 0x7fc7ae9650f8>, <_io.BufferedWriter name=27>
2019/05/15 11:48:55 :DEBUG:stderr reader: <Thread(Thread-91, initial daemon)>
2019/05/15 11:48:55 :DEBUG:closed output, 4 bytes sent
2019/05/15 11:48:55 :DEBUG:stdout reader: <Thread(Thread-92, initial daemon)>
2019/05/15 11:48:55 :DEBUG:gpg: WARNING: unsafe permissions on homedir '/home/jfk422/Projects/Code/Arcanum/arcanum/gpg'
2019/05/15 11:48:55 :DEBUG:gpg: no valid OpenPGP data found.
2019/05/15 11:48:55 :DEBUG:[GNUPG:] NODATA 1
2019/05/15 11:48:55 :DEBUG:[GNUPG:] NODATA 2
2019/05/15 11:48:55 :DEBUG:[GNUPG:] FAILURE decrypt 4294967295
2019/05/15 11:48:55 :DEBUG:gpg: decrypt_message failed: Unknown system error
2019/05/15 11:48:55 :DEBUG:decrypt result: b''
2019/05/15 11:48:55 :DEBUG:14063: gpg --pinentry-mode loopback --status-fd 2 --no-tty --no-verbose --fixed-list-mode --batch --with-colons --homedir gpg --passphrase-fd 0 --decrypt
2019/05/15 11:48:55 :DEBUG:Wrote passphrase
2019/05/15 11:48:55 :DEBUG:data copier: <Thread(Thread-93, initial daemon)>, <_io.BytesIO object at 0x7fc7ae9650f8>, <_io.BufferedWriter name=27>
2019/05/15 11:48:55 :DEBUG:stderr reader: <Thread(Thread-94, initial daemon)>
2019/05/15 11:48:55 :DEBUG:closed output, 1 bytes sent
2019/05/15 11:48:55 :DEBUG:stdout reader: <Thread(Thread-95, initial daemon)>
2019/05/15 11:48:55 :DEBUG:gpg: WARNING: unsafe permissions on homedir '/home/jfk422/Projects/Code/Arcanum/arcanum/gpg'
2019/05/15 11:48:55 :DEBUG:gpg: [don't know]: invalid packet (ctb=31)
2019/05/15 11:48:55 :DEBUG:[GNUPG:] NODATA 3
2019/05/15 11:48:55 :DEBUG:decrypt result: b''
2019/05/15 11:48:55 :DEBUG:14067: gpg --pinentry-mode loopback --status-fd 2 --no-tty --no-verbose --fixed-list-mode --batch --with-colons --homedir gpg --passphrase-fd 0 --decrypt
2019/05/15 11:48:55 :DEBUG:Wrote passphrase
2019/05/15 11:48:55 :DEBUG:data copier: <Thread(Thread-96, initial daemon)>, <_io.BytesIO object at 0x7fc7ae9650f8>, <_io.BufferedWriter name=27>
2019/05/15 11:48:55 :DEBUG:stderr reader: <Thread(Thread-97, initial daemon)>
2019/05/15 11:48:55 :DEBUG:closed output, 4 bytes sent
2019/05/15 11:48:55 :DEBUG:stdout reader: <Thread(Thread-98, initial daemon)>
2019/05/15 11:48:55 :DEBUG:gpg: WARNING: unsafe permissions on homedir '/home/jfk422/Projects/Code/Arcanum/arcanum/gpg'
2019/05/15 11:48:55 :DEBUG:gpg: no valid OpenPGP data found.
2019/05/15 11:48:55 :DEBUG:[GNUPG:] NODATA 1
2019/05/15 11:48:55 :DEBUG:[GNUPG:] NODATA 2
2019/05/15 11:48:55 :DEBUG:[GNUPG:] FAILURE decrypt 4294967295
2019/05/15 11:48:55 :DEBUG:gpg: decrypt_message failed: Unknown system error
2019/05/15 11:48:55 :DEBUG:decrypt result: b''
2019/05/15 11:48:55 :DEBUG:14071: gpg --pinentry-mode loopback --status-fd 2 --no-tty --no-verbose --fixed-list-mode --batch --with-colons --homedir gpg --passphrase-fd 0 --decrypt
2019/05/15 11:48:55 :DEBUG:Wrote passphrase
2019/05/15 11:48:55 :DEBUG:data copier: <Thread(Thread-99, initial daemon)>, <_io.BytesIO object at 0x7fc7ae9650f8>, <_io.BufferedWriter name=27>
2019/05/15 11:48:55 :DEBUG:closed output, 4 bytes sent
2019/05/15 11:48:55 :DEBUG:stderr reader: <Thread(Thread-100, initial daemon)>
2019/05/15 11:48:55 :DEBUG:stdout reader: <Thread(Thread-101, initial daemon)>
2019/05/15 11:48:55 :DEBUG:gpg: WARNING: unsafe permissions on homedir '/home/jfk422/Projects/Code/Arcanum/arcanum/gpg'
2019/05/15 11:48:55 :DEBUG:gpg: no valid OpenPGP data found.
2019/05/15 11:48:55 :DEBUG:[GNUPG:] NODATA 1
2019/05/15 11:48:55 :DEBUG:[GNUPG:] NODATA 2
2019/05/15 11:48:55 :DEBUG:[GNUPG:] FAILURE decrypt 4294967295
2019/05/15 11:48:55 :DEBUG:gpg: decrypt_message failed: Unknown system error
2019/05/15 11:48:55 :DEBUG:decrypt result: b''
2019/05/15 11:48:55 :DEBUG:14075: gpg --pinentry-mode loopback --status-fd 2 --no-tty --no-verbose --fixed-list-mode --batch --with-colons --homedir gpg --passphrase-fd 0 --decrypt
2019/05/15 11:48:55 :DEBUG:Wrote passphrase
2019/05/15 11:48:55 :DEBUG:data copier: <Thread(Thread-102, initial daemon)>, <_io.BytesIO object at 0x7fc7ae9650f8>, <_io.BufferedWriter name=27>
2019/05/15 11:48:55 :DEBUG:stderr reader: <Thread(Thread-103, initial daemon)>
2019/05/15 11:48:55 :DEBUG:closed output, 4 bytes sent
2019/05/15 11:48:55 :DEBUG:stdout reader: <Thread(Thread-104, initial daemon)>
2019/05/15 11:48:55 :DEBUG:gpg: WARNING: unsafe permissions on homedir '/home/jfk422/Projects/Code/Arcanum/arcanum/gpg'
2019/05/15 11:48:55 :DEBUG:gpg: no valid OpenPGP data found.
2019/05/15 11:48:55 :DEBUG:[GNUPG:] NODATA 1
2019/05/15 11:48:55 :DEBUG:[GNUPG:] NODATA 2
2019/05/15 11:48:55 :DEBUG:[GNUPG:] FAILURE decrypt 4294967295
2019/05/15 11:48:55 :DEBUG:gpg: decrypt_message failed: Unknown system error
2019/05/15 11:48:55 :DEBUG:decrypt result: b''
2019/05/15 11:48:55 :INFO:Getting row: 1 from table: email
2019/05/15 11:48:55 :DEBUG:14079: gpg --pinentry-mode loopback --status-fd 2 --no-tty --no-verbose --fixed-list-mode --batch --with-colons --homedir gpg --passphrase-fd 0 --decrypt
2019/05/15 11:48:55 :DEBUG:Wrote passphrase
2019/05/15 11:48:55 :DEBUG:data copier: <Thread(Thread-105, initial daemon)>, <_io.BytesIO object at 0x7fc7ae965200>, <_io.BufferedWriter name=27>
2019/05/15 11:48:55 :DEBUG:stderr reader: <Thread(Thread-106, initial daemon)>
2019/05/15 11:48:55 :DEBUG:closed output, 163 bytes sent
2019/05/15 11:48:55 :DEBUG:stdout reader: <Thread(Thread-107, initial daemon)>
2019/05/15 11:48:56 :DEBUG:gpg: WARNING: unsafe permissions on homedir '/home/jfk422/Projects/Code/Arcanum/arcanum/gpg'
2019/05/15 11:48:56 :DEBUG:gpg: AES256 encrypted data
2019/05/15 11:48:56 :DEBUG:[GNUPG:] NEED_PASSPHRASE_SYM 9 3 2
2019/05/15 11:48:56 :DEBUG:gpg: encrypted with 1 passphrase
2019/05/15 11:48:56 :DEBUG:[GNUPG:] BEGIN_DECRYPTION
2019/05/15 11:48:56 :DEBUG:chunk: b'None'
2019/05/15 11:48:56 :DEBUG:[GNUPG:] DECRYPTION_COMPLIANCE_MODE 23
2019/05/15 11:48:56 :DEBUG:message ignored: DECRYPTION_COMPLIANCE_MODE, 23
2019/05/15 11:48:56 :DEBUG:[GNUPG:] DECRYPTION_INFO 2 9
2019/05/15 11:48:56 :DEBUG:[GNUPG:] PLAINTEXT 62 1557913555
2019/05/15 11:48:56 :DEBUG:[GNUPG:] PLAINTEXT_LENGTH 4
2019/05/15 11:48:56 :DEBUG:[GNUPG:] DECRYPTION_OKAY
2019/05/15 11:48:56 :DEBUG:[GNUPG:] GOODMDC
2019/05/15 11:48:56 :DEBUG:[GNUPG:] END_DECRYPTION
2019/05/15 11:48:56 :DEBUG:decrypt result: b'None'
2019/05/15 11:48:56 :INFO:Getting row: 2 from table: passTable
2019/05/15 11:48:56 :DEBUG:14083: gpg --pinentry-mode loopback --status-fd 2 --no-tty --no-verbose --fixed-list-mode --batch --with-colons --homedir gpg --passphrase-fd 0 --decrypt
2019/05/15 11:48:56 :DEBUG:Wrote passphrase
2019/05/15 11:48:56 :DEBUG:data copier: <Thread(Thread-108, initial daemon)>, <_io.BytesIO object at 0x7fc7ae9650f8>, <_io.BufferedWriter name=27>
2019/05/15 11:48:56 :DEBUG:stderr reader: <Thread(Thread-109, initial daemon)>
2019/05/15 11:48:56 :DEBUG:closed output, 179 bytes sent
2019/05/15 11:48:56 :DEBUG:stdout reader: <Thread(Thread-110, initial daemon)>
2019/05/15 11:48:56 :DEBUG:gpg: WARNING: unsafe permissions on homedir '/home/jfk422/Projects/Code/Arcanum/arcanum/gpg'
2019/05/15 11:48:56 :DEBUG:gpg: AES256 encrypted data
2019/05/15 11:48:56 :DEBUG:[GNUPG:] NEED_PASSPHRASE_SYM 9 3 2
2019/05/15 11:48:56 :DEBUG:gpg: encrypted with 1 passphrase
2019/05/15 11:48:56 :DEBUG:[GNUPG:] BEGIN_DECRYPTION
2019/05/15 11:48:56 :DEBUG:chunk: b'4g3bPUPhFSgqtUly'
2019/05/15 11:48:56 :DEBUG:[GNUPG:] DECRYPTION_COMPLIANCE_MODE 23
2019/05/15 11:48:56 :DEBUG:message ignored: DECRYPTION_COMPLIANCE_MODE, 23
2019/05/15 11:48:56 :DEBUG:[GNUPG:] DECRYPTION_INFO 2 9
2019/05/15 11:48:56 :DEBUG:[GNUPG:] PLAINTEXT 62 1557913733
2019/05/15 11:48:56 :DEBUG:[GNUPG:] PLAINTEXT_LENGTH 16
2019/05/15 11:48:56 :DEBUG:[GNUPG:] DECRYPTION_OKAY
2019/05/15 11:48:56 :DEBUG:[GNUPG:] GOODMDC
2019/05/15 11:48:56 :DEBUG:[GNUPG:] END_DECRYPTION
2019/05/15 11:48:56 :DEBUG:decrypt result: b'4g3bPUPhFSgqtUly'
2019/05/15 11:48:56 :INFO:Getting everything from email
2019/05/15 11:48:56 :DEBUG:14087: gpg --pinentry-mode loopback --status-fd 2 --no-tty --no-verbose --fixed-list-mode --batch --with-colons --homedir gpg --passphrase-fd 0 --decrypt
2019/05/15 11:48:56 :DEBUG:Wrote passphrase
2019/05/15 11:48:56 :DEBUG:data copier: <Thread(Thread-111, initial daemon)>, <_io.BytesIO object at 0x7fc7ae965200>, <_io.BufferedWriter name=27>
2019/05/15 11:48:56 :DEBUG:stderr reader: <Thread(Thread-112, initial daemon)>
2019/05/15 11:48:56 :DEBUG:closed output, 163 bytes sent
2019/05/15 11:48:56 :DEBUG:stdout reader: <Thread(Thread-113, initial daemon)>
2019/05/15 11:48:57 :DEBUG:gpg: WARNING: unsafe permissions on homedir '/home/jfk422/Projects/Code/Arcanum/arcanum/gpg'
2019/05/15 11:48:57 :DEBUG:gpg: AES256 encrypted data
2019/05/15 11:48:57 :DEBUG:[GNUPG:] NEED_PASSPHRASE_SYM 9 3 2
2019/05/15 11:48:57 :DEBUG:gpg: encrypted with 1 passphrase
2019/05/15 11:48:57 :DEBUG:[GNUPG:] BEGIN_DECRYPTION
2019/05/15 11:48:57 :DEBUG:[GNUPG:] DECRYPTION_COMPLIANCE_MODE 23
2019/05/15 11:48:57 :DEBUG:chunk: b'None'
2019/05/15 11:48:57 :DEBUG:message ignored: DECRYPTION_COMPLIANCE_MODE, 23
2019/05/15 11:48:57 :DEBUG:[GNUPG:] DECRYPTION_INFO 2 9
2019/05/15 11:48:57 :DEBUG:[GNUPG:] PLAINTEXT 62 1557913555
2019/05/15 11:48:57 :DEBUG:[GNUPG:] PLAINTEXT_LENGTH 4
2019/05/15 11:48:57 :DEBUG:[GNUPG:] DECRYPTION_OKAY
2019/05/15 11:48:57 :DEBUG:[GNUPG:] GOODMDC
2019/05/15 11:48:57 :DEBUG:[GNUPG:] END_DECRYPTION
2019/05/15 11:48:57 :DEBUG:decrypt result: b'None'
2019/05/15 11:48:57 :DEBUG:14091: gpg --pinentry-mode loopback --status-fd 2 --no-tty --no-verbose --fixed-list-mode --batch --with-colons --homedir gpg --passphrase-fd 0 --decrypt
2019/05/15 11:48:57 :DEBUG:Wrote passphrase
2019/05/15 11:48:57 :DEBUG:data copier: <Thread(Thread-114, initial daemon)>, <_io.BytesIO object at 0x7fc7ae965200>, <_io.BufferedWriter name=27>
2019/05/15 11:48:57 :DEBUG:stderr reader: <Thread(Thread-115, initial daemon)>
2019/05/15 11:48:57 :DEBUG:closed output, 171 bytes sent
2019/05/15 11:48:57 :DEBUG:stdout reader: <Thread(Thread-116, initial daemon)>
2019/05/15 11:48:57 :DEBUG:gpg: WARNING: unsafe permissions on homedir '/home/jfk422/Projects/Code/Arcanum/arcanum/gpg'
2019/05/15 11:48:57 :DEBUG:gpg: AES256 encrypted data
2019/05/15 11:48:57 :DEBUG:chunk: b'test@test.com'
2019/05/15 11:48:57 :DEBUG:[GNUPG:] NEED_PASSPHRASE_SYM 9 3 2
2019/05/15 11:48:57 :DEBUG:gpg: encrypted with 1 passphrase
2019/05/15 11:48:57 :DEBUG:[GNUPG:] BEGIN_DECRYPTION
2019/05/15 11:48:57 :DEBUG:[GNUPG:] DECRYPTION_COMPLIANCE_MODE 23
2019/05/15 11:48:57 :DEBUG:message ignored: DECRYPTION_COMPLIANCE_MODE, 23
2019/05/15 11:48:57 :DEBUG:[GNUPG:] DECRYPTION_INFO 2 9
2019/05/15 11:48:57 :DEBUG:[GNUPG:] PLAINTEXT 62 1557913575
2019/05/15 11:48:57 :DEBUG:[GNUPG:] PLAINTEXT_LENGTH 13
2019/05/15 11:48:57 :DEBUG:[GNUPG:] DECRYPTION_OKAY
2019/05/15 11:48:57 :DEBUG:[GNUPG:] GOODMDC
2019/05/15 11:48:57 :DEBUG:[GNUPG:] END_DECRYPTION
2019/05/15 11:48:57 :DEBUG:decrypt result: b'test@test.com'
2019/05/15 11:48:57 :INFO:Decrypted email addresses
