2019/05/15 11:35:17 AM:INFO:Qt version:5.11.1
2019/05/15 11:35:17 AM:INFO:PyQt version:5.11.2
2019/05/15 11:35:17 AM:INFO:SIP version:4.19.7
2019/05/15 11:35:18 :DEBUG:12233: gpg --status-fd 2 --no-tty --no-verbose --fixed-list-mode --batch --with-colons --homedir gpg --version
2019/05/15 11:35:18 :DEBUG:stderr reader: <Thread(Thread-1, initial daemon)>
2019/05/15 11:35:18 :DEBUG:stdout reader: <Thread(Thread-2, initial daemon)>
2019/05/15 11:35:18 :DEBUG:gpg: WARNING: unsafe permissions on homedir '/home/jfk422/Projects/Code/Arcanum/arcanum/gpg'
2019/05/15 11:35:18 :DEBUG:chunk: b'gpg (GnuPG) 2.2.4\nlibgcrypt 1.8.1\nCopyright (C) 2017 Free Software Foundation, Inc.\nLicense GPLv3+: GNU GPL version 3 or later <https://gnu.org/licenses/gpl.html>\nThis is free software: you are free to change and redistribute it.\nThere is NO WARRANTY, to t'
2019/05/15 11:35:18 :INFO:Connection to database established
2019/05/15 11:35:18 :INFO:Created table passTable: 
2019/05/15 11:35:18 :INFO:Created table configs: 
2019/05/15 11:35:18 :INFO:Created table email: 
2019/05/15 11:35:18 :INFO:Created table keys: 
2019/05/15 11:35:18 :INFO:All tables were created/exist!
2019/05/15 11:35:18 :INFO:Getting row: 1 from table: configs
2019/05/15 11:35:18 :INFO:Getting row: 1 from table: configs
2019/05/15 11:35:18 :DEBUG:12236: gpg --pinentry-mode loopback --status-fd 2 --no-tty --no-verbose --fixed-list-mode --batch --with-colons --homedir gpg --passphrase-fd 0 --decrypt
2019/05/15 11:35:18 :DEBUG:Wrote passphrase
2019/05/15 11:35:18 :DEBUG:data copier: <Thread(Thread-3, initial daemon)>, <_io.BytesIO object at 0x7fa1d74f9048>, <_io.BufferedWriter name=27>
2019/05/15 11:35:18 :DEBUG:stderr reader: <Thread(Thread-4, initial daemon)>
2019/05/15 11:35:18 :DEBUG:closed output, 179 bytes sent
2019/05/15 11:35:18 :DEBUG:stdout reader: <Thread(Thread-5, initial daemon)>
2019/05/15 11:35:19 :DEBUG:gpg: WARNING: unsafe permissions on homedir '/home/jfk422/Projects/Code/Arcanum/arcanum/gpg'
2019/05/15 11:35:19 :DEBUG:gpg: AES256 encrypted data
2019/05/15 11:35:19 :DEBUG:chunk: b'OQwAjBBLVkeaWCEs'
2019/05/15 11:35:19 :DEBUG:[GNUPG:] NEED_PASSPHRASE_SYM 9 3 2
2019/05/15 11:35:19 :DEBUG:gpg: encrypted with 1 passphrase
2019/05/15 11:35:19 :DEBUG:[GNUPG:] BEGIN_DECRYPTION
2019/05/15 11:35:19 :DEBUG:[GNUPG:] DECRYPTION_COMPLIANCE_MODE 23
2019/05/15 11:35:19 :DEBUG:message ignored: DECRYPTION_COMPLIANCE_MODE, 23
2019/05/15 11:35:19 :DEBUG:[GNUPG:] DECRYPTION_INFO 2 9
2019/05/15 11:35:19 :DEBUG:[GNUPG:] PLAINTEXT 62 1557911496
2019/05/15 11:35:19 :DEBUG:[GNUPG:] PLAINTEXT_LENGTH 16
2019/05/15 11:35:19 :DEBUG:[GNUPG:] DECRYPTION_OKAY
2019/05/15 11:35:19 :DEBUG:[GNUPG:] GOODMDC
2019/05/15 11:35:19 :DEBUG:[GNUPG:] END_DECRYPTION
2019/05/15 11:35:19 :DEBUG:decrypt result: b'OQwAjBBLVkeaWCEs'
2019/05/15 11:35:19 :INFO:Getting everything from passTable
2019/05/15 11:35:19 :DEBUG:12240: gpg --pinentry-mode loopback --status-fd 2 --no-tty --no-verbose --fixed-list-mode --batch --with-colons --homedir gpg --passphrase-fd 0 --decrypt
2019/05/15 11:35:19 :DEBUG:Wrote passphrase
2019/05/15 11:35:19 :DEBUG:data copier: <Thread(Thread-6, initial daemon)>, <_io.BytesIO object at 0x7fa1d74fe0a0>, <_io.BufferedWriter name=27>
2019/05/15 11:35:19 :DEBUG:stderr reader: <Thread(Thread-7, initial daemon)>
2019/05/15 11:35:19 :DEBUG:closed output, 1 bytes sent
2019/05/15 11:35:19 :DEBUG:stdout reader: <Thread(Thread-8, initial daemon)>
2019/05/15 11:35:19 :DEBUG:gpg: WARNING: unsafe permissions on homedir '/home/jfk422/Projects/Code/Arcanum/arcanum/gpg'
2019/05/15 11:35:19 :DEBUG:gpg: [don't know]: invalid packet (ctb=31)
2019/05/15 11:35:19 :DEBUG:[GNUPG:] NODATA 3
2019/05/15 11:35:19 :DEBUG:decrypt result: b''
2019/05/15 11:35:19 :DEBUG:12244: gpg --pinentry-mode loopback --status-fd 2 --no-tty --no-verbose --fixed-list-mode --batch --with-colons --homedir gpg --passphrase-fd 0 --decrypt
2019/05/15 11:35:19 :DEBUG:Wrote passphrase
2019/05/15 11:35:19 :DEBUG:data copier: <Thread(Thread-9, initial daemon)>, <_io.BytesIO object at 0x7fa1d74fe0a0>, <_io.BufferedWriter name=27>
2019/05/15 11:35:19 :DEBUG:stderr reader: <Thread(Thread-10, initial daemon)>
2019/05/15 11:35:19 :DEBUG:closed output, 163 bytes sent
2019/05/15 11:35:19 :DEBUG:stdout reader: <Thread(Thread-11, initial daemon)>
2019/05/15 11:35:19 :DEBUG:gpg: WARNING: unsafe permissions on homedir '/home/jfk422/Projects/Code/Arcanum/arcanum/gpg'
2019/05/15 11:35:19 :DEBUG:gpg: AES256 encrypted data
2019/05/15 11:35:19 :DEBUG:[GNUPG:] NEED_PASSPHRASE_SYM 9 3 2
2019/05/15 11:35:19 :DEBUG:gpg: encrypted with 1 passphrase
2019/05/15 11:35:19 :DEBUG:[GNUPG:] BEGIN_DECRYPTION
2019/05/15 11:35:19 :DEBUG:chunk: b'test'
2019/05/15 11:35:19 :DEBUG:[GNUPG:] DECRYPTION_COMPLIANCE_MODE 23
2019/05/15 11:35:19 :DEBUG:message ignored: DECRYPTION_COMPLIANCE_MODE, 23
2019/05/15 11:35:19 :DEBUG:[GNUPG:] DECRYPTION_INFO 2 9
2019/05/15 11:35:19 :DEBUG:[GNUPG:] PLAINTEXT 62 1557912096
2019/05/15 11:35:19 :DEBUG:[GNUPG:] PLAINTEXT_LENGTH 4
2019/05/15 11:35:19 :DEBUG:[GNUPG:] DECRYPTION_OKAY
2019/05/15 11:35:19 :DEBUG:[GNUPG:] GOODMDC
2019/05/15 11:35:19 :DEBUG:[GNUPG:] END_DECRYPTION
2019/05/15 11:35:19 :DEBUG:decrypt result: b'test'
2019/05/15 11:35:19 :DEBUG:12248: gpg --pinentry-mode loopback --status-fd 2 --no-tty --no-verbose --fixed-list-mode --batch --with-colons --homedir gpg --passphrase-fd 0 --decrypt
2019/05/15 11:35:19 :DEBUG:Wrote passphrase
2019/05/15 11:35:19 :DEBUG:data copier: <Thread(Thread-12, initial daemon)>, <_io.BytesIO object at 0x7fa1d74fe0a0>, <_io.BufferedWriter name=27>
2019/05/15 11:35:19 :DEBUG:stderr reader: <Thread(Thread-13, initial daemon)>
2019/05/15 11:35:19 :DEBUG:closed output, 26 bytes sent
2019/05/15 11:35:19 :DEBUG:stdout reader: <Thread(Thread-14, initial daemon)>
2019/05/15 11:35:19 :DEBUG:gpg: WARNING: unsafe permissions on homedir '/home/jfk422/Projects/Code/Arcanum/arcanum/gpg'
2019/05/15 11:35:19 :DEBUG:gpg: no valid OpenPGP data found.
2019/05/15 11:35:19 :DEBUG:[GNUPG:] NODATA 1
2019/05/15 11:35:19 :DEBUG:[GNUPG:] NODATA 2
2019/05/15 11:35:19 :DEBUG:[GNUPG:] FAILURE decrypt 4294967295
2019/05/15 11:35:19 :DEBUG:gpg: decrypt_message failed: Unknown system error
2019/05/15 11:35:19 :DEBUG:decrypt result: b''
2019/05/15 11:35:19 :DEBUG:12252: gpg --pinentry-mode loopback --status-fd 2 --no-tty --no-verbose --fixed-list-mode --batch --with-colons --homedir gpg --passphrase-fd 0 --decrypt
2019/05/15 11:35:19 :DEBUG:Wrote passphrase
2019/05/15 11:35:19 :DEBUG:data copier: <Thread(Thread-15, initial daemon)>, <_io.BytesIO object at 0x7fa1d74fe0a0>, <_io.BufferedWriter name=27>
2019/05/15 11:35:19 :DEBUG:stderr reader: <Thread(Thread-16, initial daemon)>
2019/05/15 11:35:19 :DEBUG:closed output, 4 bytes sent
2019/05/15 11:35:19 :DEBUG:stdout reader: <Thread(Thread-17, initial daemon)>
2019/05/15 11:35:19 :DEBUG:gpg: WARNING: unsafe permissions on homedir '/home/jfk422/Projects/Code/Arcanum/arcanum/gpg'
2019/05/15 11:35:19 :DEBUG:gpg: no valid OpenPGP data found.
2019/05/15 11:35:19 :DEBUG:[GNUPG:] NODATA 1
2019/05/15 11:35:19 :DEBUG:[GNUPG:] NODATA 2
2019/05/15 11:35:19 :DEBUG:[GNUPG:] FAILURE decrypt 4294967295
2019/05/15 11:35:19 :DEBUG:gpg: decrypt_message failed: Unknown system error
2019/05/15 11:35:19 :DEBUG:decrypt result: b''
2019/05/15 11:35:19 :DEBUG:12256: gpg --pinentry-mode loopback --status-fd 2 --no-tty --no-verbose --fixed-list-mode --batch --with-colons --homedir gpg --passphrase-fd 0 --decrypt
2019/05/15 11:35:19 :DEBUG:Wrote passphrase
2019/05/15 11:35:19 :DEBUG:data copier: <Thread(Thread-18, initial daemon)>, <_io.BytesIO object at 0x7fa1d74fe0a0>, <_io.BufferedWriter name=27>
2019/05/15 11:35:19 :DEBUG:stderr reader: <Thread(Thread-19, initial daemon)>
2019/05/15 11:35:19 :DEBUG:stdout reader: <Thread(Thread-20, initial daemon)>
2019/05/15 11:35:19 :DEBUG:closed output, 13 bytes sent
2019/05/15 11:35:19 :DEBUG:gpg: WARNING: unsafe permissions on homedir '/home/jfk422/Projects/Code/Arcanum/arcanum/gpg'
2019/05/15 11:35:19 :DEBUG:gpg: no valid OpenPGP data found.
2019/05/15 11:35:19 :DEBUG:[GNUPG:] NODATA 1
2019/05/15 11:35:19 :DEBUG:[GNUPG:] NODATA 2
2019/05/15 11:35:19 :DEBUG:[GNUPG:] FAILURE decrypt 4294967295
2019/05/15 11:35:19 :DEBUG:gpg: decrypt_message failed: Unknown system error
2019/05/15 11:35:19 :DEBUG:decrypt result: b''
2019/05/15 11:35:19 :DEBUG:12260: gpg --pinentry-mode loopback --status-fd 2 --no-tty --no-verbose --fixed-list-mode --batch --with-colons --homedir gpg --passphrase-fd 0 --decrypt
2019/05/15 11:35:19 :DEBUG:Wrote passphrase
2019/05/15 11:35:19 :DEBUG:data copier: <Thread(Thread-21, initial daemon)>, <_io.BytesIO object at 0x7fa1d74fe0a0>, <_io.BufferedWriter name=27>
2019/05/15 11:35:19 :DEBUG:stderr reader: <Thread(Thread-22, initial daemon)>
2019/05/15 11:35:19 :DEBUG:closed output, 4 bytes sent
2019/05/15 11:35:19 :DEBUG:stdout reader: <Thread(Thread-23, initial daemon)>
2019/05/15 11:35:19 :DEBUG:gpg: WARNING: unsafe permissions on homedir '/home/jfk422/Projects/Code/Arcanum/arcanum/gpg'
2019/05/15 11:35:19 :DEBUG:gpg: no valid OpenPGP data found.
2019/05/15 11:35:19 :DEBUG:[GNUPG:] NODATA 1
2019/05/15 11:35:19 :DEBUG:[GNUPG:] NODATA 2
2019/05/15 11:35:19 :DEBUG:[GNUPG:] FAILURE decrypt 4294967295
2019/05/15 11:35:19 :DEBUG:gpg: decrypt_message failed: Unknown system error
2019/05/15 11:35:19 :DEBUG:decrypt result: b''
2019/05/15 11:35:19 :DEBUG:12264: gpg --pinentry-mode loopback --status-fd 2 --no-tty --no-verbose --fixed-list-mode --batch --with-colons --homedir gpg --passphrase-fd 0 --decrypt
2019/05/15 11:35:19 :DEBUG:Wrote passphrase
2019/05/15 11:35:19 :DEBUG:data copier: <Thread(Thread-24, initial daemon)>, <_io.BytesIO object at 0x7fa1d74fe0a0>, <_io.BufferedWriter name=27>
2019/05/15 11:35:19 :DEBUG:stderr reader: <Thread(Thread-25, initial daemon)>
2019/05/15 11:35:19 :DEBUG:closed output, 4 bytes sent
2019/05/15 11:35:19 :DEBUG:gpg: WARNING: unsafe permissions on homedir '/home/jfk422/Projects/Code/Arcanum/arcanum/gpg'
2019/05/15 11:35:19 :DEBUG:stdout reader: <Thread(Thread-26, initial daemon)>
2019/05/15 11:35:19 :DEBUG:gpg: no valid OpenPGP data found.
2019/05/15 11:35:19 :DEBUG:[GNUPG:] NODATA 1
2019/05/15 11:35:19 :DEBUG:[GNUPG:] NODATA 2
2019/05/15 11:35:19 :DEBUG:[GNUPG:] FAILURE decrypt 4294967295
2019/05/15 11:35:19 :DEBUG:gpg: decrypt_message failed: Unknown system error
2019/05/15 11:35:19 :DEBUG:decrypt result: b''
2019/05/15 11:35:19 :DEBUG:12268: gpg --pinentry-mode loopback --status-fd 2 --no-tty --no-verbose --fixed-list-mode --batch --with-colons --homedir gpg --passphrase-fd 0 --decrypt
2019/05/15 11:35:19 :DEBUG:Wrote passphrase
2019/05/15 11:35:19 :DEBUG:data copier: <Thread(Thread-27, initial daemon)>, <_io.BytesIO object at 0x7fa1d74fe0a0>, <_io.BufferedWriter name=27>
2019/05/15 11:35:19 :DEBUG:stderr reader: <Thread(Thread-28, initial daemon)>
2019/05/15 11:35:19 :DEBUG:closed output, 4 bytes sent
2019/05/15 11:35:19 :DEBUG:stdout reader: <Thread(Thread-29, initial daemon)>
2019/05/15 11:35:19 :DEBUG:gpg: WARNING: unsafe permissions on homedir '/home/jfk422/Projects/Code/Arcanum/arcanum/gpg'
2019/05/15 11:35:19 :DEBUG:gpg: no valid OpenPGP data found.
2019/05/15 11:35:19 :DEBUG:[GNUPG:] NODATA 1
2019/05/15 11:35:19 :DEBUG:[GNUPG:] NODATA 2
2019/05/15 11:35:19 :DEBUG:[GNUPG:] FAILURE decrypt 4294967295
2019/05/15 11:35:19 :DEBUG:gpg: decrypt_message failed: Unknown system error
2019/05/15 11:35:19 :DEBUG:decrypt result: b''
2019/05/15 11:35:35 :INFO:Getting everything from email
2019/05/15 11:35:35 :DEBUG:12283: gpg --pinentry-mode loopback --status-fd 2 --no-tty --no-verbose --fixed-list-mode --batch --with-colons --homedir gpg --passphrase-fd 0 --symmetric --armor
2019/05/15 11:35:35 :DEBUG:Wrote passphrase
2019/05/15 11:35:35 :DEBUG:data copier: <Thread(Thread-30, initial daemon)>, <_io.BytesIO object at 0x7fa1d42b41a8>, <_io.BufferedWriter name=27>
2019/05/15 11:35:35 :DEBUG:stderr reader: <Thread(Thread-31, initial daemon)>
2019/05/15 11:35:35 :DEBUG:closed output, 9 bytes sent
2019/05/15 11:35:35 :DEBUG:stdout reader: <Thread(Thread-32, initial daemon)>
2019/05/15 11:35:35 :DEBUG:gpg: WARNING: unsafe permissions on homedir '/home/jfk422/Projects/Code/Arcanum/arcanum/gpg'
2019/05/15 11:35:35 :DEBUG:chunk: b'-----BEGIN PGP MESSAGE-----\n\njA0ECQMCV5K9JcQX4Wr/0j4B3xbXH71DvmBXahlPMRQqbjCejmvqbkGwi39FNdVm\njqosolTu2ZgFaUWmNRk/gaVrRB68xIySRqYYvERSqw==\n=0rdf\n-----END PGP MESSAGE-----\n'
2019/05/15 11:35:35 :DEBUG:[GNUPG:] NEED_PASSPHRASE_SYM 9 3 2
2019/05/15 11:35:35 :DEBUG:[GNUPG:] BEGIN_ENCRYPTION 2 9
2019/05/15 11:35:35 :DEBUG:[GNUPG:] END_ENCRYPTION
2019/05/15 11:35:35 :DEBUG:encrypt result: b'-----BEGIN PGP MESSAGE-----\n\njA0ECQMCV5K9JcQX4Wr/0j4B3xbXH71DvmBXahlPMRQqbjCejmvqbkGwi39FNdVm\njqosolTu2ZgFaUWmNRk/gaVrRB68xIySRqYYvERSqw==\n=0rdf\n-----END PGP MESSAGE-----\n'
2019/05/15 11:35:35 :DEBUG:12288: gpg --pinentry-mode loopback --status-fd 2 --no-tty --no-verbose --fixed-list-mode --batch --with-colons --homedir gpg --passphrase-fd 0 --symmetric --armor
2019/05/15 11:35:35 :DEBUG:Wrote passphrase
2019/05/15 11:35:35 :DEBUG:data copier: <Thread(Thread-33, initial daemon)>, <_io.BytesIO object at 0x7fa1d42b41a8>, <_io.BufferedWriter name=27>
2019/05/15 11:35:35 :DEBUG:stderr reader: <Thread(Thread-34, initial daemon)>
2019/05/15 11:35:35 :DEBUG:closed output, 2 bytes sent
2019/05/15 11:35:35 :DEBUG:stdout reader: <Thread(Thread-35, initial daemon)>
2019/05/15 11:35:36 :DEBUG:gpg: WARNING: unsafe permissions on homedir '/home/jfk422/Projects/Code/Arcanum/arcanum/gpg'
2019/05/15 11:35:36 :DEBUG:chunk: b'-----BEGIN PGP MESSAGE-----\n\njA0ECQMCjRAxIokwjf//0jcBQvcb0uk2TQJx5Ctm2UN1s3bO+8MqaLWggNEQfru5\nUqDNBRvmVRPFNw63e5HxSkArk9Ow6XUT\n=aTF/\n-----END PGP MESSAGE-----\n'
2019/05/15 11:35:36 :DEBUG:[GNUPG:] NEED_PASSPHRASE_SYM 9 3 2
2019/05/15 11:35:36 :DEBUG:[GNUPG:] BEGIN_ENCRYPTION 2 9
2019/05/15 11:35:36 :DEBUG:[GNUPG:] END_ENCRYPTION
2019/05/15 11:35:36 :DEBUG:encrypt result: b'-----BEGIN PGP MESSAGE-----\n\njA0ECQMCjRAxIokwjf//0jcBQvcb0uk2TQJx5Ctm2UN1s3bO+8MqaLWggNEQfru5\nUqDNBRvmVRPFNw63e5HxSkArk9Ow6XUT\n=aTF/\n-----END PGP MESSAGE-----\n'
2019/05/15 11:35:36 :DEBUG:12293: gpg --pinentry-mode loopback --status-fd 2 --no-tty --no-verbose --fixed-list-mode --batch --with-colons --homedir gpg --passphrase-fd 0 --symmetric --armor
2019/05/15 11:35:36 :DEBUG:Wrote passphrase
2019/05/15 11:35:36 :DEBUG:data copier: <Thread(Thread-36, initial daemon)>, <_io.BytesIO object at 0x7fa1d42b41a8>, <_io.BufferedWriter name=27>
2019/05/15 11:35:36 :DEBUG:stderr reader: <Thread(Thread-37, initial daemon)>
2019/05/15 11:35:36 :DEBUG:closed output, 7 bytes sent
2019/05/15 11:35:36 :DEBUG:stdout reader: <Thread(Thread-38, initial daemon)>
2019/05/15 11:35:36 :DEBUG:gpg: WARNING: unsafe permissions on homedir '/home/jfk422/Projects/Code/Arcanum/arcanum/gpg'
2019/05/15 11:35:36 :DEBUG:[GNUPG:] NEED_PASSPHRASE_SYM 9 3 2
2019/05/15 11:35:36 :DEBUG:[GNUPG:] BEGIN_ENCRYPTION 2 9
2019/05/15 11:35:36 :DEBUG:[GNUPG:] END_ENCRYPTION
2019/05/15 11:35:36 :DEBUG:chunk: b'-----BEGIN PGP MESSAGE-----\n\njA0ECQMCLDxPRXA6Avb/0jkBzf0mNmb8ibRf90AiM1cSoeQ4s3v33vPffyRn02aA\nj8dsMSdPnlkERxFvUQssOJXrGbjJPrhXXqo=\n=xFR0\n-----END PGP MESSAGE-----\n'
2019/05/15 11:35:36 :DEBUG:encrypt result: b'-----BEGIN PGP MESSAGE-----\n\njA0ECQMCLDxPRXA6Avb/0jkBzf0mNmb8ibRf90AiM1cSoeQ4s3v33vPffyRn02aA\nj8dsMSdPnlkERxFvUQssOJXrGbjJPrhXXqo=\n=xFR0\n-----END PGP MESSAGE-----\n'
2019/05/15 11:35:36 :DEBUG:12298: gpg --pinentry-mode loopback --status-fd 2 --no-tty --no-verbose --fixed-list-mode --batch --with-colons --homedir gpg --passphrase-fd 0 --symmetric --armor
2019/05/15 11:35:36 :DEBUG:Wrote passphrase
2019/05/15 11:35:36 :DEBUG:data copier: <Thread(Thread-39, initial daemon)>, <_io.BytesIO object at 0x7fa1d42b41a8>, <_io.BufferedWriter name=27>
2019/05/15 11:35:36 :DEBUG:stderr reader: <Thread(Thread-40, initial daemon)>
2019/05/15 11:35:36 :DEBUG:closed output, 0 bytes sent
2019/05/15 11:35:36 :DEBUG:stdout reader: <Thread(Thread-41, initial daemon)>
2019/05/15 11:35:36 :DEBUG:gpg: WARNING: unsafe permissions on homedir '/home/jfk422/Projects/Code/Arcanum/arcanum/gpg'
2019/05/15 11:35:36 :DEBUG:chunk: b'-----BEGIN PGP MESSAGE-----\n\njA0ECQMCJ6iX9Ol99Fz/0jUBCMK7gAcUS6Ld6WaHAwtaQyX06MUJoucE9LLVvFhZ\nfcr1krX+DLAmZ4IxL2kPpWfGnAAapw==\n=WEVM\n-----END PGP MESSAGE-----\n'
2019/05/15 11:35:36 :DEBUG:[GNUPG:] NEED_PASSPHRASE_SYM 9 3 2
2019/05/15 11:35:36 :DEBUG:[GNUPG:] BEGIN_ENCRYPTION 2 9
2019/05/15 11:35:36 :DEBUG:[GNUPG:] END_ENCRYPTION
2019/05/15 11:35:36 :DEBUG:encrypt result: b'-----BEGIN PGP MESSAGE-----\n\njA0ECQMCJ6iX9Ol99Fz/0jUBCMK7gAcUS6Ld6WaHAwtaQyX06MUJoucE9LLVvFhZ\nfcr1krX+DLAmZ4IxL2kPpWfGnAAapw==\n=WEVM\n-----END PGP MESSAGE-----\n'
2019/05/15 11:35:36 :INFO:Password is being inserted
2019/05/15 11:35:36 :INFO:Inserted data into passwords table
2019/05/15 11:35:36 :INFO:Getting everything from passTable
2019/05/15 11:35:36 :DEBUG:12305: gpg --pinentry-mode loopback --status-fd 2 --no-tty --no-verbose --fixed-list-mode --batch --with-colons --homedir gpg --passphrase-fd 0 --decrypt
2019/05/15 11:35:36 :DEBUG:Wrote passphrase
2019/05/15 11:35:36 :DEBUG:data copier: <Thread(Thread-42, initial daemon)>, <_io.BytesIO object at 0x7fa1d42b4150>, <_io.BufferedWriter name=27>
2019/05/15 11:35:36 :DEBUG:closed output, 1 bytes sent
2019/05/15 11:35:36 :DEBUG:stderr reader: <Thread(Thread-43, initial daemon)>
2019/05/15 11:35:36 :DEBUG:stdout reader: <Thread(Thread-44, initial daemon)>
2019/05/15 11:35:36 :DEBUG:gpg: WARNING: unsafe permissions on homedir '/home/jfk422/Projects/Code/Arcanum/arcanum/gpg'
2019/05/15 11:35:36 :DEBUG:gpg: [don't know]: invalid packet (ctb=31)
2019/05/15 11:35:36 :DEBUG:[GNUPG:] NODATA 3
2019/05/15 11:35:36 :DEBUG:decrypt result: b''
2019/05/15 11:35:36 :DEBUG:12309: gpg --pinentry-mode loopback --status-fd 2 --no-tty --no-verbose --fixed-list-mode --batch --with-colons --homedir gpg --passphrase-fd 0 --decrypt
2019/05/15 11:35:36 :DEBUG:Wrote passphrase
2019/05/15 11:35:36 :DEBUG:data copier: <Thread(Thread-45, initial daemon)>, <_io.BytesIO object at 0x7fa1d42b4150>, <_io.BufferedWriter name=27>
2019/05/15 11:35:36 :DEBUG:stderr reader: <Thread(Thread-46, initial daemon)>
2019/05/15 11:35:36 :DEBUG:closed output, 163 bytes sent
2019/05/15 11:35:36 :DEBUG:stdout reader: <Thread(Thread-47, initial daemon)>
2019/05/15 11:35:37 :DEBUG:gpg: WARNING: unsafe permissions on homedir '/home/jfk422/Projects/Code/Arcanum/arcanum/gpg'
2019/05/15 11:35:37 :DEBUG:gpg: AES256 encrypted data
2019/05/15 11:35:37 :DEBUG:[GNUPG:] NEED_PASSPHRASE_SYM 9 3 2
2019/05/15 11:35:37 :DEBUG:gpg: encrypted with 1 passphrase
2019/05/15 11:35:37 :DEBUG:chunk: b'test'
2019/05/15 11:35:37 :DEBUG:[GNUPG:] BEGIN_DECRYPTION
2019/05/15 11:35:37 :DEBUG:[GNUPG:] DECRYPTION_COMPLIANCE_MODE 23
2019/05/15 11:35:37 :DEBUG:message ignored: DECRYPTION_COMPLIANCE_MODE, 23
2019/05/15 11:35:37 :DEBUG:[GNUPG:] DECRYPTION_INFO 2 9
2019/05/15 11:35:37 :DEBUG:[GNUPG:] PLAINTEXT 62 1557912096
2019/05/15 11:35:37 :DEBUG:[GNUPG:] PLAINTEXT_LENGTH 4
2019/05/15 11:35:37 :DEBUG:[GNUPG:] DECRYPTION_OKAY
2019/05/15 11:35:37 :DEBUG:[GNUPG:] GOODMDC
2019/05/15 11:35:37 :DEBUG:[GNUPG:] END_DECRYPTION
2019/05/15 11:35:37 :DEBUG:decrypt result: b'test'
2019/05/15 11:35:37 :DEBUG:12313: gpg --pinentry-mode loopback --status-fd 2 --no-tty --no-verbose --fixed-list-mode --batch --with-colons --homedir gpg --passphrase-fd 0 --decrypt
2019/05/15 11:35:37 :DEBUG:Wrote passphrase
2019/05/15 11:35:37 :DEBUG:data copier: <Thread(Thread-48, initial daemon)>, <_io.BytesIO object at 0x7fa1d42b4150>, <_io.BufferedWriter name=27>
2019/05/15 11:35:37 :DEBUG:stderr reader: <Thread(Thread-49, initial daemon)>
2019/05/15 11:35:37 :DEBUG:closed output, 26 bytes sent
2019/05/15 11:35:37 :DEBUG:stdout reader: <Thread(Thread-50, initial daemon)>
2019/05/15 11:35:37 :DEBUG:gpg: WARNING: unsafe permissions on homedir '/home/jfk422/Projects/Code/Arcanum/arcanum/gpg'
2019/05/15 11:35:37 :DEBUG:gpg: no valid OpenPGP data found.
2019/05/15 11:35:37 :DEBUG:[GNUPG:] NODATA 1
2019/05/15 11:35:37 :DEBUG:[GNUPG:] NODATA 2
2019/05/15 11:35:37 :DEBUG:[GNUPG:] FAILURE decrypt 4294967295
2019/05/15 11:35:37 :DEBUG:gpg: decrypt_message failed: Unknown system error
2019/05/15 11:35:37 :DEBUG:decrypt result: b''
2019/05/15 11:35:37 :DEBUG:12317: gpg --pinentry-mode loopback --status-fd 2 --no-tty --no-verbose --fixed-list-mode --batch --with-colons --homedir gpg --passphrase-fd 0 --decrypt
2019/05/15 11:35:37 :DEBUG:Wrote passphrase
2019/05/15 11:35:37 :DEBUG:data copier: <Thread(Thread-51, initial daemon)>, <_io.BytesIO object at 0x7fa1d42b4150>, <_io.BufferedWriter name=27>
2019/05/15 11:35:37 :DEBUG:stderr reader: <Thread(Thread-52, initial daemon)>
2019/05/15 11:35:37 :DEBUG:closed output, 4 bytes sent
2019/05/15 11:35:37 :DEBUG:stdout reader: <Thread(Thread-53, initial daemon)>
2019/05/15 11:35:37 :DEBUG:gpg: WARNING: unsafe permissions on homedir '/home/jfk422/Projects/Code/Arcanum/arcanum/gpg'
2019/05/15 11:35:37 :DEBUG:gpg: no valid OpenPGP data found.
2019/05/15 11:35:37 :DEBUG:[GNUPG:] NODATA 1
2019/05/15 11:35:37 :DEBUG:[GNUPG:] NODATA 2
2019/05/15 11:35:37 :DEBUG:[GNUPG:] FAILURE decrypt 4294967295
2019/05/15 11:35:37 :DEBUG:gpg: decrypt_message failed: Unknown system error
2019/05/15 11:35:37 :DEBUG:decrypt result: b''
2019/05/15 11:35:37 :DEBUG:12321: gpg --pinentry-mode loopback --status-fd 2 --no-tty --no-verbose --fixed-list-mode --batch --with-colons --homedir gpg --passphrase-fd 0 --decrypt
2019/05/15 11:35:37 :DEBUG:Wrote passphrase
2019/05/15 11:35:37 :DEBUG:data copier: <Thread(Thread-54, initial daemon)>, <_io.BytesIO object at 0x7fa1d42b4150>, <_io.BufferedWriter name=27>
2019/05/15 11:35:37 :DEBUG:stderr reader: <Thread(Thread-55, initial daemon)>
2019/05/15 11:35:37 :DEBUG:closed output, 13 bytes sent
2019/05/15 11:35:37 :DEBUG:stdout reader: <Thread(Thread-56, initial daemon)>
2019/05/15 11:35:37 :DEBUG:gpg: WARNING: unsafe permissions on homedir '/home/jfk422/Projects/Code/Arcanum/arcanum/gpg'
2019/05/15 11:35:37 :DEBUG:gpg: no valid OpenPGP data found.
2019/05/15 11:35:37 :DEBUG:[GNUPG:] NODATA 1
2019/05/15 11:35:37 :DEBUG:[GNUPG:] NODATA 2
2019/05/15 11:35:37 :DEBUG:[GNUPG:] FAILURE decrypt 4294967295
2019/05/15 11:35:37 :DEBUG:gpg: decrypt_message failed: Unknown system error
2019/05/15 11:35:37 :DEBUG:decrypt result: b''
2019/05/15 11:35:37 :DEBUG:12325: gpg --pinentry-mode loopback --status-fd 2 --no-tty --no-verbose --fixed-list-mode --batch --with-colons --homedir gpg --passphrase-fd 0 --decrypt
2019/05/15 11:35:37 :DEBUG:Wrote passphrase
2019/05/15 11:35:37 :DEBUG:data copier: <Thread(Thread-57, initial daemon)>, <_io.BytesIO object at 0x7fa1d42b4150>, <_io.BufferedWriter name=27>
2019/05/15 11:35:37 :DEBUG:stderr reader: <Thread(Thread-58, initial daemon)>
2019/05/15 11:35:37 :DEBUG:closed output, 4 bytes sent
2019/05/15 11:35:37 :DEBUG:stdout reader: <Thread(Thread-59, initial daemon)>
2019/05/15 11:35:37 :DEBUG:gpg: WARNING: unsafe permissions on homedir '/home/jfk422/Projects/Code/Arcanum/arcanum/gpg'
2019/05/15 11:35:37 :DEBUG:gpg: no valid OpenPGP data found.
2019/05/15 11:35:37 :DEBUG:[GNUPG:] NODATA 1
2019/05/15 11:35:37 :DEBUG:[GNUPG:] NODATA 2
2019/05/15 11:35:37 :DEBUG:[GNUPG:] FAILURE decrypt 4294967295
2019/05/15 11:35:37 :DEBUG:gpg: decrypt_message failed: Unknown system error
2019/05/15 11:35:37 :DEBUG:decrypt result: b''
2019/05/15 11:35:37 :DEBUG:12329: gpg --pinentry-mode loopback --status-fd 2 --no-tty --no-verbose --fixed-list-mode --batch --with-colons --homedir gpg --passphrase-fd 0 --decrypt
2019/05/15 11:35:37 :DEBUG:Wrote passphrase
2019/05/15 11:35:37 :DEBUG:data copier: <Thread(Thread-60, initial daemon)>, <_io.BytesIO object at 0x7fa1d42b4150>, <_io.BufferedWriter name=27>
2019/05/15 11:35:37 :DEBUG:stderr reader: <Thread(Thread-61, initial daemon)>
2019/05/15 11:35:37 :DEBUG:closed output, 4 bytes sent
2019/05/15 11:35:37 :DEBUG:stdout reader: <Thread(Thread-62, initial daemon)>
2019/05/15 11:35:37 :DEBUG:gpg: WARNING: unsafe permissions on homedir '/home/jfk422/Projects/Code/Arcanum/arcanum/gpg'
2019/05/15 11:35:37 :DEBUG:gpg: no valid OpenPGP data found.
2019/05/15 11:35:37 :DEBUG:[GNUPG:] NODATA 1
2019/05/15 11:35:37 :DEBUG:[GNUPG:] NODATA 2
2019/05/15 11:35:37 :DEBUG:[GNUPG:] FAILURE decrypt 4294967295
2019/05/15 11:35:37 :DEBUG:gpg: decrypt_message failed: Unknown system error
2019/05/15 11:35:37 :DEBUG:decrypt result: b''
2019/05/15 11:35:37 :DEBUG:12333: gpg --pinentry-mode loopback --status-fd 2 --no-tty --no-verbose --fixed-list-mode --batch --with-colons --homedir gpg --passphrase-fd 0 --decrypt
2019/05/15 11:35:37 :DEBUG:Wrote passphrase
2019/05/15 11:35:37 :DEBUG:data copier: <Thread(Thread-63, initial daemon)>, <_io.BytesIO object at 0x7fa1d42b4150>, <_io.BufferedWriter name=27>
2019/05/15 11:35:37 :DEBUG:closed output, 4 bytes sent
2019/05/15 11:35:37 :DEBUG:stderr reader: <Thread(Thread-64, initial daemon)>
2019/05/15 11:35:37 :DEBUG:stdout reader: <Thread(Thread-65, initial daemon)>
2019/05/15 11:35:37 :DEBUG:gpg: WARNING: unsafe permissions on homedir '/home/jfk422/Projects/Code/Arcanum/arcanum/gpg'
2019/05/15 11:35:37 :DEBUG:gpg: no valid OpenPGP data found.
2019/05/15 11:35:37 :DEBUG:[GNUPG:] NODATA 1
2019/05/15 11:35:37 :DEBUG:[GNUPG:] NODATA 2
2019/05/15 11:35:37 :DEBUG:[GNUPG:] FAILURE decrypt 4294967295
2019/05/15 11:35:37 :DEBUG:gpg: decrypt_message failed: Unknown system error
2019/05/15 11:35:37 :DEBUG:decrypt result: b''
