2019/05/06 05:02:21 PM:INFO:Qt version:5.11.1
2019/05/06 05:02:21 PM:INFO:PyQt version:5.11.2
2019/05/06 05:02:21 PM:INFO:SIP version:4.19.7
2019/05/06 05:02:22 :DEBUG:23850: gpg --status-fd 2 --no-tty --no-verbose --fixed-list-mode --batch --with-colons --homedir gpg --version
2019/05/06 05:02:22 :DEBUG:stderr reader: <Thread(Thread-1, initial daemon)>
2019/05/06 05:02:22 :DEBUG:stdout reader: <Thread(Thread-2, initial daemon)>
2019/05/06 05:02:22 :DEBUG:chunk: b'gpg (GnuPG) 2.2.4\nlibgcrypt 1.8.1\nCopyright (C) 2017 Free Software Foundation, Inc.\nLicense GPLv3+: GNU GPL version 3 or later <https://gnu.org/licenses/gpl.html>\nThis is free software: you are free to change and redistribute it.\nThere is NO WARRANTY, to t'
2019/05/06 05:02:22 :DEBUG:gpg: WARNING: unsafe permissions on homedir '/home/jfk422/Projects/Code/Arcanum/arcanum/gpg'
2019/05/06 05:02:22 :INFO:Connection to database established
2019/05/06 05:02:22 :INFO:Created table passTable: 
2019/05/06 05:02:22 :INFO:Created table configs: 
2019/05/06 05:02:22 :INFO:All tables were created/exist!
2019/05/06 05:02:22 :INFO:Getting row: 0 from table: configs
2019/05/06 05:02:22 :INFO:Getting row: 0 from table: configs
2019/05/06 05:02:22 :DEBUG:23853: gpg --pinentry-mode loopback --status-fd 2 --no-tty --no-verbose --fixed-list-mode --batch --with-colons --homedir gpg --passphrase-fd 0 --decrypt
2019/05/06 05:02:22 :DEBUG:Wrote passphrase
2019/05/06 05:02:22 :DEBUG:data copier: <Thread(Thread-3, initial daemon)>, <_io.BytesIO object at 0x7fc311254048>, <_io.BufferedWriter name=27>
2019/05/06 05:02:22 :DEBUG:stderr reader: <Thread(Thread-4, initial daemon)>
2019/05/06 05:02:22 :DEBUG:closed output, 179 bytes sent
2019/05/06 05:02:22 :DEBUG:stdout reader: <Thread(Thread-5, initial daemon)>
2019/05/06 05:02:22 :DEBUG:gpg: WARNING: unsafe permissions on homedir '/home/jfk422/Projects/Code/Arcanum/arcanum/gpg'
2019/05/06 05:02:22 :DEBUG:gpg: AES256 encrypted data
2019/05/06 05:02:22 :DEBUG:[GNUPG:] NEED_PASSPHRASE_SYM 9 3 2
2019/05/06 05:02:22 :DEBUG:gpg: encrypted with 1 passphrase
2019/05/06 05:02:22 :DEBUG:[GNUPG:] BEGIN_DECRYPTION
2019/05/06 05:02:22 :DEBUG:chunk: b'sWTkJZFbZOqsvpVN'
2019/05/06 05:02:22 :DEBUG:[GNUPG:] DECRYPTION_COMPLIANCE_MODE 23
2019/05/06 05:02:22 :DEBUG:message ignored: DECRYPTION_COMPLIANCE_MODE, 23
2019/05/06 05:02:22 :DEBUG:[GNUPG:] DECRYPTION_INFO 2 9
2019/05/06 05:02:22 :DEBUG:[GNUPG:] PLAINTEXT 62 1557150877
2019/05/06 05:02:22 :DEBUG:[GNUPG:] PLAINTEXT_LENGTH 16
2019/05/06 05:02:22 :DEBUG:[GNUPG:] DECRYPTION_OKAY
2019/05/06 05:02:22 :DEBUG:[GNUPG:] GOODMDC
2019/05/06 05:02:22 :DEBUG:[GNUPG:] END_DECRYPTION
2019/05/06 05:02:22 :DEBUG:decrypt result: b'sWTkJZFbZOqsvpVN'
2019/05/06 05:02:23 :INFO:Getting everything from passTable
2019/05/06 05:02:23 :DEBUG:23859: gpg --pinentry-mode loopback --status-fd 2 --no-tty --no-verbose --fixed-list-mode --batch --with-colons --homedir gpg --passphrase-fd 0 --decrypt
2019/05/06 05:02:23 :DEBUG:Wrote passphrase
2019/05/06 05:02:23 :DEBUG:data copier: <Thread(Thread-6, initial daemon)>, <_io.BytesIO object at 0x7fc31125f0a0>, <_io.BufferedWriter name=27>
2019/05/06 05:02:23 :DEBUG:stderr reader: <Thread(Thread-7, initial daemon)>
2019/05/06 05:02:23 :DEBUG:closed output, 1 bytes sent
2019/05/06 05:02:23 :DEBUG:stdout reader: <Thread(Thread-8, initial daemon)>
2019/05/06 05:02:23 :DEBUG:gpg: WARNING: unsafe permissions on homedir '/home/jfk422/Projects/Code/Arcanum/arcanum/gpg'
2019/05/06 05:02:23 :DEBUG:gpg: [don't know]: invalid packet (ctb=30)
2019/05/06 05:02:23 :DEBUG:[GNUPG:] NODATA 3
2019/05/06 05:02:23 :DEBUG:decrypt result: b''
2019/05/06 05:02:23 :DEBUG:23863: gpg --pinentry-mode loopback --status-fd 2 --no-tty --no-verbose --fixed-list-mode --batch --with-colons --homedir gpg --passphrase-fd 0 --decrypt
2019/05/06 05:02:23 :DEBUG:Wrote passphrase
2019/05/06 05:02:23 :DEBUG:data copier: <Thread(Thread-9, initial daemon)>, <_io.BytesIO object at 0x7fc31125f0a0>, <_io.BufferedWriter name=27>
2019/05/06 05:02:23 :DEBUG:stderr reader: <Thread(Thread-10, initial daemon)>
2019/05/06 05:02:23 :DEBUG:closed output, 163 bytes sent
2019/05/06 05:02:23 :DEBUG:stdout reader: <Thread(Thread-11, initial daemon)>
2019/05/06 05:02:24 :DEBUG:gpg: WARNING: unsafe permissions on homedir '/home/jfk422/Projects/Code/Arcanum/arcanum/gpg'
2019/05/06 05:02:24 :DEBUG:gpg: AES256 encrypted data
2019/05/06 05:02:24 :DEBUG:chunk: b'test'
2019/05/06 05:02:24 :DEBUG:[GNUPG:] NEED_PASSPHRASE_SYM 9 3 2
2019/05/06 05:02:24 :DEBUG:gpg: encrypted with 1 passphrase
2019/05/06 05:02:24 :DEBUG:[GNUPG:] BEGIN_DECRYPTION
2019/05/06 05:02:24 :DEBUG:[GNUPG:] DECRYPTION_COMPLIANCE_MODE 23
2019/05/06 05:02:24 :DEBUG:message ignored: DECRYPTION_COMPLIANCE_MODE, 23
2019/05/06 05:02:24 :DEBUG:[GNUPG:] DECRYPTION_INFO 2 9
2019/05/06 05:02:24 :DEBUG:[GNUPG:] PLAINTEXT 62 1557154606
2019/05/06 05:02:24 :DEBUG:[GNUPG:] PLAINTEXT_LENGTH 4
2019/05/06 05:02:24 :DEBUG:[GNUPG:] DECRYPTION_OKAY
2019/05/06 05:02:24 :DEBUG:[GNUPG:] GOODMDC
2019/05/06 05:02:24 :DEBUG:[GNUPG:] END_DECRYPTION
2019/05/06 05:02:24 :DEBUG:decrypt result: b'test'
2019/05/06 05:02:24 :DEBUG:23868: gpg --pinentry-mode loopback --status-fd 2 --no-tty --no-verbose --fixed-list-mode --batch --with-colons --homedir gpg --passphrase-fd 0 --decrypt
2019/05/06 05:02:24 :DEBUG:Wrote passphrase
2019/05/06 05:02:24 :DEBUG:data copier: <Thread(Thread-12, initial daemon)>, <_io.BytesIO object at 0x7fc31125f0a0>, <_io.BufferedWriter name=27>
2019/05/06 05:02:24 :DEBUG:closed output, 26 bytes sent
2019/05/06 05:02:24 :DEBUG:stderr reader: <Thread(Thread-13, initial daemon)>
2019/05/06 05:02:24 :DEBUG:stdout reader: <Thread(Thread-14, initial daemon)>
2019/05/06 05:02:24 :DEBUG:gpg: WARNING: unsafe permissions on homedir '/home/jfk422/Projects/Code/Arcanum/arcanum/gpg'
2019/05/06 05:02:24 :DEBUG:gpg: no valid OpenPGP data found.
2019/05/06 05:02:24 :DEBUG:[GNUPG:] NODATA 1
2019/05/06 05:02:24 :DEBUG:[GNUPG:] NODATA 2
2019/05/06 05:02:24 :DEBUG:[GNUPG:] FAILURE decrypt 4294967295
2019/05/06 05:02:24 :DEBUG:gpg: decrypt_message failed: Unknown system error
2019/05/06 05:02:24 :DEBUG:decrypt result: b''
2019/05/06 05:02:24 :DEBUG:23872: gpg --pinentry-mode loopback --status-fd 2 --no-tty --no-verbose --fixed-list-mode --batch --with-colons --homedir gpg --passphrase-fd 0 --decrypt
2019/05/06 05:02:24 :DEBUG:Wrote passphrase
2019/05/06 05:02:24 :DEBUG:data copier: <Thread(Thread-15, initial daemon)>, <_io.BytesIO object at 0x7fc31125f0a0>, <_io.BufferedWriter name=27>
2019/05/06 05:02:24 :DEBUG:stderr reader: <Thread(Thread-16, initial daemon)>
2019/05/06 05:02:24 :DEBUG:closed output, 5 bytes sent
2019/05/06 05:02:24 :DEBUG:stdout reader: <Thread(Thread-17, initial daemon)>
2019/05/06 05:02:24 :DEBUG:gpg: WARNING: unsafe permissions on homedir '/home/jfk422/Projects/Code/Arcanum/arcanum/gpg'
2019/05/06 05:02:24 :DEBUG:gpg: no valid OpenPGP data found.
2019/05/06 05:02:24 :DEBUG:[GNUPG:] NODATA 1
2019/05/06 05:02:24 :DEBUG:[GNUPG:] NODATA 2
2019/05/06 05:02:24 :DEBUG:[GNUPG:] FAILURE decrypt 4294967295
2019/05/06 05:02:24 :DEBUG:gpg: decrypt_message failed: Unknown system error
2019/05/06 05:02:24 :DEBUG:decrypt result: b''
2019/05/06 05:02:24 :DEBUG:23876: gpg --pinentry-mode loopback --status-fd 2 --no-tty --no-verbose --fixed-list-mode --batch --with-colons --homedir gpg --passphrase-fd 0 --decrypt
2019/05/06 05:02:24 :DEBUG:Wrote passphrase
2019/05/06 05:02:24 :DEBUG:data copier: <Thread(Thread-18, initial daemon)>, <_io.BytesIO object at 0x7fc31125f0a0>, <_io.BufferedWriter name=27>
2019/05/06 05:02:24 :DEBUG:stderr reader: <Thread(Thread-19, initial daemon)>
2019/05/06 05:02:24 :DEBUG:closed output, 171 bytes sent
2019/05/06 05:02:24 :DEBUG:stdout reader: <Thread(Thread-20, initial daemon)>
2019/05/06 05:02:24 :DEBUG:gpg: WARNING: unsafe permissions on homedir '/home/jfk422/Projects/Code/Arcanum/arcanum/gpg'
2019/05/06 05:02:24 :DEBUG:gpg: AES256 encrypted data
2019/05/06 05:02:24 :DEBUG:[GNUPG:] NEED_PASSPHRASE_SYM 9 3 2
2019/05/06 05:02:24 :DEBUG:gpg: encrypted with 1 passphrase
2019/05/06 05:02:24 :DEBUG:chunk: b'test@test.com'
2019/05/06 05:02:24 :DEBUG:[GNUPG:] BEGIN_DECRYPTION
2019/05/06 05:02:24 :DEBUG:[GNUPG:] DECRYPTION_COMPLIANCE_MODE 23
2019/05/06 05:02:24 :DEBUG:message ignored: DECRYPTION_COMPLIANCE_MODE, 23
2019/05/06 05:02:24 :DEBUG:[GNUPG:] DECRYPTION_INFO 2 9
2019/05/06 05:02:24 :DEBUG:[GNUPG:] PLAINTEXT 62 1557154606
2019/05/06 05:02:24 :DEBUG:[GNUPG:] PLAINTEXT_LENGTH 13
2019/05/06 05:02:24 :DEBUG:[GNUPG:] DECRYPTION_OKAY
2019/05/06 05:02:24 :DEBUG:[GNUPG:] GOODMDC
2019/05/06 05:02:24 :DEBUG:[GNUPG:] END_DECRYPTION
2019/05/06 05:02:24 :DEBUG:decrypt result: b'test@test.com'
2019/05/06 05:02:24 :DEBUG:23881: gpg --pinentry-mode loopback --status-fd 2 --no-tty --no-verbose --fixed-list-mode --batch --with-colons --homedir gpg --passphrase-fd 0 --decrypt
2019/05/06 05:02:24 :DEBUG:Wrote passphrase
2019/05/06 05:02:24 :DEBUG:data copier: <Thread(Thread-21, initial daemon)>, <_io.BytesIO object at 0x7fc31125f0a0>, <_io.BufferedWriter name=27>
2019/05/06 05:02:24 :DEBUG:stderr reader: <Thread(Thread-22, initial daemon)>
2019/05/06 05:02:24 :DEBUG:closed output, 4 bytes sent
2019/05/06 05:02:24 :DEBUG:stdout reader: <Thread(Thread-23, initial daemon)>
2019/05/06 05:02:24 :DEBUG:gpg: WARNING: unsafe permissions on homedir '/home/jfk422/Projects/Code/Arcanum/arcanum/gpg'
2019/05/06 05:02:24 :DEBUG:gpg: no valid OpenPGP data found.
2019/05/06 05:02:24 :DEBUG:[GNUPG:] NODATA 1
2019/05/06 05:02:24 :DEBUG:[GNUPG:] NODATA 2
2019/05/06 05:02:24 :DEBUG:[GNUPG:] FAILURE decrypt 4294967295
2019/05/06 05:02:24 :DEBUG:gpg: decrypt_message failed: Unknown system error
2019/05/06 05:02:24 :DEBUG:decrypt result: b''
2019/05/06 05:02:24 :DEBUG:23885: gpg --pinentry-mode loopback --status-fd 2 --no-tty --no-verbose --fixed-list-mode --batch --with-colons --homedir gpg --passphrase-fd 0 --decrypt
2019/05/06 05:02:24 :DEBUG:Wrote passphrase
2019/05/06 05:02:24 :DEBUG:data copier: <Thread(Thread-24, initial daemon)>, <_io.BytesIO object at 0x7fc31125f0a0>, <_io.BufferedWriter name=27>
2019/05/06 05:02:24 :DEBUG:stderr reader: <Thread(Thread-25, initial daemon)>
2019/05/06 05:02:24 :DEBUG:closed output, 4 bytes sent
2019/05/06 05:02:24 :DEBUG:stdout reader: <Thread(Thread-26, initial daemon)>
2019/05/06 05:02:24 :DEBUG:gpg: WARNING: unsafe permissions on homedir '/home/jfk422/Projects/Code/Arcanum/arcanum/gpg'
2019/05/06 05:02:24 :DEBUG:gpg: no valid OpenPGP data found.
2019/05/06 05:02:24 :DEBUG:[GNUPG:] NODATA 1
2019/05/06 05:02:24 :DEBUG:[GNUPG:] NODATA 2
2019/05/06 05:02:24 :DEBUG:[GNUPG:] FAILURE decrypt 4294967295
2019/05/06 05:02:24 :DEBUG:gpg: decrypt_message failed: Unknown system error
2019/05/06 05:02:24 :DEBUG:decrypt result: b''
2019/05/06 05:02:24 :DEBUG:23889: gpg --pinentry-mode loopback --status-fd 2 --no-tty --no-verbose --fixed-list-mode --batch --with-colons --homedir gpg --passphrase-fd 0 --decrypt
2019/05/06 05:02:24 :DEBUG:Wrote passphrase
2019/05/06 05:02:24 :DEBUG:data copier: <Thread(Thread-27, initial daemon)>, <_io.BytesIO object at 0x7fc31125f0a0>, <_io.BufferedWriter name=27>
2019/05/06 05:02:24 :DEBUG:stderr reader: <Thread(Thread-28, initial daemon)>
2019/05/06 05:02:24 :DEBUG:stdout reader: <Thread(Thread-29, initial daemon)>
2019/05/06 05:02:24 :DEBUG:closed output, 4 bytes sent
2019/05/06 05:02:24 :DEBUG:gpg: WARNING: unsafe permissions on homedir '/home/jfk422/Projects/Code/Arcanum/arcanum/gpg'
2019/05/06 05:02:24 :DEBUG:gpg: no valid OpenPGP data found.
2019/05/06 05:02:24 :DEBUG:[GNUPG:] NODATA 1
2019/05/06 05:02:24 :DEBUG:[GNUPG:] NODATA 2
2019/05/06 05:02:24 :DEBUG:[GNUPG:] FAILURE decrypt 4294967295
2019/05/06 05:02:24 :DEBUG:gpg: decrypt_message failed: Unknown system error
2019/05/06 05:02:24 :DEBUG:decrypt result: b''
2019/05/06 05:02:24 :INFO:Getting row: 0 from table: passTable
2019/05/06 05:02:24 :DEBUG:23893: gpg --pinentry-mode loopback --status-fd 2 --no-tty --no-verbose --fixed-list-mode --batch --with-colons --homedir gpg --passphrase-fd 0 --decrypt
2019/05/06 05:02:24 :DEBUG:Wrote passphrase
2019/05/06 05:02:24 :DEBUG:data copier: <Thread(Thread-30, initial daemon)>, <_io.BytesIO object at 0x7fc31125f0f8>, <_io.BufferedWriter name=27>
2019/05/06 05:02:24 :DEBUG:stderr reader: <Thread(Thread-31, initial daemon)>
2019/05/06 05:02:24 :DEBUG:closed output, 163 bytes sent
2019/05/06 05:02:24 :DEBUG:stdout reader: <Thread(Thread-32, initial daemon)>
2019/05/06 05:02:25 :DEBUG:gpg: WARNING: unsafe permissions on homedir '/home/jfk422/Projects/Code/Arcanum/arcanum/gpg'
2019/05/06 05:02:25 :DEBUG:gpg: AES256 encrypted data
2019/05/06 05:02:25 :DEBUG:[GNUPG:] NEED_PASSPHRASE_SYM 9 3 2
2019/05/06 05:02:25 :DEBUG:gpg: encrypted with 1 passphrase
2019/05/06 05:02:25 :DEBUG:[GNUPG:] BEGIN_DECRYPTION
2019/05/06 05:02:25 :DEBUG:[GNUPG:] DECRYPTION_COMPLIANCE_MODE 23
2019/05/06 05:02:25 :DEBUG:chunk: b'test'
2019/05/06 05:02:25 :DEBUG:message ignored: DECRYPTION_COMPLIANCE_MODE, 23
2019/05/06 05:02:25 :DEBUG:[GNUPG:] DECRYPTION_INFO 2 9
2019/05/06 05:02:25 :DEBUG:[GNUPG:] PLAINTEXT 62 1557154607
2019/05/06 05:02:25 :DEBUG:[GNUPG:] PLAINTEXT_LENGTH 4
2019/05/06 05:02:25 :DEBUG:[GNUPG:] DECRYPTION_OKAY
2019/05/06 05:02:25 :DEBUG:[GNUPG:] GOODMDC
2019/05/06 05:02:25 :DEBUG:[GNUPG:] END_DECRYPTION
2019/05/06 05:02:25 :DEBUG:decrypt result: b'test'
2019/05/06 05:02:25 :INFO:Getting everything from configs
2019/05/06 05:02:31 :INFO:Getting everything from configs
2019/05/06 05:02:32 :INFO:Getting everything from passTable
2019/05/06 05:02:32 :DEBUG:23906: gpg --pinentry-mode loopback --status-fd 2 --no-tty --no-verbose --fixed-list-mode --batch --with-colons --homedir gpg --passphrase-fd 0 --decrypt
2019/05/06 05:02:32 :DEBUG:Wrote passphrase
2019/05/06 05:02:32 :DEBUG:data copier: <Thread(Thread-33, initial daemon)>, <_io.BytesIO object at 0x7fc31125f0a0>, <_io.BufferedWriter name=27>
2019/05/06 05:02:32 :DEBUG:stderr reader: <Thread(Thread-34, initial daemon)>
2019/05/06 05:02:32 :DEBUG:closed output, 1 bytes sent
2019/05/06 05:02:32 :DEBUG:stdout reader: <Thread(Thread-35, initial daemon)>
2019/05/06 05:02:32 :DEBUG:gpg: WARNING: unsafe permissions on homedir '/home/jfk422/Projects/Code/Arcanum/arcanum/gpg'
2019/05/06 05:02:32 :DEBUG:gpg: [don't know]: invalid packet (ctb=30)
2019/05/06 05:02:32 :DEBUG:[GNUPG:] NODATA 3
2019/05/06 05:02:32 :DEBUG:decrypt result: b''
2019/05/06 05:02:32 :DEBUG:23910: gpg --pinentry-mode loopback --status-fd 2 --no-tty --no-verbose --fixed-list-mode --batch --with-colons --homedir gpg --passphrase-fd 0 --decrypt
2019/05/06 05:02:32 :DEBUG:Wrote passphrase
2019/05/06 05:02:32 :DEBUG:data copier: <Thread(Thread-36, initial daemon)>, <_io.BytesIO object at 0x7fc31125f0a0>, <_io.BufferedWriter name=27>
2019/05/06 05:02:32 :DEBUG:stderr reader: <Thread(Thread-37, initial daemon)>
2019/05/06 05:02:32 :DEBUG:closed output, 163 bytes sent
2019/05/06 05:02:32 :DEBUG:stdout reader: <Thread(Thread-38, initial daemon)>
2019/05/06 05:02:32 :DEBUG:gpg: WARNING: unsafe permissions on homedir '/home/jfk422/Projects/Code/Arcanum/arcanum/gpg'
2019/05/06 05:02:32 :DEBUG:gpg: AES256 encrypted data
2019/05/06 05:02:32 :DEBUG:[GNUPG:] NEED_PASSPHRASE_SYM 9 3 2
2019/05/06 05:02:32 :DEBUG:gpg: encrypted with 1 passphrase
2019/05/06 05:02:32 :DEBUG:[GNUPG:] BEGIN_DECRYPTION
2019/05/06 05:02:32 :DEBUG:[GNUPG:] DECRYPTION_COMPLIANCE_MODE 23
2019/05/06 05:02:32 :DEBUG:chunk: b'test'
2019/05/06 05:02:32 :DEBUG:message ignored: DECRYPTION_COMPLIANCE_MODE, 23
2019/05/06 05:02:32 :DEBUG:[GNUPG:] DECRYPTION_INFO 2 9
2019/05/06 05:02:32 :DEBUG:[GNUPG:] PLAINTEXT 62 1557154606
2019/05/06 05:02:32 :DEBUG:[GNUPG:] PLAINTEXT_LENGTH 4
2019/05/06 05:02:32 :DEBUG:[GNUPG:] DECRYPTION_OKAY
2019/05/06 05:02:32 :DEBUG:[GNUPG:] GOODMDC
2019/05/06 05:02:32 :DEBUG:[GNUPG:] END_DECRYPTION
2019/05/06 05:02:32 :DEBUG:decrypt result: b'test'
2019/05/06 05:02:32 :DEBUG:23915: gpg --pinentry-mode loopback --status-fd 2 --no-tty --no-verbose --fixed-list-mode --batch --with-colons --homedir gpg --passphrase-fd 0 --decrypt
2019/05/06 05:02:32 :DEBUG:Wrote passphrase
2019/05/06 05:02:32 :DEBUG:data copier: <Thread(Thread-39, initial daemon)>, <_io.BytesIO object at 0x7fc31125f0a0>, <_io.BufferedWriter name=27>
2019/05/06 05:02:32 :DEBUG:closed output, 26 bytes sent
2019/05/06 05:02:32 :DEBUG:stderr reader: <Thread(Thread-40, initial daemon)>
2019/05/06 05:02:32 :DEBUG:stdout reader: <Thread(Thread-41, initial daemon)>
2019/05/06 05:02:32 :DEBUG:gpg: WARNING: unsafe permissions on homedir '/home/jfk422/Projects/Code/Arcanum/arcanum/gpg'
2019/05/06 05:02:32 :DEBUG:gpg: no valid OpenPGP data found.
2019/05/06 05:02:32 :DEBUG:[GNUPG:] NODATA 1
2019/05/06 05:02:32 :DEBUG:[GNUPG:] NODATA 2
2019/05/06 05:02:32 :DEBUG:[GNUPG:] FAILURE decrypt 4294967295
2019/05/06 05:02:32 :DEBUG:gpg: decrypt_message failed: Unknown system error
2019/05/06 05:02:32 :DEBUG:decrypt result: b''
2019/05/06 05:02:32 :DEBUG:23919: gpg --pinentry-mode loopback --status-fd 2 --no-tty --no-verbose --fixed-list-mode --batch --with-colons --homedir gpg --passphrase-fd 0 --decrypt
2019/05/06 05:02:32 :DEBUG:Wrote passphrase
2019/05/06 05:02:32 :DEBUG:data copier: <Thread(Thread-42, initial daemon)>, <_io.BytesIO object at 0x7fc31125f0a0>, <_io.BufferedWriter name=27>
2019/05/06 05:02:32 :DEBUG:stderr reader: <Thread(Thread-43, initial daemon)>
2019/05/06 05:02:32 :DEBUG:closed output, 5 bytes sent
2019/05/06 05:02:32 :DEBUG:stdout reader: <Thread(Thread-44, initial daemon)>
2019/05/06 05:02:32 :DEBUG:gpg: WARNING: unsafe permissions on homedir '/home/jfk422/Projects/Code/Arcanum/arcanum/gpg'
2019/05/06 05:02:32 :DEBUG:gpg: no valid OpenPGP data found.
2019/05/06 05:02:32 :DEBUG:[GNUPG:] NODATA 1
2019/05/06 05:02:32 :DEBUG:[GNUPG:] NODATA 2
2019/05/06 05:02:32 :DEBUG:[GNUPG:] FAILURE decrypt 4294967295
2019/05/06 05:02:32 :DEBUG:gpg: decrypt_message failed: Unknown system error
2019/05/06 05:02:32 :DEBUG:decrypt result: b''
2019/05/06 05:02:32 :DEBUG:23923: gpg --pinentry-mode loopback --status-fd 2 --no-tty --no-verbose --fixed-list-mode --batch --with-colons --homedir gpg --passphrase-fd 0 --decrypt
2019/05/06 05:02:32 :DEBUG:Wrote passphrase
2019/05/06 05:02:32 :DEBUG:data copier: <Thread(Thread-45, initial daemon)>, <_io.BytesIO object at 0x7fc31125f0a0>, <_io.BufferedWriter name=27>
2019/05/06 05:02:32 :DEBUG:stderr reader: <Thread(Thread-46, initial daemon)>
2019/05/06 05:02:32 :DEBUG:closed output, 171 bytes sent
2019/05/06 05:02:32 :DEBUG:stdout reader: <Thread(Thread-47, initial daemon)>
2019/05/06 05:02:33 :DEBUG:gpg: WARNING: unsafe permissions on homedir '/home/jfk422/Projects/Code/Arcanum/arcanum/gpg'
2019/05/06 05:02:33 :DEBUG:gpg: AES256 encrypted data
2019/05/06 05:02:33 :DEBUG:[GNUPG:] NEED_PASSPHRASE_SYM 9 3 2
2019/05/06 05:02:33 :DEBUG:gpg: encrypted with 1 passphrase
2019/05/06 05:02:33 :DEBUG:[GNUPG:] BEGIN_DECRYPTION
2019/05/06 05:02:33 :DEBUG:chunk: b'test@test.com'
2019/05/06 05:02:33 :DEBUG:[GNUPG:] DECRYPTION_COMPLIANCE_MODE 23
2019/05/06 05:02:33 :DEBUG:message ignored: DECRYPTION_COMPLIANCE_MODE, 23
2019/05/06 05:02:33 :DEBUG:[GNUPG:] DECRYPTION_INFO 2 9
2019/05/06 05:02:33 :DEBUG:[GNUPG:] PLAINTEXT 62 1557154606
2019/05/06 05:02:33 :DEBUG:[GNUPG:] PLAINTEXT_LENGTH 13
2019/05/06 05:02:33 :DEBUG:[GNUPG:] DECRYPTION_OKAY
2019/05/06 05:02:33 :DEBUG:[GNUPG:] GOODMDC
2019/05/06 05:02:33 :DEBUG:[GNUPG:] END_DECRYPTION
2019/05/06 05:02:33 :DEBUG:decrypt result: b'test@test.com'
2019/05/06 05:02:33 :DEBUG:23928: gpg --pinentry-mode loopback --status-fd 2 --no-tty --no-verbose --fixed-list-mode --batch --with-colons --homedir gpg --passphrase-fd 0 --decrypt
2019/05/06 05:02:33 :DEBUG:Wrote passphrase
2019/05/06 05:02:33 :DEBUG:data copier: <Thread(Thread-48, initial daemon)>, <_io.BytesIO object at 0x7fc31125f0a0>, <_io.BufferedWriter name=27>
2019/05/06 05:02:33 :DEBUG:stderr reader: <Thread(Thread-49, initial daemon)>
2019/05/06 05:02:33 :DEBUG:closed output, 4 bytes sent
2019/05/06 05:02:33 :DEBUG:stdout reader: <Thread(Thread-50, initial daemon)>
2019/05/06 05:02:33 :DEBUG:gpg: WARNING: unsafe permissions on homedir '/home/jfk422/Projects/Code/Arcanum/arcanum/gpg'
2019/05/06 05:02:33 :DEBUG:gpg: no valid OpenPGP data found.
2019/05/06 05:02:33 :DEBUG:[GNUPG:] NODATA 1
2019/05/06 05:02:33 :DEBUG:[GNUPG:] NODATA 2
2019/05/06 05:02:33 :DEBUG:[GNUPG:] FAILURE decrypt 4294967295
2019/05/06 05:02:33 :DEBUG:gpg: decrypt_message failed: Unknown system error
2019/05/06 05:02:33 :DEBUG:decrypt result: b''
2019/05/06 05:02:33 :DEBUG:23932: gpg --pinentry-mode loopback --status-fd 2 --no-tty --no-verbose --fixed-list-mode --batch --with-colons --homedir gpg --passphrase-fd 0 --decrypt
2019/05/06 05:02:33 :DEBUG:Wrote passphrase
2019/05/06 05:02:33 :DEBUG:data copier: <Thread(Thread-51, initial daemon)>, <_io.BytesIO object at 0x7fc31125f0a0>, <_io.BufferedWriter name=27>
2019/05/06 05:02:33 :DEBUG:stderr reader: <Thread(Thread-52, initial daemon)>
2019/05/06 05:02:33 :DEBUG:closed output, 4 bytes sent
2019/05/06 05:02:33 :DEBUG:stdout reader: <Thread(Thread-53, initial daemon)>
2019/05/06 05:02:33 :DEBUG:gpg: WARNING: unsafe permissions on homedir '/home/jfk422/Projects/Code/Arcanum/arcanum/gpg'
2019/05/06 05:02:33 :DEBUG:gpg: no valid OpenPGP data found.
2019/05/06 05:02:33 :DEBUG:[GNUPG:] NODATA 1
2019/05/06 05:02:33 :DEBUG:[GNUPG:] NODATA 2
2019/05/06 05:02:33 :DEBUG:[GNUPG:] FAILURE decrypt 4294967295
2019/05/06 05:02:33 :DEBUG:gpg: decrypt_message failed: Unknown system error
2019/05/06 05:02:33 :DEBUG:decrypt result: b''
2019/05/06 05:02:33 :DEBUG:23936: gpg --pinentry-mode loopback --status-fd 2 --no-tty --no-verbose --fixed-list-mode --batch --with-colons --homedir gpg --passphrase-fd 0 --decrypt
2019/05/06 05:02:33 :DEBUG:Wrote passphrase
2019/05/06 05:02:33 :DEBUG:data copier: <Thread(Thread-54, initial daemon)>, <_io.BytesIO object at 0x7fc31125f0a0>, <_io.BufferedWriter name=27>
2019/05/06 05:02:33 :DEBUG:closed output, 4 bytes sent
2019/05/06 05:02:33 :DEBUG:stderr reader: <Thread(Thread-55, initial daemon)>
2019/05/06 05:02:33 :DEBUG:stdout reader: <Thread(Thread-56, initial daemon)>
2019/05/06 05:02:33 :DEBUG:gpg: WARNING: unsafe permissions on homedir '/home/jfk422/Projects/Code/Arcanum/arcanum/gpg'
2019/05/06 05:02:33 :DEBUG:gpg: no valid OpenPGP data found.
2019/05/06 05:02:33 :DEBUG:[GNUPG:] NODATA 1
2019/05/06 05:02:33 :DEBUG:[GNUPG:] NODATA 2
2019/05/06 05:02:33 :DEBUG:[GNUPG:] FAILURE decrypt 4294967295
2019/05/06 05:02:33 :DEBUG:gpg: decrypt_message failed: Unknown system error
2019/05/06 05:02:33 :DEBUG:decrypt result: b''
2019/05/06 05:02:33 :INFO:Getting row: 0 from table: passTable
2019/05/06 05:02:33 :DEBUG:23940: gpg --pinentry-mode loopback --status-fd 2 --no-tty --no-verbose --fixed-list-mode --batch --with-colons --homedir gpg --passphrase-fd 0 --decrypt
2019/05/06 05:02:33 :DEBUG:Wrote passphrase
2019/05/06 05:02:33 :DEBUG:data copier: <Thread(Thread-57, initial daemon)>, <_io.BytesIO object at 0x7fc31125f0f8>, <_io.BufferedWriter name=27>
2019/05/06 05:02:33 :DEBUG:stderr reader: <Thread(Thread-58, initial daemon)>
2019/05/06 05:02:33 :DEBUG:closed output, 163 bytes sent
2019/05/06 05:02:33 :DEBUG:stdout reader: <Thread(Thread-59, initial daemon)>
2019/05/06 05:02:33 :DEBUG:gpg: WARNING: unsafe permissions on homedir '/home/jfk422/Projects/Code/Arcanum/arcanum/gpg'
2019/05/06 05:02:33 :DEBUG:gpg: AES256 encrypted data
2019/05/06 05:02:33 :DEBUG:[GNUPG:] NEED_PASSPHRASE_SYM 9 3 2
2019/05/06 05:02:33 :DEBUG:chunk: b'test'
2019/05/06 05:02:33 :DEBUG:gpg: encrypted with 1 passphrase
2019/05/06 05:02:33 :DEBUG:[GNUPG:] BEGIN_DECRYPTION
2019/05/06 05:02:33 :DEBUG:[GNUPG:] DECRYPTION_COMPLIANCE_MODE 23
2019/05/06 05:02:33 :DEBUG:message ignored: DECRYPTION_COMPLIANCE_MODE, 23
2019/05/06 05:02:33 :DEBUG:[GNUPG:] DECRYPTION_INFO 2 9
2019/05/06 05:02:33 :DEBUG:[GNUPG:] PLAINTEXT 62 1557154607
2019/05/06 05:02:33 :DEBUG:[GNUPG:] PLAINTEXT_LENGTH 4
2019/05/06 05:02:33 :DEBUG:[GNUPG:] DECRYPTION_OKAY
2019/05/06 05:02:33 :DEBUG:[GNUPG:] GOODMDC
2019/05/06 05:02:33 :DEBUG:[GNUPG:] END_DECRYPTION
2019/05/06 05:02:33 :DEBUG:decrypt result: b'test'
2019/05/06 05:02:33 :INFO:Getting everything from configs
