2019/05/15 11:36:57 AM:INFO:Qt version:5.11.1
2019/05/15 11:36:57 AM:INFO:PyQt version:5.11.2
2019/05/15 11:36:57 AM:INFO:SIP version:4.19.7
2019/05/15 11:36:59 :DEBUG:12455: gpg --status-fd 2 --no-tty --no-verbose --fixed-list-mode --batch --with-colons --homedir gpg --version
2019/05/15 11:36:59 :DEBUG:stderr reader: <Thread(Thread-1, initial daemon)>
2019/05/15 11:36:59 :DEBUG:stdout reader: <Thread(Thread-2, initial daemon)>
2019/05/15 11:36:59 :DEBUG:gpg: WARNING: unsafe permissions on homedir '/home/jfk422/Projects/Code/Arcanum/arcanum/gpg'
2019/05/15 11:36:59 :DEBUG:chunk: b'gpg (GnuPG) 2.2.4\nlibgcrypt 1.8.1\nCopyright (C) 2017 Free Software Foundation, Inc.\nLicense GPLv3+: GNU GPL version 3 or later <https://gnu.org/licenses/gpl.html>\nThis is free software: you are free to change and redistribute it.\nThere is NO WARRANTY, to t'
2019/05/15 11:36:59 :INFO:Connection to database established
2019/05/15 11:36:59 :INFO:Created table passTable: 
2019/05/15 11:36:59 :INFO:Created table configs: 
2019/05/15 11:36:59 :INFO:Created table email: 
2019/05/15 11:36:59 :INFO:Created table keys: 
2019/05/15 11:36:59 :INFO:All tables were created/exist!
2019/05/15 11:36:59 :INFO:Getting row: 1 from table: configs
2019/05/15 11:36:59 :INFO:Getting row: 1 from table: configs
2019/05/15 11:36:59 :DEBUG:12458: gpg --pinentry-mode loopback --status-fd 2 --no-tty --no-verbose --fixed-list-mode --batch --with-colons --homedir gpg --passphrase-fd 0 --decrypt
2019/05/15 11:36:59 :DEBUG:Wrote passphrase
2019/05/15 11:36:59 :DEBUG:data copier: <Thread(Thread-3, initial daemon)>, <_io.BytesIO object at 0x7f7815a88048>, <_io.BufferedWriter name=27>
2019/05/15 11:36:59 :DEBUG:stderr reader: <Thread(Thread-4, initial daemon)>
2019/05/15 11:36:59 :DEBUG:closed output, 179 bytes sent
2019/05/15 11:36:59 :DEBUG:stdout reader: <Thread(Thread-5, initial daemon)>
2019/05/15 11:37:00 :DEBUG:gpg: WARNING: unsafe permissions on homedir '/home/jfk422/Projects/Code/Arcanum/arcanum/gpg'
2019/05/15 11:37:00 :DEBUG:gpg: AES256 encrypted data
2019/05/15 11:37:00 :DEBUG:chunk: b'OQwAjBBLVkeaWCEs'
2019/05/15 11:37:00 :DEBUG:[GNUPG:] NEED_PASSPHRASE_SYM 9 3 2
2019/05/15 11:37:00 :DEBUG:gpg: encrypted with 1 passphrase
2019/05/15 11:37:00 :DEBUG:[GNUPG:] BEGIN_DECRYPTION
2019/05/15 11:37:00 :DEBUG:[GNUPG:] DECRYPTION_COMPLIANCE_MODE 23
2019/05/15 11:37:00 :DEBUG:message ignored: DECRYPTION_COMPLIANCE_MODE, 23
2019/05/15 11:37:00 :DEBUG:[GNUPG:] DECRYPTION_INFO 2 9
2019/05/15 11:37:00 :DEBUG:[GNUPG:] PLAINTEXT 62 1557911496
2019/05/15 11:37:00 :DEBUG:[GNUPG:] PLAINTEXT_LENGTH 16
2019/05/15 11:37:00 :DEBUG:[GNUPG:] DECRYPTION_OKAY
2019/05/15 11:37:00 :DEBUG:[GNUPG:] GOODMDC
2019/05/15 11:37:00 :DEBUG:[GNUPG:] END_DECRYPTION
2019/05/15 11:37:00 :DEBUG:decrypt result: b'OQwAjBBLVkeaWCEs'
2019/05/15 11:37:00 :INFO:Getting everything from passTable
2019/05/15 11:37:00 :DEBUG:12462: gpg --pinentry-mode loopback --status-fd 2 --no-tty --no-verbose --fixed-list-mode --batch --with-colons --homedir gpg --passphrase-fd 0 --decrypt
2019/05/15 11:37:00 :DEBUG:Wrote passphrase
2019/05/15 11:37:00 :DEBUG:data copier: <Thread(Thread-6, initial daemon)>, <_io.BytesIO object at 0x7f7815a8d0a0>, <_io.BufferedWriter name=27>
2019/05/15 11:37:00 :DEBUG:closed output, 1 bytes sent
2019/05/15 11:37:00 :DEBUG:stderr reader: <Thread(Thread-7, initial daemon)>
2019/05/15 11:37:00 :DEBUG:stdout reader: <Thread(Thread-8, initial daemon)>
2019/05/15 11:37:00 :DEBUG:gpg: WARNING: unsafe permissions on homedir '/home/jfk422/Projects/Code/Arcanum/arcanum/gpg'
2019/05/15 11:37:00 :DEBUG:gpg: [don't know]: invalid packet (ctb=31)
2019/05/15 11:37:00 :DEBUG:[GNUPG:] NODATA 3
2019/05/15 11:37:00 :DEBUG:decrypt result: b''
2019/05/15 11:37:00 :DEBUG:12466: gpg --pinentry-mode loopback --status-fd 2 --no-tty --no-verbose --fixed-list-mode --batch --with-colons --homedir gpg --passphrase-fd 0 --decrypt
2019/05/15 11:37:00 :DEBUG:Wrote passphrase
2019/05/15 11:37:00 :DEBUG:data copier: <Thread(Thread-9, initial daemon)>, <_io.BytesIO object at 0x7f7815a8d0a0>, <_io.BufferedWriter name=27>
2019/05/15 11:37:00 :DEBUG:stderr reader: <Thread(Thread-10, initial daemon)>
2019/05/15 11:37:00 :DEBUG:closed output, 163 bytes sent
2019/05/15 11:37:00 :DEBUG:stdout reader: <Thread(Thread-11, initial daemon)>
2019/05/15 11:37:00 :DEBUG:gpg: WARNING: unsafe permissions on homedir '/home/jfk422/Projects/Code/Arcanum/arcanum/gpg'
2019/05/15 11:37:00 :DEBUG:gpg: AES256 encrypted data
2019/05/15 11:37:00 :DEBUG:[GNUPG:] NEED_PASSPHRASE_SYM 9 3 2
2019/05/15 11:37:00 :DEBUG:gpg: encrypted with 1 passphrase
2019/05/15 11:37:00 :DEBUG:[GNUPG:] BEGIN_DECRYPTION
2019/05/15 11:37:00 :DEBUG:[GNUPG:] DECRYPTION_COMPLIANCE_MODE 23
2019/05/15 11:37:00 :DEBUG:chunk: b'test'
2019/05/15 11:37:00 :DEBUG:message ignored: DECRYPTION_COMPLIANCE_MODE, 23
2019/05/15 11:37:00 :DEBUG:[GNUPG:] DECRYPTION_INFO 2 9
2019/05/15 11:37:00 :DEBUG:[GNUPG:] PLAINTEXT 62 1557912096
2019/05/15 11:37:00 :DEBUG:[GNUPG:] PLAINTEXT_LENGTH 4
2019/05/15 11:37:00 :DEBUG:[GNUPG:] DECRYPTION_OKAY
2019/05/15 11:37:00 :DEBUG:[GNUPG:] GOODMDC
2019/05/15 11:37:00 :DEBUG:[GNUPG:] END_DECRYPTION
2019/05/15 11:37:00 :DEBUG:decrypt result: b'test'
2019/05/15 11:37:00 :DEBUG:12470: gpg --pinentry-mode loopback --status-fd 2 --no-tty --no-verbose --fixed-list-mode --batch --with-colons --homedir gpg --passphrase-fd 0 --decrypt
2019/05/15 11:37:00 :DEBUG:Wrote passphrase
2019/05/15 11:37:00 :DEBUG:data copier: <Thread(Thread-12, initial daemon)>, <_io.BytesIO object at 0x7f7815a8d0a0>, <_io.BufferedWriter name=27>
2019/05/15 11:37:00 :DEBUG:stderr reader: <Thread(Thread-13, initial daemon)>
2019/05/15 11:37:00 :DEBUG:closed output, 26 bytes sent
2019/05/15 11:37:00 :DEBUG:stdout reader: <Thread(Thread-14, initial daemon)>
2019/05/15 11:37:00 :DEBUG:gpg: WARNING: unsafe permissions on homedir '/home/jfk422/Projects/Code/Arcanum/arcanum/gpg'
2019/05/15 11:37:00 :DEBUG:gpg: no valid OpenPGP data found.
2019/05/15 11:37:00 :DEBUG:[GNUPG:] NODATA 1
2019/05/15 11:37:00 :DEBUG:[GNUPG:] NODATA 2
2019/05/15 11:37:00 :DEBUG:[GNUPG:] FAILURE decrypt 4294967295
2019/05/15 11:37:00 :DEBUG:gpg: decrypt_message failed: Unknown system error
2019/05/15 11:37:00 :DEBUG:decrypt result: b''
2019/05/15 11:37:00 :DEBUG:12474: gpg --pinentry-mode loopback --status-fd 2 --no-tty --no-verbose --fixed-list-mode --batch --with-colons --homedir gpg --passphrase-fd 0 --decrypt
2019/05/15 11:37:00 :DEBUG:Wrote passphrase
2019/05/15 11:37:00 :DEBUG:data copier: <Thread(Thread-15, initial daemon)>, <_io.BytesIO object at 0x7f7815a8d0a0>, <_io.BufferedWriter name=27>
2019/05/15 11:37:00 :DEBUG:stderr reader: <Thread(Thread-16, initial daemon)>
2019/05/15 11:37:00 :DEBUG:closed output, 4 bytes sent
2019/05/15 11:37:00 :DEBUG:stdout reader: <Thread(Thread-17, initial daemon)>
2019/05/15 11:37:00 :DEBUG:gpg: WARNING: unsafe permissions on homedir '/home/jfk422/Projects/Code/Arcanum/arcanum/gpg'
2019/05/15 11:37:00 :DEBUG:gpg: no valid OpenPGP data found.
2019/05/15 11:37:00 :DEBUG:[GNUPG:] NODATA 1
2019/05/15 11:37:00 :DEBUG:[GNUPG:] NODATA 2
2019/05/15 11:37:00 :DEBUG:[GNUPG:] FAILURE decrypt 4294967295
2019/05/15 11:37:00 :DEBUG:gpg: decrypt_message failed: Unknown system error
2019/05/15 11:37:00 :DEBUG:decrypt result: b''
2019/05/15 11:37:00 :DEBUG:12478: gpg --pinentry-mode loopback --status-fd 2 --no-tty --no-verbose --fixed-list-mode --batch --with-colons --homedir gpg --passphrase-fd 0 --decrypt
2019/05/15 11:37:00 :DEBUG:Wrote passphrase
2019/05/15 11:37:00 :DEBUG:data copier: <Thread(Thread-18, initial daemon)>, <_io.BytesIO object at 0x7f7815a8d0a0>, <_io.BufferedWriter name=27>
2019/05/15 11:37:00 :DEBUG:stderr reader: <Thread(Thread-19, initial daemon)>
2019/05/15 11:37:00 :DEBUG:closed output, 13 bytes sent
2019/05/15 11:37:00 :DEBUG:stdout reader: <Thread(Thread-20, initial daemon)>
2019/05/15 11:37:00 :DEBUG:gpg: WARNING: unsafe permissions on homedir '/home/jfk422/Projects/Code/Arcanum/arcanum/gpg'
2019/05/15 11:37:00 :DEBUG:gpg: no valid OpenPGP data found.
2019/05/15 11:37:00 :DEBUG:[GNUPG:] NODATA 1
2019/05/15 11:37:00 :DEBUG:[GNUPG:] NODATA 2
2019/05/15 11:37:00 :DEBUG:[GNUPG:] FAILURE decrypt 4294967295
2019/05/15 11:37:00 :DEBUG:gpg: decrypt_message failed: Unknown system error
2019/05/15 11:37:00 :DEBUG:decrypt result: b''
2019/05/15 11:37:00 :DEBUG:12482: gpg --pinentry-mode loopback --status-fd 2 --no-tty --no-verbose --fixed-list-mode --batch --with-colons --homedir gpg --passphrase-fd 0 --decrypt
2019/05/15 11:37:00 :DEBUG:Wrote passphrase
2019/05/15 11:37:00 :DEBUG:data copier: <Thread(Thread-21, initial daemon)>, <_io.BytesIO object at 0x7f7815a8d0a0>, <_io.BufferedWriter name=27>
2019/05/15 11:37:00 :DEBUG:stderr reader: <Thread(Thread-22, initial daemon)>
2019/05/15 11:37:00 :DEBUG:closed output, 4 bytes sent
2019/05/15 11:37:00 :DEBUG:stdout reader: <Thread(Thread-23, initial daemon)>
2019/05/15 11:37:00 :DEBUG:gpg: WARNING: unsafe permissions on homedir '/home/jfk422/Projects/Code/Arcanum/arcanum/gpg'
2019/05/15 11:37:00 :DEBUG:gpg: no valid OpenPGP data found.
2019/05/15 11:37:00 :DEBUG:[GNUPG:] NODATA 1
2019/05/15 11:37:00 :DEBUG:[GNUPG:] NODATA 2
2019/05/15 11:37:00 :DEBUG:[GNUPG:] FAILURE decrypt 4294967295
2019/05/15 11:37:00 :DEBUG:gpg: decrypt_message failed: Unknown system error
2019/05/15 11:37:00 :DEBUG:decrypt result: b''
2019/05/15 11:37:00 :DEBUG:12486: gpg --pinentry-mode loopback --status-fd 2 --no-tty --no-verbose --fixed-list-mode --batch --with-colons --homedir gpg --passphrase-fd 0 --decrypt
2019/05/15 11:37:00 :DEBUG:Wrote passphrase
2019/05/15 11:37:00 :DEBUG:data copier: <Thread(Thread-24, initial daemon)>, <_io.BytesIO object at 0x7f7815a8d0a0>, <_io.BufferedWriter name=27>
2019/05/15 11:37:00 :DEBUG:stderr reader: <Thread(Thread-25, initial daemon)>
2019/05/15 11:37:00 :DEBUG:closed output, 4 bytes sent
2019/05/15 11:37:00 :DEBUG:stdout reader: <Thread(Thread-26, initial daemon)>
2019/05/15 11:37:00 :DEBUG:gpg: WARNING: unsafe permissions on homedir '/home/jfk422/Projects/Code/Arcanum/arcanum/gpg'
2019/05/15 11:37:00 :DEBUG:gpg: no valid OpenPGP data found.
2019/05/15 11:37:00 :DEBUG:[GNUPG:] NODATA 1
2019/05/15 11:37:00 :DEBUG:[GNUPG:] NODATA 2
2019/05/15 11:37:00 :DEBUG:[GNUPG:] FAILURE decrypt 4294967295
2019/05/15 11:37:00 :DEBUG:gpg: decrypt_message failed: Unknown system error
2019/05/15 11:37:00 :DEBUG:decrypt result: b''
2019/05/15 11:37:00 :DEBUG:12490: gpg --pinentry-mode loopback --status-fd 2 --no-tty --no-verbose --fixed-list-mode --batch --with-colons --homedir gpg --passphrase-fd 0 --decrypt
2019/05/15 11:37:00 :DEBUG:Wrote passphrase
2019/05/15 11:37:00 :DEBUG:data copier: <Thread(Thread-27, initial daemon)>, <_io.BytesIO object at 0x7f7815a8d0a0>, <_io.BufferedWriter name=27>
2019/05/15 11:37:00 :DEBUG:stderr reader: <Thread(Thread-28, initial daemon)>
2019/05/15 11:37:00 :DEBUG:closed output, 4 bytes sent
2019/05/15 11:37:00 :DEBUG:stdout reader: <Thread(Thread-29, initial daemon)>
2019/05/15 11:37:00 :DEBUG:gpg: WARNING: unsafe permissions on homedir '/home/jfk422/Projects/Code/Arcanum/arcanum/gpg'
2019/05/15 11:37:00 :DEBUG:gpg: no valid OpenPGP data found.
2019/05/15 11:37:00 :DEBUG:[GNUPG:] NODATA 1
2019/05/15 11:37:00 :DEBUG:[GNUPG:] NODATA 2
2019/05/15 11:37:00 :DEBUG:[GNUPG:] FAILURE decrypt 4294967295
2019/05/15 11:37:00 :DEBUG:gpg: decrypt_message failed: Unknown system error
2019/05/15 11:37:00 :DEBUG:decrypt result: b''
2019/05/15 11:37:16 :INFO:Getting everything from email
2019/05/15 11:37:16 :DEBUG:12506: gpg --pinentry-mode loopback --status-fd 2 --no-tty --no-verbose --fixed-list-mode --batch --with-colons --homedir gpg --passphrase-fd 0 --symmetric --armor
2019/05/15 11:37:16 :DEBUG:Wrote passphrase
2019/05/15 11:37:16 :DEBUG:data copier: <Thread(Thread-30, initial daemon)>, <_io.BytesIO object at 0x7f7807057200>, <_io.BufferedWriter name=27>
2019/05/15 11:37:16 :DEBUG:stderr reader: <Thread(Thread-31, initial daemon)>
2019/05/15 11:37:16 :DEBUG:closed output, 10 bytes sent
2019/05/15 11:37:16 :DEBUG:stdout reader: <Thread(Thread-32, initial daemon)>
2019/05/15 11:37:17 :DEBUG:gpg: WARNING: unsafe permissions on homedir '/home/jfk422/Projects/Code/Arcanum/arcanum/gpg'
2019/05/15 11:37:17 :DEBUG:chunk: b'-----BEGIN PGP MESSAGE-----\n\njA0ECQMCcp8D3GU+1Wf/0j8Bso0+aYapj1LFgRmzJbaKSZlZew8C0IahKvmvyMjN\nM+yu18SHgaV3IbhXaeA7CaqVFOqh57S4iVqTF3JK/fY=\n=e1B3\n-----END PGP MESSAGE-----\n'
2019/05/15 11:37:17 :DEBUG:[GNUPG:] NEED_PASSPHRASE_SYM 9 3 2
2019/05/15 11:37:17 :DEBUG:[GNUPG:] BEGIN_ENCRYPTION 2 9
2019/05/15 11:37:17 :DEBUG:[GNUPG:] END_ENCRYPTION
2019/05/15 11:37:17 :DEBUG:encrypt result: b'-----BEGIN PGP MESSAGE-----\n\njA0ECQMCcp8D3GU+1Wf/0j8Bso0+aYapj1LFgRmzJbaKSZlZew8C0IahKvmvyMjN\nM+yu18SHgaV3IbhXaeA7CaqVFOqh57S4iVqTF3JK/fY=\n=e1B3\n-----END PGP MESSAGE-----\n'
2019/05/15 11:37:17 :DEBUG:12511: gpg --pinentry-mode loopback --status-fd 2 --no-tty --no-verbose --fixed-list-mode --batch --with-colons --homedir gpg --passphrase-fd 0 --symmetric --armor
2019/05/15 11:37:17 :DEBUG:Wrote passphrase
2019/05/15 11:37:17 :DEBUG:data copier: <Thread(Thread-33, initial daemon)>, <_io.BytesIO object at 0x7f7807057200>, <_io.BufferedWriter name=27>
2019/05/15 11:37:17 :DEBUG:stderr reader: <Thread(Thread-34, initial daemon)>
2019/05/15 11:37:17 :DEBUG:closed output, 3 bytes sent
2019/05/15 11:37:17 :DEBUG:stdout reader: <Thread(Thread-35, initial daemon)>
2019/05/15 11:37:17 :DEBUG:gpg: WARNING: unsafe permissions on homedir '/home/jfk422/Projects/Code/Arcanum/arcanum/gpg'
2019/05/15 11:37:17 :DEBUG:chunk: b'-----BEGIN PGP MESSAGE-----\n\njA0ECQMCZ/5gK6HnQcD/0jgB+N1U5/PJffVSs7OxRo8UOwQTqH/HJwsgye8xOJnu\nBdYwv7LszVMzNNEm5x0r8xwpeQqIY7veew==\n=U3zN\n-----END PGP MESSAGE-----\n'
2019/05/15 11:37:17 :DEBUG:[GNUPG:] NEED_PASSPHRASE_SYM 9 3 2
2019/05/15 11:37:17 :DEBUG:[GNUPG:] BEGIN_ENCRYPTION 2 9
2019/05/15 11:37:17 :DEBUG:[GNUPG:] END_ENCRYPTION
2019/05/15 11:37:17 :DEBUG:encrypt result: b'-----BEGIN PGP MESSAGE-----\n\njA0ECQMCZ/5gK6HnQcD/0jgB+N1U5/PJffVSs7OxRo8UOwQTqH/HJwsgye8xOJnu\nBdYwv7LszVMzNNEm5x0r8xwpeQqIY7veew==\n=U3zN\n-----END PGP MESSAGE-----\n'
2019/05/15 11:37:17 :DEBUG:12516: gpg --pinentry-mode loopback --status-fd 2 --no-tty --no-verbose --fixed-list-mode --batch --with-colons --homedir gpg --passphrase-fd 0 --symmetric --armor
2019/05/15 11:37:17 :DEBUG:Wrote passphrase
2019/05/15 11:37:17 :DEBUG:data copier: <Thread(Thread-36, initial daemon)>, <_io.BytesIO object at 0x7f7807057200>, <_io.BufferedWriter name=27>
2019/05/15 11:37:17 :DEBUG:stderr reader: <Thread(Thread-37, initial daemon)>
2019/05/15 11:37:17 :DEBUG:closed output, 6 bytes sent
2019/05/15 11:37:17 :DEBUG:stdout reader: <Thread(Thread-38, initial daemon)>
2019/05/15 11:37:18 :DEBUG:gpg: WARNING: unsafe permissions on homedir '/home/jfk422/Projects/Code/Arcanum/arcanum/gpg'
2019/05/15 11:37:18 :DEBUG:[GNUPG:] NEED_PASSPHRASE_SYM 9 3 2
2019/05/15 11:37:18 :DEBUG:chunk: b'-----BEGIN PGP MESSAGE-----\n\njA0ECQMCmWaAtfSpTIj/0jsBmM6/g69bM9MVFgzi3P+qn1seBSJPH8OsCTsdGt3m\nyv2M8JWHWG410XYQkHGTwWSo3cb88vxiKa9gOw==\n=tGNV\n-----END PGP MESSAGE-----\n'
2019/05/15 11:37:18 :DEBUG:[GNUPG:] BEGIN_ENCRYPTION 2 9
2019/05/15 11:37:18 :DEBUG:[GNUPG:] END_ENCRYPTION
2019/05/15 11:37:18 :DEBUG:encrypt result: b'-----BEGIN PGP MESSAGE-----\n\njA0ECQMCmWaAtfSpTIj/0jsBmM6/g69bM9MVFgzi3P+qn1seBSJPH8OsCTsdGt3m\nyv2M8JWHWG410XYQkHGTwWSo3cb88vxiKa9gOw==\n=tGNV\n-----END PGP MESSAGE-----\n'
2019/05/15 11:37:18 :DEBUG:12521: gpg --pinentry-mode loopback --status-fd 2 --no-tty --no-verbose --fixed-list-mode --batch --with-colons --homedir gpg --passphrase-fd 0 --symmetric --armor
2019/05/15 11:37:18 :DEBUG:Wrote passphrase
2019/05/15 11:37:18 :DEBUG:data copier: <Thread(Thread-39, initial daemon)>, <_io.BytesIO object at 0x7f7807057200>, <_io.BufferedWriter name=27>
2019/05/15 11:37:18 :DEBUG:stderr reader: <Thread(Thread-40, initial daemon)>
2019/05/15 11:37:18 :DEBUG:closed output, 3 bytes sent
2019/05/15 11:37:18 :DEBUG:stdout reader: <Thread(Thread-41, initial daemon)>
2019/05/15 11:37:18 :DEBUG:chunk: b'-----BEGIN PGP MESSAGE-----\n\njA0ECQMCik2GcxsIbgn/0jgBj7dkxMIXSu/m1C4hPHbTnebGwuk8YnF6hyjg6lGX\nf4Y+sQ8oorRfsDbEfYAn8ZTvqQaiikrSEw==\n=+NQp\n-----END PGP MESSAGE-----\n'
2019/05/15 11:37:18 :DEBUG:gpg: WARNING: unsafe permissions on homedir '/home/jfk422/Projects/Code/Arcanum/arcanum/gpg'
2019/05/15 11:37:18 :DEBUG:[GNUPG:] NEED_PASSPHRASE_SYM 9 3 2
2019/05/15 11:37:18 :DEBUG:[GNUPG:] BEGIN_ENCRYPTION 2 9
2019/05/15 11:37:18 :DEBUG:[GNUPG:] END_ENCRYPTION
2019/05/15 11:37:18 :DEBUG:encrypt result: b'-----BEGIN PGP MESSAGE-----\n\njA0ECQMCik2GcxsIbgn/0jgBj7dkxMIXSu/m1C4hPHbTnebGwuk8YnF6hyjg6lGX\nf4Y+sQ8oorRfsDbEfYAn8ZTvqQaiikrSEw==\n=+NQp\n-----END PGP MESSAGE-----\n'
2019/05/15 11:37:18 :INFO:Password is being inserted
2019/05/15 11:37:18 :INFO:Inserted data into passwords table
2019/05/15 11:37:18 :INFO:Getting everything from passTable
2019/05/15 11:37:18 :DEBUG:12526: gpg --pinentry-mode loopback --status-fd 2 --no-tty --no-verbose --fixed-list-mode --batch --with-colons --homedir gpg --passphrase-fd 0 --decrypt
2019/05/15 11:37:18 :DEBUG:Wrote passphrase
2019/05/15 11:37:18 :DEBUG:data copier: <Thread(Thread-42, initial daemon)>, <_io.BytesIO object at 0x7f7807057308>, <_io.BufferedWriter name=27>
2019/05/15 11:37:18 :DEBUG:stderr reader: <Thread(Thread-43, initial daemon)>
2019/05/15 11:37:18 :DEBUG:closed output, 1 bytes sent
2019/05/15 11:37:18 :DEBUG:stdout reader: <Thread(Thread-44, initial daemon)>
2019/05/15 11:37:18 :DEBUG:gpg: WARNING: unsafe permissions on homedir '/home/jfk422/Projects/Code/Arcanum/arcanum/gpg'
2019/05/15 11:37:18 :DEBUG:gpg: [don't know]: invalid packet (ctb=31)
2019/05/15 11:37:18 :DEBUG:[GNUPG:] NODATA 3
2019/05/15 11:37:18 :DEBUG:decrypt result: b''
2019/05/15 11:37:18 :DEBUG:12530: gpg --pinentry-mode loopback --status-fd 2 --no-tty --no-verbose --fixed-list-mode --batch --with-colons --homedir gpg --passphrase-fd 0 --decrypt
2019/05/15 11:37:18 :DEBUG:Wrote passphrase
2019/05/15 11:37:18 :DEBUG:data copier: <Thread(Thread-45, initial daemon)>, <_io.BytesIO object at 0x7f7807057308>, <_io.BufferedWriter name=27>
2019/05/15 11:37:18 :DEBUG:stderr reader: <Thread(Thread-46, initial daemon)>
2019/05/15 11:37:18 :DEBUG:closed output, 163 bytes sent
2019/05/15 11:37:18 :DEBUG:stdout reader: <Thread(Thread-47, initial daemon)>
2019/05/15 11:37:18 :DEBUG:gpg: WARNING: unsafe permissions on homedir '/home/jfk422/Projects/Code/Arcanum/arcanum/gpg'
2019/05/15 11:37:18 :DEBUG:gpg: AES256 encrypted data
2019/05/15 11:37:18 :DEBUG:chunk: b'test'
2019/05/15 11:37:18 :DEBUG:[GNUPG:] NEED_PASSPHRASE_SYM 9 3 2
2019/05/15 11:37:18 :DEBUG:gpg: encrypted with 1 passphrase
2019/05/15 11:37:18 :DEBUG:[GNUPG:] BEGIN_DECRYPTION
2019/05/15 11:37:18 :DEBUG:[GNUPG:] DECRYPTION_COMPLIANCE_MODE 23
2019/05/15 11:37:18 :DEBUG:message ignored: DECRYPTION_COMPLIANCE_MODE, 23
2019/05/15 11:37:18 :DEBUG:[GNUPG:] DECRYPTION_INFO 2 9
2019/05/15 11:37:18 :DEBUG:[GNUPG:] PLAINTEXT 62 1557912096
2019/05/15 11:37:18 :DEBUG:[GNUPG:] PLAINTEXT_LENGTH 4
2019/05/15 11:37:18 :DEBUG:[GNUPG:] DECRYPTION_OKAY
2019/05/15 11:37:18 :DEBUG:[GNUPG:] GOODMDC
2019/05/15 11:37:18 :DEBUG:[GNUPG:] END_DECRYPTION
2019/05/15 11:37:18 :DEBUG:decrypt result: b'test'
2019/05/15 11:37:18 :DEBUG:12536: gpg --pinentry-mode loopback --status-fd 2 --no-tty --no-verbose --fixed-list-mode --batch --with-colons --homedir gpg --passphrase-fd 0 --decrypt
2019/05/15 11:37:18 :DEBUG:Wrote passphrase
2019/05/15 11:37:18 :DEBUG:data copier: <Thread(Thread-48, initial daemon)>, <_io.BytesIO object at 0x7f7807057308>, <_io.BufferedWriter name=27>
2019/05/15 11:37:18 :DEBUG:stderr reader: <Thread(Thread-49, initial daemon)>
2019/05/15 11:37:18 :DEBUG:closed output, 26 bytes sent
2019/05/15 11:37:18 :DEBUG:stdout reader: <Thread(Thread-50, initial daemon)>
2019/05/15 11:37:18 :DEBUG:gpg: WARNING: unsafe permissions on homedir '/home/jfk422/Projects/Code/Arcanum/arcanum/gpg'
2019/05/15 11:37:18 :DEBUG:gpg: no valid OpenPGP data found.
2019/05/15 11:37:18 :DEBUG:[GNUPG:] NODATA 1
2019/05/15 11:37:18 :DEBUG:[GNUPG:] NODATA 2
2019/05/15 11:37:18 :DEBUG:[GNUPG:] FAILURE decrypt 4294967295
2019/05/15 11:37:18 :DEBUG:gpg: decrypt_message failed: Unknown system error
2019/05/15 11:37:18 :DEBUG:decrypt result: b''
2019/05/15 11:37:18 :DEBUG:12540: gpg --pinentry-mode loopback --status-fd 2 --no-tty --no-verbose --fixed-list-mode --batch --with-colons --homedir gpg --passphrase-fd 0 --decrypt
2019/05/15 11:37:18 :DEBUG:Wrote passphrase
2019/05/15 11:37:18 :DEBUG:data copier: <Thread(Thread-51, initial daemon)>, <_io.BytesIO object at 0x7f7807057308>, <_io.BufferedWriter name=27>
2019/05/15 11:37:18 :DEBUG:stderr reader: <Thread(Thread-52, initial daemon)>
2019/05/15 11:37:18 :DEBUG:closed output, 4 bytes sent
2019/05/15 11:37:18 :DEBUG:stdout reader: <Thread(Thread-53, initial daemon)>
2019/05/15 11:37:18 :DEBUG:gpg: WARNING: unsafe permissions on homedir '/home/jfk422/Projects/Code/Arcanum/arcanum/gpg'
2019/05/15 11:37:18 :DEBUG:gpg: no valid OpenPGP data found.
2019/05/15 11:37:18 :DEBUG:[GNUPG:] NODATA 1
2019/05/15 11:37:18 :DEBUG:[GNUPG:] NODATA 2
2019/05/15 11:37:18 :DEBUG:[GNUPG:] FAILURE decrypt 4294967295
2019/05/15 11:37:18 :DEBUG:gpg: decrypt_message failed: Unknown system error
2019/05/15 11:37:18 :DEBUG:decrypt result: b''
2019/05/15 11:37:18 :DEBUG:12544: gpg --pinentry-mode loopback --status-fd 2 --no-tty --no-verbose --fixed-list-mode --batch --with-colons --homedir gpg --passphrase-fd 0 --decrypt
2019/05/15 11:37:18 :DEBUG:Wrote passphrase
2019/05/15 11:37:18 :DEBUG:data copier: <Thread(Thread-54, initial daemon)>, <_io.BytesIO object at 0x7f7807057308>, <_io.BufferedWriter name=27>
2019/05/15 11:37:18 :DEBUG:stderr reader: <Thread(Thread-55, initial daemon)>
2019/05/15 11:37:18 :DEBUG:closed output, 13 bytes sent
2019/05/15 11:37:18 :DEBUG:stdout reader: <Thread(Thread-56, initial daemon)>
2019/05/15 11:37:18 :DEBUG:gpg: WARNING: unsafe permissions on homedir '/home/jfk422/Projects/Code/Arcanum/arcanum/gpg'
2019/05/15 11:37:18 :DEBUG:gpg: no valid OpenPGP data found.
2019/05/15 11:37:18 :DEBUG:[GNUPG:] NODATA 1
2019/05/15 11:37:18 :DEBUG:[GNUPG:] NODATA 2
2019/05/15 11:37:18 :DEBUG:[GNUPG:] FAILURE decrypt 4294967295
2019/05/15 11:37:18 :DEBUG:gpg: decrypt_message failed: Unknown system error
2019/05/15 11:37:18 :DEBUG:decrypt result: b''
2019/05/15 11:37:18 :DEBUG:12548: gpg --pinentry-mode loopback --status-fd 2 --no-tty --no-verbose --fixed-list-mode --batch --with-colons --homedir gpg --passphrase-fd 0 --decrypt
2019/05/15 11:37:18 :DEBUG:Wrote passphrase
2019/05/15 11:37:18 :DEBUG:data copier: <Thread(Thread-57, initial daemon)>, <_io.BytesIO object at 0x7f7807057308>, <_io.BufferedWriter name=27>
2019/05/15 11:37:18 :DEBUG:stderr reader: <Thread(Thread-58, initial daemon)>
2019/05/15 11:37:18 :DEBUG:closed output, 4 bytes sent
2019/05/15 11:37:18 :DEBUG:gpg: WARNING: unsafe permissions on homedir '/home/jfk422/Projects/Code/Arcanum/arcanum/gpg'
2019/05/15 11:37:18 :DEBUG:stdout reader: <Thread(Thread-59, initial daemon)>
2019/05/15 11:37:18 :DEBUG:gpg: no valid OpenPGP data found.
2019/05/15 11:37:18 :DEBUG:[GNUPG:] NODATA 1
2019/05/15 11:37:18 :DEBUG:[GNUPG:] NODATA 2
2019/05/15 11:37:18 :DEBUG:[GNUPG:] FAILURE decrypt 4294967295
2019/05/15 11:37:18 :DEBUG:gpg: decrypt_message failed: Unknown system error
2019/05/15 11:37:18 :DEBUG:decrypt result: b''
2019/05/15 11:37:18 :DEBUG:12552: gpg --pinentry-mode loopback --status-fd 2 --no-tty --no-verbose --fixed-list-mode --batch --with-colons --homedir gpg --passphrase-fd 0 --decrypt
2019/05/15 11:37:18 :DEBUG:Wrote passphrase
2019/05/15 11:37:18 :DEBUG:data copier: <Thread(Thread-60, initial daemon)>, <_io.BytesIO object at 0x7f7807057308>, <_io.BufferedWriter name=27>
2019/05/15 11:37:18 :DEBUG:stderr reader: <Thread(Thread-61, initial daemon)>
2019/05/15 11:37:18 :DEBUG:closed output, 4 bytes sent
2019/05/15 11:37:18 :DEBUG:stdout reader: <Thread(Thread-62, initial daemon)>
2019/05/15 11:37:18 :DEBUG:gpg: WARNING: unsafe permissions on homedir '/home/jfk422/Projects/Code/Arcanum/arcanum/gpg'
2019/05/15 11:37:18 :DEBUG:gpg: no valid OpenPGP data found.
2019/05/15 11:37:18 :DEBUG:[GNUPG:] NODATA 1
2019/05/15 11:37:18 :DEBUG:[GNUPG:] NODATA 2
2019/05/15 11:37:18 :DEBUG:[GNUPG:] FAILURE decrypt 4294967295
2019/05/15 11:37:18 :DEBUG:gpg: decrypt_message failed: Unknown system error
2019/05/15 11:37:18 :DEBUG:decrypt result: b''
2019/05/15 11:37:18 :DEBUG:12556: gpg --pinentry-mode loopback --status-fd 2 --no-tty --no-verbose --fixed-list-mode --batch --with-colons --homedir gpg --passphrase-fd 0 --decrypt
2019/05/15 11:37:18 :DEBUG:Wrote passphrase
2019/05/15 11:37:18 :DEBUG:data copier: <Thread(Thread-63, initial daemon)>, <_io.BytesIO object at 0x7f7807057308>, <_io.BufferedWriter name=27>
2019/05/15 11:37:18 :DEBUG:stderr reader: <Thread(Thread-64, initial daemon)>
2019/05/15 11:37:18 :DEBUG:closed output, 4 bytes sent
2019/05/15 11:37:18 :DEBUG:gpg: WARNING: unsafe permissions on homedir '/home/jfk422/Projects/Code/Arcanum/arcanum/gpg'
2019/05/15 11:37:18 :DEBUG:stdout reader: <Thread(Thread-65, initial daemon)>
2019/05/15 11:37:18 :DEBUG:gpg: no valid OpenPGP data found.
2019/05/15 11:37:18 :DEBUG:[GNUPG:] NODATA 1
2019/05/15 11:37:18 :DEBUG:[GNUPG:] NODATA 2
2019/05/15 11:37:18 :DEBUG:[GNUPG:] FAILURE decrypt 4294967295
2019/05/15 11:37:18 :DEBUG:gpg: decrypt_message failed: Unknown system error
2019/05/15 11:37:18 :DEBUG:decrypt result: b''
