2019/05/15 03:51:38 PM:INFO:Qt version:5.11.1
2019/05/15 03:51:38 PM:INFO:PyQt version:5.11.2
2019/05/15 03:51:38 PM:INFO:SIP version:4.19.7
2019/05/15 03:51:40 :DEBUG:2082: gpg --status-fd 2 --no-tty --no-verbose --fixed-list-mode --batch --with-colons --homedir gpg --version
2019/05/15 03:51:40 :DEBUG:stderr reader: <Thread(Thread-1, initial daemon)>
2019/05/15 03:51:40 :DEBUG:stdout reader: <Thread(Thread-2, initial daemon)>
2019/05/15 03:51:40 :DEBUG:gpg: WARNING: unsafe permissions on homedir '/home/jfk422/Projects/Code/Arcanum/arcanum/gpg'
2019/05/15 03:51:40 :DEBUG:chunk: b'gpg (GnuPG) 2.2.4\nlibgcrypt 1.8.1\nCopyright (C) 2017 Free Software Foundation, Inc.\nLicense GPLv3+: GNU GPL version 3 or later <https://gnu.org/licenses/gpl.html>\nThis is free software: you are free to change and redistribute it.\nThere is NO WARRANTY, to t'
2019/05/15 03:51:40 :INFO:Connection to database established
2019/05/15 03:51:40 :INFO:Created table passTable: 
2019/05/15 03:51:40 :INFO:Created table configs: 
2019/05/15 03:51:40 :INFO:Created table email: 
2019/05/15 03:51:40 :INFO:Created table keys: 
2019/05/15 03:51:40 :INFO:All tables were created/exist!
2019/05/15 03:51:40 :INFO:Getting row: 1 from table: configs
2019/05/15 03:51:40 :INFO:Getting row: 1 from table: configs
2019/05/15 03:51:40 :DEBUG:2085: gpg --pinentry-mode loopback --status-fd 2 --no-tty --no-verbose --fixed-list-mode --batch --with-colons --homedir gpg --passphrase-fd 0 --decrypt
2019/05/15 03:51:40 :DEBUG:Wrote passphrase
2019/05/15 03:51:40 :DEBUG:data copier: <Thread(Thread-3, initial daemon)>, <_io.BytesIO object at 0x7f73b6dcdfc0>, <_io.BufferedWriter name=27>
2019/05/15 03:51:40 :DEBUG:stderr reader: <Thread(Thread-4, initial daemon)>
2019/05/15 03:51:40 :DEBUG:closed output, 179 bytes sent
2019/05/15 03:51:40 :DEBUG:stdout reader: <Thread(Thread-5, initial daemon)>
2019/05/15 03:51:41 :DEBUG:gpg: WARNING: unsafe permissions on homedir '/home/jfk422/Projects/Code/Arcanum/arcanum/gpg'
2019/05/15 03:51:41 :DEBUG:gpg: AES256 encrypted data
2019/05/15 03:51:41 :DEBUG:chunk: b'uXZzRSrYwAPpJvxU'
2019/05/15 03:51:41 :DEBUG:[GNUPG:] NEED_PASSPHRASE_SYM 9 3 2
2019/05/15 03:51:41 :DEBUG:gpg: encrypted with 1 passphrase
2019/05/15 03:51:41 :DEBUG:[GNUPG:] BEGIN_DECRYPTION
2019/05/15 03:51:41 :DEBUG:[GNUPG:] DECRYPTION_COMPLIANCE_MODE 23
2019/05/15 03:51:41 :DEBUG:message ignored: DECRYPTION_COMPLIANCE_MODE, 23
2019/05/15 03:51:41 :DEBUG:[GNUPG:] DECRYPTION_INFO 2 9
2019/05/15 03:51:41 :DEBUG:[GNUPG:] PLAINTEXT 62 1557927936
2019/05/15 03:51:41 :DEBUG:[GNUPG:] PLAINTEXT_LENGTH 16
2019/05/15 03:51:41 :DEBUG:[GNUPG:] DECRYPTION_OKAY
2019/05/15 03:51:41 :DEBUG:[GNUPG:] GOODMDC
2019/05/15 03:51:41 :DEBUG:[GNUPG:] END_DECRYPTION
2019/05/15 03:51:41 :DEBUG:decrypt result: b'uXZzRSrYwAPpJvxU'
2019/05/15 03:51:41 :INFO:Getting everything from passTable
2019/05/15 03:51:41 :DEBUG:2089: gpg --pinentry-mode loopback --status-fd 2 --no-tty --no-verbose --fixed-list-mode --batch --with-colons --homedir gpg --passphrase-fd 0 --decrypt
2019/05/15 03:51:41 :DEBUG:Wrote passphrase
2019/05/15 03:51:41 :DEBUG:data copier: <Thread(Thread-6, initial daemon)>, <_io.BytesIO object at 0x7f73b6dcdf68>, <_io.BufferedWriter name=27>
2019/05/15 03:51:41 :DEBUG:stderr reader: <Thread(Thread-7, initial daemon)>
2019/05/15 03:51:41 :DEBUG:closed output, 1 bytes sent
2019/05/15 03:51:41 :DEBUG:stdout reader: <Thread(Thread-8, initial daemon)>
2019/05/15 03:51:41 :DEBUG:gpg: WARNING: unsafe permissions on homedir '/home/jfk422/Projects/Code/Arcanum/arcanum/gpg'
2019/05/15 03:51:41 :DEBUG:gpg: [don't know]: invalid packet (ctb=31)
2019/05/15 03:51:41 :DEBUG:[GNUPG:] NODATA 3
2019/05/15 03:51:41 :DEBUG:decrypt result: b''
2019/05/15 03:51:41 :DEBUG:2093: gpg --pinentry-mode loopback --status-fd 2 --no-tty --no-verbose --fixed-list-mode --batch --with-colons --homedir gpg --passphrase-fd 0 --decrypt
2019/05/15 03:51:41 :DEBUG:Wrote passphrase
2019/05/15 03:51:41 :DEBUG:data copier: <Thread(Thread-9, initial daemon)>, <_io.BytesIO object at 0x7f73b6dcdf68>, <_io.BufferedWriter name=27>
2019/05/15 03:51:41 :DEBUG:stderr reader: <Thread(Thread-10, initial daemon)>
2019/05/15 03:51:41 :DEBUG:closed output, 163 bytes sent
2019/05/15 03:51:41 :DEBUG:stdout reader: <Thread(Thread-11, initial daemon)>
2019/05/15 03:51:41 :DEBUG:gpg: WARNING: unsafe permissions on homedir '/home/jfk422/Projects/Code/Arcanum/arcanum/gpg'
2019/05/15 03:51:41 :DEBUG:gpg: AES256 encrypted data
2019/05/15 03:51:41 :DEBUG:[GNUPG:] NEED_PASSPHRASE_SYM 9 3 2
2019/05/15 03:51:41 :DEBUG:gpg: encrypted with 1 passphrase
2019/05/15 03:51:41 :DEBUG:[GNUPG:] BEGIN_DECRYPTION
2019/05/15 03:51:41 :DEBUG:chunk: b'test'
2019/05/15 03:51:41 :DEBUG:[GNUPG:] DECRYPTION_COMPLIANCE_MODE 23
2019/05/15 03:51:41 :DEBUG:message ignored: DECRYPTION_COMPLIANCE_MODE, 23
2019/05/15 03:51:41 :DEBUG:[GNUPG:] DECRYPTION_INFO 2 9
2019/05/15 03:51:41 :DEBUG:[GNUPG:] PLAINTEXT 62 1557928158
2019/05/15 03:51:41 :DEBUG:[GNUPG:] PLAINTEXT_LENGTH 4
2019/05/15 03:51:41 :DEBUG:[GNUPG:] DECRYPTION_OKAY
2019/05/15 03:51:41 :DEBUG:[GNUPG:] GOODMDC
2019/05/15 03:51:41 :DEBUG:[GNUPG:] END_DECRYPTION
2019/05/15 03:51:41 :DEBUG:decrypt result: b'test'
2019/05/15 03:51:41 :DEBUG:2097: gpg --pinentry-mode loopback --status-fd 2 --no-tty --no-verbose --fixed-list-mode --batch --with-colons --homedir gpg --passphrase-fd 0 --decrypt
2019/05/15 03:51:41 :DEBUG:Wrote passphrase
2019/05/15 03:51:41 :DEBUG:data copier: <Thread(Thread-12, initial daemon)>, <_io.BytesIO object at 0x7f73b6dcdf68>, <_io.BufferedWriter name=27>
2019/05/15 03:51:41 :DEBUG:stderr reader: <Thread(Thread-13, initial daemon)>
2019/05/15 03:51:41 :DEBUG:closed output, 26 bytes sent
2019/05/15 03:51:41 :DEBUG:stdout reader: <Thread(Thread-14, initial daemon)>
2019/05/15 03:51:41 :DEBUG:gpg: WARNING: unsafe permissions on homedir '/home/jfk422/Projects/Code/Arcanum/arcanum/gpg'
2019/05/15 03:51:41 :DEBUG:gpg: no valid OpenPGP data found.
2019/05/15 03:51:41 :DEBUG:[GNUPG:] NODATA 1
2019/05/15 03:51:41 :DEBUG:[GNUPG:] NODATA 2
2019/05/15 03:51:41 :DEBUG:[GNUPG:] FAILURE decrypt 4294967295
2019/05/15 03:51:41 :DEBUG:gpg: decrypt_message failed: Unknown system error
2019/05/15 03:51:41 :DEBUG:decrypt result: b''
2019/05/15 03:51:41 :DEBUG:2107: gpg --pinentry-mode loopback --status-fd 2 --no-tty --no-verbose --fixed-list-mode --batch --with-colons --homedir gpg --passphrase-fd 0 --decrypt
2019/05/15 03:51:41 :DEBUG:Wrote passphrase
2019/05/15 03:51:41 :DEBUG:data copier: <Thread(Thread-15, initial daemon)>, <_io.BytesIO object at 0x7f73b6dcdf68>, <_io.BufferedWriter name=27>
2019/05/15 03:51:41 :DEBUG:stderr reader: <Thread(Thread-16, initial daemon)>
2019/05/15 03:51:41 :DEBUG:closed output, 5 bytes sent
2019/05/15 03:51:41 :DEBUG:stdout reader: <Thread(Thread-17, initial daemon)>
2019/05/15 03:51:41 :DEBUG:gpg: WARNING: unsafe permissions on homedir '/home/jfk422/Projects/Code/Arcanum/arcanum/gpg'
2019/05/15 03:51:41 :DEBUG:gpg: no valid OpenPGP data found.
2019/05/15 03:51:41 :DEBUG:[GNUPG:] NODATA 1
2019/05/15 03:51:41 :DEBUG:[GNUPG:] NODATA 2
2019/05/15 03:51:41 :DEBUG:[GNUPG:] FAILURE decrypt 4294967295
2019/05/15 03:51:41 :DEBUG:gpg: decrypt_message failed: Unknown system error
2019/05/15 03:51:41 :DEBUG:decrypt result: b''
2019/05/15 03:51:41 :DEBUG:2111: gpg --pinentry-mode loopback --status-fd 2 --no-tty --no-verbose --fixed-list-mode --batch --with-colons --homedir gpg --passphrase-fd 0 --decrypt
2019/05/15 03:51:41 :DEBUG:Wrote passphrase
2019/05/15 03:51:41 :DEBUG:data copier: <Thread(Thread-18, initial daemon)>, <_io.BytesIO object at 0x7f73b6dcdf68>, <_io.BufferedWriter name=27>
2019/05/15 03:51:41 :DEBUG:closed output, 1 bytes sent
2019/05/15 03:51:41 :DEBUG:stderr reader: <Thread(Thread-19, initial daemon)>
2019/05/15 03:51:41 :DEBUG:stdout reader: <Thread(Thread-20, initial daemon)>
2019/05/15 03:51:41 :DEBUG:gpg: WARNING: unsafe permissions on homedir '/home/jfk422/Projects/Code/Arcanum/arcanum/gpg'
2019/05/15 03:51:41 :DEBUG:gpg: [don't know]: invalid packet (ctb=32)
2019/05/15 03:51:41 :DEBUG:[GNUPG:] NODATA 3
2019/05/15 03:51:41 :DEBUG:decrypt result: b''
2019/05/15 03:51:41 :DEBUG:2115: gpg --pinentry-mode loopback --status-fd 2 --no-tty --no-verbose --fixed-list-mode --batch --with-colons --homedir gpg --passphrase-fd 0 --decrypt
2019/05/15 03:51:41 :DEBUG:Wrote passphrase
2019/05/15 03:51:41 :DEBUG:data copier: <Thread(Thread-21, initial daemon)>, <_io.BytesIO object at 0x7f73b6dcdf68>, <_io.BufferedWriter name=27>
2019/05/15 03:51:41 :DEBUG:stderr reader: <Thread(Thread-22, initial daemon)>
2019/05/15 03:51:41 :DEBUG:closed output, 4 bytes sent
2019/05/15 03:51:41 :DEBUG:stdout reader: <Thread(Thread-23, initial daemon)>
2019/05/15 03:51:41 :DEBUG:gpg: WARNING: unsafe permissions on homedir '/home/jfk422/Projects/Code/Arcanum/arcanum/gpg'
2019/05/15 03:51:41 :DEBUG:gpg: no valid OpenPGP data found.
2019/05/15 03:51:41 :DEBUG:[GNUPG:] NODATA 1
2019/05/15 03:51:41 :DEBUG:[GNUPG:] NODATA 2
2019/05/15 03:51:41 :DEBUG:[GNUPG:] FAILURE decrypt 4294967295
2019/05/15 03:51:41 :DEBUG:gpg: decrypt_message failed: Unknown system error
2019/05/15 03:51:41 :DEBUG:decrypt result: b''
2019/05/15 03:51:41 :DEBUG:2120: gpg --pinentry-mode loopback --status-fd 2 --no-tty --no-verbose --fixed-list-mode --batch --with-colons --homedir gpg --passphrase-fd 0 --decrypt
2019/05/15 03:51:41 :DEBUG:Wrote passphrase
2019/05/15 03:51:41 :DEBUG:data copier: <Thread(Thread-24, initial daemon)>, <_io.BytesIO object at 0x7f73b6dcdf68>, <_io.BufferedWriter name=27>
2019/05/15 03:51:41 :DEBUG:stderr reader: <Thread(Thread-25, initial daemon)>
2019/05/15 03:51:41 :DEBUG:closed output, 4 bytes sent
2019/05/15 03:51:41 :DEBUG:stdout reader: <Thread(Thread-26, initial daemon)>
2019/05/15 03:51:41 :DEBUG:gpg: WARNING: unsafe permissions on homedir '/home/jfk422/Projects/Code/Arcanum/arcanum/gpg'
2019/05/15 03:51:41 :DEBUG:gpg: no valid OpenPGP data found.
2019/05/15 03:51:41 :DEBUG:[GNUPG:] NODATA 1
2019/05/15 03:51:41 :DEBUG:[GNUPG:] NODATA 2
2019/05/15 03:51:41 :DEBUG:[GNUPG:] FAILURE decrypt 4294967295
2019/05/15 03:51:41 :DEBUG:gpg: decrypt_message failed: Unknown system error
2019/05/15 03:51:41 :DEBUG:decrypt result: b''
2019/05/15 03:51:41 :DEBUG:2124: gpg --pinentry-mode loopback --status-fd 2 --no-tty --no-verbose --fixed-list-mode --batch --with-colons --homedir gpg --passphrase-fd 0 --decrypt
2019/05/15 03:51:41 :DEBUG:Wrote passphrase
2019/05/15 03:51:41 :DEBUG:data copier: <Thread(Thread-27, initial daemon)>, <_io.BytesIO object at 0x7f73b6dcdf68>, <_io.BufferedWriter name=27>
2019/05/15 03:51:41 :DEBUG:stderr reader: <Thread(Thread-28, initial daemon)>
2019/05/15 03:51:41 :DEBUG:closed output, 4 bytes sent
2019/05/15 03:51:41 :DEBUG:stdout reader: <Thread(Thread-29, initial daemon)>
2019/05/15 03:51:41 :DEBUG:gpg: WARNING: unsafe permissions on homedir '/home/jfk422/Projects/Code/Arcanum/arcanum/gpg'
2019/05/15 03:51:41 :DEBUG:gpg: no valid OpenPGP data found.
2019/05/15 03:51:41 :DEBUG:[GNUPG:] NODATA 1
2019/05/15 03:51:41 :DEBUG:[GNUPG:] NODATA 2
2019/05/15 03:51:41 :DEBUG:[GNUPG:] FAILURE decrypt 4294967295
2019/05/15 03:51:41 :DEBUG:gpg: decrypt_message failed: Unknown system error
2019/05/15 03:51:41 :DEBUG:decrypt result: b''
2019/05/15 03:51:41 :INFO:Getting row: 2 from table: email
2019/05/15 03:51:41 :DEBUG:2128: gpg --pinentry-mode loopback --status-fd 2 --no-tty --no-verbose --fixed-list-mode --batch --with-colons --homedir gpg --passphrase-fd 0 --decrypt
2019/05/15 03:51:41 :DEBUG:Wrote passphrase
2019/05/15 03:51:41 :DEBUG:data copier: <Thread(Thread-30, initial daemon)>, <_io.BytesIO object at 0x7f73b6dcdf68>, <_io.BufferedWriter name=27>
2019/05/15 03:51:41 :DEBUG:stderr reader: <Thread(Thread-31, initial daemon)>
2019/05/15 03:51:41 :DEBUG:closed output, 171 bytes sent
2019/05/15 03:51:41 :DEBUG:stdout reader: <Thread(Thread-32, initial daemon)>
2019/05/15 03:51:41 :DEBUG:gpg: WARNING: unsafe permissions on homedir '/home/jfk422/Projects/Code/Arcanum/arcanum/gpg'
2019/05/15 03:51:41 :DEBUG:gpg: AES256 encrypted data
2019/05/15 03:51:41 :DEBUG:[GNUPG:] NEED_PASSPHRASE_SYM 9 3 2
2019/05/15 03:51:41 :DEBUG:gpg: encrypted with 1 passphrase
2019/05/15 03:51:41 :DEBUG:[GNUPG:] BEGIN_DECRYPTION
2019/05/15 03:51:41 :DEBUG:[GNUPG:] DECRYPTION_COMPLIANCE_MODE 23
2019/05/15 03:51:41 :DEBUG:chunk: b'test@test.com'
2019/05/15 03:51:41 :DEBUG:message ignored: DECRYPTION_COMPLIANCE_MODE, 23
2019/05/15 03:51:41 :DEBUG:[GNUPG:] DECRYPTION_INFO 2 9
2019/05/15 03:51:41 :DEBUG:[GNUPG:] PLAINTEXT 62 1557928158
2019/05/15 03:51:41 :DEBUG:[GNUPG:] PLAINTEXT_LENGTH 13
2019/05/15 03:51:41 :DEBUG:[GNUPG:] DECRYPTION_OKAY
2019/05/15 03:51:41 :DEBUG:[GNUPG:] GOODMDC
2019/05/15 03:51:41 :DEBUG:[GNUPG:] END_DECRYPTION
2019/05/15 03:51:41 :DEBUG:decrypt result: b'test@test.com'
2019/05/15 03:51:41 :INFO:Getting row: 1 from table: passTable
2019/05/15 03:51:41 :DEBUG:2132: gpg --pinentry-mode loopback --status-fd 2 --no-tty --no-verbose --fixed-list-mode --batch --with-colons --homedir gpg --passphrase-fd 0 --decrypt
2019/05/15 03:51:41 :DEBUG:Wrote passphrase
2019/05/15 03:51:41 :DEBUG:data copier: <Thread(Thread-33, initial daemon)>, <_io.BytesIO object at 0x7f73ad2d1048>, <_io.BufferedWriter name=27>
2019/05/15 03:51:41 :DEBUG:stderr reader: <Thread(Thread-34, initial daemon)>
2019/05/15 03:51:41 :DEBUG:closed output, 163 bytes sent
2019/05/15 03:51:41 :DEBUG:stdout reader: <Thread(Thread-35, initial daemon)>
2019/05/15 03:51:42 :DEBUG:gpg: WARNING: unsafe permissions on homedir '/home/jfk422/Projects/Code/Arcanum/arcanum/gpg'
2019/05/15 03:51:42 :DEBUG:gpg: AES256 encrypted data
2019/05/15 03:51:42 :DEBUG:[GNUPG:] NEED_PASSPHRASE_SYM 9 3 2
2019/05/15 03:51:42 :DEBUG:gpg: encrypted with 1 passphrase
2019/05/15 03:51:42 :DEBUG:[GNUPG:] BEGIN_DECRYPTION
2019/05/15 03:51:42 :DEBUG:chunk: b'test'
2019/05/15 03:51:42 :DEBUG:[GNUPG:] DECRYPTION_COMPLIANCE_MODE 23
2019/05/15 03:51:42 :DEBUG:message ignored: DECRYPTION_COMPLIANCE_MODE, 23
2019/05/15 03:51:42 :DEBUG:[GNUPG:] DECRYPTION_INFO 2 9
2019/05/15 03:51:42 :DEBUG:[GNUPG:] PLAINTEXT 62 1557928159
2019/05/15 03:51:42 :DEBUG:[GNUPG:] PLAINTEXT_LENGTH 4
2019/05/15 03:51:42 :DEBUG:[GNUPG:] DECRYPTION_OKAY
2019/05/15 03:51:42 :DEBUG:[GNUPG:] GOODMDC
2019/05/15 03:51:42 :DEBUG:[GNUPG:] END_DECRYPTION
2019/05/15 03:51:42 :DEBUG:decrypt result: b'test'
2019/05/15 03:51:42 :INFO:Getting everything from email
2019/05/15 03:51:42 :DEBUG:2136: gpg --pinentry-mode loopback --status-fd 2 --no-tty --no-verbose --fixed-list-mode --batch --with-colons --homedir gpg --passphrase-fd 0 --decrypt
2019/05/15 03:51:42 :DEBUG:Wrote passphrase
2019/05/15 03:51:42 :DEBUG:data copier: <Thread(Thread-36, initial daemon)>, <_io.BytesIO object at 0x7f73b6dcdf68>, <_io.BufferedWriter name=27>
2019/05/15 03:51:42 :DEBUG:closed output, 163 bytes sent
2019/05/15 03:51:42 :DEBUG:stderr reader: <Thread(Thread-37, initial daemon)>
2019/05/15 03:51:42 :DEBUG:stdout reader: <Thread(Thread-38, initial daemon)>
2019/05/15 03:51:42 :DEBUG:gpg: WARNING: unsafe permissions on homedir '/home/jfk422/Projects/Code/Arcanum/arcanum/gpg'
2019/05/15 03:51:42 :DEBUG:gpg: AES256 encrypted data
2019/05/15 03:51:42 :DEBUG:[GNUPG:] NEED_PASSPHRASE_SYM 9 3 2
2019/05/15 03:51:42 :DEBUG:gpg: encrypted with 1 passphrase
2019/05/15 03:51:42 :DEBUG:[GNUPG:] BEGIN_DECRYPTION
2019/05/15 03:51:42 :DEBUG:[GNUPG:] DECRYPTION_COMPLIANCE_MODE 23
2019/05/15 03:51:42 :DEBUG:message ignored: DECRYPTION_COMPLIANCE_MODE, 23
2019/05/15 03:51:42 :DEBUG:[GNUPG:] DECRYPTION_INFO 2 9
2019/05/15 03:51:42 :DEBUG:[GNUPG:] PLAINTEXT 62 1557927936
2019/05/15 03:51:42 :DEBUG:[GNUPG:] PLAINTEXT_LENGTH 4
2019/05/15 03:51:42 :DEBUG:[GNUPG:] DECRYPTION_OKAY
2019/05/15 03:51:42 :DEBUG:[GNUPG:] GOODMDC
2019/05/15 03:51:42 :DEBUG:[GNUPG:] END_DECRYPTION
2019/05/15 03:51:42 :DEBUG:chunk: b'None'
2019/05/15 03:51:42 :DEBUG:decrypt result: b'None'
2019/05/15 03:51:42 :DEBUG:2142: gpg --pinentry-mode loopback --status-fd 2 --no-tty --no-verbose --fixed-list-mode --batch --with-colons --homedir gpg --passphrase-fd 0 --decrypt
2019/05/15 03:51:42 :DEBUG:Wrote passphrase
2019/05/15 03:51:42 :DEBUG:data copier: <Thread(Thread-39, initial daemon)>, <_io.BytesIO object at 0x7f73b6dcdf68>, <_io.BufferedWriter name=27>
2019/05/15 03:51:42 :DEBUG:stderr reader: <Thread(Thread-40, initial daemon)>
2019/05/15 03:51:42 :DEBUG:closed output, 171 bytes sent
2019/05/15 03:51:42 :DEBUG:stdout reader: <Thread(Thread-41, initial daemon)>
2019/05/15 03:51:43 :DEBUG:gpg: WARNING: unsafe permissions on homedir '/home/jfk422/Projects/Code/Arcanum/arcanum/gpg'
2019/05/15 03:51:43 :DEBUG:gpg: AES256 encrypted data
2019/05/15 03:51:43 :DEBUG:[GNUPG:] NEED_PASSPHRASE_SYM 9 3 2
2019/05/15 03:51:43 :DEBUG:gpg: encrypted with 1 passphrase
2019/05/15 03:51:43 :DEBUG:chunk: b'test@test.com'
2019/05/15 03:51:43 :DEBUG:[GNUPG:] BEGIN_DECRYPTION
2019/05/15 03:51:43 :DEBUG:[GNUPG:] DECRYPTION_COMPLIANCE_MODE 23
2019/05/15 03:51:43 :DEBUG:message ignored: DECRYPTION_COMPLIANCE_MODE, 23
2019/05/15 03:51:43 :DEBUG:[GNUPG:] DECRYPTION_INFO 2 9
2019/05/15 03:51:43 :DEBUG:[GNUPG:] PLAINTEXT 62 1557928158
2019/05/15 03:51:43 :DEBUG:[GNUPG:] PLAINTEXT_LENGTH 13
2019/05/15 03:51:43 :DEBUG:[GNUPG:] DECRYPTION_OKAY
2019/05/15 03:51:43 :DEBUG:[GNUPG:] GOODMDC
2019/05/15 03:51:43 :DEBUG:[GNUPG:] END_DECRYPTION
2019/05/15 03:51:43 :DEBUG:decrypt result: b'test@test.com'
2019/05/15 03:51:43 :INFO:Decrypted email addresses
2019/05/15 03:51:47 :INFO:Getting row: 1 from table: passTable
2019/05/15 03:51:47 :DEBUG:2157: gpg --pinentry-mode loopback --status-fd 2 --no-tty --no-verbose --fixed-list-mode --batch --with-colons --homedir gpg --passphrase-fd 0 --decrypt
2019/05/15 03:51:47 :DEBUG:Wrote passphrase
2019/05/15 03:51:47 :DEBUG:data copier: <Thread(Thread-42, initial daemon)>, <_io.BytesIO object at 0x7f73ad2d2048>, <_io.BufferedWriter name=27>
2019/05/15 03:51:47 :DEBUG:stderr reader: <Thread(Thread-43, initial daemon)>
2019/05/15 03:51:47 :DEBUG:closed output, 163 bytes sent
2019/05/15 03:51:47 :DEBUG:stdout reader: <Thread(Thread-44, initial daemon)>
2019/05/15 03:51:47 :DEBUG:gpg: WARNING: unsafe permissions on homedir '/home/jfk422/Projects/Code/Arcanum/arcanum/gpg'
2019/05/15 03:51:47 :DEBUG:gpg: AES256 encrypted data
2019/05/15 03:51:47 :DEBUG:[GNUPG:] NEED_PASSPHRASE_SYM 9 3 2
2019/05/15 03:51:47 :DEBUG:chunk: b'test'
2019/05/15 03:51:47 :DEBUG:gpg: encrypted with 1 passphrase
2019/05/15 03:51:47 :DEBUG:[GNUPG:] BEGIN_DECRYPTION
2019/05/15 03:51:47 :DEBUG:[GNUPG:] DECRYPTION_COMPLIANCE_MODE 23
2019/05/15 03:51:47 :DEBUG:message ignored: DECRYPTION_COMPLIANCE_MODE, 23
2019/05/15 03:51:47 :DEBUG:[GNUPG:] DECRYPTION_INFO 2 9
2019/05/15 03:51:47 :DEBUG:[GNUPG:] PLAINTEXT 62 1557928159
2019/05/15 03:51:47 :DEBUG:[GNUPG:] PLAINTEXT_LENGTH 4
2019/05/15 03:51:47 :DEBUG:[GNUPG:] DECRYPTION_OKAY
2019/05/15 03:51:47 :DEBUG:[GNUPG:] GOODMDC
2019/05/15 03:51:47 :DEBUG:[GNUPG:] END_DECRYPTION
2019/05/15 03:51:47 :DEBUG:decrypt result: b'test'
2019/05/15 03:51:50 :INFO:Getting everything from email
2019/05/15 03:51:50 :DEBUG:2163: gpg --pinentry-mode loopback --status-fd 2 --no-tty --no-verbose --fixed-list-mode --batch --with-colons --homedir gpg --passphrase-fd 0 --decrypt
2019/05/15 03:51:50 :DEBUG:Wrote passphrase
2019/05/15 03:51:50 :DEBUG:data copier: <Thread(Thread-45, initial daemon)>, <_io.BytesIO object at 0x7f73b6dcdf68>, <_io.BufferedWriter name=27>
2019/05/15 03:51:50 :DEBUG:stderr reader: <Thread(Thread-46, initial daemon)>
2019/05/15 03:51:50 :DEBUG:closed output, 163 bytes sent
2019/05/15 03:51:50 :DEBUG:stdout reader: <Thread(Thread-47, initial daemon)>
2019/05/15 03:51:50 :DEBUG:gpg: WARNING: unsafe permissions on homedir '/home/jfk422/Projects/Code/Arcanum/arcanum/gpg'
2019/05/15 03:51:50 :DEBUG:chunk: b'None'
2019/05/15 03:51:50 :DEBUG:gpg: AES256 encrypted data
2019/05/15 03:51:50 :DEBUG:[GNUPG:] NEED_PASSPHRASE_SYM 9 3 2
2019/05/15 03:51:50 :DEBUG:gpg: encrypted with 1 passphrase
2019/05/15 03:51:50 :DEBUG:[GNUPG:] BEGIN_DECRYPTION
2019/05/15 03:51:50 :DEBUG:[GNUPG:] DECRYPTION_COMPLIANCE_MODE 23
2019/05/15 03:51:50 :DEBUG:message ignored: DECRYPTION_COMPLIANCE_MODE, 23
2019/05/15 03:51:50 :DEBUG:[GNUPG:] DECRYPTION_INFO 2 9
2019/05/15 03:51:50 :DEBUG:[GNUPG:] PLAINTEXT 62 1557927936
2019/05/15 03:51:50 :DEBUG:[GNUPG:] PLAINTEXT_LENGTH 4
2019/05/15 03:51:50 :DEBUG:[GNUPG:] DECRYPTION_OKAY
2019/05/15 03:51:50 :DEBUG:[GNUPG:] GOODMDC
2019/05/15 03:51:50 :DEBUG:[GNUPG:] END_DECRYPTION
2019/05/15 03:51:50 :DEBUG:decrypt result: b'None'
2019/05/15 03:51:50 :DEBUG:2167: gpg --pinentry-mode loopback --status-fd 2 --no-tty --no-verbose --fixed-list-mode --batch --with-colons --homedir gpg --passphrase-fd 0 --decrypt
2019/05/15 03:51:50 :DEBUG:Wrote passphrase
2019/05/15 03:51:50 :DEBUG:data copier: <Thread(Thread-48, initial daemon)>, <_io.BytesIO object at 0x7f73b6dcdf68>, <_io.BufferedWriter name=27>
2019/05/15 03:51:50 :DEBUG:stderr reader: <Thread(Thread-49, initial daemon)>
2019/05/15 03:51:50 :DEBUG:closed output, 171 bytes sent
2019/05/15 03:51:50 :DEBUG:stdout reader: <Thread(Thread-50, initial daemon)>
2019/05/15 03:51:51 :DEBUG:gpg: WARNING: unsafe permissions on homedir '/home/jfk422/Projects/Code/Arcanum/arcanum/gpg'
2019/05/15 03:51:51 :DEBUG:gpg: AES256 encrypted data
2019/05/15 03:51:51 :DEBUG:chunk: b'test@test.com'
2019/05/15 03:51:51 :DEBUG:[GNUPG:] NEED_PASSPHRASE_SYM 9 3 2
2019/05/15 03:51:51 :DEBUG:gpg: encrypted with 1 passphrase
2019/05/15 03:51:51 :DEBUG:[GNUPG:] BEGIN_DECRYPTION
2019/05/15 03:51:51 :DEBUG:[GNUPG:] DECRYPTION_COMPLIANCE_MODE 23
2019/05/15 03:51:51 :DEBUG:message ignored: DECRYPTION_COMPLIANCE_MODE, 23
2019/05/15 03:51:51 :DEBUG:[GNUPG:] DECRYPTION_INFO 2 9
2019/05/15 03:51:51 :DEBUG:[GNUPG:] PLAINTEXT 62 1557928158
2019/05/15 03:51:51 :DEBUG:[GNUPG:] PLAINTEXT_LENGTH 13
2019/05/15 03:51:51 :DEBUG:[GNUPG:] DECRYPTION_OKAY
2019/05/15 03:51:51 :DEBUG:[GNUPG:] GOODMDC
2019/05/15 03:51:51 :DEBUG:[GNUPG:] END_DECRYPTION
2019/05/15 03:51:51 :DEBUG:decrypt result: b'test@test.com'
2019/05/15 03:51:51 :DEBUG:2171: gpg --pinentry-mode loopback --status-fd 2 --no-tty --no-verbose --fixed-list-mode --batch --with-colons --homedir gpg --passphrase-fd 0 --symmetric --armor
2019/05/15 03:51:51 :DEBUG:Wrote passphrase
2019/05/15 03:51:51 :DEBUG:data copier: <Thread(Thread-51, initial daemon)>, <_io.BytesIO object at 0x7f73b6dcdf68>, <_io.BufferedWriter name=27>
2019/05/15 03:51:51 :DEBUG:stderr reader: <Thread(Thread-52, initial daemon)>
2019/05/15 03:51:51 :DEBUG:closed output, 4 bytes sent
2019/05/15 03:51:51 :DEBUG:stdout reader: <Thread(Thread-53, initial daemon)>
2019/05/15 03:51:51 :DEBUG:gpg: WARNING: unsafe permissions on homedir '/home/jfk422/Projects/Code/Arcanum/arcanum/gpg'
2019/05/15 03:51:51 :DEBUG:chunk: b'-----BEGIN PGP MESSAGE-----\n\njA0ECQMC580VEynwriT/0jkBJMsq4svLhvl4VCUoeHKFPac2HiO3Ith1adZFxkQG\nHD7uzejj+YRKwVLCJDMXg8tNBcpb3DDw/VY=\n=7JRr\n-----END PGP MESSAGE-----\n'
2019/05/15 03:51:51 :DEBUG:[GNUPG:] NEED_PASSPHRASE_SYM 9 3 2
2019/05/15 03:51:51 :DEBUG:[GNUPG:] BEGIN_ENCRYPTION 2 9
2019/05/15 03:51:51 :DEBUG:[GNUPG:] END_ENCRYPTION
2019/05/15 03:51:51 :DEBUG:encrypt result: b'-----BEGIN PGP MESSAGE-----\n\njA0ECQMC580VEynwriT/0jkBJMsq4svLhvl4VCUoeHKFPac2HiO3Ith1adZFxkQG\nHD7uzejj+YRKwVLCJDMXg8tNBcpb3DDw/VY=\n=7JRr\n-----END PGP MESSAGE-----\n'
2019/05/15 03:51:51 :DEBUG:2178: gpg --pinentry-mode loopback --status-fd 2 --no-tty --no-verbose --fixed-list-mode --batch --with-colons --homedir gpg --passphrase-fd 0 --symmetric --armor
2019/05/15 03:51:51 :DEBUG:Wrote passphrase
2019/05/15 03:51:51 :DEBUG:data copier: <Thread(Thread-54, initial daemon)>, <_io.BytesIO object at 0x7f73b6dcdf68>, <_io.BufferedWriter name=27>
2019/05/15 03:51:51 :DEBUG:stderr reader: <Thread(Thread-55, initial daemon)>
2019/05/15 03:51:51 :DEBUG:closed output, 4 bytes sent
2019/05/15 03:51:51 :DEBUG:stdout reader: <Thread(Thread-56, initial daemon)>
2019/05/15 03:51:52 :DEBUG:gpg: WARNING: unsafe permissions on homedir '/home/jfk422/Projects/Code/Arcanum/arcanum/gpg'
2019/05/15 03:51:52 :DEBUG:chunk: b'-----BEGIN PGP MESSAGE-----\n\njA0ECQMC1DomYqdDzBv/0jkB45kAPcVTNcC9dq92ZpxLY5DvmOLrN6LeLb0mjejC\npv6eA8ccKGeiuRptJr/a516uBS24ZrxfmwM=\n=Hfoy\n-----END PGP MESSAGE-----\n'
2019/05/15 03:51:52 :DEBUG:[GNUPG:] NEED_PASSPHRASE_SYM 9 3 2
2019/05/15 03:51:52 :DEBUG:[GNUPG:] BEGIN_ENCRYPTION 2 9
2019/05/15 03:51:52 :DEBUG:[GNUPG:] END_ENCRYPTION
2019/05/15 03:51:52 :DEBUG:encrypt result: b'-----BEGIN PGP MESSAGE-----\n\njA0ECQMC1DomYqdDzBv/0jkB45kAPcVTNcC9dq92ZpxLY5DvmOLrN6LeLb0mjejC\npv6eA8ccKGeiuRptJr/a516uBS24ZrxfmwM=\n=Hfoy\n-----END PGP MESSAGE-----\n'
2019/05/15 03:51:52 :DEBUG:2183: gpg --pinentry-mode loopback --status-fd 2 --no-tty --no-verbose --fixed-list-mode --batch --with-colons --homedir gpg --passphrase-fd 0 --symmetric --armor
2019/05/15 03:51:52 :DEBUG:Wrote passphrase
2019/05/15 03:51:52 :DEBUG:data copier: <Thread(Thread-57, initial daemon)>, <_io.BytesIO object at 0x7f73b6dcdf68>, <_io.BufferedWriter name=27>
2019/05/15 03:51:52 :DEBUG:stderr reader: <Thread(Thread-58, initial daemon)>
2019/05/15 03:51:52 :DEBUG:closed output, 4 bytes sent
2019/05/15 03:51:52 :DEBUG:stdout reader: <Thread(Thread-59, initial daemon)>
2019/05/15 03:51:52 :DEBUG:gpg: WARNING: unsafe permissions on homedir '/home/jfk422/Projects/Code/Arcanum/arcanum/gpg'
2019/05/15 03:51:52 :DEBUG:[GNUPG:] NEED_PASSPHRASE_SYM 9 3 2
2019/05/15 03:51:52 :DEBUG:chunk: b'-----BEGIN PGP MESSAGE-----\n\njA0ECQMCgLcamdseZJ3/0jkBSTY6udKec4MZhuZ1rehcdcL8hzzeuAnDPU7/NXlH\n8pNyax9mOwzIO+a+BNcjaHViC7SEoAs3sDg=\n=mf1Y\n-----END PGP MESSAGE-----\n'
2019/05/15 03:51:52 :DEBUG:[GNUPG:] BEGIN_ENCRYPTION 2 9
2019/05/15 03:51:52 :DEBUG:[GNUPG:] END_ENCRYPTION
2019/05/15 03:51:52 :DEBUG:encrypt result: b'-----BEGIN PGP MESSAGE-----\n\njA0ECQMCgLcamdseZJ3/0jkBSTY6udKec4MZhuZ1rehcdcL8hzzeuAnDPU7/NXlH\n8pNyax9mOwzIO+a+BNcjaHViC7SEoAs3sDg=\n=mf1Y\n-----END PGP MESSAGE-----\n'
2019/05/15 03:51:52 :INFO:Password is being updated
2019/05/15 03:51:52 :INFO:Getting everything from passTable
2019/05/15 03:51:52 :DEBUG:2188: gpg --pinentry-mode loopback --status-fd 2 --no-tty --no-verbose --fixed-list-mode --batch --with-colons --homedir gpg --passphrase-fd 0 --decrypt
2019/05/15 03:51:52 :DEBUG:Wrote passphrase
2019/05/15 03:51:52 :DEBUG:data copier: <Thread(Thread-60, initial daemon)>, <_io.BytesIO object at 0x7f73b6dcdf68>, <_io.BufferedWriter name=27>
2019/05/15 03:51:52 :DEBUG:stderr reader: <Thread(Thread-61, initial daemon)>
2019/05/15 03:51:52 :DEBUG:closed output, 1 bytes sent
2019/05/15 03:51:52 :DEBUG:stdout reader: <Thread(Thread-62, initial daemon)>
2019/05/15 03:51:52 :DEBUG:gpg: WARNING: unsafe permissions on homedir '/home/jfk422/Projects/Code/Arcanum/arcanum/gpg'
2019/05/15 03:51:52 :DEBUG:gpg: [don't know]: invalid packet (ctb=31)
2019/05/15 03:51:52 :DEBUG:[GNUPG:] NODATA 3
2019/05/15 03:51:52 :DEBUG:decrypt result: b''
2019/05/15 03:51:52 :DEBUG:2193: gpg --pinentry-mode loopback --status-fd 2 --no-tty --no-verbose --fixed-list-mode --batch --with-colons --homedir gpg --passphrase-fd 0 --decrypt
2019/05/15 03:51:52 :DEBUG:Wrote passphrase
2019/05/15 03:51:52 :DEBUG:data copier: <Thread(Thread-63, initial daemon)>, <_io.BytesIO object at 0x7f73b6dcdf68>, <_io.BufferedWriter name=27>
2019/05/15 03:51:52 :DEBUG:closed output, 163 bytes sent
2019/05/15 03:51:52 :DEBUG:stderr reader: <Thread(Thread-64, initial daemon)>
2019/05/15 03:51:52 :DEBUG:stdout reader: <Thread(Thread-65, initial daemon)>
2019/05/15 03:51:52 :DEBUG:gpg: WARNING: unsafe permissions on homedir '/home/jfk422/Projects/Code/Arcanum/arcanum/gpg'
2019/05/15 03:51:52 :DEBUG:gpg: AES256 encrypted data
2019/05/15 03:51:52 :DEBUG:chunk: b'test'
2019/05/15 03:51:52 :DEBUG:[GNUPG:] NEED_PASSPHRASE_SYM 9 3 2
2019/05/15 03:51:52 :DEBUG:gpg: encrypted with 1 passphrase
2019/05/15 03:51:52 :DEBUG:[GNUPG:] BEGIN_DECRYPTION
2019/05/15 03:51:52 :DEBUG:[GNUPG:] DECRYPTION_COMPLIANCE_MODE 23
2019/05/15 03:51:52 :DEBUG:message ignored: DECRYPTION_COMPLIANCE_MODE, 23
2019/05/15 03:51:52 :DEBUG:[GNUPG:] DECRYPTION_INFO 2 9
2019/05/15 03:51:52 :DEBUG:[GNUPG:] PLAINTEXT 62 1557928311
2019/05/15 03:51:52 :DEBUG:[GNUPG:] PLAINTEXT_LENGTH 4
2019/05/15 03:51:52 :DEBUG:[GNUPG:] DECRYPTION_OKAY
2019/05/15 03:51:52 :DEBUG:[GNUPG:] GOODMDC
2019/05/15 03:51:52 :DEBUG:[GNUPG:] END_DECRYPTION
2019/05/15 03:51:52 :DEBUG:decrypt result: b'test'
2019/05/15 03:51:52 :DEBUG:2197: gpg --pinentry-mode loopback --status-fd 2 --no-tty --no-verbose --fixed-list-mode --batch --with-colons --homedir gpg --passphrase-fd 0 --decrypt
2019/05/15 03:51:52 :DEBUG:Wrote passphrase
2019/05/15 03:51:52 :DEBUG:data copier: <Thread(Thread-66, initial daemon)>, <_io.BytesIO object at 0x7f73b6dcdf68>, <_io.BufferedWriter name=27>
2019/05/15 03:51:52 :DEBUG:stderr reader: <Thread(Thread-67, initial daemon)>
2019/05/15 03:51:52 :DEBUG:closed output, 26 bytes sent
2019/05/15 03:51:52 :DEBUG:stdout reader: <Thread(Thread-68, initial daemon)>
2019/05/15 03:51:52 :DEBUG:gpg: WARNING: unsafe permissions on homedir '/home/jfk422/Projects/Code/Arcanum/arcanum/gpg'
2019/05/15 03:51:52 :DEBUG:gpg: no valid OpenPGP data found.
2019/05/15 03:51:52 :DEBUG:[GNUPG:] NODATA 1
2019/05/15 03:51:52 :DEBUG:[GNUPG:] NODATA 2
2019/05/15 03:51:52 :DEBUG:[GNUPG:] FAILURE decrypt 4294967295
2019/05/15 03:51:52 :DEBUG:gpg: decrypt_message failed: Unknown system error
2019/05/15 03:51:52 :DEBUG:decrypt result: b''
2019/05/15 03:51:52 :DEBUG:2201: gpg --pinentry-mode loopback --status-fd 2 --no-tty --no-verbose --fixed-list-mode --batch --with-colons --homedir gpg --passphrase-fd 0 --decrypt
2019/05/15 03:51:52 :DEBUG:Wrote passphrase
2019/05/15 03:51:52 :DEBUG:data copier: <Thread(Thread-69, initial daemon)>, <_io.BytesIO object at 0x7f73b6dcdf68>, <_io.BufferedWriter name=27>
2019/05/15 03:51:52 :DEBUG:closed output, 5 bytes sent
2019/05/15 03:51:52 :DEBUG:stderr reader: <Thread(Thread-70, initial daemon)>
2019/05/15 03:51:52 :DEBUG:stdout reader: <Thread(Thread-71, initial daemon)>
2019/05/15 03:51:52 :DEBUG:gpg: WARNING: unsafe permissions on homedir '/home/jfk422/Projects/Code/Arcanum/arcanum/gpg'
2019/05/15 03:51:52 :DEBUG:gpg: no valid OpenPGP data found.
2019/05/15 03:51:52 :DEBUG:[GNUPG:] NODATA 1
2019/05/15 03:51:52 :DEBUG:[GNUPG:] NODATA 2
2019/05/15 03:51:52 :DEBUG:[GNUPG:] FAILURE decrypt 4294967295
2019/05/15 03:51:52 :DEBUG:gpg: decrypt_message failed: Unknown system error
2019/05/15 03:51:53 :DEBUG:decrypt result: b''
2019/05/15 03:51:53 :DEBUG:2205: gpg --pinentry-mode loopback --status-fd 2 --no-tty --no-verbose --fixed-list-mode --batch --with-colons --homedir gpg --passphrase-fd 0 --decrypt
2019/05/15 03:51:53 :DEBUG:Wrote passphrase
2019/05/15 03:51:53 :DEBUG:data copier: <Thread(Thread-72, initial daemon)>, <_io.BytesIO object at 0x7f73b6dcdf68>, <_io.BufferedWriter name=27>
2019/05/15 03:51:53 :DEBUG:stderr reader: <Thread(Thread-73, initial daemon)>
2019/05/15 03:51:53 :DEBUG:closed output, 1 bytes sent
2019/05/15 03:51:53 :DEBUG:stdout reader: <Thread(Thread-74, initial daemon)>
2019/05/15 03:51:53 :DEBUG:gpg: WARNING: unsafe permissions on homedir '/home/jfk422/Projects/Code/Arcanum/arcanum/gpg'
2019/05/15 03:51:53 :DEBUG:gpg: [don't know]: invalid packet (ctb=32)
2019/05/15 03:51:53 :DEBUG:[GNUPG:] NODATA 3
2019/05/15 03:51:53 :DEBUG:decrypt result: b''
2019/05/15 03:51:53 :DEBUG:2209: gpg --pinentry-mode loopback --status-fd 2 --no-tty --no-verbose --fixed-list-mode --batch --with-colons --homedir gpg --passphrase-fd 0 --decrypt
2019/05/15 03:51:53 :DEBUG:Wrote passphrase
2019/05/15 03:51:53 :DEBUG:data copier: <Thread(Thread-75, initial daemon)>, <_io.BytesIO object at 0x7f73b6dcdf68>, <_io.BufferedWriter name=27>
2019/05/15 03:51:53 :DEBUG:stderr reader: <Thread(Thread-76, initial daemon)>
2019/05/15 03:51:53 :DEBUG:closed output, 4 bytes sent
2019/05/15 03:51:53 :DEBUG:stdout reader: <Thread(Thread-77, initial daemon)>
2019/05/15 03:51:53 :DEBUG:gpg: WARNING: unsafe permissions on homedir '/home/jfk422/Projects/Code/Arcanum/arcanum/gpg'
2019/05/15 03:51:53 :DEBUG:gpg: no valid OpenPGP data found.
2019/05/15 03:51:53 :DEBUG:[GNUPG:] NODATA 1
2019/05/15 03:51:53 :DEBUG:[GNUPG:] NODATA 2
2019/05/15 03:51:53 :DEBUG:[GNUPG:] FAILURE decrypt 4294967295
2019/05/15 03:51:53 :DEBUG:gpg: decrypt_message failed: Unknown system error
2019/05/15 03:51:53 :DEBUG:decrypt result: b''
2019/05/15 03:51:53 :DEBUG:2214: gpg --pinentry-mode loopback --status-fd 2 --no-tty --no-verbose --fixed-list-mode --batch --with-colons --homedir gpg --passphrase-fd 0 --decrypt
2019/05/15 03:51:53 :DEBUG:Wrote passphrase
2019/05/15 03:51:53 :DEBUG:data copier: <Thread(Thread-78, initial daemon)>, <_io.BytesIO object at 0x7f73b6dcdf68>, <_io.BufferedWriter name=27>
2019/05/15 03:51:53 :DEBUG:stderr reader: <Thread(Thread-79, initial daemon)>
2019/05/15 03:51:53 :DEBUG:closed output, 4 bytes sent
2019/05/15 03:51:53 :DEBUG:stdout reader: <Thread(Thread-80, initial daemon)>
2019/05/15 03:51:53 :DEBUG:gpg: WARNING: unsafe permissions on homedir '/home/jfk422/Projects/Code/Arcanum/arcanum/gpg'
2019/05/15 03:51:53 :DEBUG:gpg: no valid OpenPGP data found.
2019/05/15 03:51:53 :DEBUG:[GNUPG:] NODATA 1
2019/05/15 03:51:53 :DEBUG:[GNUPG:] NODATA 2
2019/05/15 03:51:53 :DEBUG:[GNUPG:] FAILURE decrypt 4294967295
2019/05/15 03:51:53 :DEBUG:gpg: decrypt_message failed: Unknown system error
2019/05/15 03:51:53 :DEBUG:decrypt result: b''
2019/05/15 03:51:53 :DEBUG:2218: gpg --pinentry-mode loopback --status-fd 2 --no-tty --no-verbose --fixed-list-mode --batch --with-colons --homedir gpg --passphrase-fd 0 --decrypt
2019/05/15 03:51:53 :DEBUG:Wrote passphrase
2019/05/15 03:51:53 :DEBUG:data copier: <Thread(Thread-81, initial daemon)>, <_io.BytesIO object at 0x7f73b6dcdf68>, <_io.BufferedWriter name=27>
2019/05/15 03:51:53 :DEBUG:stderr reader: <Thread(Thread-82, initial daemon)>
2019/05/15 03:51:53 :DEBUG:closed output, 4 bytes sent
2019/05/15 03:51:53 :DEBUG:stdout reader: <Thread(Thread-83, initial daemon)>
2019/05/15 03:51:53 :DEBUG:gpg: WARNING: unsafe permissions on homedir '/home/jfk422/Projects/Code/Arcanum/arcanum/gpg'
2019/05/15 03:51:53 :DEBUG:gpg: no valid OpenPGP data found.
2019/05/15 03:51:53 :DEBUG:[GNUPG:] NODATA 1
2019/05/15 03:51:53 :DEBUG:[GNUPG:] NODATA 2
2019/05/15 03:51:53 :DEBUG:[GNUPG:] FAILURE decrypt 4294967295
2019/05/15 03:51:53 :DEBUG:gpg: decrypt_message failed: Unknown system error
2019/05/15 03:51:53 :DEBUG:decrypt result: b''
2019/05/15 03:51:53 :INFO:Getting row: 2 from table: email
2019/05/15 03:51:53 :DEBUG:2222: gpg --pinentry-mode loopback --status-fd 2 --no-tty --no-verbose --fixed-list-mode --batch --with-colons --homedir gpg --passphrase-fd 0 --decrypt
2019/05/15 03:51:53 :DEBUG:Wrote passphrase
2019/05/15 03:51:53 :DEBUG:data copier: <Thread(Thread-84, initial daemon)>, <_io.BytesIO object at 0x7f73b6dcdf68>, <_io.BufferedWriter name=27>
2019/05/15 03:51:53 :DEBUG:stderr reader: <Thread(Thread-85, initial daemon)>
2019/05/15 03:51:53 :DEBUG:closed output, 171 bytes sent
2019/05/15 03:51:53 :DEBUG:stdout reader: <Thread(Thread-86, initial daemon)>
2019/05/15 03:51:53 :DEBUG:gpg: WARNING: unsafe permissions on homedir '/home/jfk422/Projects/Code/Arcanum/arcanum/gpg'
2019/05/15 03:51:53 :DEBUG:gpg: AES256 encrypted data
2019/05/15 03:51:53 :DEBUG:[GNUPG:] NEED_PASSPHRASE_SYM 9 3 2
2019/05/15 03:51:53 :DEBUG:chunk: b'test@test.com'
2019/05/15 03:51:53 :DEBUG:gpg: encrypted with 1 passphrase
2019/05/15 03:51:53 :DEBUG:[GNUPG:] BEGIN_DECRYPTION
2019/05/15 03:51:53 :DEBUG:[GNUPG:] DECRYPTION_COMPLIANCE_MODE 23
2019/05/15 03:51:53 :DEBUG:message ignored: DECRYPTION_COMPLIANCE_MODE, 23
2019/05/15 03:51:53 :DEBUG:[GNUPG:] DECRYPTION_INFO 2 9
2019/05/15 03:51:53 :DEBUG:[GNUPG:] PLAINTEXT 62 1557928158
2019/05/15 03:51:53 :DEBUG:[GNUPG:] PLAINTEXT_LENGTH 13
2019/05/15 03:51:53 :DEBUG:[GNUPG:] DECRYPTION_OKAY
2019/05/15 03:51:53 :DEBUG:[GNUPG:] GOODMDC
2019/05/15 03:51:53 :DEBUG:[GNUPG:] END_DECRYPTION
2019/05/15 03:51:53 :DEBUG:decrypt result: b'test@test.com'
2019/05/15 03:51:53 :INFO:Getting row: 1 from table: passTable
2019/05/15 03:51:53 :DEBUG:2226: gpg --pinentry-mode loopback --status-fd 2 --no-tty --no-verbose --fixed-list-mode --batch --with-colons --homedir gpg --passphrase-fd 0 --decrypt
2019/05/15 03:51:53 :DEBUG:Wrote passphrase
2019/05/15 03:51:53 :DEBUG:data copier: <Thread(Thread-87, initial daemon)>, <_io.BytesIO object at 0x7f73ad2d7048>, <_io.BufferedWriter name=27>
2019/05/15 03:51:53 :DEBUG:stderr reader: <Thread(Thread-88, initial daemon)>
2019/05/15 03:51:53 :DEBUG:closed output, 163 bytes sent
2019/05/15 03:51:53 :DEBUG:stdout reader: <Thread(Thread-89, initial daemon)>
2019/05/15 03:51:53 :DEBUG:gpg: WARNING: unsafe permissions on homedir '/home/jfk422/Projects/Code/Arcanum/arcanum/gpg'
2019/05/15 03:51:53 :DEBUG:gpg: AES256 encrypted data
2019/05/15 03:51:53 :DEBUG:chunk: b'test'
2019/05/15 03:51:53 :DEBUG:[GNUPG:] NEED_PASSPHRASE_SYM 9 3 2
2019/05/15 03:51:53 :DEBUG:gpg: encrypted with 1 passphrase
2019/05/15 03:51:53 :DEBUG:[GNUPG:] BEGIN_DECRYPTION
2019/05/15 03:51:53 :DEBUG:[GNUPG:] DECRYPTION_COMPLIANCE_MODE 23
2019/05/15 03:51:53 :DEBUG:message ignored: DECRYPTION_COMPLIANCE_MODE, 23
2019/05/15 03:51:53 :DEBUG:[GNUPG:] DECRYPTION_INFO 2 9
2019/05/15 03:51:53 :DEBUG:[GNUPG:] PLAINTEXT 62 1557928312
2019/05/15 03:51:53 :DEBUG:[GNUPG:] PLAINTEXT_LENGTH 4
2019/05/15 03:51:53 :DEBUG:[GNUPG:] DECRYPTION_OKAY
2019/05/15 03:51:53 :DEBUG:[GNUPG:] GOODMDC
2019/05/15 03:51:53 :DEBUG:[GNUPG:] END_DECRYPTION
2019/05/15 03:51:53 :DEBUG:decrypt result: b'test'
2019/05/15 03:51:53 :INFO:Getting everything from email
2019/05/15 03:51:53 :DEBUG:2230: gpg --pinentry-mode loopback --status-fd 2 --no-tty --no-verbose --fixed-list-mode --batch --with-colons --homedir gpg --passphrase-fd 0 --decrypt
2019/05/15 03:51:53 :DEBUG:Wrote passphrase
2019/05/15 03:51:53 :DEBUG:data copier: <Thread(Thread-90, initial daemon)>, <_io.BytesIO object at 0x7f73b6dcdf68>, <_io.BufferedWriter name=27>
2019/05/15 03:51:53 :DEBUG:stderr reader: <Thread(Thread-91, initial daemon)>
2019/05/15 03:51:53 :DEBUG:closed output, 163 bytes sent
2019/05/15 03:51:53 :DEBUG:stdout reader: <Thread(Thread-92, initial daemon)>
2019/05/15 03:51:54 :DEBUG:gpg: WARNING: unsafe permissions on homedir '/home/jfk422/Projects/Code/Arcanum/arcanum/gpg'
2019/05/15 03:51:54 :DEBUG:gpg: AES256 encrypted data
2019/05/15 03:51:54 :DEBUG:[GNUPG:] NEED_PASSPHRASE_SYM 9 3 2
2019/05/15 03:51:54 :DEBUG:chunk: b'None'
2019/05/15 03:51:54 :DEBUG:gpg: encrypted with 1 passphrase
2019/05/15 03:51:54 :DEBUG:[GNUPG:] BEGIN_DECRYPTION
2019/05/15 03:51:54 :DEBUG:[GNUPG:] DECRYPTION_COMPLIANCE_MODE 23
2019/05/15 03:51:54 :DEBUG:message ignored: DECRYPTION_COMPLIANCE_MODE, 23
2019/05/15 03:51:54 :DEBUG:[GNUPG:] DECRYPTION_INFO 2 9
2019/05/15 03:51:54 :DEBUG:[GNUPG:] PLAINTEXT 62 1557927936
2019/05/15 03:51:54 :DEBUG:[GNUPG:] PLAINTEXT_LENGTH 4
2019/05/15 03:51:54 :DEBUG:[GNUPG:] DECRYPTION_OKAY
2019/05/15 03:51:54 :DEBUG:[GNUPG:] GOODMDC
2019/05/15 03:51:54 :DEBUG:[GNUPG:] END_DECRYPTION
2019/05/15 03:51:54 :DEBUG:decrypt result: b'None'
2019/05/15 03:51:54 :DEBUG:2234: gpg --pinentry-mode loopback --status-fd 2 --no-tty --no-verbose --fixed-list-mode --batch --with-colons --homedir gpg --passphrase-fd 0 --decrypt
2019/05/15 03:51:54 :DEBUG:Wrote passphrase
2019/05/15 03:51:54 :DEBUG:data copier: <Thread(Thread-93, initial daemon)>, <_io.BytesIO object at 0x7f73b6dcdf68>, <_io.BufferedWriter name=27>
2019/05/15 03:51:54 :DEBUG:stderr reader: <Thread(Thread-94, initial daemon)>
2019/05/15 03:51:54 :DEBUG:closed output, 171 bytes sent
2019/05/15 03:51:54 :DEBUG:stdout reader: <Thread(Thread-95, initial daemon)>
2019/05/15 03:51:54 :DEBUG:gpg: WARNING: unsafe permissions on homedir '/home/jfk422/Projects/Code/Arcanum/arcanum/gpg'
2019/05/15 03:51:54 :DEBUG:gpg: AES256 encrypted data
2019/05/15 03:51:54 :DEBUG:[GNUPG:] NEED_PASSPHRASE_SYM 9 3 2
2019/05/15 03:51:54 :DEBUG:gpg: encrypted with 1 passphrase
2019/05/15 03:51:54 :DEBUG:[GNUPG:] BEGIN_DECRYPTION
2019/05/15 03:51:54 :DEBUG:chunk: b'test@test.com'
2019/05/15 03:51:54 :DEBUG:[GNUPG:] DECRYPTION_COMPLIANCE_MODE 23
2019/05/15 03:51:54 :DEBUG:message ignored: DECRYPTION_COMPLIANCE_MODE, 23
2019/05/15 03:51:54 :DEBUG:[GNUPG:] DECRYPTION_INFO 2 9
2019/05/15 03:51:54 :DEBUG:[GNUPG:] PLAINTEXT 62 1557928158
2019/05/15 03:51:54 :DEBUG:[GNUPG:] PLAINTEXT_LENGTH 13
2019/05/15 03:51:54 :DEBUG:[GNUPG:] DECRYPTION_OKAY
2019/05/15 03:51:54 :DEBUG:[GNUPG:] GOODMDC
2019/05/15 03:51:54 :DEBUG:[GNUPG:] END_DECRYPTION
2019/05/15 03:51:54 :DEBUG:decrypt result: b'test@test.com'
2019/05/15 03:51:54 :INFO:Decrypted email addresses
