2019/05/15 11:08:42 AM:INFO:Qt version:5.11.1
2019/05/15 11:08:42 AM:INFO:PyQt version:5.11.2
2019/05/15 11:08:42 AM:INFO:SIP version:4.19.7
2019/05/15 11:08:44 :DEBUG:9896: gpg --status-fd 2 --no-tty --no-verbose --fixed-list-mode --batch --with-colons --homedir gpg --version
2019/05/15 11:08:44 :DEBUG:stderr reader: <Thread(Thread-1, initial daemon)>
2019/05/15 11:08:44 :DEBUG:stdout reader: <Thread(Thread-2, initial daemon)>
2019/05/15 11:08:44 :DEBUG:gpg: WARNING: unsafe permissions on homedir '/home/jfk422/Projects/Code/Arcanum/arcanum/gpg'
2019/05/15 11:08:44 :DEBUG:chunk: b'gpg (GnuPG) 2.2.4\nlibgcrypt 1.8.1\nCopyright (C) 2017 Free Software Foundation, Inc.\nLicense GPLv3+: GNU GPL version 3 or later <https://gnu.org/licenses/gpl.html>\nThis is free software: you are free to change and redistribute it.\nThere is NO WARRANTY, to t'
2019/05/15 11:08:44 :INFO:Connection to database established
2019/05/15 11:08:44 :INFO:Created table passTable: 
2019/05/15 11:08:44 :INFO:Created table configs: 
2019/05/15 11:08:44 :INFO:Created table email: 
2019/05/15 11:08:44 :INFO:Created table keys: 
2019/05/15 11:08:44 :INFO:All tables were created/exist!
2019/05/15 11:08:44 :INFO:Getting row: 0 from table: configs
2019/05/15 11:08:44 :INFO:Returning nothing from row 0 from table: configs
2019/05/15 11:08:44 :DEBUG:9899: gpg --pinentry-mode loopback --status-fd 2 --no-tty --no-verbose --fixed-list-mode --batch --with-colons --homedir gpg --passphrase-fd 0 --symmetric --armor
2019/05/15 11:08:44 :DEBUG:Wrote passphrase
2019/05/15 11:08:44 :DEBUG:data copier: <Thread(Thread-3, initial daemon)>, <_io.BytesIO object at 0x7fc0e47e3048>, <_io.BufferedWriter name=27>
2019/05/15 11:08:44 :DEBUG:closed output, 16 bytes sent
2019/05/15 11:08:44 :DEBUG:stderr reader: <Thread(Thread-4, initial daemon)>
2019/05/15 11:08:44 :DEBUG:stdout reader: <Thread(Thread-5, initial daemon)>
2019/05/15 11:08:44 :DEBUG:gpg: WARNING: unsafe permissions on homedir '/home/jfk422/Projects/Code/Arcanum/arcanum/gpg'
2019/05/15 11:08:44 :DEBUG:chunk: b'-----BEGIN PGP MESSAGE-----\n\njA0ECQMCjm6Ei1Kp+gL/0kUBZZHRhed3qBkhA/bZ9f/aPq/P0bZkh/J7HUNTmlAo\n5gwUJ9MAyOWTEXq+O1EbmqwC+WWi6g+tgN0WcAEueq6LABKzkyw=\n=tt8I\n-----END PGP MESSAGE-----\n'
2019/05/15 11:08:44 :DEBUG:[GNUPG:] NEED_PASSPHRASE_SYM 9 3 2
2019/05/15 11:08:44 :DEBUG:[GNUPG:] BEGIN_ENCRYPTION 2 9
2019/05/15 11:08:44 :DEBUG:[GNUPG:] END_ENCRYPTION
2019/05/15 11:08:44 :DEBUG:encrypt result: b'-----BEGIN PGP MESSAGE-----\n\njA0ECQMCjm6Ei1Kp+gL/0kUBZZHRhed3qBkhA/bZ9f/aPq/P0bZkh/J7HUNTmlAo\n5gwUJ9MAyOWTEXq+O1EbmqwC+WWi6g+tgN0WcAEueq6LABKzkyw=\n=tt8I\n-----END PGP MESSAGE-----\n'
2019/05/15 11:08:44 :INFO:Inserted data into configs table
2019/05/15 11:08:44 :DEBUG:9904: gpg --pinentry-mode loopback --status-fd 2 --no-tty --no-verbose --fixed-list-mode --batch --with-colons --homedir gpg --passphrase-fd 0 --symmetric --armor
2019/05/15 11:08:44 :DEBUG:Wrote passphrase
2019/05/15 11:08:44 :DEBUG:data copier: <Thread(Thread-6, initial daemon)>, <_io.BytesIO object at 0x7fc0e47e3048>, <_io.BufferedWriter name=27>
2019/05/15 11:08:44 :DEBUG:stderr reader: <Thread(Thread-7, initial daemon)>
2019/05/15 11:08:44 :DEBUG:closed output, 4 bytes sent
2019/05/15 11:08:44 :DEBUG:stdout reader: <Thread(Thread-8, initial daemon)>
2019/05/15 11:08:44 :DEBUG:gpg: WARNING: unsafe permissions on homedir '/home/jfk422/Projects/Code/Arcanum/arcanum/gpg'
2019/05/15 11:08:44 :DEBUG:chunk: b'-----BEGIN PGP MESSAGE-----\n\njA0ECQMCqzksxZDyUZP/0jkBAMC25uU3SB1HSSYvvC1EL8aG/JFbvWJmvrgZCL0X\n+epHbtJTCLAQ6X4xnRWJpXAvEBq1Ff6fKZg=\n=yu7I\n-----END PGP MESSAGE-----\n'
2019/05/15 11:08:44 :DEBUG:[GNUPG:] NEED_PASSPHRASE_SYM 9 3 2
2019/05/15 11:08:44 :DEBUG:[GNUPG:] BEGIN_ENCRYPTION 2 9
2019/05/15 11:08:44 :DEBUG:[GNUPG:] END_ENCRYPTION
2019/05/15 11:08:44 :DEBUG:encrypt result: b'-----BEGIN PGP MESSAGE-----\n\njA0ECQMCqzksxZDyUZP/0jkBAMC25uU3SB1HSSYvvC1EL8aG/JFbvWJmvrgZCL0X\n+epHbtJTCLAQ6X4xnRWJpXAvEBq1Ff6fKZg=\n=yu7I\n-----END PGP MESSAGE-----\n'
2019/05/15 11:08:44 :INFO:Inserted data into configs table
2019/05/15 11:08:44 :INFO:Created initial config data
2019/05/15 11:08:44 :INFO:Getting row: 1 from table: configs
2019/05/15 11:08:44 :DEBUG:9909: gpg --pinentry-mode loopback --status-fd 2 --no-tty --no-verbose --fixed-list-mode --batch --with-colons --homedir gpg --passphrase-fd 0 --decrypt
2019/05/15 11:08:44 :DEBUG:Wrote passphrase
2019/05/15 11:08:44 :DEBUG:data copier: <Thread(Thread-9, initial daemon)>, <_io.BytesIO object at 0x7fc0e47e3150>, <_io.BufferedWriter name=27>
2019/05/15 11:08:44 :DEBUG:stderr reader: <Thread(Thread-10, initial daemon)>
2019/05/15 11:08:44 :DEBUG:closed output, 179 bytes sent
2019/05/15 11:08:44 :DEBUG:stdout reader: <Thread(Thread-11, initial daemon)>
2019/05/15 11:08:45 :DEBUG:gpg: WARNING: unsafe permissions on homedir '/home/jfk422/Projects/Code/Arcanum/arcanum/gpg'
2019/05/15 11:08:45 :DEBUG:gpg: AES256 encrypted data
2019/05/15 11:08:45 :DEBUG:[GNUPG:] NEED_PASSPHRASE_SYM 9 3 2
2019/05/15 11:08:45 :DEBUG:gpg: encrypted with 1 passphrase
2019/05/15 11:08:45 :DEBUG:chunk: b'OSEwpoWvx5nZteI4'
2019/05/15 11:08:45 :DEBUG:[GNUPG:] BEGIN_DECRYPTION
2019/05/15 11:08:45 :DEBUG:[GNUPG:] DECRYPTION_COMPLIANCE_MODE 23
2019/05/15 11:08:45 :DEBUG:message ignored: DECRYPTION_COMPLIANCE_MODE, 23
2019/05/15 11:08:45 :DEBUG:[GNUPG:] DECRYPTION_INFO 2 9
2019/05/15 11:08:45 :DEBUG:[GNUPG:] PLAINTEXT 62 1557911100
2019/05/15 11:08:45 :DEBUG:[GNUPG:] PLAINTEXT_LENGTH 16
2019/05/15 11:08:45 :DEBUG:[GNUPG:] DECRYPTION_OKAY
2019/05/15 11:08:45 :DEBUG:[GNUPG:] GOODMDC
2019/05/15 11:08:45 :DEBUG:[GNUPG:] END_DECRYPTION
2019/05/15 11:08:45 :DEBUG:decrypt result: b'OSEwpoWvx5nZteI4'
2019/05/15 11:08:45 :INFO:Getting everything from passTable
2019/05/15 11:08:45 :INFO:No passwords present
2019/05/15 11:08:45 :INFO:Getting everything from email
2019/05/15 11:08:45 :DEBUG:9913: gpg --pinentry-mode loopback --status-fd 2 --no-tty --no-verbose --fixed-list-mode --batch --with-colons --homedir gpg --passphrase-fd 0 --decrypt
2019/05/15 11:08:45 :DEBUG:Wrote passphrase
2019/05/15 11:08:45 :DEBUG:data copier: <Thread(Thread-12, initial daemon)>, <_io.BytesIO object at 0x7fc0e47e80f8>, <_io.BufferedWriter name=27>
2019/05/15 11:08:45 :DEBUG:stderr reader: <Thread(Thread-13, initial daemon)>
2019/05/15 11:08:45 :DEBUG:closed output, 163 bytes sent
2019/05/15 11:08:45 :DEBUG:stdout reader: <Thread(Thread-14, initial daemon)>
2019/05/15 11:08:45 :DEBUG:gpg: WARNING: unsafe permissions on homedir '/home/jfk422/Projects/Code/Arcanum/arcanum/gpg'
2019/05/15 11:08:45 :DEBUG:gpg: AES256 encrypted data
2019/05/15 11:08:45 :DEBUG:[GNUPG:] NEED_PASSPHRASE_SYM 9 3 2
2019/05/15 11:08:45 :DEBUG:gpg: encrypted with 1 passphrase
2019/05/15 11:08:45 :DEBUG:chunk: b'None'
2019/05/15 11:08:45 :DEBUG:[GNUPG:] BEGIN_DECRYPTION
2019/05/15 11:08:45 :DEBUG:[GNUPG:] DECRYPTION_COMPLIANCE_MODE 23
2019/05/15 11:08:45 :DEBUG:message ignored: DECRYPTION_COMPLIANCE_MODE, 23
2019/05/15 11:08:45 :DEBUG:[GNUPG:] DECRYPTION_INFO 2 9
2019/05/15 11:08:45 :DEBUG:[GNUPG:] PLAINTEXT 62 1557911154
2019/05/15 11:08:45 :DEBUG:[GNUPG:] PLAINTEXT_LENGTH 4
2019/05/15 11:08:45 :DEBUG:[GNUPG:] DECRYPTION_OKAY
2019/05/15 11:08:45 :DEBUG:[GNUPG:] GOODMDC
2019/05/15 11:08:45 :DEBUG:[GNUPG:] END_DECRYPTION
2019/05/15 11:08:45 :DEBUG:decrypt result: b'None'
