2019/05/15 11:54:01 AM:INFO:Qt version:5.11.1
2019/05/15 11:54:01 AM:INFO:PyQt version:5.11.2
2019/05/15 11:54:01 AM:INFO:SIP version:4.19.7
2019/05/15 11:54:02 :DEBUG:15221: gpg --status-fd 2 --no-tty --no-verbose --fixed-list-mode --batch --with-colons --homedir gpg --version
2019/05/15 11:54:02 :DEBUG:stderr reader: <Thread(Thread-1, initial daemon)>
2019/05/15 11:54:02 :DEBUG:stdout reader: <Thread(Thread-2, initial daemon)>
2019/05/15 11:54:02 :DEBUG:gpg: WARNING: unsafe permissions on homedir '/home/jfk422/Projects/Code/Arcanum/arcanum/gpg'
2019/05/15 11:54:02 :DEBUG:chunk: b'gpg (GnuPG) 2.2.4\nlibgcrypt 1.8.1\nCopyright (C) 2017 Free Software Foundation, Inc.\nLicense GPLv3+: GNU GPL version 3 or later <https://gnu.org/licenses/gpl.html>\nThis is free software: you are free to change and redistribute it.\nThere is NO WARRANTY, to t'
2019/05/15 11:54:02 :INFO:Connection to database established
2019/05/15 11:54:02 :INFO:Created table passTable: 
2019/05/15 11:54:02 :INFO:Created table configs: 
2019/05/15 11:54:02 :INFO:Created table email: 
2019/05/15 11:54:02 :INFO:Created table keys: 
2019/05/15 11:54:02 :INFO:All tables were created/exist!
2019/05/15 11:54:02 :INFO:Getting row: 1 from table: configs
2019/05/15 11:54:02 :INFO:Getting row: 1 from table: configs
2019/05/15 11:54:02 :DEBUG:15224: gpg --pinentry-mode loopback --status-fd 2 --no-tty --no-verbose --fixed-list-mode --batch --with-colons --homedir gpg --passphrase-fd 0 --decrypt
2019/05/15 11:54:02 :DEBUG:Wrote passphrase
2019/05/15 11:54:02 :DEBUG:data copier: <Thread(Thread-3, initial daemon)>, <_io.BytesIO object at 0x7f0778c0e048>, <_io.BufferedWriter name=27>
2019/05/15 11:54:02 :DEBUG:stderr reader: <Thread(Thread-4, initial daemon)>
2019/05/15 11:54:02 :DEBUG:closed output, 179 bytes sent
2019/05/15 11:54:02 :DEBUG:stdout reader: <Thread(Thread-5, initial daemon)>
2019/05/15 11:54:03 :DEBUG:gpg: WARNING: unsafe permissions on homedir '/home/jfk422/Projects/Code/Arcanum/arcanum/gpg'
2019/05/15 11:54:03 :DEBUG:gpg: AES256 encrypted data
2019/05/15 11:54:03 :DEBUG:chunk: b'rUD5TRghj9fgqOBf'
2019/05/15 11:54:03 :DEBUG:[GNUPG:] NEED_PASSPHRASE_SYM 9 3 2
2019/05/15 11:54:03 :DEBUG:gpg: encrypted with 1 passphrase
2019/05/15 11:54:03 :DEBUG:[GNUPG:] BEGIN_DECRYPTION
2019/05/15 11:54:03 :DEBUG:[GNUPG:] DECRYPTION_COMPLIANCE_MODE 23
2019/05/15 11:54:03 :DEBUG:message ignored: DECRYPTION_COMPLIANCE_MODE, 23
2019/05/15 11:54:03 :DEBUG:[GNUPG:] DECRYPTION_INFO 2 9
2019/05/15 11:54:03 :DEBUG:[GNUPG:] PLAINTEXT 62 1557913554
2019/05/15 11:54:03 :DEBUG:[GNUPG:] PLAINTEXT_LENGTH 16
2019/05/15 11:54:03 :DEBUG:[GNUPG:] DECRYPTION_OKAY
2019/05/15 11:54:03 :DEBUG:[GNUPG:] GOODMDC
2019/05/15 11:54:03 :DEBUG:[GNUPG:] END_DECRYPTION
2019/05/15 11:54:03 :DEBUG:decrypt result: b'rUD5TRghj9fgqOBf'
2019/05/15 11:54:03 :INFO:Getting everything from passTable
2019/05/15 11:54:03 :DEBUG:15228: gpg --pinentry-mode loopback --status-fd 2 --no-tty --no-verbose --fixed-list-mode --batch --with-colons --homedir gpg --passphrase-fd 0 --decrypt
2019/05/15 11:54:03 :DEBUG:Wrote passphrase
2019/05/15 11:54:03 :DEBUG:data copier: <Thread(Thread-6, initial daemon)>, <_io.BytesIO object at 0x7f0778c130a0>, <_io.BufferedWriter name=27>
2019/05/15 11:54:03 :DEBUG:closed output, 1 bytes sent
2019/05/15 11:54:03 :DEBUG:stderr reader: <Thread(Thread-7, initial daemon)>
2019/05/15 11:54:03 :DEBUG:gpg: WARNING: unsafe permissions on homedir '/home/jfk422/Projects/Code/Arcanum/arcanum/gpg'
2019/05/15 11:54:03 :DEBUG:gpg: [don't know]: invalid packet (ctb=31)
2019/05/15 11:54:03 :DEBUG:stdout reader: <Thread(Thread-8, initial daemon)>
2019/05/15 11:54:03 :DEBUG:[GNUPG:] NODATA 3
2019/05/15 11:54:03 :DEBUG:decrypt result: b''
2019/05/15 11:54:03 :DEBUG:15232: gpg --pinentry-mode loopback --status-fd 2 --no-tty --no-verbose --fixed-list-mode --batch --with-colons --homedir gpg --passphrase-fd 0 --decrypt
2019/05/15 11:54:03 :DEBUG:Wrote passphrase
2019/05/15 11:54:03 :DEBUG:data copier: <Thread(Thread-9, initial daemon)>, <_io.BytesIO object at 0x7f0778c130a0>, <_io.BufferedWriter name=27>
2019/05/15 11:54:03 :DEBUG:stderr reader: <Thread(Thread-10, initial daemon)>
2019/05/15 11:54:03 :DEBUG:closed output, 163 bytes sent
2019/05/15 11:54:03 :DEBUG:stdout reader: <Thread(Thread-11, initial daemon)>
2019/05/15 11:54:03 :DEBUG:gpg: WARNING: unsafe permissions on homedir '/home/jfk422/Projects/Code/Arcanum/arcanum/gpg'
2019/05/15 11:54:03 :DEBUG:gpg: AES256 encrypted data
2019/05/15 11:54:03 :DEBUG:chunk: b'test'
2019/05/15 11:54:03 :DEBUG:[GNUPG:] NEED_PASSPHRASE_SYM 9 3 2
2019/05/15 11:54:03 :DEBUG:gpg: encrypted with 1 passphrase
2019/05/15 11:54:03 :DEBUG:[GNUPG:] BEGIN_DECRYPTION
2019/05/15 11:54:03 :DEBUG:[GNUPG:] DECRYPTION_COMPLIANCE_MODE 23
2019/05/15 11:54:03 :DEBUG:message ignored: DECRYPTION_COMPLIANCE_MODE, 23
2019/05/15 11:54:03 :DEBUG:[GNUPG:] DECRYPTION_INFO 2 9
2019/05/15 11:54:03 :DEBUG:[GNUPG:] PLAINTEXT 62 1557913575
2019/05/15 11:54:03 :DEBUG:[GNUPG:] PLAINTEXT_LENGTH 4
2019/05/15 11:54:03 :DEBUG:[GNUPG:] DECRYPTION_OKAY
2019/05/15 11:54:03 :DEBUG:[GNUPG:] GOODMDC
2019/05/15 11:54:03 :DEBUG:[GNUPG:] END_DECRYPTION
2019/05/15 11:54:03 :DEBUG:decrypt result: b'test'
2019/05/15 11:54:03 :DEBUG:15238: gpg --pinentry-mode loopback --status-fd 2 --no-tty --no-verbose --fixed-list-mode --batch --with-colons --homedir gpg --passphrase-fd 0 --decrypt
2019/05/15 11:54:03 :DEBUG:Wrote passphrase
2019/05/15 11:54:03 :DEBUG:data copier: <Thread(Thread-12, initial daemon)>, <_io.BytesIO object at 0x7f0778c130a0>, <_io.BufferedWriter name=27>
2019/05/15 11:54:03 :DEBUG:stderr reader: <Thread(Thread-13, initial daemon)>
2019/05/15 11:54:03 :DEBUG:closed output, 26 bytes sent
2019/05/15 11:54:03 :DEBUG:stdout reader: <Thread(Thread-14, initial daemon)>
2019/05/15 11:54:03 :DEBUG:gpg: WARNING: unsafe permissions on homedir '/home/jfk422/Projects/Code/Arcanum/arcanum/gpg'
2019/05/15 11:54:03 :DEBUG:gpg: no valid OpenPGP data found.
2019/05/15 11:54:03 :DEBUG:[GNUPG:] NODATA 1
2019/05/15 11:54:03 :DEBUG:[GNUPG:] NODATA 2
2019/05/15 11:54:03 :DEBUG:[GNUPG:] FAILURE decrypt 4294967295
2019/05/15 11:54:03 :DEBUG:gpg: decrypt_message failed: Unknown system error
2019/05/15 11:54:03 :DEBUG:decrypt result: b''
2019/05/15 11:54:03 :DEBUG:15242: gpg --pinentry-mode loopback --status-fd 2 --no-tty --no-verbose --fixed-list-mode --batch --with-colons --homedir gpg --passphrase-fd 0 --decrypt
2019/05/15 11:54:03 :DEBUG:Wrote passphrase
2019/05/15 11:54:03 :DEBUG:data copier: <Thread(Thread-15, initial daemon)>, <_io.BytesIO object at 0x7f0778c130a0>, <_io.BufferedWriter name=27>
2019/05/15 11:54:03 :DEBUG:stderr reader: <Thread(Thread-16, initial daemon)>
2019/05/15 11:54:03 :DEBUG:closed output, 5 bytes sent
2019/05/15 11:54:03 :DEBUG:stdout reader: <Thread(Thread-17, initial daemon)>
2019/05/15 11:54:03 :DEBUG:gpg: WARNING: unsafe permissions on homedir '/home/jfk422/Projects/Code/Arcanum/arcanum/gpg'
2019/05/15 11:54:03 :DEBUG:gpg: no valid OpenPGP data found.
2019/05/15 11:54:03 :DEBUG:[GNUPG:] NODATA 1
2019/05/15 11:54:03 :DEBUG:[GNUPG:] NODATA 2
2019/05/15 11:54:03 :DEBUG:[GNUPG:] FAILURE decrypt 4294967295
2019/05/15 11:54:03 :DEBUG:gpg: decrypt_message failed: Unknown system error
2019/05/15 11:54:03 :DEBUG:decrypt result: b''
2019/05/15 11:54:03 :DEBUG:15246: gpg --pinentry-mode loopback --status-fd 2 --no-tty --no-verbose --fixed-list-mode --batch --with-colons --homedir gpg --passphrase-fd 0 --decrypt
2019/05/15 11:54:03 :DEBUG:Wrote passphrase
2019/05/15 11:54:03 :DEBUG:data copier: <Thread(Thread-18, initial daemon)>, <_io.BytesIO object at 0x7f0778c130a0>, <_io.BufferedWriter name=27>
2019/05/15 11:54:03 :DEBUG:stderr reader: <Thread(Thread-19, initial daemon)>
2019/05/15 11:54:03 :DEBUG:closed output, 1 bytes sent
2019/05/15 11:54:03 :DEBUG:stdout reader: <Thread(Thread-20, initial daemon)>
2019/05/15 11:54:03 :DEBUG:gpg: WARNING: unsafe permissions on homedir '/home/jfk422/Projects/Code/Arcanum/arcanum/gpg'
2019/05/15 11:54:03 :DEBUG:gpg: [don't know]: invalid packet (ctb=32)
2019/05/15 11:54:03 :DEBUG:[GNUPG:] NODATA 3
2019/05/15 11:54:03 :DEBUG:decrypt result: b''
2019/05/15 11:54:03 :DEBUG:15250: gpg --pinentry-mode loopback --status-fd 2 --no-tty --no-verbose --fixed-list-mode --batch --with-colons --homedir gpg --passphrase-fd 0 --decrypt
2019/05/15 11:54:03 :DEBUG:Wrote passphrase
2019/05/15 11:54:03 :DEBUG:data copier: <Thread(Thread-21, initial daemon)>, <_io.BytesIO object at 0x7f0778c130a0>, <_io.BufferedWriter name=27>
2019/05/15 11:54:03 :DEBUG:stderr reader: <Thread(Thread-22, initial daemon)>
2019/05/15 11:54:03 :DEBUG:closed output, 4 bytes sent
2019/05/15 11:54:03 :DEBUG:stdout reader: <Thread(Thread-23, initial daemon)>
2019/05/15 11:54:03 :DEBUG:gpg: WARNING: unsafe permissions on homedir '/home/jfk422/Projects/Code/Arcanum/arcanum/gpg'
2019/05/15 11:54:03 :DEBUG:gpg: no valid OpenPGP data found.
2019/05/15 11:54:03 :DEBUG:[GNUPG:] NODATA 1
2019/05/15 11:54:03 :DEBUG:[GNUPG:] NODATA 2
2019/05/15 11:54:03 :DEBUG:[GNUPG:] FAILURE decrypt 4294967295
2019/05/15 11:54:03 :DEBUG:gpg: decrypt_message failed: Unknown system error
2019/05/15 11:54:03 :DEBUG:decrypt result: b''
2019/05/15 11:54:03 :DEBUG:15254: gpg --pinentry-mode loopback --status-fd 2 --no-tty --no-verbose --fixed-list-mode --batch --with-colons --homedir gpg --passphrase-fd 0 --decrypt
2019/05/15 11:54:03 :DEBUG:Wrote passphrase
2019/05/15 11:54:03 :DEBUG:data copier: <Thread(Thread-24, initial daemon)>, <_io.BytesIO object at 0x7f0778c130a0>, <_io.BufferedWriter name=27>
2019/05/15 11:54:03 :DEBUG:stderr reader: <Thread(Thread-25, initial daemon)>
2019/05/15 11:54:03 :DEBUG:closed output, 4 bytes sent
2019/05/15 11:54:03 :DEBUG:stdout reader: <Thread(Thread-26, initial daemon)>
2019/05/15 11:54:03 :DEBUG:gpg: WARNING: unsafe permissions on homedir '/home/jfk422/Projects/Code/Arcanum/arcanum/gpg'
2019/05/15 11:54:03 :DEBUG:gpg: no valid OpenPGP data found.
2019/05/15 11:54:03 :DEBUG:[GNUPG:] NODATA 1
2019/05/15 11:54:03 :DEBUG:[GNUPG:] NODATA 2
2019/05/15 11:54:03 :DEBUG:[GNUPG:] FAILURE decrypt 4294967295
2019/05/15 11:54:03 :DEBUG:gpg: decrypt_message failed: Unknown system error
2019/05/15 11:54:03 :DEBUG:decrypt result: b''
2019/05/15 11:54:03 :DEBUG:15258: gpg --pinentry-mode loopback --status-fd 2 --no-tty --no-verbose --fixed-list-mode --batch --with-colons --homedir gpg --passphrase-fd 0 --decrypt
2019/05/15 11:54:03 :DEBUG:Wrote passphrase
2019/05/15 11:54:03 :DEBUG:data copier: <Thread(Thread-27, initial daemon)>, <_io.BytesIO object at 0x7f0778c130a0>, <_io.BufferedWriter name=27>
2019/05/15 11:54:03 :DEBUG:stderr reader: <Thread(Thread-28, initial daemon)>
2019/05/15 11:54:03 :DEBUG:closed output, 4 bytes sent
2019/05/15 11:54:03 :DEBUG:stdout reader: <Thread(Thread-29, initial daemon)>
2019/05/15 11:54:03 :DEBUG:gpg: WARNING: unsafe permissions on homedir '/home/jfk422/Projects/Code/Arcanum/arcanum/gpg'
2019/05/15 11:54:03 :DEBUG:gpg: no valid OpenPGP data found.
2019/05/15 11:54:03 :DEBUG:[GNUPG:] NODATA 1
2019/05/15 11:54:03 :DEBUG:[GNUPG:] NODATA 2
2019/05/15 11:54:03 :DEBUG:[GNUPG:] FAILURE decrypt 4294967295
2019/05/15 11:54:03 :DEBUG:gpg: decrypt_message failed: Unknown system error
2019/05/15 11:54:03 :DEBUG:decrypt result: b''
2019/05/15 11:54:03 :INFO:Getting row: 2 from table: email
2019/05/15 11:54:03 :DEBUG:15262: gpg --pinentry-mode loopback --status-fd 2 --no-tty --no-verbose --fixed-list-mode --batch --with-colons --homedir gpg --passphrase-fd 0 --decrypt
2019/05/15 11:54:03 :DEBUG:Wrote passphrase
2019/05/15 11:54:03 :DEBUG:data copier: <Thread(Thread-30, initial daemon)>, <_io.BytesIO object at 0x7f0778c130a0>, <_io.BufferedWriter name=27>
2019/05/15 11:54:03 :DEBUG:stderr reader: <Thread(Thread-31, initial daemon)>
2019/05/15 11:54:03 :DEBUG:closed output, 171 bytes sent
2019/05/15 11:54:03 :DEBUG:stdout reader: <Thread(Thread-32, initial daemon)>
2019/05/15 11:54:04 :DEBUG:gpg: WARNING: unsafe permissions on homedir '/home/jfk422/Projects/Code/Arcanum/arcanum/gpg'
2019/05/15 11:54:04 :DEBUG:gpg: AES256 encrypted data
2019/05/15 11:54:04 :DEBUG:[GNUPG:] NEED_PASSPHRASE_SYM 9 3 2
2019/05/15 11:54:04 :DEBUG:chunk: b'test@test.com'
2019/05/15 11:54:04 :DEBUG:gpg: encrypted with 1 passphrase
2019/05/15 11:54:04 :DEBUG:[GNUPG:] BEGIN_DECRYPTION
2019/05/15 11:54:04 :DEBUG:[GNUPG:] DECRYPTION_COMPLIANCE_MODE 23
2019/05/15 11:54:04 :DEBUG:message ignored: DECRYPTION_COMPLIANCE_MODE, 23
2019/05/15 11:54:04 :DEBUG:[GNUPG:] DECRYPTION_INFO 2 9
2019/05/15 11:54:04 :DEBUG:[GNUPG:] PLAINTEXT 62 1557913575
2019/05/15 11:54:04 :DEBUG:[GNUPG:] PLAINTEXT_LENGTH 13
2019/05/15 11:54:04 :DEBUG:[GNUPG:] DECRYPTION_OKAY
2019/05/15 11:54:04 :DEBUG:[GNUPG:] GOODMDC
2019/05/15 11:54:04 :DEBUG:[GNUPG:] END_DECRYPTION
2019/05/15 11:54:04 :DEBUG:decrypt result: b'test@test.com'
2019/05/15 11:54:04 :INFO:Getting row: 1 from table: passTable
2019/05/15 11:54:04 :DEBUG:15266: gpg --pinentry-mode loopback --status-fd 2 --no-tty --no-verbose --fixed-list-mode --batch --with-colons --homedir gpg --passphrase-fd 0 --decrypt
2019/05/15 11:54:04 :DEBUG:Wrote passphrase
2019/05/15 11:54:04 :DEBUG:data copier: <Thread(Thread-33, initial daemon)>, <_io.BytesIO object at 0x7f0778c130f8>, <_io.BufferedWriter name=27>
2019/05/15 11:54:04 :DEBUG:closed output, 163 bytes sent
2019/05/15 11:54:04 :DEBUG:stderr reader: <Thread(Thread-34, initial daemon)>
2019/05/15 11:54:04 :DEBUG:stdout reader: <Thread(Thread-35, initial daemon)>
2019/05/15 11:54:04 :DEBUG:gpg: WARNING: unsafe permissions on homedir '/home/jfk422/Projects/Code/Arcanum/arcanum/gpg'
2019/05/15 11:54:04 :DEBUG:gpg: AES256 encrypted data
2019/05/15 11:54:04 :DEBUG:chunk: b'test'
2019/05/15 11:54:04 :DEBUG:[GNUPG:] NEED_PASSPHRASE_SYM 9 3 2
2019/05/15 11:54:04 :DEBUG:gpg: encrypted with 1 passphrase
2019/05/15 11:54:04 :DEBUG:[GNUPG:] BEGIN_DECRYPTION
2019/05/15 11:54:04 :DEBUG:[GNUPG:] DECRYPTION_COMPLIANCE_MODE 23
2019/05/15 11:54:04 :DEBUG:message ignored: DECRYPTION_COMPLIANCE_MODE, 23
2019/05/15 11:54:04 :DEBUG:[GNUPG:] DECRYPTION_INFO 2 9
2019/05/15 11:54:04 :DEBUG:[GNUPG:] PLAINTEXT 62 1557913575
2019/05/15 11:54:04 :DEBUG:[GNUPG:] PLAINTEXT_LENGTH 4
2019/05/15 11:54:04 :DEBUG:[GNUPG:] DECRYPTION_OKAY
2019/05/15 11:54:04 :DEBUG:[GNUPG:] GOODMDC
2019/05/15 11:54:04 :DEBUG:[GNUPG:] END_DECRYPTION
2019/05/15 11:54:04 :DEBUG:decrypt result: b'test'
2019/05/15 11:54:04 :DEBUG:15270: gpg --pinentry-mode loopback --status-fd 2 --no-tty --no-verbose --fixed-list-mode --batch --with-colons --homedir gpg --passphrase-fd 0 --decrypt
2019/05/15 11:54:04 :DEBUG:Wrote passphrase
2019/05/15 11:54:04 :DEBUG:data copier: <Thread(Thread-36, initial daemon)>, <_io.BytesIO object at 0x7f0778c130f8>, <_io.BufferedWriter name=27>
2019/05/15 11:54:04 :DEBUG:stderr reader: <Thread(Thread-37, initial daemon)>
2019/05/15 11:54:04 :DEBUG:closed output, 1 bytes sent
2019/05/15 11:54:04 :DEBUG:stdout reader: <Thread(Thread-38, initial daemon)>
2019/05/15 11:54:04 :DEBUG:gpg: WARNING: unsafe permissions on homedir '/home/jfk422/Projects/Code/Arcanum/arcanum/gpg'
2019/05/15 11:54:04 :DEBUG:gpg: [don't know]: invalid packet (ctb=32)
2019/05/15 11:54:04 :DEBUG:[GNUPG:] NODATA 3
2019/05/15 11:54:04 :DEBUG:decrypt result: b''
2019/05/15 11:54:04 :DEBUG:15274: gpg --pinentry-mode loopback --status-fd 2 --no-tty --no-verbose --fixed-list-mode --batch --with-colons --homedir gpg --passphrase-fd 0 --decrypt
2019/05/15 11:54:04 :DEBUG:Wrote passphrase
2019/05/15 11:54:04 :DEBUG:data copier: <Thread(Thread-39, initial daemon)>, <_io.BytesIO object at 0x7f0778c130f8>, <_io.BufferedWriter name=27>
2019/05/15 11:54:04 :DEBUG:stderr reader: <Thread(Thread-40, initial daemon)>
2019/05/15 11:54:04 :DEBUG:closed output, 167 bytes sent
2019/05/15 11:54:04 :DEBUG:stdout reader: <Thread(Thread-41, initial daemon)>
2019/05/15 11:54:04 :DEBUG:gpg: WARNING: unsafe permissions on homedir '/home/jfk422/Projects/Code/Arcanum/arcanum/gpg'
2019/05/15 11:54:04 :DEBUG:gpg: AES256 encrypted data
2019/05/15 11:54:04 :DEBUG:[GNUPG:] NEED_PASSPHRASE_SYM 9 3 2
2019/05/15 11:54:04 :DEBUG:gpg: encrypted with 1 passphrase
2019/05/15 11:54:04 :DEBUG:chunk: b'testsss'
2019/05/15 11:54:04 :DEBUG:[GNUPG:] BEGIN_DECRYPTION
2019/05/15 11:54:04 :DEBUG:[GNUPG:] DECRYPTION_COMPLIANCE_MODE 23
2019/05/15 11:54:04 :DEBUG:message ignored: DECRYPTION_COMPLIANCE_MODE, 23
2019/05/15 11:54:04 :DEBUG:[GNUPG:] DECRYPTION_INFO 2 9
2019/05/15 11:54:04 :DEBUG:[GNUPG:] PLAINTEXT 62 1557913733
2019/05/15 11:54:04 :DEBUG:[GNUPG:] PLAINTEXT_LENGTH 7
2019/05/15 11:54:04 :DEBUG:[GNUPG:] DECRYPTION_OKAY
2019/05/15 11:54:04 :DEBUG:[GNUPG:] GOODMDC
2019/05/15 11:54:04 :DEBUG:[GNUPG:] END_DECRYPTION
2019/05/15 11:54:04 :DEBUG:decrypt result: b'testsss'
2019/05/15 11:54:04 :DEBUG:15278: gpg --pinentry-mode loopback --status-fd 2 --no-tty --no-verbose --fixed-list-mode --batch --with-colons --homedir gpg --passphrase-fd 0 --decrypt
2019/05/15 11:54:04 :DEBUG:Wrote passphrase
2019/05/15 11:54:04 :DEBUG:data copier: <Thread(Thread-42, initial daemon)>, <_io.BytesIO object at 0x7f0778c130f8>, <_io.BufferedWriter name=27>
2019/05/15 11:54:04 :DEBUG:stderr reader: <Thread(Thread-43, initial daemon)>
2019/05/15 11:54:04 :DEBUG:closed output, 26 bytes sent
2019/05/15 11:54:04 :DEBUG:stdout reader: <Thread(Thread-44, initial daemon)>
2019/05/15 11:54:04 :DEBUG:gpg: WARNING: unsafe permissions on homedir '/home/jfk422/Projects/Code/Arcanum/arcanum/gpg'
2019/05/15 11:54:04 :DEBUG:gpg: no valid OpenPGP data found.
2019/05/15 11:54:04 :DEBUG:[GNUPG:] NODATA 1
2019/05/15 11:54:04 :DEBUG:[GNUPG:] NODATA 2
2019/05/15 11:54:04 :DEBUG:[GNUPG:] FAILURE decrypt 4294967295
2019/05/15 11:54:04 :DEBUG:gpg: decrypt_message failed: Unknown system error
2019/05/15 11:54:04 :DEBUG:decrypt result: b''
2019/05/15 11:54:04 :DEBUG:15282: gpg --pinentry-mode loopback --status-fd 2 --no-tty --no-verbose --fixed-list-mode --batch --with-colons --homedir gpg --passphrase-fd 0 --decrypt
2019/05/15 11:54:04 :DEBUG:Wrote passphrase
2019/05/15 11:54:04 :DEBUG:data copier: <Thread(Thread-45, initial daemon)>, <_io.BytesIO object at 0x7f0778c130f8>, <_io.BufferedWriter name=27>
2019/05/15 11:54:04 :DEBUG:stderr reader: <Thread(Thread-46, initial daemon)>
2019/05/15 11:54:04 :DEBUG:closed output, 4 bytes sent
2019/05/15 11:54:04 :DEBUG:stdout reader: <Thread(Thread-47, initial daemon)>
2019/05/15 11:54:04 :DEBUG:gpg: WARNING: unsafe permissions on homedir '/home/jfk422/Projects/Code/Arcanum/arcanum/gpg'
2019/05/15 11:54:04 :DEBUG:gpg: no valid OpenPGP data found.
2019/05/15 11:54:04 :DEBUG:[GNUPG:] NODATA 1
2019/05/15 11:54:04 :DEBUG:[GNUPG:] NODATA 2
2019/05/15 11:54:04 :DEBUG:[GNUPG:] FAILURE decrypt 4294967295
2019/05/15 11:54:04 :DEBUG:gpg: decrypt_message failed: Unknown system error
2019/05/15 11:54:04 :DEBUG:decrypt result: b''
2019/05/15 11:54:04 :DEBUG:15286: gpg --pinentry-mode loopback --status-fd 2 --no-tty --no-verbose --fixed-list-mode --batch --with-colons --homedir gpg --passphrase-fd 0 --decrypt
2019/05/15 11:54:04 :DEBUG:Wrote passphrase
2019/05/15 11:54:04 :DEBUG:data copier: <Thread(Thread-48, initial daemon)>, <_io.BytesIO object at 0x7f0778c130f8>, <_io.BufferedWriter name=27>
2019/05/15 11:54:04 :DEBUG:stderr reader: <Thread(Thread-49, initial daemon)>
2019/05/15 11:54:04 :DEBUG:closed output, 1 bytes sent
2019/05/15 11:54:04 :DEBUG:stdout reader: <Thread(Thread-50, initial daemon)>
2019/05/15 11:54:04 :DEBUG:gpg: WARNING: unsafe permissions on homedir '/home/jfk422/Projects/Code/Arcanum/arcanum/gpg'
2019/05/15 11:54:04 :DEBUG:gpg: [don't know]: invalid packet (ctb=31)
2019/05/15 11:54:04 :DEBUG:[GNUPG:] NODATA 3
2019/05/15 11:54:04 :DEBUG:decrypt result: b''
2019/05/15 11:54:04 :DEBUG:15290: gpg --pinentry-mode loopback --status-fd 2 --no-tty --no-verbose --fixed-list-mode --batch --with-colons --homedir gpg --passphrase-fd 0 --decrypt
2019/05/15 11:54:04 :DEBUG:Wrote passphrase
2019/05/15 11:54:04 :DEBUG:data copier: <Thread(Thread-51, initial daemon)>, <_io.BytesIO object at 0x7f0778c130f8>, <_io.BufferedWriter name=27>
2019/05/15 11:54:04 :DEBUG:stderr reader: <Thread(Thread-52, initial daemon)>
2019/05/15 11:54:04 :DEBUG:closed output, 4 bytes sent
2019/05/15 11:54:04 :DEBUG:stdout reader: <Thread(Thread-53, initial daemon)>
2019/05/15 11:54:04 :DEBUG:gpg: WARNING: unsafe permissions on homedir '/home/jfk422/Projects/Code/Arcanum/arcanum/gpg'
2019/05/15 11:54:04 :DEBUG:gpg: no valid OpenPGP data found.
2019/05/15 11:54:04 :DEBUG:[GNUPG:] NODATA 1
2019/05/15 11:54:04 :DEBUG:[GNUPG:] NODATA 2
2019/05/15 11:54:04 :DEBUG:[GNUPG:] FAILURE decrypt 4294967295
2019/05/15 11:54:04 :DEBUG:gpg: decrypt_message failed: Unknown system error
2019/05/15 11:54:04 :DEBUG:decrypt result: b''
2019/05/15 11:54:04 :DEBUG:15294: gpg --pinentry-mode loopback --status-fd 2 --no-tty --no-verbose --fixed-list-mode --batch --with-colons --homedir gpg --passphrase-fd 0 --decrypt
2019/05/15 11:54:04 :DEBUG:Wrote passphrase
2019/05/15 11:54:04 :DEBUG:data copier: <Thread(Thread-54, initial daemon)>, <_io.BytesIO object at 0x7f0778c130f8>, <_io.BufferedWriter name=27>
2019/05/15 11:54:04 :DEBUG:stderr reader: <Thread(Thread-55, initial daemon)>
2019/05/15 11:54:04 :DEBUG:closed output, 4 bytes sent
2019/05/15 11:54:04 :DEBUG:stdout reader: <Thread(Thread-56, initial daemon)>
2019/05/15 11:54:04 :DEBUG:gpg: WARNING: unsafe permissions on homedir '/home/jfk422/Projects/Code/Arcanum/arcanum/gpg'
2019/05/15 11:54:04 :DEBUG:gpg: no valid OpenPGP data found.
2019/05/15 11:54:04 :DEBUG:[GNUPG:] NODATA 1
2019/05/15 11:54:04 :DEBUG:[GNUPG:] NODATA 2
2019/05/15 11:54:04 :DEBUG:[GNUPG:] FAILURE decrypt 4294967295
2019/05/15 11:54:04 :DEBUG:gpg: decrypt_message failed: Unknown system error
2019/05/15 11:54:04 :DEBUG:decrypt result: b''
2019/05/15 11:54:04 :DEBUG:15298: gpg --pinentry-mode loopback --status-fd 2 --no-tty --no-verbose --fixed-list-mode --batch --with-colons --homedir gpg --passphrase-fd 0 --decrypt
2019/05/15 11:54:04 :DEBUG:Wrote passphrase
2019/05/15 11:54:04 :DEBUG:data copier: <Thread(Thread-57, initial daemon)>, <_io.BytesIO object at 0x7f0778c130f8>, <_io.BufferedWriter name=27>
2019/05/15 11:54:04 :DEBUG:stderr reader: <Thread(Thread-58, initial daemon)>
2019/05/15 11:54:04 :DEBUG:closed output, 4 bytes sent
2019/05/15 11:54:04 :DEBUG:stdout reader: <Thread(Thread-59, initial daemon)>
2019/05/15 11:54:04 :DEBUG:gpg: WARNING: unsafe permissions on homedir '/home/jfk422/Projects/Code/Arcanum/arcanum/gpg'
2019/05/15 11:54:04 :DEBUG:gpg: no valid OpenPGP data found.
2019/05/15 11:54:04 :DEBUG:[GNUPG:] NODATA 1
2019/05/15 11:54:04 :DEBUG:[GNUPG:] NODATA 2
2019/05/15 11:54:04 :DEBUG:[GNUPG:] FAILURE decrypt 4294967295
2019/05/15 11:54:04 :DEBUG:gpg: decrypt_message failed: Unknown system error
2019/05/15 11:54:04 :DEBUG:decrypt result: b''
2019/05/15 11:54:04 :INFO:Getting row: 1 from table: email
2019/05/15 11:54:04 :DEBUG:15302: gpg --pinentry-mode loopback --status-fd 2 --no-tty --no-verbose --fixed-list-mode --batch --with-colons --homedir gpg --passphrase-fd 0 --decrypt
2019/05/15 11:54:04 :DEBUG:Wrote passphrase
2019/05/15 11:54:04 :DEBUG:data copier: <Thread(Thread-60, initial daemon)>, <_io.BytesIO object at 0x7f0778c130a0>, <_io.BufferedWriter name=27>
2019/05/15 11:54:04 :DEBUG:closed output, 163 bytes sent
2019/05/15 11:54:04 :DEBUG:stderr reader: <Thread(Thread-61, initial daemon)>
2019/05/15 11:54:04 :DEBUG:stdout reader: <Thread(Thread-62, initial daemon)>
2019/05/15 11:54:05 :DEBUG:gpg: WARNING: unsafe permissions on homedir '/home/jfk422/Projects/Code/Arcanum/arcanum/gpg'
2019/05/15 11:54:05 :DEBUG:gpg: AES256 encrypted data
2019/05/15 11:54:05 :DEBUG:[GNUPG:] NEED_PASSPHRASE_SYM 9 3 2
2019/05/15 11:54:05 :DEBUG:gpg: encrypted with 1 passphrase
2019/05/15 11:54:05 :DEBUG:chunk: b'None'
2019/05/15 11:54:05 :DEBUG:[GNUPG:] BEGIN_DECRYPTION
2019/05/15 11:54:05 :DEBUG:[GNUPG:] DECRYPTION_COMPLIANCE_MODE 23
2019/05/15 11:54:05 :DEBUG:message ignored: DECRYPTION_COMPLIANCE_MODE, 23
2019/05/15 11:54:05 :DEBUG:[GNUPG:] DECRYPTION_INFO 2 9
2019/05/15 11:54:05 :DEBUG:[GNUPG:] PLAINTEXT 62 1557913555
2019/05/15 11:54:05 :DEBUG:[GNUPG:] PLAINTEXT_LENGTH 4
2019/05/15 11:54:05 :DEBUG:[GNUPG:] DECRYPTION_OKAY
2019/05/15 11:54:05 :DEBUG:[GNUPG:] GOODMDC
2019/05/15 11:54:05 :DEBUG:[GNUPG:] END_DECRYPTION
2019/05/15 11:54:05 :DEBUG:decrypt result: b'None'
2019/05/15 11:54:05 :INFO:Getting row: 2 from table: passTable
2019/05/15 11:54:05 :DEBUG:15306: gpg --pinentry-mode loopback --status-fd 2 --no-tty --no-verbose --fixed-list-mode --batch --with-colons --homedir gpg --passphrase-fd 0 --decrypt
2019/05/15 11:54:05 :DEBUG:Wrote passphrase
2019/05/15 11:54:05 :DEBUG:data copier: <Thread(Thread-63, initial daemon)>, <_io.BytesIO object at 0x7f0778c130f8>, <_io.BufferedWriter name=27>
2019/05/15 11:54:05 :DEBUG:stderr reader: <Thread(Thread-64, initial daemon)>
2019/05/15 11:54:05 :DEBUG:closed output, 179 bytes sent
2019/05/15 11:54:05 :DEBUG:stdout reader: <Thread(Thread-65, initial daemon)>
2019/05/15 11:54:05 :DEBUG:gpg: WARNING: unsafe permissions on homedir '/home/jfk422/Projects/Code/Arcanum/arcanum/gpg'
2019/05/15 11:54:05 :DEBUG:gpg: AES256 encrypted data
2019/05/15 11:54:05 :DEBUG:[GNUPG:] NEED_PASSPHRASE_SYM 9 3 2
2019/05/15 11:54:05 :DEBUG:chunk: b'4g3bPUPhFSgqtUly'
2019/05/15 11:54:05 :DEBUG:gpg: encrypted with 1 passphrase
2019/05/15 11:54:05 :DEBUG:[GNUPG:] BEGIN_DECRYPTION
2019/05/15 11:54:05 :DEBUG:[GNUPG:] DECRYPTION_COMPLIANCE_MODE 23
2019/05/15 11:54:05 :DEBUG:message ignored: DECRYPTION_COMPLIANCE_MODE, 23
2019/05/15 11:54:05 :DEBUG:[GNUPG:] DECRYPTION_INFO 2 9
2019/05/15 11:54:05 :DEBUG:[GNUPG:] PLAINTEXT 62 1557913733
2019/05/15 11:54:05 :DEBUG:[GNUPG:] PLAINTEXT_LENGTH 16
2019/05/15 11:54:05 :DEBUG:[GNUPG:] DECRYPTION_OKAY
2019/05/15 11:54:05 :DEBUG:[GNUPG:] GOODMDC
2019/05/15 11:54:05 :DEBUG:[GNUPG:] END_DECRYPTION
2019/05/15 11:54:05 :DEBUG:decrypt result: b'4g3bPUPhFSgqtUly'
2019/05/15 11:54:05 :DEBUG:15310: gpg --pinentry-mode loopback --status-fd 2 --no-tty --no-verbose --fixed-list-mode --batch --with-colons --homedir gpg --passphrase-fd 0 --decrypt
2019/05/15 11:54:05 :DEBUG:Wrote passphrase
2019/05/15 11:54:05 :DEBUG:data copier: <Thread(Thread-66, initial daemon)>, <_io.BytesIO object at 0x7f0778c130f8>, <_io.BufferedWriter name=27>
2019/05/15 11:54:05 :DEBUG:stderr reader: <Thread(Thread-67, initial daemon)>
2019/05/15 11:54:05 :DEBUG:closed output, 1 bytes sent
2019/05/15 11:54:05 :DEBUG:stdout reader: <Thread(Thread-68, initial daemon)>
2019/05/15 11:54:05 :DEBUG:gpg: WARNING: unsafe permissions on homedir '/home/jfk422/Projects/Code/Arcanum/arcanum/gpg'
2019/05/15 11:54:05 :DEBUG:gpg: [don't know]: invalid packet (ctb=33)
2019/05/15 11:54:05 :DEBUG:[GNUPG:] NODATA 3
2019/05/15 11:54:05 :DEBUG:decrypt result: b''
2019/05/15 11:54:05 :DEBUG:15314: gpg --pinentry-mode loopback --status-fd 2 --no-tty --no-verbose --fixed-list-mode --batch --with-colons --homedir gpg --passphrase-fd 0 --decrypt
2019/05/15 11:54:05 :DEBUG:Wrote passphrase
2019/05/15 11:54:05 :DEBUG:data copier: <Thread(Thread-69, initial daemon)>, <_io.BytesIO object at 0x7f0778c130f8>, <_io.BufferedWriter name=27>
2019/05/15 11:54:05 :DEBUG:stderr reader: <Thread(Thread-70, initial daemon)>
2019/05/15 11:54:05 :DEBUG:closed output, 175 bytes sent
2019/05/15 11:54:05 :DEBUG:stdout reader: <Thread(Thread-71, initial daemon)>
2019/05/15 11:54:06 :DEBUG:gpg: WARNING: unsafe permissions on homedir '/home/jfk422/Projects/Code/Arcanum/arcanum/gpg'
2019/05/15 11:54:06 :DEBUG:gpg: AES256 encrypted data
2019/05/15 11:54:06 :DEBUG:[GNUPG:] NEED_PASSPHRASE_SYM 9 3 2
2019/05/15 11:54:06 :DEBUG:gpg: encrypted with 1 passphrase
2019/05/15 11:54:06 :DEBUG:chunk: b"n'Other test"
2019/05/15 11:54:06 :DEBUG:[GNUPG:] BEGIN_DECRYPTION
2019/05/15 11:54:06 :DEBUG:[GNUPG:] DECRYPTION_COMPLIANCE_MODE 23
2019/05/15 11:54:06 :DEBUG:message ignored: DECRYPTION_COMPLIANCE_MODE, 23
2019/05/15 11:54:06 :DEBUG:[GNUPG:] DECRYPTION_INFO 2 9
2019/05/15 11:54:06 :DEBUG:[GNUPG:] PLAINTEXT 62 1557913862
2019/05/15 11:54:06 :DEBUG:[GNUPG:] PLAINTEXT_LENGTH 12
2019/05/15 11:54:06 :DEBUG:[GNUPG:] DECRYPTION_OKAY
2019/05/15 11:54:06 :DEBUG:[GNUPG:] GOODMDC
2019/05/15 11:54:06 :DEBUG:[GNUPG:] END_DECRYPTION
2019/05/15 11:54:06 :DEBUG:decrypt result: b"n'Other test"
2019/05/15 11:54:06 :DEBUG:15318: gpg --pinentry-mode loopback --status-fd 2 --no-tty --no-verbose --fixed-list-mode --batch --with-colons --homedir gpg --passphrase-fd 0 --decrypt
2019/05/15 11:54:06 :DEBUG:Wrote passphrase
2019/05/15 11:54:06 :DEBUG:data copier: <Thread(Thread-72, initial daemon)>, <_io.BytesIO object at 0x7f0778c130f8>, <_io.BufferedWriter name=27>
2019/05/15 11:54:06 :DEBUG:stderr reader: <Thread(Thread-73, initial daemon)>
2019/05/15 11:54:06 :DEBUG:closed output, 26 bytes sent
2019/05/15 11:54:06 :DEBUG:stdout reader: <Thread(Thread-74, initial daemon)>
2019/05/15 11:54:06 :DEBUG:gpg: WARNING: unsafe permissions on homedir '/home/jfk422/Projects/Code/Arcanum/arcanum/gpg'
2019/05/15 11:54:06 :DEBUG:gpg: no valid OpenPGP data found.
2019/05/15 11:54:06 :DEBUG:[GNUPG:] NODATA 1
2019/05/15 11:54:06 :DEBUG:[GNUPG:] NODATA 2
2019/05/15 11:54:06 :DEBUG:[GNUPG:] FAILURE decrypt 4294967295
2019/05/15 11:54:06 :DEBUG:gpg: decrypt_message failed: Unknown system error
2019/05/15 11:54:06 :DEBUG:decrypt result: b''
2019/05/15 11:54:06 :DEBUG:15322: gpg --pinentry-mode loopback --status-fd 2 --no-tty --no-verbose --fixed-list-mode --batch --with-colons --homedir gpg --passphrase-fd 0 --decrypt
2019/05/15 11:54:06 :DEBUG:Wrote passphrase
2019/05/15 11:54:06 :DEBUG:data copier: <Thread(Thread-75, initial daemon)>, <_io.BytesIO object at 0x7f0778c130f8>, <_io.BufferedWriter name=27>
2019/05/15 11:54:06 :DEBUG:stderr reader: <Thread(Thread-76, initial daemon)>
2019/05/15 11:54:06 :DEBUG:closed output, 5 bytes sent
2019/05/15 11:54:06 :DEBUG:stdout reader: <Thread(Thread-77, initial daemon)>
2019/05/15 11:54:06 :DEBUG:gpg: WARNING: unsafe permissions on homedir '/home/jfk422/Projects/Code/Arcanum/arcanum/gpg'
2019/05/15 11:54:06 :DEBUG:gpg: no valid OpenPGP data found.
2019/05/15 11:54:06 :DEBUG:[GNUPG:] NODATA 1
2019/05/15 11:54:06 :DEBUG:[GNUPG:] NODATA 2
2019/05/15 11:54:06 :DEBUG:[GNUPG:] FAILURE decrypt 4294967295
2019/05/15 11:54:06 :DEBUG:gpg: decrypt_message failed: Unknown system error
2019/05/15 11:54:06 :DEBUG:decrypt result: b''
2019/05/15 11:54:06 :DEBUG:15326: gpg --pinentry-mode loopback --status-fd 2 --no-tty --no-verbose --fixed-list-mode --batch --with-colons --homedir gpg --passphrase-fd 0 --decrypt
2019/05/15 11:54:06 :DEBUG:Wrote passphrase
2019/05/15 11:54:06 :DEBUG:data copier: <Thread(Thread-78, initial daemon)>, <_io.BytesIO object at 0x7f0778c130f8>, <_io.BufferedWriter name=27>
2019/05/15 11:54:06 :DEBUG:stderr reader: <Thread(Thread-79, initial daemon)>
2019/05/15 11:54:06 :DEBUG:closed output, 1 bytes sent
2019/05/15 11:54:06 :DEBUG:stdout reader: <Thread(Thread-80, initial daemon)>
2019/05/15 11:54:06 :DEBUG:gpg: WARNING: unsafe permissions on homedir '/home/jfk422/Projects/Code/Arcanum/arcanum/gpg'
2019/05/15 11:54:06 :DEBUG:gpg: [don't know]: invalid packet (ctb=33)
2019/05/15 11:54:06 :DEBUG:[GNUPG:] NODATA 3
2019/05/15 11:54:06 :DEBUG:decrypt result: b''
2019/05/15 11:54:06 :DEBUG:15330: gpg --pinentry-mode loopback --status-fd 2 --no-tty --no-verbose --fixed-list-mode --batch --with-colons --homedir gpg --passphrase-fd 0 --decrypt
2019/05/15 11:54:06 :DEBUG:Wrote passphrase
2019/05/15 11:54:06 :DEBUG:data copier: <Thread(Thread-81, initial daemon)>, <_io.BytesIO object at 0x7f0778c130f8>, <_io.BufferedWriter name=27>
2019/05/15 11:54:06 :DEBUG:stderr reader: <Thread(Thread-82, initial daemon)>
2019/05/15 11:54:06 :DEBUG:closed output, 7 bytes sent
2019/05/15 11:54:06 :DEBUG:gpg: WARNING: unsafe permissions on homedir '/home/jfk422/Projects/Code/Arcanum/arcanum/gpg'
2019/05/15 11:54:06 :DEBUG:stdout reader: <Thread(Thread-83, initial daemon)>
2019/05/15 11:54:06 :DEBUG:gpg: no valid OpenPGP data found.
2019/05/15 11:54:06 :DEBUG:[GNUPG:] NODATA 1
2019/05/15 11:54:06 :DEBUG:[GNUPG:] NODATA 2
2019/05/15 11:54:06 :DEBUG:[GNUPG:] FAILURE decrypt 4294967295
2019/05/15 11:54:06 :DEBUG:gpg: decrypt_message failed: Unknown system error
2019/05/15 11:54:06 :DEBUG:decrypt result: b''
2019/05/15 11:54:06 :DEBUG:15334: gpg --pinentry-mode loopback --status-fd 2 --no-tty --no-verbose --fixed-list-mode --batch --with-colons --homedir gpg --passphrase-fd 0 --decrypt
2019/05/15 11:54:06 :DEBUG:Wrote passphrase
2019/05/15 11:54:06 :DEBUG:data copier: <Thread(Thread-84, initial daemon)>, <_io.BytesIO object at 0x7f0778c130f8>, <_io.BufferedWriter name=27>
2019/05/15 11:54:06 :DEBUG:stderr reader: <Thread(Thread-85, initial daemon)>
2019/05/15 11:54:06 :DEBUG:closed output, 5 bytes sent
2019/05/15 11:54:06 :DEBUG:stdout reader: <Thread(Thread-86, initial daemon)>
2019/05/15 11:54:06 :DEBUG:gpg: WARNING: unsafe permissions on homedir '/home/jfk422/Projects/Code/Arcanum/arcanum/gpg'
2019/05/15 11:54:06 :DEBUG:gpg: no valid OpenPGP data found.
2019/05/15 11:54:06 :DEBUG:[GNUPG:] NODATA 1
2019/05/15 11:54:06 :DEBUG:[GNUPG:] NODATA 2
2019/05/15 11:54:06 :DEBUG:[GNUPG:] FAILURE decrypt 4294967295
2019/05/15 11:54:06 :DEBUG:gpg: decrypt_message failed: Unknown system error
2019/05/15 11:54:06 :DEBUG:decrypt result: b''
2019/05/15 11:54:06 :DEBUG:15338: gpg --pinentry-mode loopback --status-fd 2 --no-tty --no-verbose --fixed-list-mode --batch --with-colons --homedir gpg --passphrase-fd 0 --decrypt
2019/05/15 11:54:06 :DEBUG:Wrote passphrase
2019/05/15 11:54:06 :DEBUG:data copier: <Thread(Thread-87, initial daemon)>, <_io.BytesIO object at 0x7f0778c130f8>, <_io.BufferedWriter name=27>
2019/05/15 11:54:06 :DEBUG:stderr reader: <Thread(Thread-88, initial daemon)>
2019/05/15 11:54:06 :DEBUG:closed output, 4 bytes sent
2019/05/15 11:54:06 :DEBUG:gpg: WARNING: unsafe permissions on homedir '/home/jfk422/Projects/Code/Arcanum/arcanum/gpg'
2019/05/15 11:54:06 :DEBUG:stdout reader: <Thread(Thread-89, initial daemon)>
2019/05/15 11:54:06 :DEBUG:gpg: no valid OpenPGP data found.
2019/05/15 11:54:06 :DEBUG:[GNUPG:] NODATA 1
2019/05/15 11:54:06 :DEBUG:[GNUPG:] NODATA 2
2019/05/15 11:54:06 :DEBUG:[GNUPG:] FAILURE decrypt 4294967295
2019/05/15 11:54:06 :DEBUG:gpg: decrypt_message failed: Unknown system error
2019/05/15 11:54:06 :DEBUG:decrypt result: b''
2019/05/15 11:54:06 :INFO:Getting row: 3 from table: email
2019/05/15 11:54:06 :DEBUG:15342: gpg --pinentry-mode loopback --status-fd 2 --no-tty --no-verbose --fixed-list-mode --batch --with-colons --homedir gpg --passphrase-fd 0 --decrypt
2019/05/15 11:54:06 :DEBUG:Wrote passphrase
2019/05/15 11:54:06 :DEBUG:data copier: <Thread(Thread-90, initial daemon)>, <_io.BytesIO object at 0x7f0778c130a0>, <_io.BufferedWriter name=27>
2019/05/15 11:54:06 :DEBUG:stderr reader: <Thread(Thread-91, initial daemon)>
2019/05/15 11:54:06 :DEBUG:closed output, 179 bytes sent
2019/05/15 11:54:06 :DEBUG:stdout reader: <Thread(Thread-92, initial daemon)>
2019/05/15 11:54:06 :DEBUG:gpg: WARNING: unsafe permissions on homedir '/home/jfk422/Projects/Code/Arcanum/arcanum/gpg'
2019/05/15 11:54:06 :DEBUG:gpg: AES256 encrypted data
2019/05/15 11:54:06 :DEBUG:[GNUPG:] NEED_PASSPHRASE_SYM 9 3 2
2019/05/15 11:54:06 :DEBUG:gpg: encrypted with 1 passphrase
2019/05/15 11:54:06 :DEBUG:chunk: b'someMail@mail.com'
2019/05/15 11:54:06 :DEBUG:[GNUPG:] BEGIN_DECRYPTION
2019/05/15 11:54:06 :DEBUG:[GNUPG:] DECRYPTION_COMPLIANCE_MODE 23
2019/05/15 11:54:06 :DEBUG:message ignored: DECRYPTION_COMPLIANCE_MODE, 23
2019/05/15 11:54:06 :DEBUG:[GNUPG:] DECRYPTION_INFO 2 9
2019/05/15 11:54:06 :DEBUG:[GNUPG:] PLAINTEXT 62 1557913861
2019/05/15 11:54:06 :DEBUG:[GNUPG:] PLAINTEXT_LENGTH 17
2019/05/15 11:54:06 :DEBUG:[GNUPG:] DECRYPTION_OKAY
2019/05/15 11:54:06 :DEBUG:[GNUPG:] GOODMDC
2019/05/15 11:54:06 :DEBUG:[GNUPG:] END_DECRYPTION
2019/05/15 11:54:06 :DEBUG:decrypt result: b'someMail@mail.com'
2019/05/15 11:54:06 :INFO:Getting row: 3 from table: passTable
2019/05/15 11:54:06 :DEBUG:15346: gpg --pinentry-mode loopback --status-fd 2 --no-tty --no-verbose --fixed-list-mode --batch --with-colons --homedir gpg --passphrase-fd 0 --decrypt
2019/05/15 11:54:06 :DEBUG:Wrote passphrase
2019/05/15 11:54:06 :DEBUG:data copier: <Thread(Thread-93, initial daemon)>, <_io.BytesIO object at 0x7f0778c131a8>, <_io.BufferedWriter name=27>
2019/05/15 11:54:06 :DEBUG:stderr reader: <Thread(Thread-94, initial daemon)>
2019/05/15 11:54:06 :DEBUG:closed output, 167 bytes sent
2019/05/15 11:54:06 :DEBUG:stdout reader: <Thread(Thread-95, initial daemon)>
2019/05/15 11:54:06 :DEBUG:gpg: WARNING: unsafe permissions on homedir '/home/jfk422/Projects/Code/Arcanum/arcanum/gpg'
2019/05/15 11:54:06 :DEBUG:gpg: AES256 encrypted data
2019/05/15 11:54:06 :DEBUG:[GNUPG:] NEED_PASSPHRASE_SYM 9 3 2
2019/05/15 11:54:06 :DEBUG:chunk: b'tdfsdfsdf'
2019/05/15 11:54:06 :DEBUG:gpg: encrypted with 1 passphrase
2019/05/15 11:54:06 :DEBUG:[GNUPG:] BEGIN_DECRYPTION
2019/05/15 11:54:06 :DEBUG:[GNUPG:] DECRYPTION_COMPLIANCE_MODE 23
2019/05/15 11:54:06 :DEBUG:message ignored: DECRYPTION_COMPLIANCE_MODE, 23
2019/05/15 11:54:06 :DEBUG:[GNUPG:] DECRYPTION_INFO 2 9
2019/05/15 11:54:06 :DEBUG:[GNUPG:] PLAINTEXT 62 1557913862
2019/05/15 11:54:06 :DEBUG:[GNUPG:] PLAINTEXT_LENGTH 9
2019/05/15 11:54:06 :DEBUG:[GNUPG:] DECRYPTION_OKAY
2019/05/15 11:54:06 :DEBUG:[GNUPG:] GOODMDC
2019/05/15 11:54:06 :DEBUG:[GNUPG:] END_DECRYPTION
2019/05/15 11:54:06 :DEBUG:decrypt result: b'tdfsdfsdf'
2019/05/15 11:54:06 :INFO:Getting everything from email
2019/05/15 11:54:06 :DEBUG:15352: gpg --pinentry-mode loopback --status-fd 2 --no-tty --no-verbose --fixed-list-mode --batch --with-colons --homedir gpg --passphrase-fd 0 --decrypt
2019/05/15 11:54:06 :DEBUG:Wrote passphrase
2019/05/15 11:54:06 :DEBUG:data copier: <Thread(Thread-96, initial daemon)>, <_io.BytesIO object at 0x7f0778c130a0>, <_io.BufferedWriter name=27>
2019/05/15 11:54:06 :DEBUG:stderr reader: <Thread(Thread-97, initial daemon)>
2019/05/15 11:54:06 :DEBUG:closed output, 163 bytes sent
2019/05/15 11:54:06 :DEBUG:stdout reader: <Thread(Thread-98, initial daemon)>
2019/05/15 11:54:07 :DEBUG:gpg: WARNING: unsafe permissions on homedir '/home/jfk422/Projects/Code/Arcanum/arcanum/gpg'
2019/05/15 11:54:07 :DEBUG:gpg: AES256 encrypted data
2019/05/15 11:54:07 :DEBUG:[GNUPG:] NEED_PASSPHRASE_SYM 9 3 2
2019/05/15 11:54:07 :DEBUG:chunk: b'None'
2019/05/15 11:54:07 :DEBUG:gpg: encrypted with 1 passphrase
2019/05/15 11:54:07 :DEBUG:[GNUPG:] BEGIN_DECRYPTION
2019/05/15 11:54:07 :DEBUG:[GNUPG:] DECRYPTION_COMPLIANCE_MODE 23
2019/05/15 11:54:07 :DEBUG:message ignored: DECRYPTION_COMPLIANCE_MODE, 23
2019/05/15 11:54:07 :DEBUG:[GNUPG:] DECRYPTION_INFO 2 9
2019/05/15 11:54:07 :DEBUG:[GNUPG:] PLAINTEXT 62 1557913555
2019/05/15 11:54:07 :DEBUG:[GNUPG:] PLAINTEXT_LENGTH 4
2019/05/15 11:54:07 :DEBUG:[GNUPG:] DECRYPTION_OKAY
2019/05/15 11:54:07 :DEBUG:[GNUPG:] GOODMDC
2019/05/15 11:54:07 :DEBUG:[GNUPG:] END_DECRYPTION
2019/05/15 11:54:07 :DEBUG:decrypt result: b'None'
2019/05/15 11:54:07 :DEBUG:15356: gpg --pinentry-mode loopback --status-fd 2 --no-tty --no-verbose --fixed-list-mode --batch --with-colons --homedir gpg --passphrase-fd 0 --decrypt
2019/05/15 11:54:07 :DEBUG:Wrote passphrase
2019/05/15 11:54:07 :DEBUG:data copier: <Thread(Thread-99, initial daemon)>, <_io.BytesIO object at 0x7f0778c130a0>, <_io.BufferedWriter name=27>
2019/05/15 11:54:07 :DEBUG:stderr reader: <Thread(Thread-100, initial daemon)>
2019/05/15 11:54:07 :DEBUG:closed output, 171 bytes sent
2019/05/15 11:54:07 :DEBUG:stdout reader: <Thread(Thread-101, initial daemon)>
2019/05/15 11:54:07 :DEBUG:gpg: WARNING: unsafe permissions on homedir '/home/jfk422/Projects/Code/Arcanum/arcanum/gpg'
2019/05/15 11:54:07 :DEBUG:gpg: AES256 encrypted data
2019/05/15 11:54:07 :DEBUG:chunk: b'test@test.com'
2019/05/15 11:54:07 :DEBUG:[GNUPG:] NEED_PASSPHRASE_SYM 9 3 2
2019/05/15 11:54:07 :DEBUG:gpg: encrypted with 1 passphrase
2019/05/15 11:54:07 :DEBUG:[GNUPG:] BEGIN_DECRYPTION
2019/05/15 11:54:07 :DEBUG:[GNUPG:] DECRYPTION_COMPLIANCE_MODE 23
2019/05/15 11:54:07 :DEBUG:message ignored: DECRYPTION_COMPLIANCE_MODE, 23
2019/05/15 11:54:07 :DEBUG:[GNUPG:] DECRYPTION_INFO 2 9
2019/05/15 11:54:07 :DEBUG:[GNUPG:] PLAINTEXT 62 1557913575
2019/05/15 11:54:07 :DEBUG:[GNUPG:] PLAINTEXT_LENGTH 13
2019/05/15 11:54:07 :DEBUG:[GNUPG:] DECRYPTION_OKAY
2019/05/15 11:54:07 :DEBUG:[GNUPG:] GOODMDC
2019/05/15 11:54:07 :DEBUG:[GNUPG:] END_DECRYPTION
2019/05/15 11:54:07 :DEBUG:decrypt result: b'test@test.com'
2019/05/15 11:54:07 :DEBUG:15360: gpg --pinentry-mode loopback --status-fd 2 --no-tty --no-verbose --fixed-list-mode --batch --with-colons --homedir gpg --passphrase-fd 0 --decrypt
2019/05/15 11:54:07 :DEBUG:Wrote passphrase
2019/05/15 11:54:07 :DEBUG:data copier: <Thread(Thread-102, initial daemon)>, <_io.BytesIO object at 0x7f0778c130a0>, <_io.BufferedWriter name=27>
2019/05/15 11:54:07 :DEBUG:stderr reader: <Thread(Thread-103, initial daemon)>
2019/05/15 11:54:07 :DEBUG:closed output, 179 bytes sent
2019/05/15 11:54:07 :DEBUG:stdout reader: <Thread(Thread-104, initial daemon)>
2019/05/15 11:54:08 :DEBUG:gpg: WARNING: unsafe permissions on homedir '/home/jfk422/Projects/Code/Arcanum/arcanum/gpg'
2019/05/15 11:54:08 :DEBUG:gpg: AES256 encrypted data
2019/05/15 11:54:08 :DEBUG:chunk: b'someMail@mail.com'
2019/05/15 11:54:08 :DEBUG:[GNUPG:] NEED_PASSPHRASE_SYM 9 3 2
2019/05/15 11:54:08 :DEBUG:gpg: encrypted with 1 passphrase
2019/05/15 11:54:08 :DEBUG:[GNUPG:] BEGIN_DECRYPTION
2019/05/15 11:54:08 :DEBUG:[GNUPG:] DECRYPTION_COMPLIANCE_MODE 23
2019/05/15 11:54:08 :DEBUG:message ignored: DECRYPTION_COMPLIANCE_MODE, 23
2019/05/15 11:54:08 :DEBUG:[GNUPG:] DECRYPTION_INFO 2 9
2019/05/15 11:54:08 :DEBUG:[GNUPG:] PLAINTEXT 62 1557913861
2019/05/15 11:54:08 :DEBUG:[GNUPG:] PLAINTEXT_LENGTH 17
2019/05/15 11:54:08 :DEBUG:[GNUPG:] DECRYPTION_OKAY
2019/05/15 11:54:08 :DEBUG:[GNUPG:] GOODMDC
2019/05/15 11:54:08 :DEBUG:[GNUPG:] END_DECRYPTION
2019/05/15 11:54:08 :DEBUG:decrypt result: b'someMail@mail.com'
2019/05/15 11:54:08 :INFO:Decrypted email addresses
2019/05/15 11:54:09 :INFO:Getting row: 1 from table: passTable
2019/05/15 11:54:09 :DEBUG:15366: gpg --pinentry-mode loopback --status-fd 2 --no-tty --no-verbose --fixed-list-mode --batch --with-colons --homedir gpg --passphrase-fd 0 --decrypt
2019/05/15 11:54:09 :DEBUG:Wrote passphrase
2019/05/15 11:54:09 :DEBUG:data copier: <Thread(Thread-105, initial daemon)>, <_io.BytesIO object at 0x7f0778c13308>, <_io.BufferedWriter name=27>
2019/05/15 11:54:09 :DEBUG:stderr reader: <Thread(Thread-106, initial daemon)>
2019/05/15 11:54:09 :DEBUG:closed output, 163 bytes sent
2019/05/15 11:54:09 :DEBUG:stdout reader: <Thread(Thread-107, initial daemon)>
2019/05/15 11:54:10 :DEBUG:gpg: WARNING: unsafe permissions on homedir '/home/jfk422/Projects/Code/Arcanum/arcanum/gpg'
2019/05/15 11:54:10 :DEBUG:gpg: AES256 encrypted data
2019/05/15 11:54:10 :DEBUG:[GNUPG:] NEED_PASSPHRASE_SYM 9 3 2
2019/05/15 11:54:10 :DEBUG:chunk: b'test'
2019/05/15 11:54:10 :DEBUG:gpg: encrypted with 1 passphrase
2019/05/15 11:54:10 :DEBUG:[GNUPG:] BEGIN_DECRYPTION
2019/05/15 11:54:10 :DEBUG:[GNUPG:] DECRYPTION_COMPLIANCE_MODE 23
2019/05/15 11:54:10 :DEBUG:message ignored: DECRYPTION_COMPLIANCE_MODE, 23
2019/05/15 11:54:10 :DEBUG:[GNUPG:] DECRYPTION_INFO 2 9
2019/05/15 11:54:10 :DEBUG:[GNUPG:] PLAINTEXT 62 1557913575
2019/05/15 11:54:10 :DEBUG:[GNUPG:] PLAINTEXT_LENGTH 4
2019/05/15 11:54:10 :DEBUG:[GNUPG:] DECRYPTION_OKAY
2019/05/15 11:54:10 :DEBUG:[GNUPG:] GOODMDC
2019/05/15 11:54:10 :DEBUG:[GNUPG:] END_DECRYPTION
2019/05/15 11:54:10 :DEBUG:decrypt result: b'test'
2019/05/15 11:54:16 :INFO:Getting everything from email
2019/05/15 11:54:16 :DEBUG:15374: gpg --pinentry-mode loopback --status-fd 2 --no-tty --no-verbose --fixed-list-mode --batch --with-colons --homedir gpg --passphrase-fd 0 --symmetric --armor
2019/05/15 11:54:16 :DEBUG:Wrote passphrase
2019/05/15 11:54:16 :DEBUG:data copier: <Thread(Thread-108, initial daemon)>, <_io.BytesIO object at 0x7f0778c130a0>, <_io.BufferedWriter name=27>
2019/05/15 11:54:16 :DEBUG:stderr reader: <Thread(Thread-109, initial daemon)>
2019/05/15 11:54:16 :DEBUG:closed output, 13 bytes sent
2019/05/15 11:54:16 :DEBUG:stdout reader: <Thread(Thread-110, initial daemon)>
2019/05/15 11:54:16 :DEBUG:gpg: WARNING: unsafe permissions on homedir '/home/jfk422/Projects/Code/Arcanum/arcanum/gpg'
2019/05/15 11:54:16 :DEBUG:chunk: b'-----BEGIN PGP MESSAGE-----\n\njA0ECQMC3lc8ELS2XBb/0kABghwq6DPhc88LGmpsDe1ucsaGJ+qW3kvqQCRvbY1b\nBaNsYqUNR3GXoEF1pSd5FhJ9DTW6LM6nqOv/X719EGys\n=6no/\n-----END PGP MESSAGE-----\n'
2019/05/15 11:54:16 :DEBUG:[GNUPG:] NEED_PASSPHRASE_SYM 9 3 2
2019/05/15 11:54:16 :DEBUG:[GNUPG:] BEGIN_ENCRYPTION 2 9
2019/05/15 11:54:16 :DEBUG:[GNUPG:] END_ENCRYPTION
2019/05/15 11:54:16 :DEBUG:encrypt result: b'-----BEGIN PGP MESSAGE-----\n\njA0ECQMC3lc8ELS2XBb/0kABghwq6DPhc88LGmpsDe1ucsaGJ+qW3kvqQCRvbY1b\nBaNsYqUNR3GXoEF1pSd5FhJ9DTW6LM6nqOv/X719EGys\n=6no/\n-----END PGP MESSAGE-----\n'
2019/05/15 11:54:16 :DEBUG:15379: gpg --pinentry-mode loopback --status-fd 2 --no-tty --no-verbose --fixed-list-mode --batch --with-colons --homedir gpg --passphrase-fd 0 --symmetric --armor
2019/05/15 11:54:16 :DEBUG:Wrote passphrase
2019/05/15 11:54:16 :DEBUG:data copier: <Thread(Thread-111, initial daemon)>, <_io.BytesIO object at 0x7f0778c130a0>, <_io.BufferedWriter name=27>
2019/05/15 11:54:16 :DEBUG:stderr reader: <Thread(Thread-112, initial daemon)>
2019/05/15 11:54:16 :DEBUG:closed output, 13 bytes sent
2019/05/15 11:54:16 :DEBUG:stdout reader: <Thread(Thread-113, initial daemon)>
2019/05/15 11:54:16 :DEBUG:gpg: WARNING: unsafe permissions on homedir '/home/jfk422/Projects/Code/Arcanum/arcanum/gpg'
2019/05/15 11:54:16 :DEBUG:chunk: b'-----BEGIN PGP MESSAGE-----\n\njA0ECQMCPr7uxDdnRLT/0kABCb/GH3fpV6e9+IwH+m7gPcuQI0AWJYkLJMj/7uHz\ntZTUZYEpj9H8TCjDnaZ1W0sTmrrzHtUqdzO1br+LEQUV\n=IeUe\n-----END PGP MESSAGE-----\n'
2019/05/15 11:54:16 :DEBUG:[GNUPG:] NEED_PASSPHRASE_SYM 9 3 2
2019/05/15 11:54:16 :DEBUG:[GNUPG:] BEGIN_ENCRYPTION 2 9
2019/05/15 11:54:16 :DEBUG:[GNUPG:] END_ENCRYPTION
2019/05/15 11:54:16 :DEBUG:encrypt result: b'-----BEGIN PGP MESSAGE-----\n\njA0ECQMCPr7uxDdnRLT/0kABCb/GH3fpV6e9+IwH+m7gPcuQI0AWJYkLJMj/7uHz\ntZTUZYEpj9H8TCjDnaZ1W0sTmrrzHtUqdzO1br+LEQUV\n=IeUe\n-----END PGP MESSAGE-----\n'
2019/05/15 11:54:16 :INFO:Inserted data into email table
2019/05/15 11:54:16 :DEBUG:15384: gpg --pinentry-mode loopback --status-fd 2 --no-tty --no-verbose --fixed-list-mode --batch --with-colons --homedir gpg --passphrase-fd 0 --symmetric --armor
2019/05/15 11:54:16 :DEBUG:Wrote passphrase
2019/05/15 11:54:16 :DEBUG:data copier: <Thread(Thread-114, initial daemon)>, <_io.BytesIO object at 0x7f0778c130a0>, <_io.BufferedWriter name=27>
2019/05/15 11:54:16 :DEBUG:stderr reader: <Thread(Thread-115, initial daemon)>
2019/05/15 11:54:16 :DEBUG:stdout reader: <Thread(Thread-116, initial daemon)>
2019/05/15 11:54:16 :DEBUG:closed output, 4 bytes sent
2019/05/15 11:54:17 :DEBUG:gpg: WARNING: unsafe permissions on homedir '/home/jfk422/Projects/Code/Arcanum/arcanum/gpg'
2019/05/15 11:54:17 :DEBUG:chunk: b'-----BEGIN PGP MESSAGE-----\n\njA0ECQMCiKS6NeRLZ0H/0jkBUtYmsmrOOBP/VB4oS9Vi5dhePvkajDNJpGpDkUUQ\nsHZ+PWDptbVHHkRJzuAup+nLwUSRUlYPoK8=\n=aRaV\n-----END PGP MESSAGE-----\n'
2019/05/15 11:54:17 :DEBUG:[GNUPG:] NEED_PASSPHRASE_SYM 9 3 2
2019/05/15 11:54:17 :DEBUG:[GNUPG:] BEGIN_ENCRYPTION 2 9
2019/05/15 11:54:17 :DEBUG:[GNUPG:] END_ENCRYPTION
2019/05/15 11:54:17 :DEBUG:encrypt result: b'-----BEGIN PGP MESSAGE-----\n\njA0ECQMCiKS6NeRLZ0H/0jkBUtYmsmrOOBP/VB4oS9Vi5dhePvkajDNJpGpDkUUQ\nsHZ+PWDptbVHHkRJzuAup+nLwUSRUlYPoK8=\n=aRaV\n-----END PGP MESSAGE-----\n'
2019/05/15 11:54:17 :DEBUG:15389: gpg --pinentry-mode loopback --status-fd 2 --no-tty --no-verbose --fixed-list-mode --batch --with-colons --homedir gpg --passphrase-fd 0 --symmetric --armor
2019/05/15 11:54:17 :DEBUG:Wrote passphrase
2019/05/15 11:54:17 :DEBUG:data copier: <Thread(Thread-117, initial daemon)>, <_io.BytesIO object at 0x7f0778c130a0>, <_io.BufferedWriter name=27>
2019/05/15 11:54:17 :DEBUG:stderr reader: <Thread(Thread-118, initial daemon)>
2019/05/15 11:54:17 :DEBUG:closed output, 4 bytes sent
2019/05/15 11:54:17 :DEBUG:stdout reader: <Thread(Thread-119, initial daemon)>
2019/05/15 11:54:17 :DEBUG:gpg: WARNING: unsafe permissions on homedir '/home/jfk422/Projects/Code/Arcanum/arcanum/gpg'
2019/05/15 11:54:17 :DEBUG:chunk: b'-----BEGIN PGP MESSAGE-----\n\njA0ECQMCDAQtsV3T9I//0jkB4YS5Atb2L5pduko4KR1Zv4/DiQj0Lg7ckvvkO4Re\nMw43K56jn15qnj3grZCURrXC1+HcfxzjJOw=\n=VMNQ\n-----END PGP MESSAGE-----\n'
2019/05/15 11:54:17 :DEBUG:[GNUPG:] NEED_PASSPHRASE_SYM 9 3 2
2019/05/15 11:54:17 :DEBUG:[GNUPG:] BEGIN_ENCRYPTION 2 9
2019/05/15 11:54:17 :DEBUG:[GNUPG:] END_ENCRYPTION
2019/05/15 11:54:17 :DEBUG:encrypt result: b'-----BEGIN PGP MESSAGE-----\n\njA0ECQMCDAQtsV3T9I//0jkB4YS5Atb2L5pduko4KR1Zv4/DiQj0Lg7ckvvkO4Re\nMw43K56jn15qnj3grZCURrXC1+HcfxzjJOw=\n=VMNQ\n-----END PGP MESSAGE-----\n'
2019/05/15 11:54:17 :DEBUG:15394: gpg --pinentry-mode loopback --status-fd 2 --no-tty --no-verbose --fixed-list-mode --batch --with-colons --homedir gpg --passphrase-fd 0 --symmetric --armor
2019/05/15 11:54:17 :DEBUG:Wrote passphrase
2019/05/15 11:54:17 :DEBUG:data copier: <Thread(Thread-120, initial daemon)>, <_io.BytesIO object at 0x7f0778c130a0>, <_io.BufferedWriter name=27>
2019/05/15 11:54:17 :DEBUG:stderr reader: <Thread(Thread-121, initial daemon)>
2019/05/15 11:54:17 :DEBUG:closed output, 4 bytes sent
2019/05/15 11:54:17 :DEBUG:stdout reader: <Thread(Thread-122, initial daemon)>
2019/05/15 11:54:18 :DEBUG:gpg: WARNING: unsafe permissions on homedir '/home/jfk422/Projects/Code/Arcanum/arcanum/gpg'
2019/05/15 11:54:18 :DEBUG:chunk: b'-----BEGIN PGP MESSAGE-----\n\njA0ECQMC3S1vSSHgAyf/0jkBwqyzoj9errDlmFV82XsnL2AMAXrDRJCCCll9C6Bs\nu+avbVXrg3SPy5UBF2juXIBSd5/7iFjOUtA=\n=D1LP\n-----END PGP MESSAGE-----\n'
2019/05/15 11:54:18 :DEBUG:[GNUPG:] NEED_PASSPHRASE_SYM 9 3 2
2019/05/15 11:54:18 :DEBUG:[GNUPG:] BEGIN_ENCRYPTION 2 9
2019/05/15 11:54:18 :DEBUG:[GNUPG:] END_ENCRYPTION
2019/05/15 11:54:18 :DEBUG:encrypt result: b'-----BEGIN PGP MESSAGE-----\n\njA0ECQMC3S1vSSHgAyf/0jkBwqyzoj9errDlmFV82XsnL2AMAXrDRJCCCll9C6Bs\nu+avbVXrg3SPy5UBF2juXIBSd5/7iFjOUtA=\n=D1LP\n-----END PGP MESSAGE-----\n'
