2019/05/15 11:15:36 AM:INFO:Qt version:5.11.1
2019/05/15 11:15:36 AM:INFO:PyQt version:5.11.2
2019/05/15 11:15:36 AM:INFO:SIP version:4.19.7
2019/05/15 11:15:37 :DEBUG:10519: gpg --status-fd 2 --no-tty --no-verbose --fixed-list-mode --batch --with-colons --homedir gpg --version
2019/05/15 11:15:37 :DEBUG:stderr reader: <Thread(Thread-1, initial daemon)>
2019/05/15 11:15:37 :DEBUG:stdout reader: <Thread(Thread-2, initial daemon)>
2019/05/15 11:15:37 :DEBUG:chunk: b'gpg (GnuPG) 2.2.4\nlibgcrypt 1.8.1\nCopyright (C) 2017 Free Software Foundation, Inc.\nLicense GPLv3+: GNU GPL version 3 or later <https://gnu.org/licenses/gpl.html>\nThis is free software: you are free to change and redistribute it.\nThere is NO WARRANTY, to t'
2019/05/15 11:15:37 :DEBUG:gpg: WARNING: unsafe permissions on homedir '/home/jfk422/Projects/Code/Arcanum/arcanum/gpg'
2019/05/15 11:15:37 :INFO:Connection to database established
2019/05/15 11:15:37 :INFO:Created table passTable: 
2019/05/15 11:15:37 :INFO:Created table configs: 
2019/05/15 11:15:37 :INFO:Created table email: 
2019/05/15 11:15:37 :INFO:Created table keys: 
2019/05/15 11:15:37 :INFO:All tables were created/exist!
2019/05/15 11:15:37 :INFO:Getting row: 1 from table: configs
2019/05/15 11:15:37 :INFO:Getting row: 1 from table: configs
2019/05/15 11:15:37 :DEBUG:10522: gpg --pinentry-mode loopback --status-fd 2 --no-tty --no-verbose --fixed-list-mode --batch --with-colons --homedir gpg --passphrase-fd 0 --decrypt
2019/05/15 11:15:37 :DEBUG:Wrote passphrase
2019/05/15 11:15:37 :DEBUG:data copier: <Thread(Thread-3, initial daemon)>, <_io.BytesIO object at 0x7f53272d9048>, <_io.BufferedWriter name=27>
2019/05/15 11:15:37 :DEBUG:stderr reader: <Thread(Thread-4, initial daemon)>
2019/05/15 11:15:37 :DEBUG:closed output, 179 bytes sent
2019/05/15 11:15:37 :DEBUG:stdout reader: <Thread(Thread-5, initial daemon)>
2019/05/15 11:15:37 :DEBUG:gpg: WARNING: unsafe permissions on homedir '/home/jfk422/Projects/Code/Arcanum/arcanum/gpg'
2019/05/15 11:15:37 :DEBUG:gpg: AES256 encrypted data
2019/05/15 11:15:37 :DEBUG:[GNUPG:] NEED_PASSPHRASE_SYM 9 3 2
2019/05/15 11:15:37 :DEBUG:chunk: b'OQwAjBBLVkeaWCEs'
2019/05/15 11:15:37 :DEBUG:gpg: encrypted with 1 passphrase
2019/05/15 11:15:37 :DEBUG:[GNUPG:] BEGIN_DECRYPTION
2019/05/15 11:15:37 :DEBUG:[GNUPG:] DECRYPTION_COMPLIANCE_MODE 23
2019/05/15 11:15:37 :DEBUG:message ignored: DECRYPTION_COMPLIANCE_MODE, 23
2019/05/15 11:15:37 :DEBUG:[GNUPG:] DECRYPTION_INFO 2 9
2019/05/15 11:15:37 :DEBUG:[GNUPG:] PLAINTEXT 62 1557911496
2019/05/15 11:15:37 :DEBUG:[GNUPG:] PLAINTEXT_LENGTH 16
2019/05/15 11:15:37 :DEBUG:[GNUPG:] DECRYPTION_OKAY
2019/05/15 11:15:37 :DEBUG:[GNUPG:] GOODMDC
2019/05/15 11:15:37 :DEBUG:[GNUPG:] END_DECRYPTION
2019/05/15 11:15:37 :DEBUG:decrypt result: b'OQwAjBBLVkeaWCEs'
2019/05/15 11:15:37 :INFO:Getting everything from passTable
2019/05/15 11:15:37 :INFO:No passwords present
2019/05/15 11:15:37 :INFO:Getting everything from email
